-- Install configuration: ""
-- Up-to-date: /home/roar/Desktop/projects/lilian/roar-gokart-ws/src/core/core/install/roar-urdf/share/roar-urdf/src
-- Up-to-date: /home/roar/Desktop/projects/lilian/roar-gokart-ws/src/core/core/install/roar-urdf/share/roar-urdf/src/gokart
-- Up-to-date: /home/roar/Desktop/projects/lilian/roar-gokart-ws/src/core/core/install/roar-urdf/share/roar-urdf/src/gokart/_gnss.urdf
-- Up-to-date: /home/roar/Desktop/projects/lilian/roar-gokart-ws/src/core/core/install/roar-urdf/share/roar-urdf/src/gokart/_batteries.urdf
-- Up-to-date: /home/roar/Desktop/projects/lilian/roar-gokart-ws/src/core/core/install/roar-urdf/share/roar-urdf/src/gokart/_inertias.urdf
-- Up-to-date: /home/roar/Desktop/projects/lilian/roar-gokart-ws/src/core/core/install/roar-urdf/share/roar-urdf/src/gokart/_compute_units.urdf
-- Up-to-date: /home/roar/Desktop/projects/lilian/roar-gokart-ws/src/core/core/install/roar-urdf/share/roar-urdf/src/gokart/_lidar_2d.urdf
-- Up-to-date: /home/roar/Desktop/projects/lilian/roar-gokart-ws/src/core/core/install/roar-urdf/share/roar-urdf/src/gokart/_perceptions.urdf
-- Up-to-date: /home/roar/Desktop/projects/lilian/roar-gokart-ws/src/core/core/install/roar-urdf/share/roar-urdf/src/gokart/_ackermann.urdf
-- Up-to-date: /home/roar/Desktop/projects/lilian/roar-gokart-ws/src/core/core/install/roar-urdf/share/roar-urdf/src/gokart/_body_frame.urdf
-- Up-to-date: /home/roar/Desktop/projects/lilian/roar-gokart-ws/src/core/core/install/roar-urdf/share/roar-urdf/src/gokart/_wheels.urdf
-- Up-to-date: /home/roar/Desktop/projects/lilian/roar-gokart-ws/src/core/core/install/roar-urdf/share/roar-urdf/src/gokart/_camera.urdf
-- Up-to-date: /home/roar/Desktop/projects/lilian/roar-gokart-ws/src/core/core/install/roar-urdf/share/roar-urdf/src/gokart/_imu.urdf
-- Up-to-date: /home/roar/Desktop/projects/lilian/roar-gokart-ws/src/core/core/install/roar-urdf/share/roar-urdf/src/gokart/_perception_platform.urdf
-- Up-to-date: /home/roar/Desktop/projects/lilian/roar-gokart-ws/src/core/core/install/roar-urdf/share/roar-urdf/src/gokart/main.urdf
-- Up-to-date: /home/roar/Desktop/projects/lilian/roar-gokart-ws/src/core/core/install/roar-urdf/share/roar-urdf/src/description
-- Up-to-date: /home/roar/Desktop/projects/lilian/roar-gokart-ws/src/core/core/install/roar-urdf/share/roar-urdf/src/description/indy_bot_description.urdf
-- Up-to-date: /home/roar/Desktop/projects/lilian/roar-gokart-ws/src/core/core/install/roar-urdf/share/roar-urdf/launch
-- Up-to-date: /home/roar/Desktop/projects/lilian/roar-gokart-ws/src/core/core/install/roar-urdf/share/roar-urdf/launch/state_publisher.launch.py
-- Up-to-date: /home/roar/Desktop/projects/lilian/roar-gokart-ws/src/core/core/install/roar-urdf/share/roar-urdf/rviz
-- Up-to-date: /home/roar/Desktop/projects/lilian/roar-gokart-ws/src/core/core/install/roar-urdf/share/roar-urdf/rviz/with_sensor_config.rviz
-- Up-to-date: /home/roar/Desktop/projects/lilian/roar-gokart-ws/src/core/core/install/roar-urdf/share/roar-urdf/rviz/urdf_config.rviz
-- Up-to-date: /home/roar/Desktop/projects/lilian/roar-gokart-ws/src/core/core/install/roar-urdf/share/roar-urdf/meshes
-- Up-to-date: /home/roar/Desktop/projects/lilian/roar-gokart-ws/src/core/core/install/roar-urdf/share/roar-urdf/meshes/gokart
-- Up-to-date: /home/roar/Desktop/projects/lilian/roar-gokart-ws/src/core/core/install/roar-urdf/share/roar-urdf/meshes/gokart/BodyV1.stl
-- Up-to-date: /home/roar/Desktop/projects/lilian/roar-gokart-ws/src/core/core/install/roar-urdf/share/roar-urdf/meshes/gokart/WheelV1.stl
-- Up-to-date: /home/roar/Desktop/projects/lilian/roar-gokart-ws/src/core/core/install/roar-urdf/share/roar-urdf/meshes/gps_antenna.stl
-- Up-to-date: /home/roar/Desktop/projects/lilian/roar-gokart-ws/src/core/core/install/roar-urdf/share/roar-urdf/meshes/livox_horizon.stl
-- Up-to-date: /home/roar/Desktop/projects/lilian/roar-gokart-ws/src/core/core/install/roar-urdf/share/roar-urdf/meshes/livox_avia.stl
-- Up-to-date: /home/roar/Desktop/projects/lilian/roar-gokart-ws/src/core/core/install/roar-urdf/share/roar-urdf/meshes/ZED2i.stl
-- Up-to-date: /home/roar/Desktop/projects/lilian/roar-gokart-ws/src/core/core/install/roar-urdf/share/ament_index/resource_index/package_run_dependencies/roar-urdf
-- Up-to-date: /home/roar/Desktop/projects/lilian/roar-gokart-ws/src/core/core/install/roar-urdf/share/ament_index/resource_index/parent_prefix_path/roar-urdf
-- Up-to-date: /home/roar/Desktop/projects/lilian/roar-gokart-ws/src/core/core/install/roar-urdf/share/roar-urdf/environment/ament_prefix_path.sh
-- Up-to-date: /home/roar/Desktop/projects/lilian/roar-gokart-ws/src/core/core/install/roar-urdf/share/roar-urdf/environment/ament_prefix_path.dsv
-- Up-to-date: /home/roar/Desktop/projects/lilian/roar-gokart-ws/src/core/core/install/roar-urdf/share/roar-urdf/environment/path.sh
-- Up-to-date: /home/roar/Desktop/projects/lilian/roar-gokart-ws/src/core/core/install/roar-urdf/share/roar-urdf/environment/path.dsv
-- Up-to-date: /home/roar/Desktop/projects/lilian/roar-gokart-ws/src/core/core/install/roar-urdf/share/roar-urdf/local_setup.bash
-- Up-to-date: /home/roar/Desktop/projects/lilian/roar-gokart-ws/src/core/core/install/roar-urdf/share/roar-urdf/local_setup.sh
-- Up-to-date: /home/roar/Desktop/projects/lilian/roar-gokart-ws/src/core/core/install/roar-urdf/share/roar-urdf/local_setup.zsh
-- Up-to-date: /home/roar/Desktop/projects/lilian/roar-gokart-ws/src/core/core/install/roar-urdf/share/roar-urdf/local_setup.dsv
-- Installing: /home/roar/Desktop/projects/lilian/roar-gokart-ws/src/core/core/install/roar-urdf/share/roar-urdf/package.dsv
-- Up-to-date: /home/roar/Desktop/projects/lilian/roar-gokart-ws/src/core/core/install/roar-urdf/share/ament_index/resource_index/packages/roar-urdf
-- Up-to-date: /home/roar/Desktop/projects/lilian/roar-gokart-ws/src/core/core/install/roar-urdf/share/roar-urdf/cmake/roar-urdfConfig.cmake
-- Up-to-date: /home/roar/Desktop/projects/lilian/roar-gokart-ws/src/core/core/install/roar-urdf/share/roar-urdf/cmake/roar-urdfConfig-version.cmake
-- Up-to-date: /home/roar/Desktop/projects/lilian/roar-gokart-ws/src/core/core/install/roar-urdf/share/roar-urdf/package.xml
