[0.048s] Invoking command in '/home/roar/Desktop/projects/lilian/roar-gokart-ws/src/core/core/build/roar-urdf': CMAKE_PREFIX_PATH=${CMAKE_PREFIX_PATH}:/home/roar/Desktop/projects/lilian/roar-gokart-ws/install/waypoint_recorder:/home/roar/Desktop/projects/lilian/roar-gokart-ws/install/roar_carla_manual_controller:/home/roar/Desktop/projects/lilian/roar-gokart-ws/install/roar_carla_interface:/home/roar/Desktop/projects/lilian/roar-gokart-ws/install/roar_manual_control:/home/roar/carla-ros-bridge/install/rqt_carla_control:/home/roar/carla-ros-bridge/install/carla_waypoint_publisher:/home/roar/carla-ros-bridge/install/carla_ackermann_control:/home/roar/carla-ros-bridge/install/carla_ros_bridge:/home/roar/carla-ros-bridge/install/carla_spawn_objects:/home/roar/carla-ros-bridge/install/carla_manual_control:/home/roar/carla-ros-bridge/install/carla_ad_agent:/home/roar/carla-ros-bridge/install/ros_compatibility:/home/roar/carla-ros-bridge/install/carla_walker_agent:/home/roar/carla-ros-bridge/install/carla_twist_to_control:/home/roar/carla-ros-bridge/install/carla_ros_scenario_runner:/home/roar/carla-ros-bridge/install/carla_common:/opt/ros/foxy /usr/bin/cmake --build /home/roar/Desktop/projects/lilian/roar-gokart-ws/src/core/core/build/roar-urdf -- -j16 -l16
[0.343s] Invoked command in '/home/roar/Desktop/projects/lilian/roar-gokart-ws/src/core/core/build/roar-urdf' returned '0': CMAKE_PREFIX_PATH=${CMAKE_PREFIX_PATH}:/home/roar/Desktop/projects/lilian/roar-gokart-ws/install/waypoint_recorder:/home/roar/Desktop/projects/lilian/roar-gokart-ws/install/roar_carla_manual_controller:/home/roar/Desktop/projects/lilian/roar-gokart-ws/install/roar_carla_interface:/home/roar/Desktop/projects/lilian/roar-gokart-ws/install/roar_manual_control:/home/roar/carla-ros-bridge/install/rqt_carla_control:/home/roar/carla-ros-bridge/install/carla_waypoint_publisher:/home/roar/carla-ros-bridge/install/carla_ackermann_control:/home/roar/carla-ros-bridge/install/carla_ros_bridge:/home/roar/carla-ros-bridge/install/carla_spawn_objects:/home/roar/carla-ros-bridge/install/carla_manual_control:/home/roar/carla-ros-bridge/install/carla_ad_agent:/home/roar/carla-ros-bridge/install/ros_compatibility:/home/roar/carla-ros-bridge/install/carla_walker_agent:/home/roar/carla-ros-bridge/install/carla_twist_to_control:/home/roar/carla-ros-bridge/install/carla_ros_scenario_runner:/home/roar/carla-ros-bridge/install/carla_common:/opt/ros/foxy /usr/bin/cmake --build /home/roar/Desktop/projects/lilian/roar-gokart-ws/src/core/core/build/roar-urdf -- -j16 -l16
[0.380s] Invoking command in '/home/roar/Desktop/projects/lilian/roar-gokart-ws/src/core/core/build/roar-urdf': CMAKE_PREFIX_PATH=${CMAKE_PREFIX_PATH}:/home/roar/Desktop/projects/lilian/roar-gokart-ws/install/waypoint_recorder:/home/roar/Desktop/projects/lilian/roar-gokart-ws/install/roar_carla_manual_controller:/home/roar/Desktop/projects/lilian/roar-gokart-ws/install/roar_carla_interface:/home/roar/Desktop/projects/lilian/roar-gokart-ws/install/roar_manual_control:/home/roar/carla-ros-bridge/install/rqt_carla_control:/home/roar/carla-ros-bridge/install/carla_waypoint_publisher:/home/roar/carla-ros-bridge/install/carla_ackermann_control:/home/roar/carla-ros-bridge/install/carla_ros_bridge:/home/roar/carla-ros-bridge/install/carla_spawn_objects:/home/roar/carla-ros-bridge/install/carla_manual_control:/home/roar/carla-ros-bridge/install/carla_ad_agent:/home/roar/carla-ros-bridge/install/ros_compatibility:/home/roar/carla-ros-bridge/install/carla_walker_agent:/home/roar/carla-ros-bridge/install/carla_twist_to_control:/home/roar/carla-ros-bridge/install/carla_ros_scenario_runner:/home/roar/carla-ros-bridge/install/carla_common:/opt/ros/foxy /usr/bin/cmake --install /home/roar/Desktop/projects/lilian/roar-gokart-ws/src/core/core/build/roar-urdf
[0.394s] -- Install configuration: ""
[0.394s] -- Up-to-date: /home/roar/Desktop/projects/lilian/roar-gokart-ws/src/core/core/install/roar-urdf/share/roar-urdf/src
[0.394s] -- Up-to-date: /home/roar/Desktop/projects/lilian/roar-gokart-ws/src/core/core/install/roar-urdf/share/roar-urdf/src/gokart
[0.394s] -- Up-to-date: /home/roar/Desktop/projects/lilian/roar-gokart-ws/src/core/core/install/roar-urdf/share/roar-urdf/src/gokart/_gnss.urdf
[0.394s] -- Up-to-date: /home/roar/Desktop/projects/lilian/roar-gokart-ws/src/core/core/install/roar-urdf/share/roar-urdf/src/gokart/_batteries.urdf
[0.394s] -- Up-to-date: /home/roar/Desktop/projects/lilian/roar-gokart-ws/src/core/core/install/roar-urdf/share/roar-urdf/src/gokart/_inertias.urdf
[0.395s] -- Up-to-date: /home/roar/Desktop/projects/lilian/roar-gokart-ws/src/core/core/install/roar-urdf/share/roar-urdf/src/gokart/_compute_units.urdf
[0.395s] -- Up-to-date: /home/roar/Desktop/projects/lilian/roar-gokart-ws/src/core/core/install/roar-urdf/share/roar-urdf/src/gokart/_lidar_2d.urdf
[0.395s] -- Up-to-date: /home/roar/Desktop/projects/lilian/roar-gokart-ws/src/core/core/install/roar-urdf/share/roar-urdf/src/gokart/_perceptions.urdf
[0.395s] -- Up-to-date: /home/roar/Desktop/projects/lilian/roar-gokart-ws/src/core/core/install/roar-urdf/share/roar-urdf/src/gokart/_ackermann.urdf
[0.396s] -- Up-to-date: /home/roar/Desktop/projects/lilian/roar-gokart-ws/src/core/core/install/roar-urdf/share/roar-urdf/src/gokart/_body_frame.urdf
[0.396s] -- Up-to-date: /home/roar/Desktop/projects/lilian/roar-gokart-ws/src/core/core/install/roar-urdf/share/roar-urdf/src/gokart/_wheels.urdf
[0.396s] -- Up-to-date: /home/roar/Desktop/projects/lilian/roar-gokart-ws/src/core/core/install/roar-urdf/share/roar-urdf/src/gokart/_camera.urdf
[0.396s] -- Up-to-date: /home/roar/Desktop/projects/lilian/roar-gokart-ws/src/core/core/install/roar-urdf/share/roar-urdf/src/gokart/_imu.urdf
[0.396s] -- Up-to-date: /home/roar/Desktop/projects/lilian/roar-gokart-ws/src/core/core/install/roar-urdf/share/roar-urdf/src/gokart/_perception_platform.urdf
[0.396s] -- Up-to-date: /home/roar/Desktop/projects/lilian/roar-gokart-ws/src/core/core/install/roar-urdf/share/roar-urdf/src/gokart/main.urdf
[0.396s] -- Up-to-date: /home/roar/Desktop/projects/lilian/roar-gokart-ws/src/core/core/install/roar-urdf/share/roar-urdf/src/description
[0.396s] -- Up-to-date: /home/roar/Desktop/projects/lilian/roar-gokart-ws/src/core/core/install/roar-urdf/share/roar-urdf/src/description/indy_bot_description.urdf
[0.396s] -- Up-to-date: /home/roar/Desktop/projects/lilian/roar-gokart-ws/src/core/core/install/roar-urdf/share/roar-urdf/launch
[0.396s] -- Up-to-date: /home/roar/Desktop/projects/lilian/roar-gokart-ws/src/core/core/install/roar-urdf/share/roar-urdf/launch/state_publisher.launch.py
[0.396s] -- Up-to-date: /home/roar/Desktop/projects/lilian/roar-gokart-ws/src/core/core/install/roar-urdf/share/roar-urdf/rviz
[0.397s] -- Up-to-date: /home/roar/Desktop/projects/lilian/roar-gokart-ws/src/core/core/install/roar-urdf/share/roar-urdf/rviz/with_sensor_config.rviz
[0.397s] -- Up-to-date: /home/roar/Desktop/projects/lilian/roar-gokart-ws/src/core/core/install/roar-urdf/share/roar-urdf/rviz/urdf_config.rviz
[0.397s] -- Up-to-date: /home/roar/Desktop/projects/lilian/roar-gokart-ws/src/core/core/install/roar-urdf/share/roar-urdf/meshes
[0.397s] -- Up-to-date: /home/roar/Desktop/projects/lilian/roar-gokart-ws/src/core/core/install/roar-urdf/share/roar-urdf/meshes/gokart
[0.397s] -- Up-to-date: /home/roar/Desktop/projects/lilian/roar-gokart-ws/src/core/core/install/roar-urdf/share/roar-urdf/meshes/gokart/BodyV1.stl
[0.397s] -- Up-to-date: /home/roar/Desktop/projects/lilian/roar-gokart-ws/src/core/core/install/roar-urdf/share/roar-urdf/meshes/gokart/WheelV1.stl
[0.397s] -- Up-to-date: /home/roar/Desktop/projects/lilian/roar-gokart-ws/src/core/core/install/roar-urdf/share/roar-urdf/meshes/gps_antenna.stl
[0.397s] -- Up-to-date: /home/roar/Desktop/projects/lilian/roar-gokart-ws/src/core/core/install/roar-urdf/share/roar-urdf/meshes/livox_horizon.stl
[0.397s] -- Up-to-date: /home/roar/Desktop/projects/lilian/roar-gokart-ws/src/core/core/install/roar-urdf/share/roar-urdf/meshes/livox_avia.stl
[0.397s] -- Up-to-date: /home/roar/Desktop/projects/lilian/roar-gokart-ws/src/core/core/install/roar-urdf/share/roar-urdf/meshes/ZED2i.stl
[0.397s] -- Up-to-date: /home/roar/Desktop/projects/lilian/roar-gokart-ws/src/core/core/install/roar-urdf/share/ament_index/resource_index/package_run_dependencies/roar-urdf
[0.397s] -- Up-to-date: /home/roar/Desktop/projects/lilian/roar-gokart-ws/src/core/core/install/roar-urdf/share/ament_index/resource_index/parent_prefix_path/roar-urdf
[0.398s] -- Up-to-date: /home/roar/Desktop/projects/lilian/roar-gokart-ws/src/core/core/install/roar-urdf/share/roar-urdf/environment/ament_prefix_path.sh
[0.398s] -- Up-to-date: /home/roar/Desktop/projects/lilian/roar-gokart-ws/src/core/core/install/roar-urdf/share/roar-urdf/environment/ament_prefix_path.dsv
[0.399s] -- Up-to-date: /home/roar/Desktop/projects/lilian/roar-gokart-ws/src/core/core/install/roar-urdf/share/roar-urdf/environment/path.sh
[0.399s] -- Up-to-date: /home/roar/Desktop/projects/lilian/roar-gokart-ws/src/core/core/install/roar-urdf/share/roar-urdf/environment/path.dsv
[0.399s] -- Up-to-date: /home/roar/Desktop/projects/lilian/roar-gokart-ws/src/core/core/install/roar-urdf/share/roar-urdf/local_setup.bash
[0.399s] -- Up-to-date: /home/roar/Desktop/projects/lilian/roar-gokart-ws/src/core/core/install/roar-urdf/share/roar-urdf/local_setup.sh
[0.399s] -- Up-to-date: /home/roar/Desktop/projects/lilian/roar-gokart-ws/src/core/core/install/roar-urdf/share/roar-urdf/local_setup.zsh
[0.399s] -- Up-to-date: /home/roar/Desktop/projects/lilian/roar-gokart-ws/src/core/core/install/roar-urdf/share/roar-urdf/local_setup.dsv
[0.399s] -- Installing: /home/roar/Desktop/projects/lilian/roar-gokart-ws/src/core/core/install/roar-urdf/share/roar-urdf/package.dsv
[0.399s] -- Up-to-date: /home/roar/Desktop/projects/lilian/roar-gokart-ws/src/core/core/install/roar-urdf/share/ament_index/resource_index/packages/roar-urdf
[0.400s] -- Up-to-date: /home/roar/Desktop/projects/lilian/roar-gokart-ws/src/core/core/install/roar-urdf/share/roar-urdf/cmake/roar-urdfConfig.cmake
[0.400s] -- Up-to-date: /home/roar/Desktop/projects/lilian/roar-gokart-ws/src/core/core/install/roar-urdf/share/roar-urdf/cmake/roar-urdfConfig-version.cmake
[0.400s] -- Up-to-date: /home/roar/Desktop/projects/lilian/roar-gokart-ws/src/core/core/install/roar-urdf/share/roar-urdf/package.xml
[0.419s] Invoked command in '/home/roar/Desktop/projects/lilian/roar-gokart-ws/src/core/core/build/roar-urdf' returned '0': CMAKE_PREFIX_PATH=${CMAKE_PREFIX_PATH}:/home/roar/Desktop/projects/lilian/roar-gokart-ws/install/waypoint_recorder:/home/roar/Desktop/projects/lilian/roar-gokart-ws/install/roar_carla_manual_controller:/home/roar/Desktop/projects/lilian/roar-gokart-ws/install/roar_carla_interface:/home/roar/Desktop/projects/lilian/roar-gokart-ws/install/roar_manual_control:/home/roar/carla-ros-bridge/install/rqt_carla_control:/home/roar/carla-ros-bridge/install/carla_waypoint_publisher:/home/roar/carla-ros-bridge/install/carla_ackermann_control:/home/roar/carla-ros-bridge/install/carla_ros_bridge:/home/roar/carla-ros-bridge/install/carla_spawn_objects:/home/roar/carla-ros-bridge/install/carla_manual_control:/home/roar/carla-ros-bridge/install/carla_ad_agent:/home/roar/carla-ros-bridge/install/ros_compatibility:/home/roar/carla-ros-bridge/install/carla_walker_agent:/home/roar/carla-ros-bridge/install/carla_twist_to_control:/home/roar/carla-ros-bridge/install/carla_ros_scenario_runner:/home/roar/carla-ros-bridge/install/carla_common:/opt/ros/foxy /usr/bin/cmake --install /home/roar/Desktop/projects/lilian/roar-gokart-ws/src/core/core/build/roar-urdf
