[0.056s] Invoking command in '/home/roar/Desktop/projects/lilian/roar-gokart-ws/src/core/core/build/control_interfaces': CMAKE_PREFIX_PATH=${CMAKE_PREFIX_PATH}:/home/roar/Desktop/projects/lilian/roar-gokart-ws/install/waypoint_recorder:/home/roar/Desktop/projects/lilian/roar-gokart-ws/install/roar_carla_manual_controller:/home/roar/Desktop/projects/lilian/roar-gokart-ws/install/roar_carla_interface:/home/roar/Desktop/projects/lilian/roar-gokart-ws/install/roar_manual_control:/home/roar/carla-ros-bridge/install/rqt_carla_control:/home/roar/carla-ros-bridge/install/carla_waypoint_publisher:/home/roar/carla-ros-bridge/install/carla_ackermann_control:/home/roar/carla-ros-bridge/install/carla_ros_bridge:/home/roar/carla-ros-bridge/install/carla_spawn_objects:/home/roar/carla-ros-bridge/install/carla_manual_control:/home/roar/carla-ros-bridge/install/carla_ad_agent:/home/roar/carla-ros-bridge/install/ros_compatibility:/home/roar/carla-ros-bridge/install/carla_walker_agent:/home/roar/carla-ros-bridge/install/carla_twist_to_control:/home/roar/carla-ros-bridge/install/carla_ros_scenario_runner:/home/roar/carla-ros-bridge/install/carla_common:/opt/ros/foxy /usr/bin/cmake --build /home/roar/Desktop/projects/lilian/roar-gokart-ws/src/core/core/build/control_interfaces -- -j16 -l16
[0.105s] [  3%] Built target control_interfaces__cpp
[0.113s] [ 12%] Built target control_interfaces__rosidl_generator_c
[0.135s] [ 22%] Built target control_interfaces__rosidl_typesupport_cpp
[0.139s] [ 32%] Built target control_interfaces__rosidl_typesupport_fastrtps_cpp
[0.140s] [ 41%] Built target control_interfaces__rosidl_typesupport_introspection_cpp
[0.152s] [ 51%] Built target control_interfaces__rosidl_typesupport_c
[0.161s] [ 61%] Built target control_interfaces__rosidl_typesupport_introspection_c
[0.169s] [ 70%] Built target control_interfaces__rosidl_typesupport_fastrtps_c
[0.186s] [ 70%] Built target control_interfaces
[0.209s] [ 74%] Built target control_interfaces__py
[0.233s] [ 80%] Built target control_interfaces__python
[0.260s] [ 93%] Built target control_interfaces__rosidl_typesupport_introspection_c__pyext
[0.260s] [ 93%] Built target control_interfaces__rosidl_typesupport_c__pyext
[0.260s] [100%] Built target control_interfaces__rosidl_typesupport_fastrtps_c__pyext
[0.371s] Invoked command in '/home/roar/Desktop/projects/lilian/roar-gokart-ws/src/core/core/build/control_interfaces' returned '0': CMAKE_PREFIX_PATH=${CMAKE_PREFIX_PATH}:/home/roar/Desktop/projects/lilian/roar-gokart-ws/install/waypoint_recorder:/home/roar/Desktop/projects/lilian/roar-gokart-ws/install/roar_carla_manual_controller:/home/roar/Desktop/projects/lilian/roar-gokart-ws/install/roar_carla_interface:/home/roar/Desktop/projects/lilian/roar-gokart-ws/install/roar_manual_control:/home/roar/carla-ros-bridge/install/rqt_carla_control:/home/roar/carla-ros-bridge/install/carla_waypoint_publisher:/home/roar/carla-ros-bridge/install/carla_ackermann_control:/home/roar/carla-ros-bridge/install/carla_ros_bridge:/home/roar/carla-ros-bridge/install/carla_spawn_objects:/home/roar/carla-ros-bridge/install/carla_manual_control:/home/roar/carla-ros-bridge/install/carla_ad_agent:/home/roar/carla-ros-bridge/install/ros_compatibility:/home/roar/carla-ros-bridge/install/carla_walker_agent:/home/roar/carla-ros-bridge/install/carla_twist_to_control:/home/roar/carla-ros-bridge/install/carla_ros_scenario_runner:/home/roar/carla-ros-bridge/install/carla_common:/opt/ros/foxy /usr/bin/cmake --build /home/roar/Desktop/projects/lilian/roar-gokart-ws/src/core/core/build/control_interfaces -- -j16 -l16
[0.459s] Invoking command in '/home/roar/Desktop/projects/lilian/roar-gokart-ws/src/core/core/build/control_interfaces': CMAKE_PREFIX_PATH=${CMAKE_PREFIX_PATH}:/home/roar/Desktop/projects/lilian/roar-gokart-ws/install/waypoint_recorder:/home/roar/Desktop/projects/lilian/roar-gokart-ws/install/roar_carla_manual_controller:/home/roar/Desktop/projects/lilian/roar-gokart-ws/install/roar_carla_interface:/home/roar/Desktop/projects/lilian/roar-gokart-ws/install/roar_manual_control:/home/roar/carla-ros-bridge/install/rqt_carla_control:/home/roar/carla-ros-bridge/install/carla_waypoint_publisher:/home/roar/carla-ros-bridge/install/carla_ackermann_control:/home/roar/carla-ros-bridge/install/carla_ros_bridge:/home/roar/carla-ros-bridge/install/carla_spawn_objects:/home/roar/carla-ros-bridge/install/carla_manual_control:/home/roar/carla-ros-bridge/install/carla_ad_agent:/home/roar/carla-ros-bridge/install/ros_compatibility:/home/roar/carla-ros-bridge/install/carla_walker_agent:/home/roar/carla-ros-bridge/install/carla_twist_to_control:/home/roar/carla-ros-bridge/install/carla_ros_scenario_runner:/home/roar/carla-ros-bridge/install/carla_common:/opt/ros/foxy /usr/bin/cmake --install /home/roar/Desktop/projects/lilian/roar-gokart-ws/src/core/core/build/control_interfaces
[0.472s] -- Install configuration: ""
[0.473s] -- Up-to-date: /home/roar/Desktop/projects/lilian/roar-gokart-ws/src/core/core/install/control_interfaces/share/ament_index/resource_index/rosidl_interfaces/control_interfaces
[0.473s] -- Up-to-date: /home/roar/Desktop/projects/lilian/roar-gokart-ws/src/core/core/install/control_interfaces/include/control_interfaces
[0.473s] -- Up-to-date: /home/roar/Desktop/projects/lilian/roar-gokart-ws/src/core/core/install/control_interfaces/include/control_interfaces/msg
[0.473s] -- Up-to-date: /home/roar/Desktop/projects/lilian/roar-gokart-ws/src/core/core/install/control_interfaces/include/control_interfaces/msg/rosidl_generator_c__visibility_control.h
[0.473s] -- Up-to-date: /home/roar/Desktop/projects/lilian/roar-gokart-ws/src/core/core/install/control_interfaces/include/control_interfaces/action
[0.473s] -- Up-to-date: /home/roar/Desktop/projects/lilian/roar-gokart-ws/src/core/core/install/control_interfaces/include/control_interfaces/action/detail
[0.473s] -- Up-to-date: /home/roar/Desktop/projects/lilian/roar-gokart-ws/src/core/core/install/control_interfaces/include/control_interfaces/action/detail/control__functions.c
[0.473s] -- Up-to-date: /home/roar/Desktop/projects/lilian/roar-gokart-ws/src/core/core/install/control_interfaces/include/control_interfaces/action/detail/control__type_support.h
[0.473s] -- Up-to-date: /home/roar/Desktop/projects/lilian/roar-gokart-ws/src/core/core/install/control_interfaces/include/control_interfaces/action/detail/control__functions.h
[0.473s] -- Up-to-date: /home/roar/Desktop/projects/lilian/roar-gokart-ws/src/core/core/install/control_interfaces/include/control_interfaces/action/detail/control__struct.h
[0.474s] -- Up-to-date: /home/roar/Desktop/projects/lilian/roar-gokart-ws/src/core/core/install/control_interfaces/include/control_interfaces/action/control.h
[0.474s] -- Up-to-date: /home/roar/Desktop/projects/lilian/roar-gokart-ws/src/core/core/install/control_interfaces/share/control_interfaces/environment/library_path.sh
[0.474s] -- Up-to-date: /home/roar/Desktop/projects/lilian/roar-gokart-ws/src/core/core/install/control_interfaces/share/control_interfaces/environment/library_path.dsv
[0.474s] -- Up-to-date: /home/roar/Desktop/projects/lilian/roar-gokart-ws/src/core/core/install/control_interfaces/lib/libcontrol_interfaces__rosidl_generator_c.so
[0.474s] -- Up-to-date: /home/roar/Desktop/projects/lilian/roar-gokart-ws/src/core/core/install/control_interfaces/include/control_interfaces
[0.474s] -- Up-to-date: /home/roar/Desktop/projects/lilian/roar-gokart-ws/src/core/core/install/control_interfaces/include/control_interfaces/msg
[0.475s] -- Up-to-date: /home/roar/Desktop/projects/lilian/roar-gokart-ws/src/core/core/install/control_interfaces/include/control_interfaces/msg/rosidl_typesupport_fastrtps_c__visibility_control.h
[0.475s] -- Up-to-date: /home/roar/Desktop/projects/lilian/roar-gokart-ws/src/core/core/install/control_interfaces/include/control_interfaces/action
[0.475s] -- Up-to-date: /home/roar/Desktop/projects/lilian/roar-gokart-ws/src/core/core/install/control_interfaces/include/control_interfaces/action/detail
[0.475s] -- Up-to-date: /home/roar/Desktop/projects/lilian/roar-gokart-ws/src/core/core/install/control_interfaces/include/control_interfaces/action/detail/control__rosidl_typesupport_fastrtps_c.h
[0.476s] -- Up-to-date: /home/roar/Desktop/projects/lilian/roar-gokart-ws/src/core/core/install/control_interfaces/lib/libcontrol_interfaces__rosidl_typesupport_fastrtps_c.so
[0.476s] -- Up-to-date: /home/roar/Desktop/projects/lilian/roar-gokart-ws/src/core/core/install/control_interfaces/include/control_interfaces
[0.476s] -- Up-to-date: /home/roar/Desktop/projects/lilian/roar-gokart-ws/src/core/core/install/control_interfaces/include/control_interfaces/msg
[0.476s] -- Up-to-date: /home/roar/Desktop/projects/lilian/roar-gokart-ws/src/core/core/install/control_interfaces/include/control_interfaces/msg/rosidl_typesupport_fastrtps_cpp__visibility_control.h
[0.476s] -- Up-to-date: /home/roar/Desktop/projects/lilian/roar-gokart-ws/src/core/core/install/control_interfaces/include/control_interfaces/action
[0.477s] -- Up-to-date: /home/roar/Desktop/projects/lilian/roar-gokart-ws/src/core/core/install/control_interfaces/include/control_interfaces/action/detail
[0.477s] -- Up-to-date: /home/roar/Desktop/projects/lilian/roar-gokart-ws/src/core/core/install/control_interfaces/include/control_interfaces/action/detail/dds_fastrtps
[0.477s] -- Up-to-date: /home/roar/Desktop/projects/lilian/roar-gokart-ws/src/core/core/install/control_interfaces/include/control_interfaces/action/detail/control__rosidl_typesupport_fastrtps_cpp.hpp
[0.477s] -- Up-to-date: /home/roar/Desktop/projects/lilian/roar-gokart-ws/src/core/core/install/control_interfaces/lib/libcontrol_interfaces__rosidl_typesupport_fastrtps_cpp.so
[0.478s] -- Up-to-date: /home/roar/Desktop/projects/lilian/roar-gokart-ws/src/core/core/install/control_interfaces/include/control_interfaces
[0.478s] -- Up-to-date: /home/roar/Desktop/projects/lilian/roar-gokart-ws/src/core/core/install/control_interfaces/include/control_interfaces/msg
[0.478s] -- Up-to-date: /home/roar/Desktop/projects/lilian/roar-gokart-ws/src/core/core/install/control_interfaces/include/control_interfaces/msg/rosidl_typesupport_introspection_c__visibility_control.h
[0.479s] -- Up-to-date: /home/roar/Desktop/projects/lilian/roar-gokart-ws/src/core/core/install/control_interfaces/include/control_interfaces/action
[0.481s] -- Up-to-date: /home/roar/Desktop/projects/lilian/roar-gokart-ws/src/core/core/install/control_interfaces/include/control_interfaces/action/detail
[0.481s] -- Up-to-date: /home/roar/Desktop/projects/lilian/roar-gokart-ws/src/core/core/install/control_interfaces/include/control_interfaces/action/detail/control__type_support.c
[0.481s] -- Up-to-date: /home/roar/Desktop/projects/lilian/roar-gokart-ws/src/core/core/install/control_interfaces/include/control_interfaces/action/detail/control__rosidl_typesupport_introspection_c.h
[0.481s] -- Up-to-date: /home/roar/Desktop/projects/lilian/roar-gokart-ws/src/core/core/install/control_interfaces/lib/libcontrol_interfaces__rosidl_typesupport_introspection_c.so
[0.482s] -- Up-to-date: /home/roar/Desktop/projects/lilian/roar-gokart-ws/src/core/core/install/control_interfaces/lib/libcontrol_interfaces__rosidl_typesupport_c.so
[0.482s] -- Up-to-date: /home/roar/Desktop/projects/lilian/roar-gokart-ws/src/core/core/install/control_interfaces/include/control_interfaces
[0.482s] -- Up-to-date: /home/roar/Desktop/projects/lilian/roar-gokart-ws/src/core/core/install/control_interfaces/include/control_interfaces/action
[0.482s] -- Up-to-date: /home/roar/Desktop/projects/lilian/roar-gokart-ws/src/core/core/install/control_interfaces/include/control_interfaces/action/detail
[0.482s] -- Up-to-date: /home/roar/Desktop/projects/lilian/roar-gokart-ws/src/core/core/install/control_interfaces/include/control_interfaces/action/detail/control__struct.hpp
[0.482s] -- Up-to-date: /home/roar/Desktop/projects/lilian/roar-gokart-ws/src/core/core/install/control_interfaces/include/control_interfaces/action/detail/control__traits.hpp
[0.483s] -- Up-to-date: /home/roar/Desktop/projects/lilian/roar-gokart-ws/src/core/core/install/control_interfaces/include/control_interfaces/action/detail/control__builder.hpp
[0.483s] -- Up-to-date: /home/roar/Desktop/projects/lilian/roar-gokart-ws/src/core/core/install/control_interfaces/include/control_interfaces/action/control.hpp
[0.483s] -- Up-to-date: /home/roar/Desktop/projects/lilian/roar-gokart-ws/src/core/core/install/control_interfaces/include/control_interfaces
[0.483s] -- Up-to-date: /home/roar/Desktop/projects/lilian/roar-gokart-ws/src/core/core/install/control_interfaces/include/control_interfaces/action
[0.483s] -- Up-to-date: /home/roar/Desktop/projects/lilian/roar-gokart-ws/src/core/core/install/control_interfaces/include/control_interfaces/action/detail
[0.484s] -- Up-to-date: /home/roar/Desktop/projects/lilian/roar-gokart-ws/src/core/core/install/control_interfaces/include/control_interfaces/action/detail/control__rosidl_typesupport_introspection_cpp.hpp
[0.484s] -- Up-to-date: /home/roar/Desktop/projects/lilian/roar-gokart-ws/src/core/core/install/control_interfaces/include/control_interfaces/action/detail/control__type_support.cpp
[0.484s] -- Up-to-date: /home/roar/Desktop/projects/lilian/roar-gokart-ws/src/core/core/install/control_interfaces/lib/libcontrol_interfaces__rosidl_typesupport_introspection_cpp.so
[0.484s] -- Up-to-date: /home/roar/Desktop/projects/lilian/roar-gokart-ws/src/core/core/install/control_interfaces/lib/libcontrol_interfaces__rosidl_typesupport_cpp.so
[0.484s] -- Up-to-date: /home/roar/Desktop/projects/lilian/roar-gokart-ws/src/core/core/install/control_interfaces/share/control_interfaces/environment/pythonpath.sh
[0.485s] -- Up-to-date: /home/roar/Desktop/projects/lilian/roar-gokart-ws/src/core/core/install/control_interfaces/share/control_interfaces/environment/pythonpath.dsv
[0.485s] -- Up-to-date: /home/roar/Desktop/projects/lilian/roar-gokart-ws/src/core/core/install/control_interfaces/lib/python3.8/site-packages/control_interfaces/__init__.py
[0.520s] -- Up-to-date: /home/roar/Desktop/projects/lilian/roar-gokart-ws/src/core/core/install/control_interfaces/lib/python3.8/site-packages/control_interfaces/action
[0.521s] -- Up-to-date: /home/roar/Desktop/projects/lilian/roar-gokart-ws/src/core/core/install/control_interfaces/lib/python3.8/site-packages/control_interfaces/action/__init__.py
[0.521s] -- Up-to-date: /home/roar/Desktop/projects/lilian/roar-gokart-ws/src/core/core/install/control_interfaces/lib/python3.8/site-packages/control_interfaces/action/_control.py
[0.522s] -- Up-to-date: /home/roar/Desktop/projects/lilian/roar-gokart-ws/src/core/core/install/control_interfaces/lib/python3.8/site-packages/control_interfaces/action/_control_s.c
[0.525s] -- Up-to-date: /home/roar/Desktop/projects/lilian/roar-gokart-ws/src/core/core/install/control_interfaces/lib/python3.8/site-packages/control_interfaces/control_interfaces_s__rosidl_typesupport_fastrtps_c.cpython-38-x86_64-linux-gnu.so
[0.525s] -- Up-to-date: /home/roar/Desktop/projects/lilian/roar-gokart-ws/src/core/core/install/control_interfaces/lib/python3.8/site-packages/control_interfaces/control_interfaces_s__rosidl_typesupport_introspection_c.cpython-38-x86_64-linux-gnu.so
[0.528s] -- Up-to-date: /home/roar/Desktop/projects/lilian/roar-gokart-ws/src/core/core/install/control_interfaces/lib/python3.8/site-packages/control_interfaces/control_interfaces_s__rosidl_typesupport_c.cpython-38-x86_64-linux-gnu.so
[0.529s] -- Up-to-date: /home/roar/Desktop/projects/lilian/roar-gokart-ws/src/core/core/install/control_interfaces/lib/libcontrol_interfaces__python.so
[0.531s] -- Up-to-date: /home/roar/Desktop/projects/lilian/roar-gokart-ws/src/core/core/install/control_interfaces/share/control_interfaces/action/Control.idl
[0.531s] -- Up-to-date: /home/roar/Desktop/projects/lilian/roar-gokart-ws/src/core/core/install/control_interfaces/share/control_interfaces/action/Control.action
[0.531s] -- Up-to-date: /home/roar/Desktop/projects/lilian/roar-gokart-ws/src/core/core/install/control_interfaces/share/ament_index/resource_index/package_run_dependencies/control_interfaces
[0.531s] -- Up-to-date: /home/roar/Desktop/projects/lilian/roar-gokart-ws/src/core/core/install/control_interfaces/share/ament_index/resource_index/parent_prefix_path/control_interfaces
[0.531s] -- Up-to-date: /home/roar/Desktop/projects/lilian/roar-gokart-ws/src/core/core/install/control_interfaces/share/control_interfaces/environment/ament_prefix_path.sh
[0.531s] -- Up-to-date: /home/roar/Desktop/projects/lilian/roar-gokart-ws/src/core/core/install/control_interfaces/share/control_interfaces/environment/ament_prefix_path.dsv
[0.533s] -- Up-to-date: /home/roar/Desktop/projects/lilian/roar-gokart-ws/src/core/core/install/control_interfaces/share/control_interfaces/environment/path.sh
[0.533s] -- Up-to-date: /home/roar/Desktop/projects/lilian/roar-gokart-ws/src/core/core/install/control_interfaces/share/control_interfaces/environment/path.dsv
[0.533s] -- Up-to-date: /home/roar/Desktop/projects/lilian/roar-gokart-ws/src/core/core/install/control_interfaces/share/control_interfaces/local_setup.bash
[0.534s] -- Up-to-date: /home/roar/Desktop/projects/lilian/roar-gokart-ws/src/core/core/install/control_interfaces/share/control_interfaces/local_setup.sh
[0.534s] -- Up-to-date: /home/roar/Desktop/projects/lilian/roar-gokart-ws/src/core/core/install/control_interfaces/share/control_interfaces/local_setup.zsh
[0.535s] -- Up-to-date: /home/roar/Desktop/projects/lilian/roar-gokart-ws/src/core/core/install/control_interfaces/share/control_interfaces/local_setup.dsv
[0.535s] -- Installing: /home/roar/Desktop/projects/lilian/roar-gokart-ws/src/core/core/install/control_interfaces/share/control_interfaces/package.dsv
[0.535s] -- Up-to-date: /home/roar/Desktop/projects/lilian/roar-gokart-ws/src/core/core/install/control_interfaces/share/ament_index/resource_index/packages/control_interfaces
[0.535s] -- Up-to-date: /home/roar/Desktop/projects/lilian/roar-gokart-ws/src/core/core/install/control_interfaces/share/control_interfaces/cmake/control_interfaces__rosidl_generator_cExport.cmake
[0.536s] -- Up-to-date: /home/roar/Desktop/projects/lilian/roar-gokart-ws/src/core/core/install/control_interfaces/share/control_interfaces/cmake/control_interfaces__rosidl_generator_cExport-noconfig.cmake
[0.537s] -- Up-to-date: /home/roar/Desktop/projects/lilian/roar-gokart-ws/src/core/core/install/control_interfaces/share/control_interfaces/cmake/control_interfaces__rosidl_typesupport_introspection_cExport.cmake
[0.541s] -- Up-to-date: /home/roar/Desktop/projects/lilian/roar-gokart-ws/src/core/core/install/control_interfaces/share/control_interfaces/cmake/control_interfaces__rosidl_typesupport_introspection_cExport-noconfig.cmake
[0.541s] -- Up-to-date: /home/roar/Desktop/projects/lilian/roar-gokart-ws/src/core/core/install/control_interfaces/share/control_interfaces/cmake/control_interfaces__rosidl_typesupport_cExport.cmake
[0.541s] -- Up-to-date: /home/roar/Desktop/projects/lilian/roar-gokart-ws/src/core/core/install/control_interfaces/share/control_interfaces/cmake/control_interfaces__rosidl_typesupport_cExport-noconfig.cmake
[0.542s] -- Up-to-date: /home/roar/Desktop/projects/lilian/roar-gokart-ws/src/core/core/install/control_interfaces/share/control_interfaces/cmake/control_interfaces__rosidl_generator_cppExport.cmake
[0.542s] -- Up-to-date: /home/roar/Desktop/projects/lilian/roar-gokart-ws/src/core/core/install/control_interfaces/share/control_interfaces/cmake/control_interfaces__rosidl_typesupport_introspection_cppExport.cmake
[0.543s] -- Up-to-date: /home/roar/Desktop/projects/lilian/roar-gokart-ws/src/core/core/install/control_interfaces/share/control_interfaces/cmake/control_interfaces__rosidl_typesupport_introspection_cppExport-noconfig.cmake
[0.543s] -- Up-to-date: /home/roar/Desktop/projects/lilian/roar-gokart-ws/src/core/core/install/control_interfaces/share/control_interfaces/cmake/control_interfaces__rosidl_typesupport_cppExport.cmake
[0.543s] -- Up-to-date: /home/roar/Desktop/projects/lilian/roar-gokart-ws/src/core/core/install/control_interfaces/share/control_interfaces/cmake/control_interfaces__rosidl_typesupport_cppExport-noconfig.cmake
[0.544s] -- Up-to-date: /home/roar/Desktop/projects/lilian/roar-gokart-ws/src/core/core/install/control_interfaces/share/control_interfaces/cmake/rosidl_cmake-extras.cmake
[0.544s] -- Up-to-date: /home/roar/Desktop/projects/lilian/roar-gokart-ws/src/core/core/install/control_interfaces/share/control_interfaces/cmake/ament_cmake_export_dependencies-extras.cmake
[0.544s] -- Up-to-date: /home/roar/Desktop/projects/lilian/roar-gokart-ws/src/core/core/install/control_interfaces/share/control_interfaces/cmake/ament_cmake_export_libraries-extras.cmake
[0.544s] -- Up-to-date: /home/roar/Desktop/projects/lilian/roar-gokart-ws/src/core/core/install/control_interfaces/share/control_interfaces/cmake/ament_cmake_export_targets-extras.cmake
[0.544s] -- Up-to-date: /home/roar/Desktop/projects/lilian/roar-gokart-ws/src/core/core/install/control_interfaces/share/control_interfaces/cmake/ament_cmake_export_include_directories-extras.cmake
[0.544s] -- Up-to-date: /home/roar/Desktop/projects/lilian/roar-gokart-ws/src/core/core/install/control_interfaces/share/control_interfaces/cmake/rosidl_cmake_export_typesupport_libraries-extras.cmake
[0.544s] -- Up-to-date: /home/roar/Desktop/projects/lilian/roar-gokart-ws/src/core/core/install/control_interfaces/share/control_interfaces/cmake/rosidl_cmake_export_typesupport_targets-extras.cmake
[0.544s] -- Up-to-date: /home/roar/Desktop/projects/lilian/roar-gokart-ws/src/core/core/install/control_interfaces/share/control_interfaces/cmake/control_interfacesConfig.cmake
[0.544s] -- Up-to-date: /home/roar/Desktop/projects/lilian/roar-gokart-ws/src/core/core/install/control_interfaces/share/control_interfaces/cmake/control_interfacesConfig-version.cmake
[0.544s] -- Up-to-date: /home/roar/Desktop/projects/lilian/roar-gokart-ws/src/core/core/install/control_interfaces/share/control_interfaces/package.xml
[0.545s] Invoked command in '/home/roar/Desktop/projects/lilian/roar-gokart-ws/src/core/core/build/control_interfaces' returned '0': CMAKE_PREFIX_PATH=${CMAKE_PREFIX_PATH}:/home/roar/Desktop/projects/lilian/roar-gokart-ws/install/waypoint_recorder:/home/roar/Desktop/projects/lilian/roar-gokart-ws/install/roar_carla_manual_controller:/home/roar/Desktop/projects/lilian/roar-gokart-ws/install/roar_carla_interface:/home/roar/Desktop/projects/lilian/roar-gokart-ws/install/roar_manual_control:/home/roar/carla-ros-bridge/install/rqt_carla_control:/home/roar/carla-ros-bridge/install/carla_waypoint_publisher:/home/roar/carla-ros-bridge/install/carla_ackermann_control:/home/roar/carla-ros-bridge/install/carla_ros_bridge:/home/roar/carla-ros-bridge/install/carla_spawn_objects:/home/roar/carla-ros-bridge/install/carla_manual_control:/home/roar/carla-ros-bridge/install/carla_ad_agent:/home/roar/carla-ros-bridge/install/ros_compatibility:/home/roar/carla-ros-bridge/install/carla_walker_agent:/home/roar/carla-ros-bridge/install/carla_twist_to_control:/home/roar/carla-ros-bridge/install/carla_ros_scenario_runner:/home/roar/carla-ros-bridge/install/carla_common:/opt/ros/foxy /usr/bin/cmake --install /home/roar/Desktop/projects/lilian/roar-gokart-ws/src/core/core/build/control_interfaces
