-- Found ament_cmake_auto: 0.9.9 (/opt/ros/foxy/share/ament_cmake_auto/cmake)
-- Using PYTHON_EXECUTABLE: /usr/bin/python3
-- Using all available rosidl_typesupport_c: rosidl_typesupport_fastrtps_c;rosidl_typesupport_introspection_c
-- Found rosidl_adapter: 1.2.1 (/opt/ros/foxy/share/rosidl_adapter/cmake)
-- Using all available rosidl_typesupport_cpp: rosidl_typesupport_fastrtps_cpp;rosidl_typesupport_introspection_cpp
-- Found rmw_implementation_cmake: 1.0.3 (/opt/ros/foxy/share/rmw_implementation_cmake/cmake)
-- Using RMW implementation 'rmw_fastrtps_cpp' as default
-- Found eigen3_cmake_module: 0.1.1 (/opt/ros/foxy/share/eigen3_cmake_module/cmake)
-- Configuring done
-- Generating done
-- Build files have been written to: /home/roar/Desktop/projects/lilian/roar-gokart-ws/src/core/core/build/controller_manager
[ 18%] [32mBuilding CXX object CMakeFiles/controller_manager.dir/src/plugins/lon_pid_control.cpp.o[0m
[ 18%] [32mBuilding CXX object CMakeFiles/controller_manager.dir/src/plugins/dummy_lon_controller.cpp.o[0m
[ 45%] [32mBuilding CXX object CMakeFiles/controller_manager_node.dir/src/controller_manager_ros.cpp.o[0m
[ 45%] [32mBuilding CXX object CMakeFiles/controller_manager_node.dir/src/controller_manager_node.cpp.o[0m
[ 45%] [32mBuilding CXX object CMakeFiles/controller_manager_node.dir/src/pid_controller.cpp.o[0m
[ 54%] [32mBuilding CXX object CMakeFiles/controller_manager.dir/src/controller_manager_ros.cpp.o[0m
[ 63%] [32mBuilding CXX object CMakeFiles/controller_manager.dir/src/plugins/lat_pid_control.cpp.o[0m
[ 72%] [32mBuilding CXX object CMakeFiles/controller_manager.dir/src/pid_controller.cpp.o[0m
[ 81%] [32mBuilding CXX object CMakeFiles/controller_manager.dir/src/controller_manager_node.cpp.o[0m
[ 90%] [32m[1mLinking CXX shared library libcontroller_manager.so[0m
[100%] [32m[1mLinking CXX executable controller_manager_node[0m
[100%] Built target controller_manager
[100%] Built target controller_manager_node
-- Install configuration: ""
-- Installing: /home/roar/Desktop/projects/lilian/roar-gokart-ws/src/core/core/install/controller_manager/share/controller_manager/plugins.xml
-- Installing: /home/roar/Desktop/projects/lilian/roar-gokart-ws/src/core/core/install/controller_manager/include
-- Installing: /home/roar/Desktop/projects/lilian/roar-gokart-ws/src/core/core/install/controller_manager/include/controller_manager
-- Installing: /home/roar/Desktop/projects/lilian/roar-gokart-ws/src/core/core/install/controller_manager/include/controller_manager/controller_plugin_interface.hpp
-- Installing: /home/roar/Desktop/projects/lilian/roar-gokart-ws/src/core/core/install/controller_manager/include/controller_manager/controller_interface.hpp
-- Installing: /home/roar/Desktop/projects/lilian/roar-gokart-ws/src/core/core/install/controller_manager/include/controller_manager/controller_manager_ros.hpp
-- Installing: /home/roar/Desktop/projects/lilian/roar-gokart-ws/src/core/core/install/controller_manager/include/controller_manager/controller_state.hpp
-- Installing: /home/roar/Desktop/projects/lilian/roar-gokart-ws/src/core/core/install/controller_manager/include/controller_manager/pid_controller.hpp
-- Installing: /home/roar/Desktop/projects/lilian/roar-gokart-ws/src/core/core/install/controller_manager/share/controller_manager/environment/library_path.sh
-- Installing: /home/roar/Desktop/projects/lilian/roar-gokart-ws/src/core/core/install/controller_manager/share/controller_manager/environment/library_path.dsv
-- Installing: /home/roar/Desktop/projects/lilian/roar-gokart-ws/src/core/core/install/controller_manager/lib/libcontroller_manager.so
-- Set runtime path of "/home/roar/Desktop/projects/lilian/roar-gokart-ws/src/core/core/install/controller_manager/lib/libcontroller_manager.so" to ""
-- Installing: /home/roar/Desktop/projects/lilian/roar-gokart-ws/src/core/core/install/controller_manager/lib/controller_manager/controller_manager_node
-- Set runtime path of "/home/roar/Desktop/projects/lilian/roar-gokart-ws/src/core/core/install/controller_manager/lib/controller_manager/controller_manager_node" to ""
-- Installing: /home/roar/Desktop/projects/lilian/roar-gokart-ws/src/core/core/install/controller_manager/share/controller_manager/launch
-- Installing: /home/roar/Desktop/projects/lilian/roar-gokart-ws/src/core/core/install/controller_manager/share/controller_manager/launch/controller.launch.py
-- Installing: /home/roar/Desktop/projects/lilian/roar-gokart-ws/src/core/core/install/controller_manager/share/controller_manager/params
-- Installing: /home/roar/Desktop/projects/lilian/roar-gokart-ws/src/core/core/install/controller_manager/share/controller_manager/params/configs.yaml
-- Installing: /home/roar/Desktop/projects/lilian/roar-gokart-ws/src/core/core/install/controller_manager/share/controller_manager/params/carla_pid.json
-- Installing: /home/roar/Desktop/projects/lilian/roar-gokart-ws/src/core/core/install/controller_manager/share/controller_manager/include
-- Installing: /home/roar/Desktop/projects/lilian/roar-gokart-ws/src/core/core/install/controller_manager/share/controller_manager/include/controller_manager
-- Installing: /home/roar/Desktop/projects/lilian/roar-gokart-ws/src/core/core/install/controller_manager/share/controller_manager/include/controller_manager/controller_plugin_interface.hpp
-- Installing: /home/roar/Desktop/projects/lilian/roar-gokart-ws/src/core/core/install/controller_manager/share/controller_manager/include/controller_manager/controller_interface.hpp
-- Installing: /home/roar/Desktop/projects/lilian/roar-gokart-ws/src/core/core/install/controller_manager/share/controller_manager/include/controller_manager/controller_manager_ros.hpp
-- Installing: /home/roar/Desktop/projects/lilian/roar-gokart-ws/src/core/core/install/controller_manager/share/controller_manager/include/controller_manager/controller_state.hpp
-- Installing: /home/roar/Desktop/projects/lilian/roar-gokart-ws/src/core/core/install/controller_manager/share/controller_manager/include/controller_manager/pid_controller.hpp
-- Installing: /home/roar/Desktop/projects/lilian/roar-gokart-ws/src/core/core/install/controller_manager/share/ament_index/resource_index/package_run_dependencies/controller_manager
-- Installing: /home/roar/Desktop/projects/lilian/roar-gokart-ws/src/core/core/install/controller_manager/share/ament_index/resource_index/parent_prefix_path/controller_manager
-- Installing: /home/roar/Desktop/projects/lilian/roar-gokart-ws/src/core/core/install/controller_manager/share/controller_manager/environment/ament_prefix_path.sh
-- Installing: /home/roar/Desktop/projects/lilian/roar-gokart-ws/src/core/core/install/controller_manager/share/controller_manager/environment/ament_prefix_path.dsv
-- Installing: /home/roar/Desktop/projects/lilian/roar-gokart-ws/src/core/core/install/controller_manager/share/controller_manager/environment/path.sh
-- Installing: /home/roar/Desktop/projects/lilian/roar-gokart-ws/src/core/core/install/controller_manager/share/controller_manager/environment/path.dsv
-- Installing: /home/roar/Desktop/projects/lilian/roar-gokart-ws/src/core/core/install/controller_manager/share/controller_manager/local_setup.bash
-- Installing: /home/roar/Desktop/projects/lilian/roar-gokart-ws/src/core/core/install/controller_manager/share/controller_manager/local_setup.sh
-- Installing: /home/roar/Desktop/projects/lilian/roar-gokart-ws/src/core/core/install/controller_manager/share/controller_manager/local_setup.zsh
-- Installing: /home/roar/Desktop/projects/lilian/roar-gokart-ws/src/core/core/install/controller_manager/share/controller_manager/local_setup.dsv
-- Installing: /home/roar/Desktop/projects/lilian/roar-gokart-ws/src/core/core/install/controller_manager/share/controller_manager/package.dsv
-- Installing: /home/roar/Desktop/projects/lilian/roar-gokart-ws/src/core/core/install/controller_manager/share/ament_index/resource_index/packages/controller_manager
-- Installing: /home/roar/Desktop/projects/lilian/roar-gokart-ws/src/core/core/install/controller_manager/share/ament_index/resource_index/controller_manager__pluginlib__plugin/controller_manager
-- Installing: /home/roar/Desktop/projects/lilian/roar-gokart-ws/src/core/core/install/controller_manager/share/controller_manager/cmake/ament_cmake_export_dependencies-extras.cmake
-- Installing: /home/roar/Desktop/projects/lilian/roar-gokart-ws/src/core/core/install/controller_manager/share/controller_manager/cmake/ament_cmake_export_include_directories-extras.cmake
-- Installing: /home/roar/Desktop/projects/lilian/roar-gokart-ws/src/core/core/install/controller_manager/share/controller_manager/cmake/ament_cmake_export_libraries-extras.cmake
-- Installing: /home/roar/Desktop/projects/lilian/roar-gokart-ws/src/core/core/install/controller_manager/share/controller_manager/cmake/controller_managerConfig.cmake
-- Installing: /home/roar/Desktop/projects/lilian/roar-gokart-ws/src/core/core/install/controller_manager/share/controller_manager/cmake/controller_managerConfig-version.cmake
-- Installing: /home/roar/Desktop/projects/lilian/roar-gokart-ws/src/core/core/install/controller_manager/share/controller_manager/package.xml
