-- Install configuration: ""
-- Up-to-date: /home/roar/Desktop/projects/lilian/roar-gokart-ws/src/core/core/install/roar_mapping/share/roar_mapping/src
-- Up-to-date: /home/roar/Desktop/projects/lilian/roar-gokart-ws/src/core/core/install/roar_mapping/share/roar_mapping/src/.gitkeep
-- Up-to-date: /home/roar/Desktop/projects/lilian/roar-gokart-ws/src/core/core/install/roar_mapping/share/roar_mapping/launch
-- Up-to-date: /home/roar/Desktop/projects/lilian/roar-gokart-ws/src/core/core/install/roar_mapping/share/roar_mapping/launch/mapping.launch.py
-- Up-to-date: /home/roar/Desktop/projects/lilian/roar-gokart-ws/src/core/core/install/roar_mapping/share/roar_mapping/launch/map_server.launch.py
-- Up-to-date: /home/roar/Desktop/projects/lilian/roar-gokart-ws/src/core/core/install/roar_mapping/share/roar_mapping/config
-- Up-to-date: /home/roar/Desktop/projects/lilian/roar-gokart-ws/src/core/core/install/roar_mapping/share/roar_mapping/config/map_server_config.yaml
-- Up-to-date: /home/roar/Desktop/projects/lilian/roar-gokart-ws/src/core/core/install/roar_mapping/share/roar_mapping/config/mapper_params_online_async.yaml
-- Up-to-date: /home/roar/Desktop/projects/lilian/roar-gokart-ws/src/core/core/install/roar_mapping/share/ament_index/resource_index/package_run_dependencies/roar_mapping
-- Up-to-date: /home/roar/Desktop/projects/lilian/roar-gokart-ws/src/core/core/install/roar_mapping/share/ament_index/resource_index/parent_prefix_path/roar_mapping
-- Up-to-date: /home/roar/Desktop/projects/lilian/roar-gokart-ws/src/core/core/install/roar_mapping/share/roar_mapping/environment/ament_prefix_path.sh
-- Up-to-date: /home/roar/Desktop/projects/lilian/roar-gokart-ws/src/core/core/install/roar_mapping/share/roar_mapping/environment/ament_prefix_path.dsv
-- Up-to-date: /home/roar/Desktop/projects/lilian/roar-gokart-ws/src/core/core/install/roar_mapping/share/roar_mapping/environment/path.sh
-- Up-to-date: /home/roar/Desktop/projects/lilian/roar-gokart-ws/src/core/core/install/roar_mapping/share/roar_mapping/environment/path.dsv
-- Up-to-date: /home/roar/Desktop/projects/lilian/roar-gokart-ws/src/core/core/install/roar_mapping/share/roar_mapping/local_setup.bash
-- Up-to-date: /home/roar/Desktop/projects/lilian/roar-gokart-ws/src/core/core/install/roar_mapping/share/roar_mapping/local_setup.sh
-- Up-to-date: /home/roar/Desktop/projects/lilian/roar-gokart-ws/src/core/core/install/roar_mapping/share/roar_mapping/local_setup.zsh
-- Up-to-date: /home/roar/Desktop/projects/lilian/roar-gokart-ws/src/core/core/install/roar_mapping/share/roar_mapping/local_setup.dsv
-- Up-to-date: /home/roar/Desktop/projects/lilian/roar-gokart-ws/src/core/core/install/roar_mapping/share/roar_mapping/package.dsv
-- Up-to-date: /home/roar/Desktop/projects/lilian/roar-gokart-ws/src/core/core/install/roar_mapping/share/ament_index/resource_index/packages/roar_mapping
-- Up-to-date: /home/roar/Desktop/projects/lilian/roar-gokart-ws/src/core/core/install/roar_mapping/share/roar_mapping/cmake/roar_mappingConfig.cmake
-- Up-to-date: /home/roar/Desktop/projects/lilian/roar-gokart-ws/src/core/core/install/roar_mapping/share/roar_mapping/cmake/roar_mappingConfig-version.cmake
-- Up-to-date: /home/roar/Desktop/projects/lilian/roar-gokart-ws/src/core/core/install/roar_mapping/share/roar_mapping/package.xml
