-- The C compiler identification is GNU 9.4.0
-- The CXX compiler identification is GNU 9.4.0
-- Check for working C compiler: /usr/bin/cc
-- Check for working C compiler: /usr/bin/cc -- works
-- Detecting C compiler ABI info
-- Detecting C compiler ABI info - done
-- Detecting C compile features
-- Detecting C compile features - done
-- Check for working CXX compiler: /usr/bin/c++
-- Check for working CXX compiler: /usr/bin/c++ -- works
-- Detecting CXX compiler ABI info
-- Detecting CXX compiler ABI info - done
-- Detecting CXX compile features
-- Detecting CXX compile features - done
-- Found ament_cmake: 0.9.9 (/opt/ros/foxy/share/ament_cmake/cmake)
-- Found PythonInterp: /usr/bin/python3 (found suitable version "3.8.10", minimum required is "3") 
-- Using PYTHON_EXECUTABLE: /usr/bin/python3
-- Found builtin_interfaces: 1.0.0 (/opt/ros/foxy/share/builtin_interfaces/cmake)
-- Using all available rosidl_typesupport_c: rosidl_typesupport_fastrtps_c;rosidl_typesupport_introspection_c
-- Found rosidl_adapter: 1.2.1 (/opt/ros/foxy/share/rosidl_adapter/cmake)
-- Found OpenSSL: /usr/lib/x86_64-linux-gnu/libcrypto.so (found version "1.1.1f")  
-- Found FastRTPS: /opt/ros/foxy/include  
-- Using all available rosidl_typesupport_cpp: rosidl_typesupport_fastrtps_cpp;rosidl_typesupport_introspection_cpp
-- Found nav_msgs: 2.0.5 (/opt/ros/foxy/share/nav_msgs/cmake)
-- Found nav2_msgs: 0.4.7 (/opt/ros/foxy/share/nav2_msgs/cmake)
-- Found rosidl_default_generators: 1.0.1 (/opt/ros/foxy/share/rosidl_default_generators/cmake)
-- Found PythonInterp: /usr/bin/python3 (found version "3.8.10") 
-- Found ament_cmake_ros: 0.9.2 (/opt/ros/foxy/share/ament_cmake_ros/cmake)
-- Using all available rosidl_typesupport_c: rosidl_typesupport_fastrtps_c;rosidl_typesupport_introspection_c
-- Using all available rosidl_typesupport_cpp: rosidl_typesupport_fastrtps_cpp;rosidl_typesupport_introspection_cpp
-- Found PythonInterp: /usr/bin/python3 (found suitable version "3.8.10", minimum required is "3.5") 
-- Found python_cmake_module: 0.8.1 (/opt/ros/foxy/share/python_cmake_module/cmake)
-- Found PythonLibs: /usr/lib/x86_64-linux-gnu/libpython3.8.so (found suitable version "3.8.10", minimum required is "3.5") 
-- Using PYTHON_EXECUTABLE: /usr/bin/python3
-- Using PYTHON_INCLUDE_DIRS: /usr/include/python3.8
-- Using PYTHON_LIBRARIES: /usr/lib/x86_64-linux-gnu/libpython3.8.so
-- Found PythonExtra: .so  
-- Configuring done
-- Generating done
-- Build files have been written to: /home/roar/Desktop/projects/lilian/roar-gokart-ws/src/core/core/build/planning_interfaces
[35m[1mScanning dependencies of target planning_interfaces__cpp[0m
[  1%] [34m[1mGenerating C code for ROS interfaces[0m
[  2%] [34m[1mGenerating C++ code for ROS interfaces[0m
[35m[1mScanning dependencies of target planning_interfaces__rosidl_generator_c[0m
[  3%] [32mBuilding C object CMakeFiles/planning_interfaces__rosidl_generator_c.dir/rosidl_generator_c/planning_interfaces/msg/detail/trajectory_score__functions.c.o[0m
[  6%] [32mBuilding C object CMakeFiles/planning_interfaces__rosidl_generator_c.dir/rosidl_generator_c/planning_interfaces/msg/detail/trajectory__functions.c.o[0m
[  6%] [32mBuilding C object CMakeFiles/planning_interfaces__rosidl_generator_c.dir/rosidl_generator_c/planning_interfaces/msg/detail/trajectories__functions.c.o[0m
[  7%] [32mBuilding C object CMakeFiles/planning_interfaces__rosidl_generator_c.dir/rosidl_generator_c/planning_interfaces/srv/detail/load_map__functions.c.o[0m
[ 10%] [32mBuilding C object CMakeFiles/planning_interfaces__rosidl_generator_c.dir/rosidl_generator_c/planning_interfaces/srv/detail/trajectory_scoring__functions.c.o[0m
[ 10%] [32mBuilding C object CMakeFiles/planning_interfaces__rosidl_generator_c.dir/rosidl_generator_c/planning_interfaces/srv/detail/reset_trajectory_picker__functions.c.o[0m
[ 11%] [32mBuilding C object CMakeFiles/planning_interfaces__rosidl_generator_c.dir/rosidl_generator_c/planning_interfaces/action/detail/trajectory_generation__functions.c.o[0m
[ 12%] [32m[1mLinking C shared library libplanning_interfaces__rosidl_generator_c.so[0m
[ 12%] Built target planning_interfaces__cpp
[ 13%] [34m[1mGenerating C++ type support for eProsima Fast-RTPS[0m
[ 15%] [34m[1mGenerating C++ type support dispatch for ROS interfaces[0m
[ 15%] Built target planning_interfaces__rosidl_generator_c
[ 16%] [34m[1mGenerating C introspection for ROS interfaces[0m
[ 17%] [34m[1mGenerating C++ introspection for ROS interfaces[0m
[ 18%] [34m[1mGenerating C type support dispatch for ROS interfaces[0m
[35m[1mScanning dependencies of target planning_interfaces__rosidl_typesupport_introspection_cpp[0m
[35m[1mScanning dependencies of target planning_interfaces__rosidl_typesupport_cpp[0m
[ 21%] [32mBuilding CXX object CMakeFiles/planning_interfaces__rosidl_typesupport_introspection_cpp.dir/rosidl_typesupport_introspection_cpp/planning_interfaces/msg/detail/trajectories__type_support.cpp.o[0m
[ 21%] [32mBuilding CXX object CMakeFiles/planning_interfaces__rosidl_typesupport_introspection_cpp.dir/rosidl_typesupport_introspection_cpp/planning_interfaces/msg/detail/trajectory__type_support.cpp.o[0m
[ 22%] [32mBuilding CXX object CMakeFiles/planning_interfaces__rosidl_typesupport_introspection_cpp.dir/rosidl_typesupport_introspection_cpp/planning_interfaces/srv/detail/reset_trajectory_picker__type_support.cpp.o[0m
[ 24%] [32mBuilding CXX object CMakeFiles/planning_interfaces__rosidl_typesupport_introspection_cpp.dir/rosidl_typesupport_introspection_cpp/planning_interfaces/msg/detail/trajectory_score__type_support.cpp.o[0m
[ 25%] [32mBuilding CXX object CMakeFiles/planning_interfaces__rosidl_typesupport_introspection_cpp.dir/rosidl_typesupport_introspection_cpp/planning_interfaces/srv/detail/trajectory_scoring__type_support.cpp.o[0m
[ 26%] [32mBuilding CXX object CMakeFiles/planning_interfaces__rosidl_typesupport_cpp.dir/rosidl_typesupport_cpp/planning_interfaces/msg/trajectories__type_support.cpp.o[0m
[ 27%] [32mBuilding CXX object CMakeFiles/planning_interfaces__rosidl_typesupport_introspection_cpp.dir/rosidl_typesupport_introspection_cpp/planning_interfaces/action/detail/trajectory_generation__type_support.cpp.o[0m
[ 29%] [32mBuilding CXX object CMakeFiles/planning_interfaces__rosidl_typesupport_cpp.dir/rosidl_typesupport_cpp/planning_interfaces/msg/trajectory_score__type_support.cpp.o[0m
[ 30%] [32mBuilding CXX object CMakeFiles/planning_interfaces__rosidl_typesupport_introspection_cpp.dir/rosidl_typesupport_introspection_cpp/planning_interfaces/srv/detail/load_map__type_support.cpp.o[0m
[ 31%] [32mBuilding CXX object CMakeFiles/planning_interfaces__rosidl_typesupport_cpp.dir/rosidl_typesupport_cpp/planning_interfaces/msg/trajectory__type_support.cpp.o[0m
[ 32%] [32mBuilding CXX object CMakeFiles/planning_interfaces__rosidl_typesupport_cpp.dir/rosidl_typesupport_cpp/planning_interfaces/srv/reset_trajectory_picker__type_support.cpp.o[0m
[ 34%] [32mBuilding CXX object CMakeFiles/planning_interfaces__rosidl_typesupport_cpp.dir/rosidl_typesupport_cpp/planning_interfaces/srv/trajectory_scoring__type_support.cpp.o[0m
[ 35%] [32mBuilding CXX object CMakeFiles/planning_interfaces__rosidl_typesupport_cpp.dir/rosidl_typesupport_cpp/planning_interfaces/srv/load_map__type_support.cpp.o[0m
[35m[1mScanning dependencies of target planning_interfaces__rosidl_typesupport_c[0m
[ 36%] [32mBuilding CXX object CMakeFiles/planning_interfaces__rosidl_typesupport_c.dir/rosidl_typesupport_c/planning_interfaces/msg/trajectories__type_support.cpp.o[0m
[ 37%] [32mBuilding CXX object CMakeFiles/planning_interfaces__rosidl_typesupport_c.dir/rosidl_typesupport_c/planning_interfaces/msg/trajectory_score__type_support.cpp.o[0m
[ 39%] [32mBuilding CXX object CMakeFiles/planning_interfaces__rosidl_typesupport_cpp.dir/rosidl_typesupport_cpp/planning_interfaces/action/trajectory_generation__type_support.cpp.o[0m
[ 40%] [32mBuilding CXX object CMakeFiles/planning_interfaces__rosidl_typesupport_c.dir/rosidl_typesupport_c/planning_interfaces/msg/trajectory__type_support.cpp.o[0m
[ 41%] [32mBuilding CXX object CMakeFiles/planning_interfaces__rosidl_typesupport_c.dir/rosidl_typesupport_c/planning_interfaces/srv/trajectory_scoring__type_support.cpp.o[0m
[ 43%] [32mBuilding CXX object CMakeFiles/planning_interfaces__rosidl_typesupport_c.dir/rosidl_typesupport_c/planning_interfaces/srv/load_map__type_support.cpp.o[0m
[ 44%] [32mBuilding CXX object CMakeFiles/planning_interfaces__rosidl_typesupport_c.dir/rosidl_typesupport_c/planning_interfaces/srv/reset_trajectory_picker__type_support.cpp.o[0m
[ 45%] [32mBuilding CXX object CMakeFiles/planning_interfaces__rosidl_typesupport_c.dir/rosidl_typesupport_c/planning_interfaces/action/trajectory_generation__type_support.cpp.o[0m
[35m[1mScanning dependencies of target planning_interfaces__rosidl_typesupport_introspection_c[0m
[35m[1mScanning dependencies of target planning_interfaces__rosidl_typesupport_fastrtps_cpp[0m
[ 46%] [32mBuilding C object CMakeFiles/planning_interfaces__rosidl_typesupport_introspection_c.dir/rosidl_typesupport_introspection_c/planning_interfaces/msg/detail/trajectory_score__type_support.c.o[0m
[ 50%] [32mBuilding C object CMakeFiles/planning_interfaces__rosidl_typesupport_introspection_c.dir/rosidl_typesupport_introspection_c/planning_interfaces/srv/detail/trajectory_scoring__type_support.c.o[0m
[ 50%] [32mBuilding C object CMakeFiles/planning_interfaces__rosidl_typesupport_introspection_c.dir/rosidl_typesupport_introspection_c/planning_interfaces/msg/detail/trajectory__type_support.c.o[0m
[ 50%] [32mBuilding C object CMakeFiles/planning_interfaces__rosidl_typesupport_introspection_c.dir/rosidl_typesupport_introspection_c/planning_interfaces/msg/detail/trajectories__type_support.c.o[0m
[ 51%] [32mBuilding C object CMakeFiles/planning_interfaces__rosidl_typesupport_introspection_c.dir/rosidl_typesupport_introspection_c/planning_interfaces/srv/detail/reset_trajectory_picker__type_support.c.o[0m
[ 53%] [32mBuilding C object CMakeFiles/planning_interfaces__rosidl_typesupport_introspection_c.dir/rosidl_typesupport_introspection_c/planning_interfaces/srv/detail/load_map__type_support.c.o[0m
[ 54%] [32mBuilding CXX object CMakeFiles/planning_interfaces__rosidl_typesupport_fastrtps_cpp.dir/rosidl_typesupport_fastrtps_cpp/planning_interfaces/msg/detail/dds_fastrtps/trajectory_score__type_support.cpp.o[0m
[ 55%] [32mBuilding C object CMakeFiles/planning_interfaces__rosidl_typesupport_introspection_c.dir/rosidl_typesupport_introspection_c/planning_interfaces/action/detail/trajectory_generation__type_support.c.o[0m
[ 56%] [32mBuilding CXX object CMakeFiles/planning_interfaces__rosidl_typesupport_fastrtps_cpp.dir/rosidl_typesupport_fastrtps_cpp/planning_interfaces/msg/detail/dds_fastrtps/trajectories__type_support.cpp.o[0m
[ 58%] [32mBuilding CXX object CMakeFiles/planning_interfaces__rosidl_typesupport_fastrtps_cpp.dir/rosidl_typesupport_fastrtps_cpp/planning_interfaces/msg/detail/dds_fastrtps/trajectory__type_support.cpp.o[0m
[ 59%] [32mBuilding CXX object CMakeFiles/planning_interfaces__rosidl_typesupport_fastrtps_cpp.dir/rosidl_typesupport_fastrtps_cpp/planning_interfaces/srv/detail/dds_fastrtps/trajectory_scoring__type_support.cpp.o[0m
[ 60%] [32m[1mLinking CXX shared library libplanning_interfaces__rosidl_typesupport_c.so[0m
[ 62%] [32mBuilding CXX object CMakeFiles/planning_interfaces__rosidl_typesupport_fastrtps_cpp.dir/rosidl_typesupport_fastrtps_cpp/planning_interfaces/srv/detail/dds_fastrtps/reset_trajectory_picker__type_support.cpp.o[0m
[ 63%] [32mBuilding CXX object CMakeFiles/planning_interfaces__rosidl_typesupport_fastrtps_cpp.dir/rosidl_typesupport_fastrtps_cpp/planning_interfaces/srv/detail/dds_fastrtps/load_map__type_support.cpp.o[0m
[ 64%] [32mBuilding CXX object CMakeFiles/planning_interfaces__rosidl_typesupport_fastrtps_cpp.dir/rosidl_typesupport_fastrtps_cpp/planning_interfaces/action/detail/dds_fastrtps/trajectory_generation__type_support.cpp.o[0m
[ 65%] [32m[1mLinking CXX shared library libplanning_interfaces__rosidl_typesupport_introspection_cpp.so[0m
[ 65%] Built target planning_interfaces__rosidl_typesupport_c
[ 67%] [32m[1mLinking C shared library libplanning_interfaces__rosidl_typesupport_introspection_c.so[0m
[ 67%] Built target planning_interfaces__rosidl_typesupport_introspection_c
[ 67%] Built target planning_interfaces__rosidl_typesupport_introspection_cpp
[ 68%] [32m[1mLinking CXX shared library libplanning_interfaces__rosidl_typesupport_cpp.so[0m
[ 68%] Built target planning_interfaces__rosidl_typesupport_cpp
[ 69%] [32m[1mLinking CXX shared library libplanning_interfaces__rosidl_typesupport_fastrtps_cpp.so[0m
[ 69%] Built target planning_interfaces__rosidl_typesupport_fastrtps_cpp
[ 70%] [34m[1mGenerating C type support for eProsima Fast-RTPS[0m
[35m[1mScanning dependencies of target planning_interfaces__rosidl_typesupport_fastrtps_c[0m
[ 77%] [32mBuilding CXX object CMakeFiles/planning_interfaces__rosidl_typesupport_fastrtps_c.dir/rosidl_typesupport_fastrtps_c/planning_interfaces/srv/detail/trajectory_scoring__type_support_c.cpp.o[0m
[ 77%] [32mBuilding CXX object CMakeFiles/planning_interfaces__rosidl_typesupport_fastrtps_c.dir/rosidl_typesupport_fastrtps_c/planning_interfaces/msg/detail/trajectories__type_support_c.cpp.o[0m
[ 77%] [32mBuilding CXX object CMakeFiles/planning_interfaces__rosidl_typesupport_fastrtps_c.dir/rosidl_typesupport_fastrtps_c/planning_interfaces/msg/detail/trajectory__type_support_c.cpp.o[0m
[ 77%] [32mBuilding CXX object CMakeFiles/planning_interfaces__rosidl_typesupport_fastrtps_c.dir/rosidl_typesupport_fastrtps_c/planning_interfaces/srv/detail/reset_trajectory_picker__type_support_c.cpp.o[0m
[ 77%] [32mBuilding CXX object CMakeFiles/planning_interfaces__rosidl_typesupport_fastrtps_c.dir/rosidl_typesupport_fastrtps_c/planning_interfaces/msg/detail/trajectory_score__type_support_c.cpp.o[0m
[ 78%] [32mBuilding CXX object CMakeFiles/planning_interfaces__rosidl_typesupport_fastrtps_c.dir/rosidl_typesupport_fastrtps_c/planning_interfaces/srv/detail/load_map__type_support_c.cpp.o[0m
[ 79%] [32mBuilding CXX object CMakeFiles/planning_interfaces__rosidl_typesupport_fastrtps_c.dir/rosidl_typesupport_fastrtps_c/planning_interfaces/action/detail/trajectory_generation__type_support_c.cpp.o[0m
[ 81%] [32m[1mLinking CXX shared library libplanning_interfaces__rosidl_typesupport_fastrtps_c.so[0m
[ 81%] Built target planning_interfaces__rosidl_typesupport_fastrtps_c
[35m[1mScanning dependencies of target planning_interfaces[0m
[ 81%] Built target planning_interfaces
[35m[1mScanning dependencies of target planning_interfaces__py[0m
[ 82%] [34m[1mGenerating Python code for ROS interfaces[0m
[ 82%] Built target planning_interfaces__py
[35m[1mScanning dependencies of target planning_interfaces__python[0m
[ 87%] [32mBuilding C object CMakeFiles/planning_interfaces__python.dir/rosidl_generator_py/planning_interfaces/srv/_reset_trajectory_picker_s.c.o[0m
[ 87%] [32mBuilding C object CMakeFiles/planning_interfaces__python.dir/rosidl_generator_py/planning_interfaces/srv/_trajectory_scoring_s.c.o[0m
[ 87%] [32mBuilding C object CMakeFiles/planning_interfaces__python.dir/rosidl_generator_py/planning_interfaces/msg/_trajectories_s.c.o[0m
[ 87%] [32mBuilding C object CMakeFiles/planning_interfaces__python.dir/rosidl_generator_py/planning_interfaces/msg/_trajectory_score_s.c.o[0m
[ 89%] [32mBuilding C object CMakeFiles/planning_interfaces__python.dir/rosidl_generator_py/planning_interfaces/srv/_load_map_s.c.o[0m
[ 89%] [32mBuilding C object CMakeFiles/planning_interfaces__python.dir/rosidl_generator_py/planning_interfaces/msg/_trajectory_s.c.o[0m
[ 91%] [32mBuilding C object CMakeFiles/planning_interfaces__python.dir/rosidl_generator_py/planning_interfaces/action/_trajectory_generation_s.c.o[0m
[ 92%] [32m[1mLinking C shared library rosidl_generator_py/planning_interfaces/libplanning_interfaces__python.so[0m
[ 92%] Built target planning_interfaces__python
[35m[1mScanning dependencies of target planning_interfaces__rosidl_typesupport_introspection_c__pyext[0m
[35m[1mScanning dependencies of target planning_interfaces__rosidl_typesupport_c__pyext[0m
[35m[1mScanning dependencies of target planning_interfaces__rosidl_typesupport_fastrtps_c__pyext[0m
[ 93%] [32mBuilding C object CMakeFiles/planning_interfaces__rosidl_typesupport_introspection_c__pyext.dir/rosidl_generator_py/planning_interfaces/_planning_interfaces_s.ep.rosidl_typesupport_introspection_c.c.o[0m
[ 94%] [32mBuilding C object CMakeFiles/planning_interfaces__rosidl_typesupport_c__pyext.dir/rosidl_generator_py/planning_interfaces/_planning_interfaces_s.ep.rosidl_typesupport_c.c.o[0m
[ 96%] [32mBuilding C object CMakeFiles/planning_interfaces__rosidl_typesupport_fastrtps_c__pyext.dir/rosidl_generator_py/planning_interfaces/_planning_interfaces_s.ep.rosidl_typesupport_fastrtps_c.c.o[0m
[ 97%] [32m[1mLinking C shared library rosidl_generator_py/planning_interfaces/planning_interfaces_s__rosidl_typesupport_introspection_c.cpython-38-x86_64-linux-gnu.so[0m
[ 98%] [32m[1mLinking C shared library rosidl_generator_py/planning_interfaces/planning_interfaces_s__rosidl_typesupport_c.cpython-38-x86_64-linux-gnu.so[0m
[100%] [32m[1mLinking CXX shared library rosidl_generator_py/planning_interfaces/planning_interfaces_s__rosidl_typesupport_fastrtps_c.cpython-38-x86_64-linux-gnu.so[0m
[100%] Built target planning_interfaces__rosidl_typesupport_introspection_c__pyext
[100%] Built target planning_interfaces__rosidl_typesupport_c__pyext
[100%] Built target planning_interfaces__rosidl_typesupport_fastrtps_c__pyext
-- Install configuration: ""
-- Installing: /home/roar/Desktop/projects/lilian/roar-gokart-ws/src/core/core/install/planning_interfaces/share/ament_index/resource_index/rosidl_interfaces/planning_interfaces
-- Installing: /home/roar/Desktop/projects/lilian/roar-gokart-ws/src/core/core/install/planning_interfaces/include/planning_interfaces
-- Installing: /home/roar/Desktop/projects/lilian/roar-gokart-ws/src/core/core/install/planning_interfaces/include/planning_interfaces/msg
-- Installing: /home/roar/Desktop/projects/lilian/roar-gokart-ws/src/core/core/install/planning_interfaces/include/planning_interfaces/msg/detail
-- Installing: /home/roar/Desktop/projects/lilian/roar-gokart-ws/src/core/core/install/planning_interfaces/include/planning_interfaces/msg/detail/trajectories__functions.c
-- Installing: /home/roar/Desktop/projects/lilian/roar-gokart-ws/src/core/core/install/planning_interfaces/include/planning_interfaces/msg/detail/trajectory_score__functions.c
-- Installing: /home/roar/Desktop/projects/lilian/roar-gokart-ws/src/core/core/install/planning_interfaces/include/planning_interfaces/msg/detail/trajectories__struct.h
-- Installing: /home/roar/Desktop/projects/lilian/roar-gokart-ws/src/core/core/install/planning_interfaces/include/planning_interfaces/msg/detail/trajectory__struct.h
-- Installing: /home/roar/Desktop/projects/lilian/roar-gokart-ws/src/core/core/install/planning_interfaces/include/planning_interfaces/msg/detail/trajectory__type_support.h
-- Installing: /home/roar/Desktop/projects/lilian/roar-gokart-ws/src/core/core/install/planning_interfaces/include/planning_interfaces/msg/detail/trajectories__functions.h
-- Installing: /home/roar/Desktop/projects/lilian/roar-gokart-ws/src/core/core/install/planning_interfaces/include/planning_interfaces/msg/detail/trajectory_score__type_support.h
-- Installing: /home/roar/Desktop/projects/lilian/roar-gokart-ws/src/core/core/install/planning_interfaces/include/planning_interfaces/msg/detail/trajectory__functions.h
-- Installing: /home/roar/Desktop/projects/lilian/roar-gokart-ws/src/core/core/install/planning_interfaces/include/planning_interfaces/msg/detail/trajectory_score__struct.h
-- Installing: /home/roar/Desktop/projects/lilian/roar-gokart-ws/src/core/core/install/planning_interfaces/include/planning_interfaces/msg/detail/trajectory_score__functions.h
-- Installing: /home/roar/Desktop/projects/lilian/roar-gokart-ws/src/core/core/install/planning_interfaces/include/planning_interfaces/msg/detail/trajectories__type_support.h
-- Installing: /home/roar/Desktop/projects/lilian/roar-gokart-ws/src/core/core/install/planning_interfaces/include/planning_interfaces/msg/detail/trajectory__functions.c
-- Installing: /home/roar/Desktop/projects/lilian/roar-gokart-ws/src/core/core/install/planning_interfaces/include/planning_interfaces/msg/trajectories.h
-- Installing: /home/roar/Desktop/projects/lilian/roar-gokart-ws/src/core/core/install/planning_interfaces/include/planning_interfaces/msg/trajectory.h
-- Installing: /home/roar/Desktop/projects/lilian/roar-gokart-ws/src/core/core/install/planning_interfaces/include/planning_interfaces/msg/trajectory_score.h
-- Installing: /home/roar/Desktop/projects/lilian/roar-gokart-ws/src/core/core/install/planning_interfaces/include/planning_interfaces/msg/rosidl_generator_c__visibility_control.h
-- Installing: /home/roar/Desktop/projects/lilian/roar-gokart-ws/src/core/core/install/planning_interfaces/include/planning_interfaces/action
-- Installing: /home/roar/Desktop/projects/lilian/roar-gokart-ws/src/core/core/install/planning_interfaces/include/planning_interfaces/action/detail
-- Installing: /home/roar/Desktop/projects/lilian/roar-gokart-ws/src/core/core/install/planning_interfaces/include/planning_interfaces/action/detail/trajectory_generation__functions.c
-- Installing: /home/roar/Desktop/projects/lilian/roar-gokart-ws/src/core/core/install/planning_interfaces/include/planning_interfaces/action/detail/trajectory_generation__type_support.h
-- Installing: /home/roar/Desktop/projects/lilian/roar-gokart-ws/src/core/core/install/planning_interfaces/include/planning_interfaces/action/detail/trajectory_generation__functions.h
-- Installing: /home/roar/Desktop/projects/lilian/roar-gokart-ws/src/core/core/install/planning_interfaces/include/planning_interfaces/action/detail/trajectory_generation__struct.h
-- Installing: /home/roar/Desktop/projects/lilian/roar-gokart-ws/src/core/core/install/planning_interfaces/include/planning_interfaces/action/trajectory_generation.h
-- Installing: /home/roar/Desktop/projects/lilian/roar-gokart-ws/src/core/core/install/planning_interfaces/include/planning_interfaces/srv
-- Installing: /home/roar/Desktop/projects/lilian/roar-gokart-ws/src/core/core/install/planning_interfaces/include/planning_interfaces/srv/detail
-- Installing: /home/roar/Desktop/projects/lilian/roar-gokart-ws/src/core/core/install/planning_interfaces/include/planning_interfaces/srv/detail/trajectory_scoring__type_support.h
-- Installing: /home/roar/Desktop/projects/lilian/roar-gokart-ws/src/core/core/install/planning_interfaces/include/planning_interfaces/srv/detail/reset_trajectory_picker__struct.h
-- Installing: /home/roar/Desktop/projects/lilian/roar-gokart-ws/src/core/core/install/planning_interfaces/include/planning_interfaces/srv/detail/load_map__struct.h
-- Installing: /home/roar/Desktop/projects/lilian/roar-gokart-ws/src/core/core/install/planning_interfaces/include/planning_interfaces/srv/detail/load_map__functions.h
-- Installing: /home/roar/Desktop/projects/lilian/roar-gokart-ws/src/core/core/install/planning_interfaces/include/planning_interfaces/srv/detail/trajectory_scoring__struct.h
-- Installing: /home/roar/Desktop/projects/lilian/roar-gokart-ws/src/core/core/install/planning_interfaces/include/planning_interfaces/srv/detail/reset_trajectory_picker__functions.c
-- Installing: /home/roar/Desktop/projects/lilian/roar-gokart-ws/src/core/core/install/planning_interfaces/include/planning_interfaces/srv/detail/trajectory_scoring__functions.c
-- Installing: /home/roar/Desktop/projects/lilian/roar-gokart-ws/src/core/core/install/planning_interfaces/include/planning_interfaces/srv/detail/reset_trajectory_picker__type_support.h
-- Installing: /home/roar/Desktop/projects/lilian/roar-gokart-ws/src/core/core/install/planning_interfaces/include/planning_interfaces/srv/detail/load_map__type_support.h
-- Installing: /home/roar/Desktop/projects/lilian/roar-gokart-ws/src/core/core/install/planning_interfaces/include/planning_interfaces/srv/detail/reset_trajectory_picker__functions.h
-- Installing: /home/roar/Desktop/projects/lilian/roar-gokart-ws/src/core/core/install/planning_interfaces/include/planning_interfaces/srv/detail/load_map__functions.c
-- Installing: /home/roar/Desktop/projects/lilian/roar-gokart-ws/src/core/core/install/planning_interfaces/include/planning_interfaces/srv/detail/trajectory_scoring__functions.h
-- Installing: /home/roar/Desktop/projects/lilian/roar-gokart-ws/src/core/core/install/planning_interfaces/include/planning_interfaces/srv/reset_trajectory_picker.h
-- Installing: /home/roar/Desktop/projects/lilian/roar-gokart-ws/src/core/core/install/planning_interfaces/include/planning_interfaces/srv/trajectory_scoring.h
-- Installing: /home/roar/Desktop/projects/lilian/roar-gokart-ws/src/core/core/install/planning_interfaces/include/planning_interfaces/srv/load_map.h
-- Installing: /home/roar/Desktop/projects/lilian/roar-gokart-ws/src/core/core/install/planning_interfaces/share/planning_interfaces/environment/library_path.sh
-- Installing: /home/roar/Desktop/projects/lilian/roar-gokart-ws/src/core/core/install/planning_interfaces/share/planning_interfaces/environment/library_path.dsv
-- Installing: /home/roar/Desktop/projects/lilian/roar-gokart-ws/src/core/core/install/planning_interfaces/lib/libplanning_interfaces__rosidl_generator_c.so
-- Set runtime path of "/home/roar/Desktop/projects/lilian/roar-gokart-ws/src/core/core/install/planning_interfaces/lib/libplanning_interfaces__rosidl_generator_c.so" to ""
-- Up-to-date: /home/roar/Desktop/projects/lilian/roar-gokart-ws/src/core/core/install/planning_interfaces/include/planning_interfaces
-- Up-to-date: /home/roar/Desktop/projects/lilian/roar-gokart-ws/src/core/core/install/planning_interfaces/include/planning_interfaces/msg
-- Installing: /home/roar/Desktop/projects/lilian/roar-gokart-ws/src/core/core/install/planning_interfaces/include/planning_interfaces/msg/rosidl_typesupport_fastrtps_c__visibility_control.h
-- Up-to-date: /home/roar/Desktop/projects/lilian/roar-gokart-ws/src/core/core/install/planning_interfaces/include/planning_interfaces/msg/detail
-- Installing: /home/roar/Desktop/projects/lilian/roar-gokart-ws/src/core/core/install/planning_interfaces/include/planning_interfaces/msg/detail/trajectory_score__rosidl_typesupport_fastrtps_c.h
-- Installing: /home/roar/Desktop/projects/lilian/roar-gokart-ws/src/core/core/install/planning_interfaces/include/planning_interfaces/msg/detail/trajectory__rosidl_typesupport_fastrtps_c.h
-- Installing: /home/roar/Desktop/projects/lilian/roar-gokart-ws/src/core/core/install/planning_interfaces/include/planning_interfaces/msg/detail/trajectories__rosidl_typesupport_fastrtps_c.h
-- Up-to-date: /home/roar/Desktop/projects/lilian/roar-gokart-ws/src/core/core/install/planning_interfaces/include/planning_interfaces/action
-- Up-to-date: /home/roar/Desktop/projects/lilian/roar-gokart-ws/src/core/core/install/planning_interfaces/include/planning_interfaces/action/detail
-- Installing: /home/roar/Desktop/projects/lilian/roar-gokart-ws/src/core/core/install/planning_interfaces/include/planning_interfaces/action/detail/trajectory_generation__rosidl_typesupport_fastrtps_c.h
-- Up-to-date: /home/roar/Desktop/projects/lilian/roar-gokart-ws/src/core/core/install/planning_interfaces/include/planning_interfaces/srv
-- Up-to-date: /home/roar/Desktop/projects/lilian/roar-gokart-ws/src/core/core/install/planning_interfaces/include/planning_interfaces/srv/detail
-- Installing: /home/roar/Desktop/projects/lilian/roar-gokart-ws/src/core/core/install/planning_interfaces/include/planning_interfaces/srv/detail/trajectory_scoring__rosidl_typesupport_fastrtps_c.h
-- Installing: /home/roar/Desktop/projects/lilian/roar-gokart-ws/src/core/core/install/planning_interfaces/include/planning_interfaces/srv/detail/reset_trajectory_picker__rosidl_typesupport_fastrtps_c.h
-- Installing: /home/roar/Desktop/projects/lilian/roar-gokart-ws/src/core/core/install/planning_interfaces/include/planning_interfaces/srv/detail/load_map__rosidl_typesupport_fastrtps_c.h
-- Installing: /home/roar/Desktop/projects/lilian/roar-gokart-ws/src/core/core/install/planning_interfaces/lib/libplanning_interfaces__rosidl_typesupport_fastrtps_c.so
-- Set runtime path of "/home/roar/Desktop/projects/lilian/roar-gokart-ws/src/core/core/install/planning_interfaces/lib/libplanning_interfaces__rosidl_typesupport_fastrtps_c.so" to ""
-- Up-to-date: /home/roar/Desktop/projects/lilian/roar-gokart-ws/src/core/core/install/planning_interfaces/include/planning_interfaces
-- Up-to-date: /home/roar/Desktop/projects/lilian/roar-gokart-ws/src/core/core/install/planning_interfaces/include/planning_interfaces/msg
-- Up-to-date: /home/roar/Desktop/projects/lilian/roar-gokart-ws/src/core/core/install/planning_interfaces/include/planning_interfaces/msg/detail
-- Installing: /home/roar/Desktop/projects/lilian/roar-gokart-ws/src/core/core/install/planning_interfaces/include/planning_interfaces/msg/detail/trajectories__rosidl_typesupport_fastrtps_cpp.hpp
-- Installing: /home/roar/Desktop/projects/lilian/roar-gokart-ws/src/core/core/install/planning_interfaces/include/planning_interfaces/msg/detail/trajectory_score__rosidl_typesupport_fastrtps_cpp.hpp
-- Installing: /home/roar/Desktop/projects/lilian/roar-gokart-ws/src/core/core/install/planning_interfaces/include/planning_interfaces/msg/detail/dds_fastrtps
-- Installing: /home/roar/Desktop/projects/lilian/roar-gokart-ws/src/core/core/install/planning_interfaces/include/planning_interfaces/msg/detail/trajectory__rosidl_typesupport_fastrtps_cpp.hpp
-- Installing: /home/roar/Desktop/projects/lilian/roar-gokart-ws/src/core/core/install/planning_interfaces/include/planning_interfaces/msg/rosidl_typesupport_fastrtps_cpp__visibility_control.h
-- Up-to-date: /home/roar/Desktop/projects/lilian/roar-gokart-ws/src/core/core/install/planning_interfaces/include/planning_interfaces/action
-- Up-to-date: /home/roar/Desktop/projects/lilian/roar-gokart-ws/src/core/core/install/planning_interfaces/include/planning_interfaces/action/detail
-- Installing: /home/roar/Desktop/projects/lilian/roar-gokart-ws/src/core/core/install/planning_interfaces/include/planning_interfaces/action/detail/dds_fastrtps
-- Installing: /home/roar/Desktop/projects/lilian/roar-gokart-ws/src/core/core/install/planning_interfaces/include/planning_interfaces/action/detail/trajectory_generation__rosidl_typesupport_fastrtps_cpp.hpp
-- Up-to-date: /home/roar/Desktop/projects/lilian/roar-gokart-ws/src/core/core/install/planning_interfaces/include/planning_interfaces/srv
-- Up-to-date: /home/roar/Desktop/projects/lilian/roar-gokart-ws/src/core/core/install/planning_interfaces/include/planning_interfaces/srv/detail
-- Installing: /home/roar/Desktop/projects/lilian/roar-gokart-ws/src/core/core/install/planning_interfaces/include/planning_interfaces/srv/detail/dds_fastrtps
-- Installing: /home/roar/Desktop/projects/lilian/roar-gokart-ws/src/core/core/install/planning_interfaces/include/planning_interfaces/srv/detail/trajectory_scoring__rosidl_typesupport_fastrtps_cpp.hpp
-- Installing: /home/roar/Desktop/projects/lilian/roar-gokart-ws/src/core/core/install/planning_interfaces/include/planning_interfaces/srv/detail/load_map__rosidl_typesupport_fastrtps_cpp.hpp
-- Installing: /home/roar/Desktop/projects/lilian/roar-gokart-ws/src/core/core/install/planning_interfaces/include/planning_interfaces/srv/detail/reset_trajectory_picker__rosidl_typesupport_fastrtps_cpp.hpp
-- Installing: /home/roar/Desktop/projects/lilian/roar-gokart-ws/src/core/core/install/planning_interfaces/lib/libplanning_interfaces__rosidl_typesupport_fastrtps_cpp.so
-- Set runtime path of "/home/roar/Desktop/projects/lilian/roar-gokart-ws/src/core/core/install/planning_interfaces/lib/libplanning_interfaces__rosidl_typesupport_fastrtps_cpp.so" to ""
-- Up-to-date: /home/roar/Desktop/projects/lilian/roar-gokart-ws/src/core/core/install/planning_interfaces/include/planning_interfaces
-- Up-to-date: /home/roar/Desktop/projects/lilian/roar-gokart-ws/src/core/core/install/planning_interfaces/include/planning_interfaces/msg
-- Up-to-date: /home/roar/Desktop/projects/lilian/roar-gokart-ws/src/core/core/install/planning_interfaces/include/planning_interfaces/msg/detail
-- Installing: /home/roar/Desktop/projects/lilian/roar-gokart-ws/src/core/core/install/planning_interfaces/include/planning_interfaces/msg/detail/trajectories__rosidl_typesupport_introspection_c.h
-- Installing: /home/roar/Desktop/projects/lilian/roar-gokart-ws/src/core/core/install/planning_interfaces/include/planning_interfaces/msg/detail/trajectory__type_support.c
-- Installing: /home/roar/Desktop/projects/lilian/roar-gokart-ws/src/core/core/install/planning_interfaces/include/planning_interfaces/msg/detail/trajectory__rosidl_typesupport_introspection_c.h
-- Installing: /home/roar/Desktop/projects/lilian/roar-gokart-ws/src/core/core/install/planning_interfaces/include/planning_interfaces/msg/detail/trajectory_score__rosidl_typesupport_introspection_c.h
-- Installing: /home/roar/Desktop/projects/lilian/roar-gokart-ws/src/core/core/install/planning_interfaces/include/planning_interfaces/msg/detail/trajectory_score__type_support.c
-- Installing: /home/roar/Desktop/projects/lilian/roar-gokart-ws/src/core/core/install/planning_interfaces/include/planning_interfaces/msg/detail/trajectories__type_support.c
-- Installing: /home/roar/Desktop/projects/lilian/roar-gokart-ws/src/core/core/install/planning_interfaces/include/planning_interfaces/msg/rosidl_typesupport_introspection_c__visibility_control.h
-- Up-to-date: /home/roar/Desktop/projects/lilian/roar-gokart-ws/src/core/core/install/planning_interfaces/include/planning_interfaces/action
-- Up-to-date: /home/roar/Desktop/projects/lilian/roar-gokart-ws/src/core/core/install/planning_interfaces/include/planning_interfaces/action/detail
-- Installing: /home/roar/Desktop/projects/lilian/roar-gokart-ws/src/core/core/install/planning_interfaces/include/planning_interfaces/action/detail/trajectory_generation__type_support.c
-- Installing: /home/roar/Desktop/projects/lilian/roar-gokart-ws/src/core/core/install/planning_interfaces/include/planning_interfaces/action/detail/trajectory_generation__rosidl_typesupport_introspection_c.h
-- Up-to-date: /home/roar/Desktop/projects/lilian/roar-gokart-ws/src/core/core/install/planning_interfaces/include/planning_interfaces/srv
-- Up-to-date: /home/roar/Desktop/projects/lilian/roar-gokart-ws/src/core/core/install/planning_interfaces/include/planning_interfaces/srv/detail
-- Installing: /home/roar/Desktop/projects/lilian/roar-gokart-ws/src/core/core/install/planning_interfaces/include/planning_interfaces/srv/detail/load_map__type_support.c
-- Installing: /home/roar/Desktop/projects/lilian/roar-gokart-ws/src/core/core/install/planning_interfaces/include/planning_interfaces/srv/detail/trajectory_scoring__type_support.c
-- Installing: /home/roar/Desktop/projects/lilian/roar-gokart-ws/src/core/core/install/planning_interfaces/include/planning_interfaces/srv/detail/load_map__rosidl_typesupport_introspection_c.h
-- Installing: /home/roar/Desktop/projects/lilian/roar-gokart-ws/src/core/core/install/planning_interfaces/include/planning_interfaces/srv/detail/trajectory_scoring__rosidl_typesupport_introspection_c.h
-- Installing: /home/roar/Desktop/projects/lilian/roar-gokart-ws/src/core/core/install/planning_interfaces/include/planning_interfaces/srv/detail/reset_trajectory_picker__rosidl_typesupport_introspection_c.h
-- Installing: /home/roar/Desktop/projects/lilian/roar-gokart-ws/src/core/core/install/planning_interfaces/include/planning_interfaces/srv/detail/reset_trajectory_picker__type_support.c
-- Installing: /home/roar/Desktop/projects/lilian/roar-gokart-ws/src/core/core/install/planning_interfaces/lib/libplanning_interfaces__rosidl_typesupport_introspection_c.so
-- Set runtime path of "/home/roar/Desktop/projects/lilian/roar-gokart-ws/src/core/core/install/planning_interfaces/lib/libplanning_interfaces__rosidl_typesupport_introspection_c.so" to ""
-- Installing: /home/roar/Desktop/projects/lilian/roar-gokart-ws/src/core/core/install/planning_interfaces/lib/libplanning_interfaces__rosidl_typesupport_c.so
-- Set runtime path of "/home/roar/Desktop/projects/lilian/roar-gokart-ws/src/core/core/install/planning_interfaces/lib/libplanning_interfaces__rosidl_typesupport_c.so" to ""
-- Up-to-date: /home/roar/Desktop/projects/lilian/roar-gokart-ws/src/core/core/install/planning_interfaces/include/planning_interfaces
-- Up-to-date: /home/roar/Desktop/projects/lilian/roar-gokart-ws/src/core/core/install/planning_interfaces/include/planning_interfaces/msg
-- Installing: /home/roar/Desktop/projects/lilian/roar-gokart-ws/src/core/core/install/planning_interfaces/include/planning_interfaces/msg/trajectories.hpp
-- Up-to-date: /home/roar/Desktop/projects/lilian/roar-gokart-ws/src/core/core/install/planning_interfaces/include/planning_interfaces/msg/detail
-- Installing: /home/roar/Desktop/projects/lilian/roar-gokart-ws/src/core/core/install/planning_interfaces/include/planning_interfaces/msg/detail/trajectory_score__traits.hpp
-- Installing: /home/roar/Desktop/projects/lilian/roar-gokart-ws/src/core/core/install/planning_interfaces/include/planning_interfaces/msg/detail/trajectories__builder.hpp
-- Installing: /home/roar/Desktop/projects/lilian/roar-gokart-ws/src/core/core/install/planning_interfaces/include/planning_interfaces/msg/detail/trajectories__traits.hpp
-- Installing: /home/roar/Desktop/projects/lilian/roar-gokart-ws/src/core/core/install/planning_interfaces/include/planning_interfaces/msg/detail/trajectory_score__struct.hpp
-- Installing: /home/roar/Desktop/projects/lilian/roar-gokart-ws/src/core/core/install/planning_interfaces/include/planning_interfaces/msg/detail/trajectory__struct.hpp
-- Installing: /home/roar/Desktop/projects/lilian/roar-gokart-ws/src/core/core/install/planning_interfaces/include/planning_interfaces/msg/detail/trajectory__builder.hpp
-- Installing: /home/roar/Desktop/projects/lilian/roar-gokart-ws/src/core/core/install/planning_interfaces/include/planning_interfaces/msg/detail/trajectory__traits.hpp
-- Installing: /home/roar/Desktop/projects/lilian/roar-gokart-ws/src/core/core/install/planning_interfaces/include/planning_interfaces/msg/detail/trajectory_score__builder.hpp
-- Installing: /home/roar/Desktop/projects/lilian/roar-gokart-ws/src/core/core/install/planning_interfaces/include/planning_interfaces/msg/detail/trajectories__struct.hpp
-- Installing: /home/roar/Desktop/projects/lilian/roar-gokart-ws/src/core/core/install/planning_interfaces/include/planning_interfaces/msg/trajectory_score.hpp
-- Installing: /home/roar/Desktop/projects/lilian/roar-gokart-ws/src/core/core/install/planning_interfaces/include/planning_interfaces/msg/trajectory.hpp
-- Up-to-date: /home/roar/Desktop/projects/lilian/roar-gokart-ws/src/core/core/install/planning_interfaces/include/planning_interfaces/action
-- Installing: /home/roar/Desktop/projects/lilian/roar-gokart-ws/src/core/core/install/planning_interfaces/include/planning_interfaces/action/trajectory_generation.hpp
-- Up-to-date: /home/roar/Desktop/projects/lilian/roar-gokart-ws/src/core/core/install/planning_interfaces/include/planning_interfaces/action/detail
-- Installing: /home/roar/Desktop/projects/lilian/roar-gokart-ws/src/core/core/install/planning_interfaces/include/planning_interfaces/action/detail/trajectory_generation__traits.hpp
-- Installing: /home/roar/Desktop/projects/lilian/roar-gokart-ws/src/core/core/install/planning_interfaces/include/planning_interfaces/action/detail/trajectory_generation__struct.hpp
-- Installing: /home/roar/Desktop/projects/lilian/roar-gokart-ws/src/core/core/install/planning_interfaces/include/planning_interfaces/action/detail/trajectory_generation__builder.hpp
-- Up-to-date: /home/roar/Desktop/projects/lilian/roar-gokart-ws/src/core/core/install/planning_interfaces/include/planning_interfaces/srv
-- Up-to-date: /home/roar/Desktop/projects/lilian/roar-gokart-ws/src/core/core/install/planning_interfaces/include/planning_interfaces/srv/detail
-- Installing: /home/roar/Desktop/projects/lilian/roar-gokart-ws/src/core/core/install/planning_interfaces/include/planning_interfaces/srv/detail/load_map__struct.hpp
-- Installing: /home/roar/Desktop/projects/lilian/roar-gokart-ws/src/core/core/install/planning_interfaces/include/planning_interfaces/srv/detail/trajectory_scoring__builder.hpp
-- Installing: /home/roar/Desktop/projects/lilian/roar-gokart-ws/src/core/core/install/planning_interfaces/include/planning_interfaces/srv/detail/load_map__traits.hpp
-- Installing: /home/roar/Desktop/projects/lilian/roar-gokart-ws/src/core/core/install/planning_interfaces/include/planning_interfaces/srv/detail/reset_trajectory_picker__traits.hpp
-- Installing: /home/roar/Desktop/projects/lilian/roar-gokart-ws/src/core/core/install/planning_interfaces/include/planning_interfaces/srv/detail/load_map__builder.hpp
-- Installing: /home/roar/Desktop/projects/lilian/roar-gokart-ws/src/core/core/install/planning_interfaces/include/planning_interfaces/srv/detail/reset_trajectory_picker__struct.hpp
-- Installing: /home/roar/Desktop/projects/lilian/roar-gokart-ws/src/core/core/install/planning_interfaces/include/planning_interfaces/srv/detail/reset_trajectory_picker__builder.hpp
-- Installing: /home/roar/Desktop/projects/lilian/roar-gokart-ws/src/core/core/install/planning_interfaces/include/planning_interfaces/srv/detail/trajectory_scoring__struct.hpp
-- Installing: /home/roar/Desktop/projects/lilian/roar-gokart-ws/src/core/core/install/planning_interfaces/include/planning_interfaces/srv/detail/trajectory_scoring__traits.hpp
-- Installing: /home/roar/Desktop/projects/lilian/roar-gokart-ws/src/core/core/install/planning_interfaces/include/planning_interfaces/srv/load_map.hpp
-- Installing: /home/roar/Desktop/projects/lilian/roar-gokart-ws/src/core/core/install/planning_interfaces/include/planning_interfaces/srv/trajectory_scoring.hpp
-- Installing: /home/roar/Desktop/projects/lilian/roar-gokart-ws/src/core/core/install/planning_interfaces/include/planning_interfaces/srv/reset_trajectory_picker.hpp
-- Up-to-date: /home/roar/Desktop/projects/lilian/roar-gokart-ws/src/core/core/install/planning_interfaces/include/planning_interfaces
-- Up-to-date: /home/roar/Desktop/projects/lilian/roar-gokart-ws/src/core/core/install/planning_interfaces/include/planning_interfaces/msg
-- Up-to-date: /home/roar/Desktop/projects/lilian/roar-gokart-ws/src/core/core/install/planning_interfaces/include/planning_interfaces/msg/detail
-- Installing: /home/roar/Desktop/projects/lilian/roar-gokart-ws/src/core/core/install/planning_interfaces/include/planning_interfaces/msg/detail/trajectory_score__rosidl_typesupport_introspection_cpp.hpp
-- Installing: /home/roar/Desktop/projects/lilian/roar-gokart-ws/src/core/core/install/planning_interfaces/include/planning_interfaces/msg/detail/trajectories__rosidl_typesupport_introspection_cpp.hpp
-- Installing: /home/roar/Desktop/projects/lilian/roar-gokart-ws/src/core/core/install/planning_interfaces/include/planning_interfaces/msg/detail/trajectory__type_support.cpp
-- Installing: /home/roar/Desktop/projects/lilian/roar-gokart-ws/src/core/core/install/planning_interfaces/include/planning_interfaces/msg/detail/trajectories__type_support.cpp
-- Installing: /home/roar/Desktop/projects/lilian/roar-gokart-ws/src/core/core/install/planning_interfaces/include/planning_interfaces/msg/detail/trajectory_score__type_support.cpp
-- Installing: /home/roar/Desktop/projects/lilian/roar-gokart-ws/src/core/core/install/planning_interfaces/include/planning_interfaces/msg/detail/trajectory__rosidl_typesupport_introspection_cpp.hpp
-- Up-to-date: /home/roar/Desktop/projects/lilian/roar-gokart-ws/src/core/core/install/planning_interfaces/include/planning_interfaces/action
-- Up-to-date: /home/roar/Desktop/projects/lilian/roar-gokart-ws/src/core/core/install/planning_interfaces/include/planning_interfaces/action/detail
-- Installing: /home/roar/Desktop/projects/lilian/roar-gokart-ws/src/core/core/install/planning_interfaces/include/planning_interfaces/action/detail/trajectory_generation__rosidl_typesupport_introspection_cpp.hpp
-- Installing: /home/roar/Desktop/projects/lilian/roar-gokart-ws/src/core/core/install/planning_interfaces/include/planning_interfaces/action/detail/trajectory_generation__type_support.cpp
-- Up-to-date: /home/roar/Desktop/projects/lilian/roar-gokart-ws/src/core/core/install/planning_interfaces/include/planning_interfaces/srv
-- Up-to-date: /home/roar/Desktop/projects/lilian/roar-gokart-ws/src/core/core/install/planning_interfaces/include/planning_interfaces/srv/detail
-- Installing: /home/roar/Desktop/projects/lilian/roar-gokart-ws/src/core/core/install/planning_interfaces/include/planning_interfaces/srv/detail/reset_trajectory_picker__type_support.cpp
-- Installing: /home/roar/Desktop/projects/lilian/roar-gokart-ws/src/core/core/install/planning_interfaces/include/planning_interfaces/srv/detail/trajectory_scoring__rosidl_typesupport_introspection_cpp.hpp
-- Installing: /home/roar/Desktop/projects/lilian/roar-gokart-ws/src/core/core/install/planning_interfaces/include/planning_interfaces/srv/detail/load_map__type_support.cpp
-- Installing: /home/roar/Desktop/projects/lilian/roar-gokart-ws/src/core/core/install/planning_interfaces/include/planning_interfaces/srv/detail/reset_trajectory_picker__rosidl_typesupport_introspection_cpp.hpp
-- Installing: /home/roar/Desktop/projects/lilian/roar-gokart-ws/src/core/core/install/planning_interfaces/include/planning_interfaces/srv/detail/trajectory_scoring__type_support.cpp
-- Installing: /home/roar/Desktop/projects/lilian/roar-gokart-ws/src/core/core/install/planning_interfaces/include/planning_interfaces/srv/detail/load_map__rosidl_typesupport_introspection_cpp.hpp
-- Installing: /home/roar/Desktop/projects/lilian/roar-gokart-ws/src/core/core/install/planning_interfaces/lib/libplanning_interfaces__rosidl_typesupport_introspection_cpp.so
-- Set runtime path of "/home/roar/Desktop/projects/lilian/roar-gokart-ws/src/core/core/install/planning_interfaces/lib/libplanning_interfaces__rosidl_typesupport_introspection_cpp.so" to ""
-- Installing: /home/roar/Desktop/projects/lilian/roar-gokart-ws/src/core/core/install/planning_interfaces/lib/libplanning_interfaces__rosidl_typesupport_cpp.so
-- Set runtime path of "/home/roar/Desktop/projects/lilian/roar-gokart-ws/src/core/core/install/planning_interfaces/lib/libplanning_interfaces__rosidl_typesupport_cpp.so" to ""
-- Installing: /home/roar/Desktop/projects/lilian/roar-gokart-ws/src/core/core/install/planning_interfaces/share/planning_interfaces/environment/pythonpath.sh
-- Installing: /home/roar/Desktop/projects/lilian/roar-gokart-ws/src/core/core/install/planning_interfaces/share/planning_interfaces/environment/pythonpath.dsv
-- Installing: /home/roar/Desktop/projects/lilian/roar-gokart-ws/src/core/core/install/planning_interfaces/lib/python3.8/site-packages/planning_interfaces/__init__.py
Compiling '/home/roar/Desktop/projects/lilian/roar-gokart-ws/src/core/core/install/planning_interfaces/lib/python3.8/site-packages/planning_interfaces/__init__.py'...
-- Installing: /home/roar/Desktop/projects/lilian/roar-gokart-ws/src/core/core/install/planning_interfaces/lib/python3.8/site-packages/planning_interfaces/msg
-- Installing: /home/roar/Desktop/projects/lilian/roar-gokart-ws/src/core/core/install/planning_interfaces/lib/python3.8/site-packages/planning_interfaces/msg/_trajectories.py
-- Installing: /home/roar/Desktop/projects/lilian/roar-gokart-ws/src/core/core/install/planning_interfaces/lib/python3.8/site-packages/planning_interfaces/msg/_trajectories_s.c
-- Installing: /home/roar/Desktop/projects/lilian/roar-gokart-ws/src/core/core/install/planning_interfaces/lib/python3.8/site-packages/planning_interfaces/msg/__init__.py
-- Installing: /home/roar/Desktop/projects/lilian/roar-gokart-ws/src/core/core/install/planning_interfaces/lib/python3.8/site-packages/planning_interfaces/msg/_trajectory_score_s.c
-- Installing: /home/roar/Desktop/projects/lilian/roar-gokart-ws/src/core/core/install/planning_interfaces/lib/python3.8/site-packages/planning_interfaces/msg/_trajectory.py
-- Installing: /home/roar/Desktop/projects/lilian/roar-gokart-ws/src/core/core/install/planning_interfaces/lib/python3.8/site-packages/planning_interfaces/msg/_trajectory_score.py
-- Installing: /home/roar/Desktop/projects/lilian/roar-gokart-ws/src/core/core/install/planning_interfaces/lib/python3.8/site-packages/planning_interfaces/msg/_trajectory_s.c
-- Installing: /home/roar/Desktop/projects/lilian/roar-gokart-ws/src/core/core/install/planning_interfaces/lib/python3.8/site-packages/planning_interfaces/srv
-- Installing: /home/roar/Desktop/projects/lilian/roar-gokart-ws/src/core/core/install/planning_interfaces/lib/python3.8/site-packages/planning_interfaces/srv/_load_map_s.c
-- Installing: /home/roar/Desktop/projects/lilian/roar-gokart-ws/src/core/core/install/planning_interfaces/lib/python3.8/site-packages/planning_interfaces/srv/_reset_trajectory_picker.py
-- Installing: /home/roar/Desktop/projects/lilian/roar-gokart-ws/src/core/core/install/planning_interfaces/lib/python3.8/site-packages/planning_interfaces/srv/__init__.py
-- Installing: /home/roar/Desktop/projects/lilian/roar-gokart-ws/src/core/core/install/planning_interfaces/lib/python3.8/site-packages/planning_interfaces/srv/_reset_trajectory_picker_s.c
-- Installing: /home/roar/Desktop/projects/lilian/roar-gokart-ws/src/core/core/install/planning_interfaces/lib/python3.8/site-packages/planning_interfaces/srv/_load_map.py
-- Installing: /home/roar/Desktop/projects/lilian/roar-gokart-ws/src/core/core/install/planning_interfaces/lib/python3.8/site-packages/planning_interfaces/srv/_trajectory_scoring.py
-- Installing: /home/roar/Desktop/projects/lilian/roar-gokart-ws/src/core/core/install/planning_interfaces/lib/python3.8/site-packages/planning_interfaces/srv/_trajectory_scoring_s.c
-- Installing: /home/roar/Desktop/projects/lilian/roar-gokart-ws/src/core/core/install/planning_interfaces/lib/python3.8/site-packages/planning_interfaces/action
-- Installing: /home/roar/Desktop/projects/lilian/roar-gokart-ws/src/core/core/install/planning_interfaces/lib/python3.8/site-packages/planning_interfaces/action/_trajectory_generation_s.c
-- Installing: /home/roar/Desktop/projects/lilian/roar-gokart-ws/src/core/core/install/planning_interfaces/lib/python3.8/site-packages/planning_interfaces/action/__init__.py
-- Installing: /home/roar/Desktop/projects/lilian/roar-gokart-ws/src/core/core/install/planning_interfaces/lib/python3.8/site-packages/planning_interfaces/action/_trajectory_generation.py
-- Installing: /home/roar/Desktop/projects/lilian/roar-gokart-ws/src/core/core/install/planning_interfaces/lib/python3.8/site-packages/planning_interfaces/planning_interfaces_s__rosidl_typesupport_fastrtps_c.cpython-38-x86_64-linux-gnu.so
-- Set runtime path of "/home/roar/Desktop/projects/lilian/roar-gokart-ws/src/core/core/install/planning_interfaces/lib/python3.8/site-packages/planning_interfaces/planning_interfaces_s__rosidl_typesupport_fastrtps_c.cpython-38-x86_64-linux-gnu.so" to ""
-- Installing: /home/roar/Desktop/projects/lilian/roar-gokart-ws/src/core/core/install/planning_interfaces/lib/python3.8/site-packages/planning_interfaces/planning_interfaces_s__rosidl_typesupport_introspection_c.cpython-38-x86_64-linux-gnu.so
-- Set runtime path of "/home/roar/Desktop/projects/lilian/roar-gokart-ws/src/core/core/install/planning_interfaces/lib/python3.8/site-packages/planning_interfaces/planning_interfaces_s__rosidl_typesupport_introspection_c.cpython-38-x86_64-linux-gnu.so" to ""
-- Installing: /home/roar/Desktop/projects/lilian/roar-gokart-ws/src/core/core/install/planning_interfaces/lib/python3.8/site-packages/planning_interfaces/planning_interfaces_s__rosidl_typesupport_c.cpython-38-x86_64-linux-gnu.so
-- Set runtime path of "/home/roar/Desktop/projects/lilian/roar-gokart-ws/src/core/core/install/planning_interfaces/lib/python3.8/site-packages/planning_interfaces/planning_interfaces_s__rosidl_typesupport_c.cpython-38-x86_64-linux-gnu.so" to ""
-- Installing: /home/roar/Desktop/projects/lilian/roar-gokart-ws/src/core/core/install/planning_interfaces/lib/libplanning_interfaces__python.so
-- Set runtime path of "/home/roar/Desktop/projects/lilian/roar-gokart-ws/src/core/core/install/planning_interfaces/lib/libplanning_interfaces__python.so" to ""
-- Installing: /home/roar/Desktop/projects/lilian/roar-gokart-ws/src/core/core/install/planning_interfaces/share/planning_interfaces/msg/Trajectories.idl
-- Installing: /home/roar/Desktop/projects/lilian/roar-gokart-ws/src/core/core/install/planning_interfaces/share/planning_interfaces/msg/TrajectoryScore.idl
-- Installing: /home/roar/Desktop/projects/lilian/roar-gokart-ws/src/core/core/install/planning_interfaces/share/planning_interfaces/msg/Trajectory.idl
-- Installing: /home/roar/Desktop/projects/lilian/roar-gokart-ws/src/core/core/install/planning_interfaces/share/planning_interfaces/srv/TrajectoryScoring.idl
-- Installing: /home/roar/Desktop/projects/lilian/roar-gokart-ws/src/core/core/install/planning_interfaces/share/planning_interfaces/srv/ResetTrajectoryPicker.idl
-- Installing: /home/roar/Desktop/projects/lilian/roar-gokart-ws/src/core/core/install/planning_interfaces/share/planning_interfaces/srv/LoadMap.idl
-- Installing: /home/roar/Desktop/projects/lilian/roar-gokart-ws/src/core/core/install/planning_interfaces/share/planning_interfaces/action/TrajectoryGeneration.idl
-- Installing: /home/roar/Desktop/projects/lilian/roar-gokart-ws/src/core/core/install/planning_interfaces/share/planning_interfaces/msg/Trajectories.msg
-- Installing: /home/roar/Desktop/projects/lilian/roar-gokart-ws/src/core/core/install/planning_interfaces/share/planning_interfaces/msg/TrajectoryScore.msg
-- Installing: /home/roar/Desktop/projects/lilian/roar-gokart-ws/src/core/core/install/planning_interfaces/share/planning_interfaces/msg/Trajectory.msg
-- Installing: /home/roar/Desktop/projects/lilian/roar-gokart-ws/src/core/core/install/planning_interfaces/share/planning_interfaces/srv/TrajectoryScoring.srv
-- Installing: /home/roar/Desktop/projects/lilian/roar-gokart-ws/src/core/core/install/planning_interfaces/share/planning_interfaces/srv/TrajectoryScoring_Request.msg
-- Installing: /home/roar/Desktop/projects/lilian/roar-gokart-ws/src/core/core/install/planning_interfaces/share/planning_interfaces/srv/TrajectoryScoring_Response.msg
-- Installing: /home/roar/Desktop/projects/lilian/roar-gokart-ws/src/core/core/install/planning_interfaces/share/planning_interfaces/srv/ResetTrajectoryPicker.srv
-- Installing: /home/roar/Desktop/projects/lilian/roar-gokart-ws/src/core/core/install/planning_interfaces/share/planning_interfaces/srv/ResetTrajectoryPicker_Request.msg
-- Installing: /home/roar/Desktop/projects/lilian/roar-gokart-ws/src/core/core/install/planning_interfaces/share/planning_interfaces/srv/ResetTrajectoryPicker_Response.msg
-- Installing: /home/roar/Desktop/projects/lilian/roar-gokart-ws/src/core/core/install/planning_interfaces/share/planning_interfaces/srv/LoadMap.srv
-- Installing: /home/roar/Desktop/projects/lilian/roar-gokart-ws/src/core/core/install/planning_interfaces/share/planning_interfaces/srv/LoadMap_Request.msg
-- Installing: /home/roar/Desktop/projects/lilian/roar-gokart-ws/src/core/core/install/planning_interfaces/share/planning_interfaces/srv/LoadMap_Response.msg
-- Installing: /home/roar/Desktop/projects/lilian/roar-gokart-ws/src/core/core/install/planning_interfaces/share/planning_interfaces/action/TrajectoryGeneration.action
-- Installing: /home/roar/Desktop/projects/lilian/roar-gokart-ws/src/core/core/install/planning_interfaces/share/ament_index/resource_index/package_run_dependencies/planning_interfaces
-- Installing: /home/roar/Desktop/projects/lilian/roar-gokart-ws/src/core/core/install/planning_interfaces/share/ament_index/resource_index/parent_prefix_path/planning_interfaces
-- Installing: /home/roar/Desktop/projects/lilian/roar-gokart-ws/src/core/core/install/planning_interfaces/share/planning_interfaces/environment/ament_prefix_path.sh
-- Installing: /home/roar/Desktop/projects/lilian/roar-gokart-ws/src/core/core/install/planning_interfaces/share/planning_interfaces/environment/ament_prefix_path.dsv
-- Installing: /home/roar/Desktop/projects/lilian/roar-gokart-ws/src/core/core/install/planning_interfaces/share/planning_interfaces/environment/path.sh
-- Installing: /home/roar/Desktop/projects/lilian/roar-gokart-ws/src/core/core/install/planning_interfaces/share/planning_interfaces/environment/path.dsv
-- Installing: /home/roar/Desktop/projects/lilian/roar-gokart-ws/src/core/core/install/planning_interfaces/share/planning_interfaces/local_setup.bash
-- Installing: /home/roar/Desktop/projects/lilian/roar-gokart-ws/src/core/core/install/planning_interfaces/share/planning_interfaces/local_setup.sh
-- Installing: /home/roar/Desktop/projects/lilian/roar-gokart-ws/src/core/core/install/planning_interfaces/share/planning_interfaces/local_setup.zsh
-- Installing: /home/roar/Desktop/projects/lilian/roar-gokart-ws/src/core/core/install/planning_interfaces/share/planning_interfaces/local_setup.dsv
-- Installing: /home/roar/Desktop/projects/lilian/roar-gokart-ws/src/core/core/install/planning_interfaces/share/planning_interfaces/package.dsv
-- Installing: /home/roar/Desktop/projects/lilian/roar-gokart-ws/src/core/core/install/planning_interfaces/share/ament_index/resource_index/packages/planning_interfaces
-- Installing: /home/roar/Desktop/projects/lilian/roar-gokart-ws/src/core/core/install/planning_interfaces/share/planning_interfaces/cmake/planning_interfaces__rosidl_generator_cExport.cmake
-- Installing: /home/roar/Desktop/projects/lilian/roar-gokart-ws/src/core/core/install/planning_interfaces/share/planning_interfaces/cmake/planning_interfaces__rosidl_generator_cExport-noconfig.cmake
-- Installing: /home/roar/Desktop/projects/lilian/roar-gokart-ws/src/core/core/install/planning_interfaces/share/planning_interfaces/cmake/planning_interfaces__rosidl_typesupport_introspection_cExport.cmake
-- Installing: /home/roar/Desktop/projects/lilian/roar-gokart-ws/src/core/core/install/planning_interfaces/share/planning_interfaces/cmake/planning_interfaces__rosidl_typesupport_introspection_cExport-noconfig.cmake
-- Installing: /home/roar/Desktop/projects/lilian/roar-gokart-ws/src/core/core/install/planning_interfaces/share/planning_interfaces/cmake/planning_interfaces__rosidl_typesupport_cExport.cmake
-- Installing: /home/roar/Desktop/projects/lilian/roar-gokart-ws/src/core/core/install/planning_interfaces/share/planning_interfaces/cmake/planning_interfaces__rosidl_typesupport_cExport-noconfig.cmake
-- Installing: /home/roar/Desktop/projects/lilian/roar-gokart-ws/src/core/core/install/planning_interfaces/share/planning_interfaces/cmake/planning_interfaces__rosidl_generator_cppExport.cmake
-- Installing: /home/roar/Desktop/projects/lilian/roar-gokart-ws/src/core/core/install/planning_interfaces/share/planning_interfaces/cmake/planning_interfaces__rosidl_typesupport_introspection_cppExport.cmake
-- Installing: /home/roar/Desktop/projects/lilian/roar-gokart-ws/src/core/core/install/planning_interfaces/share/planning_interfaces/cmake/planning_interfaces__rosidl_typesupport_introspection_cppExport-noconfig.cmake
-- Installing: /home/roar/Desktop/projects/lilian/roar-gokart-ws/src/core/core/install/planning_interfaces/share/planning_interfaces/cmake/planning_interfaces__rosidl_typesupport_cppExport.cmake
-- Installing: /home/roar/Desktop/projects/lilian/roar-gokart-ws/src/core/core/install/planning_interfaces/share/planning_interfaces/cmake/planning_interfaces__rosidl_typesupport_cppExport-noconfig.cmake
-- Installing: /home/roar/Desktop/projects/lilian/roar-gokart-ws/src/core/core/install/planning_interfaces/share/planning_interfaces/cmake/rosidl_cmake-extras.cmake
-- Installing: /home/roar/Desktop/projects/lilian/roar-gokart-ws/src/core/core/install/planning_interfaces/share/planning_interfaces/cmake/ament_cmake_export_dependencies-extras.cmake
-- Installing: /home/roar/Desktop/projects/lilian/roar-gokart-ws/src/core/core/install/planning_interfaces/share/planning_interfaces/cmake/ament_cmake_export_libraries-extras.cmake
-- Installing: /home/roar/Desktop/projects/lilian/roar-gokart-ws/src/core/core/install/planning_interfaces/share/planning_interfaces/cmake/ament_cmake_export_targets-extras.cmake
-- Installing: /home/roar/Desktop/projects/lilian/roar-gokart-ws/src/core/core/install/planning_interfaces/share/planning_interfaces/cmake/ament_cmake_export_include_directories-extras.cmake
-- Installing: /home/roar/Desktop/projects/lilian/roar-gokart-ws/src/core/core/install/planning_interfaces/share/planning_interfaces/cmake/rosidl_cmake_export_typesupport_libraries-extras.cmake
-- Installing: /home/roar/Desktop/projects/lilian/roar-gokart-ws/src/core/core/install/planning_interfaces/share/planning_interfaces/cmake/rosidl_cmake_export_typesupport_targets-extras.cmake
-- Installing: /home/roar/Desktop/projects/lilian/roar-gokart-ws/src/core/core/install/planning_interfaces/share/planning_interfaces/cmake/planning_interfacesConfig.cmake
-- Installing: /home/roar/Desktop/projects/lilian/roar-gokart-ws/src/core/core/install/planning_interfaces/share/planning_interfaces/cmake/planning_interfacesConfig-version.cmake
-- Installing: /home/roar/Desktop/projects/lilian/roar-gokart-ws/src/core/core/install/planning_interfaces/share/planning_interfaces/package.xml
