[0.059s] Invoking command in '/home/roar/Desktop/projects/lilian/roar-gokart-ws/src/core/core/build/planning_interfaces': CMAKE_PREFIX_PATH=${CMAKE_PREFIX_PATH}:/home/roar/Desktop/projects/lilian/roar-gokart-ws/install/waypoint_recorder:/home/roar/Desktop/projects/lilian/roar-gokart-ws/install/roar_carla_manual_controller:/home/roar/Desktop/projects/lilian/roar-gokart-ws/install/roar_carla_interface:/home/roar/Desktop/projects/lilian/roar-gokart-ws/install/roar_manual_control:/home/roar/carla-ros-bridge/install/rqt_carla_control:/home/roar/carla-ros-bridge/install/carla_waypoint_publisher:/home/roar/carla-ros-bridge/install/carla_ackermann_control:/home/roar/carla-ros-bridge/install/carla_ros_bridge:/home/roar/carla-ros-bridge/install/carla_spawn_objects:/home/roar/carla-ros-bridge/install/carla_manual_control:/home/roar/carla-ros-bridge/install/carla_ad_agent:/home/roar/carla-ros-bridge/install/ros_compatibility:/home/roar/carla-ros-bridge/install/carla_walker_agent:/home/roar/carla-ros-bridge/install/carla_twist_to_control:/home/roar/carla-ros-bridge/install/carla_ros_scenario_runner:/home/roar/carla-ros-bridge/install/carla_common:/opt/ros/foxy /usr/bin/cmake /home/roar/Desktop/projects/lilian/roar-gokart-ws/src/core/core/src/planning/interfaces -DCMAKE_INSTALL_PREFIX=/home/roar/Desktop/projects/lilian/roar-gokart-ws/src/core/core/install/planning_interfaces
[0.117s] -- The C compiler identification is GNU 9.4.0
[0.176s] -- The CXX compiler identification is GNU 9.4.0
[0.182s] -- Check for working C compiler: /usr/bin/cc
[0.244s] -- Check for working C compiler: /usr/bin/cc -- works
[0.245s] -- Detecting C compiler ABI info
[0.309s] -- Detecting C compiler ABI info - done
[0.318s] -- Detecting C compile features
[0.319s] -- Detecting C compile features - done
[0.321s] -- Check for working CXX compiler: /usr/bin/c++
[0.399s] -- Check for working CXX compiler: /usr/bin/c++ -- works
[0.400s] -- Detecting CXX compiler ABI info
[0.473s] -- Detecting CXX compiler ABI info - done
[0.484s] -- Detecting CXX compile features
[0.484s] -- Detecting CXX compile features - done
[0.489s] -- Found ament_cmake: 0.9.9 (/opt/ros/foxy/share/ament_cmake/cmake)
[0.526s] -- Found PythonInterp: /usr/bin/python3 (found suitable version "3.8.10", minimum required is "3") 
[0.526s] -- Using PYTHON_EXECUTABLE: /usr/bin/python3
[0.887s] -- Found builtin_interfaces: 1.0.0 (/opt/ros/foxy/share/builtin_interfaces/cmake)
[0.935s] -- Using all available rosidl_typesupport_c: rosidl_typesupport_fastrtps_c;rosidl_typesupport_introspection_c
[0.950s] -- Found rosidl_adapter: 1.2.1 (/opt/ros/foxy/share/rosidl_adapter/cmake)
[1.041s] -- Found OpenSSL: /usr/lib/x86_64-linux-gnu/libcrypto.so (found version "1.1.1f")  
[1.072s] -- Found FastRTPS: /opt/ros/foxy/include  
[1.161s] -- Using all available rosidl_typesupport_cpp: rosidl_typesupport_fastrtps_cpp;rosidl_typesupport_introspection_cpp
[1.190s] -- Found nav_msgs: 2.0.5 (/opt/ros/foxy/share/nav_msgs/cmake)
[1.313s] -- Found nav2_msgs: 0.4.7 (/opt/ros/foxy/share/nav2_msgs/cmake)
[1.546s] -- Found rosidl_default_generators: 1.0.1 (/opt/ros/foxy/share/rosidl_default_generators/cmake)
[1.588s] -- Found PythonInterp: /usr/bin/python3 (found version "3.8.10") 
[1.872s] -- Found ament_cmake_ros: 0.9.2 (/opt/ros/foxy/share/ament_cmake_ros/cmake)
[2.213s] -- Using all available rosidl_typesupport_c: rosidl_typesupport_fastrtps_c;rosidl_typesupport_introspection_c
[2.379s] -- Using all available rosidl_typesupport_cpp: rosidl_typesupport_fastrtps_cpp;rosidl_typesupport_introspection_cpp
[2.421s] -- Found PythonInterp: /usr/bin/python3 (found suitable version "3.8.10", minimum required is "3.5") 
[2.426s] -- Found python_cmake_module: 0.8.1 (/opt/ros/foxy/share/python_cmake_module/cmake)
[2.459s] -- Found PythonLibs: /usr/lib/x86_64-linux-gnu/libpython3.8.so (found suitable version "3.8.10", minimum required is "3.5") 
[2.460s] -- Using PYTHON_EXECUTABLE: /usr/bin/python3
[2.460s] -- Using PYTHON_INCLUDE_DIRS: /usr/include/python3.8
[2.460s] -- Using PYTHON_LIBRARIES: /usr/lib/x86_64-linux-gnu/libpython3.8.so
[2.487s] -- Found PythonExtra: .so  
[2.641s] -- Configuring done
[2.726s] -- Generating done
[2.731s] -- Build files have been written to: /home/roar/Desktop/projects/lilian/roar-gokart-ws/src/core/core/build/planning_interfaces
[2.739s] Invoked command in '/home/roar/Desktop/projects/lilian/roar-gokart-ws/src/core/core/build/planning_interfaces' returned '0': CMAKE_PREFIX_PATH=${CMAKE_PREFIX_PATH}:/home/roar/Desktop/projects/lilian/roar-gokart-ws/install/waypoint_recorder:/home/roar/Desktop/projects/lilian/roar-gokart-ws/install/roar_carla_manual_controller:/home/roar/Desktop/projects/lilian/roar-gokart-ws/install/roar_carla_interface:/home/roar/Desktop/projects/lilian/roar-gokart-ws/install/roar_manual_control:/home/roar/carla-ros-bridge/install/rqt_carla_control:/home/roar/carla-ros-bridge/install/carla_waypoint_publisher:/home/roar/carla-ros-bridge/install/carla_ackermann_control:/home/roar/carla-ros-bridge/install/carla_ros_bridge:/home/roar/carla-ros-bridge/install/carla_spawn_objects:/home/roar/carla-ros-bridge/install/carla_manual_control:/home/roar/carla-ros-bridge/install/carla_ad_agent:/home/roar/carla-ros-bridge/install/ros_compatibility:/home/roar/carla-ros-bridge/install/carla_walker_agent:/home/roar/carla-ros-bridge/install/carla_twist_to_control:/home/roar/carla-ros-bridge/install/carla_ros_scenario_runner:/home/roar/carla-ros-bridge/install/carla_common:/opt/ros/foxy /usr/bin/cmake /home/roar/Desktop/projects/lilian/roar-gokart-ws/src/core/core/src/planning/interfaces -DCMAKE_INSTALL_PREFIX=/home/roar/Desktop/projects/lilian/roar-gokart-ws/src/core/core/install/planning_interfaces
[2.741s] Invoking command in '/home/roar/Desktop/projects/lilian/roar-gokart-ws/src/core/core/build/planning_interfaces': CMAKE_PREFIX_PATH=${CMAKE_PREFIX_PATH}:/home/roar/Desktop/projects/lilian/roar-gokart-ws/install/waypoint_recorder:/home/roar/Desktop/projects/lilian/roar-gokart-ws/install/roar_carla_manual_controller:/home/roar/Desktop/projects/lilian/roar-gokart-ws/install/roar_carla_interface:/home/roar/Desktop/projects/lilian/roar-gokart-ws/install/roar_manual_control:/home/roar/carla-ros-bridge/install/rqt_carla_control:/home/roar/carla-ros-bridge/install/carla_waypoint_publisher:/home/roar/carla-ros-bridge/install/carla_ackermann_control:/home/roar/carla-ros-bridge/install/carla_ros_bridge:/home/roar/carla-ros-bridge/install/carla_spawn_objects:/home/roar/carla-ros-bridge/install/carla_manual_control:/home/roar/carla-ros-bridge/install/carla_ad_agent:/home/roar/carla-ros-bridge/install/ros_compatibility:/home/roar/carla-ros-bridge/install/carla_walker_agent:/home/roar/carla-ros-bridge/install/carla_twist_to_control:/home/roar/carla-ros-bridge/install/carla_ros_scenario_runner:/home/roar/carla-ros-bridge/install/carla_common:/opt/ros/foxy /usr/bin/cmake --build /home/roar/Desktop/projects/lilian/roar-gokart-ws/src/core/core/build/planning_interfaces -- -j16 -l16
[2.788s] [35m[1mScanning dependencies of target planning_interfaces__cpp[0m
[2.792s] [  1%] [34m[1mGenerating C code for ROS interfaces[0m
[2.801s] [  2%] [34m[1mGenerating C++ code for ROS interfaces[0m
[3.555s] [35m[1mScanning dependencies of target planning_interfaces__rosidl_generator_c[0m
[3.574s] [  3%] [32mBuilding C object CMakeFiles/planning_interfaces__rosidl_generator_c.dir/rosidl_generator_c/planning_interfaces/msg/detail/trajectory_score__functions.c.o[0m
[3.575s] [  6%] [32mBuilding C object CMakeFiles/planning_interfaces__rosidl_generator_c.dir/rosidl_generator_c/planning_interfaces/msg/detail/trajectory__functions.c.o[0m
[3.575s] [  6%] [32mBuilding C object CMakeFiles/planning_interfaces__rosidl_generator_c.dir/rosidl_generator_c/planning_interfaces/msg/detail/trajectories__functions.c.o[0m
[3.576s] [  7%] [32mBuilding C object CMakeFiles/planning_interfaces__rosidl_generator_c.dir/rosidl_generator_c/planning_interfaces/srv/detail/load_map__functions.c.o[0m
[3.580s] [ 10%] [32mBuilding C object CMakeFiles/planning_interfaces__rosidl_generator_c.dir/rosidl_generator_c/planning_interfaces/srv/detail/trajectory_scoring__functions.c.o[0m
[3.580s] [ 10%] [32mBuilding C object CMakeFiles/planning_interfaces__rosidl_generator_c.dir/rosidl_generator_c/planning_interfaces/srv/detail/reset_trajectory_picker__functions.c.o[0m
[3.585s] [ 11%] [32mBuilding C object CMakeFiles/planning_interfaces__rosidl_generator_c.dir/rosidl_generator_c/planning_interfaces/action/detail/trajectory_generation__functions.c.o[0m
[3.700s] [ 12%] [32m[1mLinking C shared library libplanning_interfaces__rosidl_generator_c.so[0m
[3.735s] [ 12%] Built target planning_interfaces__cpp
[3.749s] [ 13%] [34m[1mGenerating C++ type support for eProsima Fast-RTPS[0m
[3.750s] [ 15%] [34m[1mGenerating C++ type support dispatch for ROS interfaces[0m
[3.753s] [ 15%] Built target planning_interfaces__rosidl_generator_c
[3.769s] [ 16%] [34m[1mGenerating C introspection for ROS interfaces[0m
[3.782s] [ 17%] [34m[1mGenerating C++ introspection for ROS interfaces[0m
[3.819s] [ 18%] [34m[1mGenerating C type support dispatch for ROS interfaces[0m
[4.517s] [35m[1mScanning dependencies of target planning_interfaces__rosidl_typesupport_introspection_cpp[0m
[4.520s] [35m[1mScanning dependencies of target planning_interfaces__rosidl_typesupport_cpp[0m
[4.537s] [ 21%] [32mBuilding CXX object CMakeFiles/planning_interfaces__rosidl_typesupport_introspection_cpp.dir/rosidl_typesupport_introspection_cpp/planning_interfaces/msg/detail/trajectories__type_support.cpp.o[0m
[4.537s] [ 21%] [32mBuilding CXX object CMakeFiles/planning_interfaces__rosidl_typesupport_introspection_cpp.dir/rosidl_typesupport_introspection_cpp/planning_interfaces/msg/detail/trajectory__type_support.cpp.o[0m
[4.538s] [ 22%] [32mBuilding CXX object CMakeFiles/planning_interfaces__rosidl_typesupport_introspection_cpp.dir/rosidl_typesupport_introspection_cpp/planning_interfaces/srv/detail/reset_trajectory_picker__type_support.cpp.o[0m
[4.539s] [ 24%] [32mBuilding CXX object CMakeFiles/planning_interfaces__rosidl_typesupport_introspection_cpp.dir/rosidl_typesupport_introspection_cpp/planning_interfaces/msg/detail/trajectory_score__type_support.cpp.o[0m
[4.540s] [ 25%] [32mBuilding CXX object CMakeFiles/planning_interfaces__rosidl_typesupport_introspection_cpp.dir/rosidl_typesupport_introspection_cpp/planning_interfaces/srv/detail/trajectory_scoring__type_support.cpp.o[0m
[4.542s] [ 26%] [32mBuilding CXX object CMakeFiles/planning_interfaces__rosidl_typesupport_cpp.dir/rosidl_typesupport_cpp/planning_interfaces/msg/trajectories__type_support.cpp.o[0m
[4.543s] [ 27%] [32mBuilding CXX object CMakeFiles/planning_interfaces__rosidl_typesupport_introspection_cpp.dir/rosidl_typesupport_introspection_cpp/planning_interfaces/action/detail/trajectory_generation__type_support.cpp.o[0m
[4.543s] [ 29%] [32mBuilding CXX object CMakeFiles/planning_interfaces__rosidl_typesupport_cpp.dir/rosidl_typesupport_cpp/planning_interfaces/msg/trajectory_score__type_support.cpp.o[0m
[4.548s] [ 30%] [32mBuilding CXX object CMakeFiles/planning_interfaces__rosidl_typesupport_introspection_cpp.dir/rosidl_typesupport_introspection_cpp/planning_interfaces/srv/detail/load_map__type_support.cpp.o[0m
[4.549s] [ 31%] [32mBuilding CXX object CMakeFiles/planning_interfaces__rosidl_typesupport_cpp.dir/rosidl_typesupport_cpp/planning_interfaces/msg/trajectory__type_support.cpp.o[0m
[4.556s] [ 32%] [32mBuilding CXX object CMakeFiles/planning_interfaces__rosidl_typesupport_cpp.dir/rosidl_typesupport_cpp/planning_interfaces/srv/reset_trajectory_picker__type_support.cpp.o[0m
[4.560s] [ 34%] [32mBuilding CXX object CMakeFiles/planning_interfaces__rosidl_typesupport_cpp.dir/rosidl_typesupport_cpp/planning_interfaces/srv/trajectory_scoring__type_support.cpp.o[0m
[4.582s] [ 35%] [32mBuilding CXX object CMakeFiles/planning_interfaces__rosidl_typesupport_cpp.dir/rosidl_typesupport_cpp/planning_interfaces/srv/load_map__type_support.cpp.o[0m
[4.794s] [35m[1mScanning dependencies of target planning_interfaces__rosidl_typesupport_c[0m
[4.817s] [ 36%] [32mBuilding CXX object CMakeFiles/planning_interfaces__rosidl_typesupport_c.dir/rosidl_typesupport_c/planning_interfaces/msg/trajectories__type_support.cpp.o[0m
[4.891s] [ 37%] [32mBuilding CXX object CMakeFiles/planning_interfaces__rosidl_typesupport_c.dir/rosidl_typesupport_c/planning_interfaces/msg/trajectory_score__type_support.cpp.o[0m
[4.904s] [ 39%] [32mBuilding CXX object CMakeFiles/planning_interfaces__rosidl_typesupport_cpp.dir/rosidl_typesupport_cpp/planning_interfaces/action/trajectory_generation__type_support.cpp.o[0m
[4.912s] [ 40%] [32mBuilding CXX object CMakeFiles/planning_interfaces__rosidl_typesupport_c.dir/rosidl_typesupport_c/planning_interfaces/msg/trajectory__type_support.cpp.o[0m
[4.945s] [ 41%] [32mBuilding CXX object CMakeFiles/planning_interfaces__rosidl_typesupport_c.dir/rosidl_typesupport_c/planning_interfaces/srv/trajectory_scoring__type_support.cpp.o[0m
[4.954s] [ 43%] [32mBuilding CXX object CMakeFiles/planning_interfaces__rosidl_typesupport_c.dir/rosidl_typesupport_c/planning_interfaces/srv/load_map__type_support.cpp.o[0m
[4.958s] [ 44%] [32mBuilding CXX object CMakeFiles/planning_interfaces__rosidl_typesupport_c.dir/rosidl_typesupport_c/planning_interfaces/srv/reset_trajectory_picker__type_support.cpp.o[0m
[4.966s] [ 45%] [32mBuilding CXX object CMakeFiles/planning_interfaces__rosidl_typesupport_c.dir/rosidl_typesupport_c/planning_interfaces/action/trajectory_generation__type_support.cpp.o[0m
[4.994s] [35m[1mScanning dependencies of target planning_interfaces__rosidl_typesupport_introspection_c[0m
[4.997s] [35m[1mScanning dependencies of target planning_interfaces__rosidl_typesupport_fastrtps_cpp[0m
[5.017s] [ 46%] [32mBuilding C object CMakeFiles/planning_interfaces__rosidl_typesupport_introspection_c.dir/rosidl_typesupport_introspection_c/planning_interfaces/msg/detail/trajectory_score__type_support.c.o[0m
[5.018s] [ 50%] [32mBuilding C object CMakeFiles/planning_interfaces__rosidl_typesupport_introspection_c.dir/rosidl_typesupport_introspection_c/planning_interfaces/srv/detail/trajectory_scoring__type_support.c.o[0m
[5.018s] [ 50%] [32mBuilding C object CMakeFiles/planning_interfaces__rosidl_typesupport_introspection_c.dir/rosidl_typesupport_introspection_c/planning_interfaces/msg/detail/trajectory__type_support.c.o[0m
[5.018s] [ 50%] [32mBuilding C object CMakeFiles/planning_interfaces__rosidl_typesupport_introspection_c.dir/rosidl_typesupport_introspection_c/planning_interfaces/msg/detail/trajectories__type_support.c.o[0m
[5.018s] [ 51%] [32mBuilding C object CMakeFiles/planning_interfaces__rosidl_typesupport_introspection_c.dir/rosidl_typesupport_introspection_c/planning_interfaces/srv/detail/reset_trajectory_picker__type_support.c.o[0m
[5.019s] [ 53%] [32mBuilding C object CMakeFiles/planning_interfaces__rosidl_typesupport_introspection_c.dir/rosidl_typesupport_introspection_c/planning_interfaces/srv/detail/load_map__type_support.c.o[0m
[5.026s] [ 54%] [32mBuilding CXX object CMakeFiles/planning_interfaces__rosidl_typesupport_fastrtps_cpp.dir/rosidl_typesupport_fastrtps_cpp/planning_interfaces/msg/detail/dds_fastrtps/trajectory_score__type_support.cpp.o[0m
[5.026s] [ 55%] [32mBuilding C object CMakeFiles/planning_interfaces__rosidl_typesupport_introspection_c.dir/rosidl_typesupport_introspection_c/planning_interfaces/action/detail/trajectory_generation__type_support.c.o[0m
[5.029s] [ 56%] [32mBuilding CXX object CMakeFiles/planning_interfaces__rosidl_typesupport_fastrtps_cpp.dir/rosidl_typesupport_fastrtps_cpp/planning_interfaces/msg/detail/dds_fastrtps/trajectories__type_support.cpp.o[0m
[5.029s] [ 58%] [32mBuilding CXX object CMakeFiles/planning_interfaces__rosidl_typesupport_fastrtps_cpp.dir/rosidl_typesupport_fastrtps_cpp/planning_interfaces/msg/detail/dds_fastrtps/trajectory__type_support.cpp.o[0m
[5.030s] [ 59%] [32mBuilding CXX object CMakeFiles/planning_interfaces__rosidl_typesupport_fastrtps_cpp.dir/rosidl_typesupport_fastrtps_cpp/planning_interfaces/srv/detail/dds_fastrtps/trajectory_scoring__type_support.cpp.o[0m
[5.036s] [ 60%] [32m[1mLinking CXX shared library libplanning_interfaces__rosidl_typesupport_c.so[0m
[5.044s] [ 62%] [32mBuilding CXX object CMakeFiles/planning_interfaces__rosidl_typesupport_fastrtps_cpp.dir/rosidl_typesupport_fastrtps_cpp/planning_interfaces/srv/detail/dds_fastrtps/reset_trajectory_picker__type_support.cpp.o[0m
[5.059s] [ 63%] [32mBuilding CXX object CMakeFiles/planning_interfaces__rosidl_typesupport_fastrtps_cpp.dir/rosidl_typesupport_fastrtps_cpp/planning_interfaces/srv/detail/dds_fastrtps/load_map__type_support.cpp.o[0m
[5.080s] [ 64%] [32mBuilding CXX object CMakeFiles/planning_interfaces__rosidl_typesupport_fastrtps_cpp.dir/rosidl_typesupport_fastrtps_cpp/planning_interfaces/action/detail/dds_fastrtps/trajectory_generation__type_support.cpp.o[0m
[5.085s] [ 65%] [32m[1mLinking CXX shared library libplanning_interfaces__rosidl_typesupport_introspection_cpp.so[0m
[5.105s] [ 65%] Built target planning_interfaces__rosidl_typesupport_c
[5.118s] [ 67%] [32m[1mLinking C shared library libplanning_interfaces__rosidl_typesupport_introspection_c.so[0m
[5.170s] [ 67%] Built target planning_interfaces__rosidl_typesupport_introspection_c
[5.208s] [ 67%] Built target planning_interfaces__rosidl_typesupport_introspection_cpp
[5.314s] [ 68%] [32m[1mLinking CXX shared library libplanning_interfaces__rosidl_typesupport_cpp.so[0m
[5.373s] [ 68%] Built target planning_interfaces__rosidl_typesupport_cpp
[5.622s] [ 69%] [32m[1mLinking CXX shared library libplanning_interfaces__rosidl_typesupport_fastrtps_cpp.so[0m
[5.709s] [ 69%] Built target planning_interfaces__rosidl_typesupport_fastrtps_cpp
[5.721s] [ 70%] [34m[1mGenerating C type support for eProsima Fast-RTPS[0m
[6.355s] [35m[1mScanning dependencies of target planning_interfaces__rosidl_typesupport_fastrtps_c[0m
[6.390s] [ 77%] [32mBuilding CXX object CMakeFiles/planning_interfaces__rosidl_typesupport_fastrtps_c.dir/rosidl_typesupport_fastrtps_c/planning_interfaces/srv/detail/trajectory_scoring__type_support_c.cpp.o[0m
[6.390s] [ 77%] [32mBuilding CXX object CMakeFiles/planning_interfaces__rosidl_typesupport_fastrtps_c.dir/rosidl_typesupport_fastrtps_c/planning_interfaces/msg/detail/trajectories__type_support_c.cpp.o[0m
[6.390s] [ 77%] [32mBuilding CXX object CMakeFiles/planning_interfaces__rosidl_typesupport_fastrtps_c.dir/rosidl_typesupport_fastrtps_c/planning_interfaces/msg/detail/trajectory__type_support_c.cpp.o[0m
[6.390s] [ 77%] [32mBuilding CXX object CMakeFiles/planning_interfaces__rosidl_typesupport_fastrtps_c.dir/rosidl_typesupport_fastrtps_c/planning_interfaces/srv/detail/reset_trajectory_picker__type_support_c.cpp.o[0m
[6.391s] [ 77%] [32mBuilding CXX object CMakeFiles/planning_interfaces__rosidl_typesupport_fastrtps_c.dir/rosidl_typesupport_fastrtps_c/planning_interfaces/msg/detail/trajectory_score__type_support_c.cpp.o[0m
[6.391s] [ 78%] [32mBuilding CXX object CMakeFiles/planning_interfaces__rosidl_typesupport_fastrtps_c.dir/rosidl_typesupport_fastrtps_c/planning_interfaces/srv/detail/load_map__type_support_c.cpp.o[0m
[6.391s] [ 79%] [32mBuilding CXX object CMakeFiles/planning_interfaces__rosidl_typesupport_fastrtps_c.dir/rosidl_typesupport_fastrtps_c/planning_interfaces/action/detail/trajectory_generation__type_support_c.cpp.o[0m
[6.822s] [ 81%] [32m[1mLinking CXX shared library libplanning_interfaces__rosidl_typesupport_fastrtps_c.so[0m
[6.902s] [ 81%] Built target planning_interfaces__rosidl_typesupport_fastrtps_c
[6.911s] [35m[1mScanning dependencies of target planning_interfaces[0m
[6.922s] [ 81%] Built target planning_interfaces
[6.934s] [35m[1mScanning dependencies of target planning_interfaces__py[0m
[6.947s] [ 82%] [34m[1mGenerating Python code for ROS interfaces[0m
[8.981s] [ 82%] Built target planning_interfaces__py
[8.990s] [35m[1mScanning dependencies of target planning_interfaces__python[0m
[9.019s] [ 87%] [32mBuilding C object CMakeFiles/planning_interfaces__python.dir/rosidl_generator_py/planning_interfaces/srv/_reset_trajectory_picker_s.c.o[0m
[9.019s] [ 87%] [32mBuilding C object CMakeFiles/planning_interfaces__python.dir/rosidl_generator_py/planning_interfaces/srv/_trajectory_scoring_s.c.o[0m
[9.019s] [ 87%] [32mBuilding C object CMakeFiles/planning_interfaces__python.dir/rosidl_generator_py/planning_interfaces/msg/_trajectories_s.c.o[0m
[9.020s] [ 87%] [32mBuilding C object CMakeFiles/planning_interfaces__python.dir/rosidl_generator_py/planning_interfaces/msg/_trajectory_score_s.c.o[0m
[9.020s] [ 89%] [32mBuilding C object CMakeFiles/planning_interfaces__python.dir/rosidl_generator_py/planning_interfaces/srv/_load_map_s.c.o[0m
[9.020s] [ 89%] [32mBuilding C object CMakeFiles/planning_interfaces__python.dir/rosidl_generator_py/planning_interfaces/msg/_trajectory_s.c.o[0m
[9.020s] [ 91%] [32mBuilding C object CMakeFiles/planning_interfaces__python.dir/rosidl_generator_py/planning_interfaces/action/_trajectory_generation_s.c.o[0m
[9.154s] [ 92%] [32m[1mLinking C shared library rosidl_generator_py/planning_interfaces/libplanning_interfaces__python.so[0m
[9.205s] [ 92%] Built target planning_interfaces__python
[9.217s] [35m[1mScanning dependencies of target planning_interfaces__rosidl_typesupport_introspection_c__pyext[0m
[9.217s] [35m[1mScanning dependencies of target planning_interfaces__rosidl_typesupport_c__pyext[0m
[9.218s] [35m[1mScanning dependencies of target planning_interfaces__rosidl_typesupport_fastrtps_c__pyext[0m
[9.240s] [ 93%] [32mBuilding C object CMakeFiles/planning_interfaces__rosidl_typesupport_introspection_c__pyext.dir/rosidl_generator_py/planning_interfaces/_planning_interfaces_s.ep.rosidl_typesupport_introspection_c.c.o[0m
[9.241s] [ 94%] [32mBuilding C object CMakeFiles/planning_interfaces__rosidl_typesupport_c__pyext.dir/rosidl_generator_py/planning_interfaces/_planning_interfaces_s.ep.rosidl_typesupport_c.c.o[0m
[9.248s] [ 96%] [32mBuilding C object CMakeFiles/planning_interfaces__rosidl_typesupport_fastrtps_c__pyext.dir/rosidl_generator_py/planning_interfaces/_planning_interfaces_s.ep.rosidl_typesupport_fastrtps_c.c.o[0m
[9.352s] [ 97%] [32m[1mLinking C shared library rosidl_generator_py/planning_interfaces/planning_interfaces_s__rosidl_typesupport_introspection_c.cpython-38-x86_64-linux-gnu.so[0m
[9.354s] [ 98%] [32m[1mLinking C shared library rosidl_generator_py/planning_interfaces/planning_interfaces_s__rosidl_typesupport_c.cpython-38-x86_64-linux-gnu.so[0m
[9.364s] [100%] [32m[1mLinking CXX shared library rosidl_generator_py/planning_interfaces/planning_interfaces_s__rosidl_typesupport_fastrtps_c.cpython-38-x86_64-linux-gnu.so[0m
[9.394s] [100%] Built target planning_interfaces__rosidl_typesupport_introspection_c__pyext
[9.403s] [100%] Built target planning_interfaces__rosidl_typesupport_c__pyext
[9.432s] [100%] Built target planning_interfaces__rosidl_typesupport_fastrtps_c__pyext
[9.442s] Invoked command in '/home/roar/Desktop/projects/lilian/roar-gokart-ws/src/core/core/build/planning_interfaces' returned '0': CMAKE_PREFIX_PATH=${CMAKE_PREFIX_PATH}:/home/roar/Desktop/projects/lilian/roar-gokart-ws/install/waypoint_recorder:/home/roar/Desktop/projects/lilian/roar-gokart-ws/install/roar_carla_manual_controller:/home/roar/Desktop/projects/lilian/roar-gokart-ws/install/roar_carla_interface:/home/roar/Desktop/projects/lilian/roar-gokart-ws/install/roar_manual_control:/home/roar/carla-ros-bridge/install/rqt_carla_control:/home/roar/carla-ros-bridge/install/carla_waypoint_publisher:/home/roar/carla-ros-bridge/install/carla_ackermann_control:/home/roar/carla-ros-bridge/install/carla_ros_bridge:/home/roar/carla-ros-bridge/install/carla_spawn_objects:/home/roar/carla-ros-bridge/install/carla_manual_control:/home/roar/carla-ros-bridge/install/carla_ad_agent:/home/roar/carla-ros-bridge/install/ros_compatibility:/home/roar/carla-ros-bridge/install/carla_walker_agent:/home/roar/carla-ros-bridge/install/carla_twist_to_control:/home/roar/carla-ros-bridge/install/carla_ros_scenario_runner:/home/roar/carla-ros-bridge/install/carla_common:/opt/ros/foxy /usr/bin/cmake --build /home/roar/Desktop/projects/lilian/roar-gokart-ws/src/core/core/build/planning_interfaces -- -j16 -l16
[9.582s] Invoking command in '/home/roar/Desktop/projects/lilian/roar-gokart-ws/src/core/core/build/planning_interfaces': CMAKE_PREFIX_PATH=${CMAKE_PREFIX_PATH}:/home/roar/Desktop/projects/lilian/roar-gokart-ws/install/waypoint_recorder:/home/roar/Desktop/projects/lilian/roar-gokart-ws/install/roar_carla_manual_controller:/home/roar/Desktop/projects/lilian/roar-gokart-ws/install/roar_carla_interface:/home/roar/Desktop/projects/lilian/roar-gokart-ws/install/roar_manual_control:/home/roar/carla-ros-bridge/install/rqt_carla_control:/home/roar/carla-ros-bridge/install/carla_waypoint_publisher:/home/roar/carla-ros-bridge/install/carla_ackermann_control:/home/roar/carla-ros-bridge/install/carla_ros_bridge:/home/roar/carla-ros-bridge/install/carla_spawn_objects:/home/roar/carla-ros-bridge/install/carla_manual_control:/home/roar/carla-ros-bridge/install/carla_ad_agent:/home/roar/carla-ros-bridge/install/ros_compatibility:/home/roar/carla-ros-bridge/install/carla_walker_agent:/home/roar/carla-ros-bridge/install/carla_twist_to_control:/home/roar/carla-ros-bridge/install/carla_ros_scenario_runner:/home/roar/carla-ros-bridge/install/carla_common:/opt/ros/foxy /usr/bin/cmake --install /home/roar/Desktop/projects/lilian/roar-gokart-ws/src/core/core/build/planning_interfaces
[9.591s] -- Install configuration: ""
[9.591s] -- Installing: /home/roar/Desktop/projects/lilian/roar-gokart-ws/src/core/core/install/planning_interfaces/share/ament_index/resource_index/rosidl_interfaces/planning_interfaces
[9.591s] -- Installing: /home/roar/Desktop/projects/lilian/roar-gokart-ws/src/core/core/install/planning_interfaces/include/planning_interfaces
[9.591s] -- Installing: /home/roar/Desktop/projects/lilian/roar-gokart-ws/src/core/core/install/planning_interfaces/include/planning_interfaces/msg
[9.591s] -- Installing: /home/roar/Desktop/projects/lilian/roar-gokart-ws/src/core/core/install/planning_interfaces/include/planning_interfaces/msg/detail
[9.591s] -- Installing: /home/roar/Desktop/projects/lilian/roar-gokart-ws/src/core/core/install/planning_interfaces/include/planning_interfaces/msg/detail/trajectories__functions.c
[9.591s] -- Installing: /home/roar/Desktop/projects/lilian/roar-gokart-ws/src/core/core/install/planning_interfaces/include/planning_interfaces/msg/detail/trajectory_score__functions.c
[9.592s] -- Installing: /home/roar/Desktop/projects/lilian/roar-gokart-ws/src/core/core/install/planning_interfaces/include/planning_interfaces/msg/detail/trajectories__struct.h
[9.592s] -- Installing: /home/roar/Desktop/projects/lilian/roar-gokart-ws/src/core/core/install/planning_interfaces/include/planning_interfaces/msg/detail/trajectory__struct.h
[9.592s] -- Installing: /home/roar/Desktop/projects/lilian/roar-gokart-ws/src/core/core/install/planning_interfaces/include/planning_interfaces/msg/detail/trajectory__type_support.h
[9.592s] -- Installing: /home/roar/Desktop/projects/lilian/roar-gokart-ws/src/core/core/install/planning_interfaces/include/planning_interfaces/msg/detail/trajectories__functions.h
[9.592s] -- Installing: /home/roar/Desktop/projects/lilian/roar-gokart-ws/src/core/core/install/planning_interfaces/include/planning_interfaces/msg/detail/trajectory_score__type_support.h
[9.592s] -- Installing: /home/roar/Desktop/projects/lilian/roar-gokart-ws/src/core/core/install/planning_interfaces/include/planning_interfaces/msg/detail/trajectory__functions.h
[9.592s] -- Installing: /home/roar/Desktop/projects/lilian/roar-gokart-ws/src/core/core/install/planning_interfaces/include/planning_interfaces/msg/detail/trajectory_score__struct.h
[9.592s] -- Installing: /home/roar/Desktop/projects/lilian/roar-gokart-ws/src/core/core/install/planning_interfaces/include/planning_interfaces/msg/detail/trajectory_score__functions.h
[9.593s] -- Installing: /home/roar/Desktop/projects/lilian/roar-gokart-ws/src/core/core/install/planning_interfaces/include/planning_interfaces/msg/detail/trajectories__type_support.h
[9.593s] -- Installing: /home/roar/Desktop/projects/lilian/roar-gokart-ws/src/core/core/install/planning_interfaces/include/planning_interfaces/msg/detail/trajectory__functions.c
[9.593s] -- Installing: /home/roar/Desktop/projects/lilian/roar-gokart-ws/src/core/core/install/planning_interfaces/include/planning_interfaces/msg/trajectories.h
[9.593s] -- Installing: /home/roar/Desktop/projects/lilian/roar-gokart-ws/src/core/core/install/planning_interfaces/include/planning_interfaces/msg/trajectory.h
[9.593s] -- Installing: /home/roar/Desktop/projects/lilian/roar-gokart-ws/src/core/core/install/planning_interfaces/include/planning_interfaces/msg/trajectory_score.h
[9.593s] -- Installing: /home/roar/Desktop/projects/lilian/roar-gokart-ws/src/core/core/install/planning_interfaces/include/planning_interfaces/msg/rosidl_generator_c__visibility_control.h
[9.593s] -- Installing: /home/roar/Desktop/projects/lilian/roar-gokart-ws/src/core/core/install/planning_interfaces/include/planning_interfaces/action
[9.593s] -- Installing: /home/roar/Desktop/projects/lilian/roar-gokart-ws/src/core/core/install/planning_interfaces/include/planning_interfaces/action/detail
[9.593s] -- Installing: /home/roar/Desktop/projects/lilian/roar-gokart-ws/src/core/core/install/planning_interfaces/include/planning_interfaces/action/detail/trajectory_generation__functions.c
[9.594s] -- Installing: /home/roar/Desktop/projects/lilian/roar-gokart-ws/src/core/core/install/planning_interfaces/include/planning_interfaces/action/detail/trajectory_generation__type_support.h
[9.594s] -- Installing: /home/roar/Desktop/projects/lilian/roar-gokart-ws/src/core/core/install/planning_interfaces/include/planning_interfaces/action/detail/trajectory_generation__functions.h
[9.594s] -- Installing: /home/roar/Desktop/projects/lilian/roar-gokart-ws/src/core/core/install/planning_interfaces/include/planning_interfaces/action/detail/trajectory_generation__struct.h
[9.594s] -- Installing: /home/roar/Desktop/projects/lilian/roar-gokart-ws/src/core/core/install/planning_interfaces/include/planning_interfaces/action/trajectory_generation.h
[9.594s] -- Installing: /home/roar/Desktop/projects/lilian/roar-gokart-ws/src/core/core/install/planning_interfaces/include/planning_interfaces/srv
[9.594s] -- Installing: /home/roar/Desktop/projects/lilian/roar-gokart-ws/src/core/core/install/planning_interfaces/include/planning_interfaces/srv/detail
[9.595s] -- Installing: /home/roar/Desktop/projects/lilian/roar-gokart-ws/src/core/core/install/planning_interfaces/include/planning_interfaces/srv/detail/trajectory_scoring__type_support.h
[9.595s] -- Installing: /home/roar/Desktop/projects/lilian/roar-gokart-ws/src/core/core/install/planning_interfaces/include/planning_interfaces/srv/detail/reset_trajectory_picker__struct.h
[9.595s] -- Installing: /home/roar/Desktop/projects/lilian/roar-gokart-ws/src/core/core/install/planning_interfaces/include/planning_interfaces/srv/detail/load_map__struct.h
[9.595s] -- Installing: /home/roar/Desktop/projects/lilian/roar-gokart-ws/src/core/core/install/planning_interfaces/include/planning_interfaces/srv/detail/load_map__functions.h
[9.595s] -- Installing: /home/roar/Desktop/projects/lilian/roar-gokart-ws/src/core/core/install/planning_interfaces/include/planning_interfaces/srv/detail/trajectory_scoring__struct.h
[9.595s] -- Installing: /home/roar/Desktop/projects/lilian/roar-gokart-ws/src/core/core/install/planning_interfaces/include/planning_interfaces/srv/detail/reset_trajectory_picker__functions.c
[9.596s] -- Installing: /home/roar/Desktop/projects/lilian/roar-gokart-ws/src/core/core/install/planning_interfaces/include/planning_interfaces/srv/detail/trajectory_scoring__functions.c
[9.596s] -- Installing: /home/roar/Desktop/projects/lilian/roar-gokart-ws/src/core/core/install/planning_interfaces/include/planning_interfaces/srv/detail/reset_trajectory_picker__type_support.h
[9.596s] -- Installing: /home/roar/Desktop/projects/lilian/roar-gokart-ws/src/core/core/install/planning_interfaces/include/planning_interfaces/srv/detail/load_map__type_support.h
[9.596s] -- Installing: /home/roar/Desktop/projects/lilian/roar-gokart-ws/src/core/core/install/planning_interfaces/include/planning_interfaces/srv/detail/reset_trajectory_picker__functions.h
[9.596s] -- Installing: /home/roar/Desktop/projects/lilian/roar-gokart-ws/src/core/core/install/planning_interfaces/include/planning_interfaces/srv/detail/load_map__functions.c
[9.596s] -- Installing: /home/roar/Desktop/projects/lilian/roar-gokart-ws/src/core/core/install/planning_interfaces/include/planning_interfaces/srv/detail/trajectory_scoring__functions.h
[9.596s] -- Installing: /home/roar/Desktop/projects/lilian/roar-gokart-ws/src/core/core/install/planning_interfaces/include/planning_interfaces/srv/reset_trajectory_picker.h
[9.596s] -- Installing: /home/roar/Desktop/projects/lilian/roar-gokart-ws/src/core/core/install/planning_interfaces/include/planning_interfaces/srv/trajectory_scoring.h
[9.596s] -- Installing: /home/roar/Desktop/projects/lilian/roar-gokart-ws/src/core/core/install/planning_interfaces/include/planning_interfaces/srv/load_map.h
[9.596s] -- Installing: /home/roar/Desktop/projects/lilian/roar-gokart-ws/src/core/core/install/planning_interfaces/share/planning_interfaces/environment/library_path.sh
[9.596s] -- Installing: /home/roar/Desktop/projects/lilian/roar-gokart-ws/src/core/core/install/planning_interfaces/share/planning_interfaces/environment/library_path.dsv
[9.597s] -- Installing: /home/roar/Desktop/projects/lilian/roar-gokart-ws/src/core/core/install/planning_interfaces/lib/libplanning_interfaces__rosidl_generator_c.so
[9.597s] -- Set runtime path of "/home/roar/Desktop/projects/lilian/roar-gokart-ws/src/core/core/install/planning_interfaces/lib/libplanning_interfaces__rosidl_generator_c.so" to ""
[9.597s] -- Up-to-date: /home/roar/Desktop/projects/lilian/roar-gokart-ws/src/core/core/install/planning_interfaces/include/planning_interfaces
[9.597s] -- Up-to-date: /home/roar/Desktop/projects/lilian/roar-gokart-ws/src/core/core/install/planning_interfaces/include/planning_interfaces/msg
[9.597s] -- Installing: /home/roar/Desktop/projects/lilian/roar-gokart-ws/src/core/core/install/planning_interfaces/include/planning_interfaces/msg/rosidl_typesupport_fastrtps_c__visibility_control.h
[9.597s] -- Up-to-date: /home/roar/Desktop/projects/lilian/roar-gokart-ws/src/core/core/install/planning_interfaces/include/planning_interfaces/msg/detail
[9.597s] -- Installing: /home/roar/Desktop/projects/lilian/roar-gokart-ws/src/core/core/install/planning_interfaces/include/planning_interfaces/msg/detail/trajectory_score__rosidl_typesupport_fastrtps_c.h
[9.597s] -- Installing: /home/roar/Desktop/projects/lilian/roar-gokart-ws/src/core/core/install/planning_interfaces/include/planning_interfaces/msg/detail/trajectory__rosidl_typesupport_fastrtps_c.h
[9.597s] -- Installing: /home/roar/Desktop/projects/lilian/roar-gokart-ws/src/core/core/install/planning_interfaces/include/planning_interfaces/msg/detail/trajectories__rosidl_typesupport_fastrtps_c.h
[9.597s] -- Up-to-date: /home/roar/Desktop/projects/lilian/roar-gokart-ws/src/core/core/install/planning_interfaces/include/planning_interfaces/action
[9.597s] -- Up-to-date: /home/roar/Desktop/projects/lilian/roar-gokart-ws/src/core/core/install/planning_interfaces/include/planning_interfaces/action/detail
[9.598s] -- Installing: /home/roar/Desktop/projects/lilian/roar-gokart-ws/src/core/core/install/planning_interfaces/include/planning_interfaces/action/detail/trajectory_generation__rosidl_typesupport_fastrtps_c.h
[9.598s] -- Up-to-date: /home/roar/Desktop/projects/lilian/roar-gokart-ws/src/core/core/install/planning_interfaces/include/planning_interfaces/srv
[9.598s] -- Up-to-date: /home/roar/Desktop/projects/lilian/roar-gokart-ws/src/core/core/install/planning_interfaces/include/planning_interfaces/srv/detail
[9.598s] -- Installing: /home/roar/Desktop/projects/lilian/roar-gokart-ws/src/core/core/install/planning_interfaces/include/planning_interfaces/srv/detail/trajectory_scoring__rosidl_typesupport_fastrtps_c.h
[9.598s] -- Installing: /home/roar/Desktop/projects/lilian/roar-gokart-ws/src/core/core/install/planning_interfaces/include/planning_interfaces/srv/detail/reset_trajectory_picker__rosidl_typesupport_fastrtps_c.h
[9.598s] -- Installing: /home/roar/Desktop/projects/lilian/roar-gokart-ws/src/core/core/install/planning_interfaces/include/planning_interfaces/srv/detail/load_map__rosidl_typesupport_fastrtps_c.h
[9.598s] -- Installing: /home/roar/Desktop/projects/lilian/roar-gokart-ws/src/core/core/install/planning_interfaces/lib/libplanning_interfaces__rosidl_typesupport_fastrtps_c.so
[9.598s] -- Set runtime path of "/home/roar/Desktop/projects/lilian/roar-gokart-ws/src/core/core/install/planning_interfaces/lib/libplanning_interfaces__rosidl_typesupport_fastrtps_c.so" to ""
[9.598s] -- Up-to-date: /home/roar/Desktop/projects/lilian/roar-gokart-ws/src/core/core/install/planning_interfaces/include/planning_interfaces
[9.598s] -- Up-to-date: /home/roar/Desktop/projects/lilian/roar-gokart-ws/src/core/core/install/planning_interfaces/include/planning_interfaces/msg
[9.598s] -- Up-to-date: /home/roar/Desktop/projects/lilian/roar-gokart-ws/src/core/core/install/planning_interfaces/include/planning_interfaces/msg/detail
[9.598s] -- Installing: /home/roar/Desktop/projects/lilian/roar-gokart-ws/src/core/core/install/planning_interfaces/include/planning_interfaces/msg/detail/trajectories__rosidl_typesupport_fastrtps_cpp.hpp
[9.598s] -- Installing: /home/roar/Desktop/projects/lilian/roar-gokart-ws/src/core/core/install/planning_interfaces/include/planning_interfaces/msg/detail/trajectory_score__rosidl_typesupport_fastrtps_cpp.hpp
[9.598s] -- Installing: /home/roar/Desktop/projects/lilian/roar-gokart-ws/src/core/core/install/planning_interfaces/include/planning_interfaces/msg/detail/dds_fastrtps
[9.599s] -- Installing: /home/roar/Desktop/projects/lilian/roar-gokart-ws/src/core/core/install/planning_interfaces/include/planning_interfaces/msg/detail/trajectory__rosidl_typesupport_fastrtps_cpp.hpp
[9.599s] -- Installing: /home/roar/Desktop/projects/lilian/roar-gokart-ws/src/core/core/install/planning_interfaces/include/planning_interfaces/msg/rosidl_typesupport_fastrtps_cpp__visibility_control.h
[9.599s] -- Up-to-date: /home/roar/Desktop/projects/lilian/roar-gokart-ws/src/core/core/install/planning_interfaces/include/planning_interfaces/action
[9.599s] -- Up-to-date: /home/roar/Desktop/projects/lilian/roar-gokart-ws/src/core/core/install/planning_interfaces/include/planning_interfaces/action/detail
[9.599s] -- Installing: /home/roar/Desktop/projects/lilian/roar-gokart-ws/src/core/core/install/planning_interfaces/include/planning_interfaces/action/detail/dds_fastrtps
[9.599s] -- Installing: /home/roar/Desktop/projects/lilian/roar-gokart-ws/src/core/core/install/planning_interfaces/include/planning_interfaces/action/detail/trajectory_generation__rosidl_typesupport_fastrtps_cpp.hpp
[9.599s] -- Up-to-date: /home/roar/Desktop/projects/lilian/roar-gokart-ws/src/core/core/install/planning_interfaces/include/planning_interfaces/srv
[9.599s] -- Up-to-date: /home/roar/Desktop/projects/lilian/roar-gokart-ws/src/core/core/install/planning_interfaces/include/planning_interfaces/srv/detail
[9.599s] -- Installing: /home/roar/Desktop/projects/lilian/roar-gokart-ws/src/core/core/install/planning_interfaces/include/planning_interfaces/srv/detail/dds_fastrtps
[9.599s] -- Installing: /home/roar/Desktop/projects/lilian/roar-gokart-ws/src/core/core/install/planning_interfaces/include/planning_interfaces/srv/detail/trajectory_scoring__rosidl_typesupport_fastrtps_cpp.hpp
[9.599s] -- Installing: /home/roar/Desktop/projects/lilian/roar-gokart-ws/src/core/core/install/planning_interfaces/include/planning_interfaces/srv/detail/load_map__rosidl_typesupport_fastrtps_cpp.hpp
[9.599s] -- Installing: /home/roar/Desktop/projects/lilian/roar-gokart-ws/src/core/core/install/planning_interfaces/include/planning_interfaces/srv/detail/reset_trajectory_picker__rosidl_typesupport_fastrtps_cpp.hpp
[9.600s] -- Installing: /home/roar/Desktop/projects/lilian/roar-gokart-ws/src/core/core/install/planning_interfaces/lib/libplanning_interfaces__rosidl_typesupport_fastrtps_cpp.so
[9.600s] -- Set runtime path of "/home/roar/Desktop/projects/lilian/roar-gokart-ws/src/core/core/install/planning_interfaces/lib/libplanning_interfaces__rosidl_typesupport_fastrtps_cpp.so" to ""
[9.600s] -- Up-to-date: /home/roar/Desktop/projects/lilian/roar-gokart-ws/src/core/core/install/planning_interfaces/include/planning_interfaces
[9.600s] -- Up-to-date: /home/roar/Desktop/projects/lilian/roar-gokart-ws/src/core/core/install/planning_interfaces/include/planning_interfaces/msg
[9.600s] -- Up-to-date: /home/roar/Desktop/projects/lilian/roar-gokart-ws/src/core/core/install/planning_interfaces/include/planning_interfaces/msg/detail
[9.600s] -- Installing: /home/roar/Desktop/projects/lilian/roar-gokart-ws/src/core/core/install/planning_interfaces/include/planning_interfaces/msg/detail/trajectories__rosidl_typesupport_introspection_c.h
[9.600s] -- Installing: /home/roar/Desktop/projects/lilian/roar-gokart-ws/src/core/core/install/planning_interfaces/include/planning_interfaces/msg/detail/trajectory__type_support.c
[9.600s] -- Installing: /home/roar/Desktop/projects/lilian/roar-gokart-ws/src/core/core/install/planning_interfaces/include/planning_interfaces/msg/detail/trajectory__rosidl_typesupport_introspection_c.h
[9.600s] -- Installing: /home/roar/Desktop/projects/lilian/roar-gokart-ws/src/core/core/install/planning_interfaces/include/planning_interfaces/msg/detail/trajectory_score__rosidl_typesupport_introspection_c.h
[9.600s] -- Installing: /home/roar/Desktop/projects/lilian/roar-gokart-ws/src/core/core/install/planning_interfaces/include/planning_interfaces/msg/detail/trajectory_score__type_support.c
[9.600s] -- Installing: /home/roar/Desktop/projects/lilian/roar-gokart-ws/src/core/core/install/planning_interfaces/include/planning_interfaces/msg/detail/trajectories__type_support.c
[9.600s] -- Installing: /home/roar/Desktop/projects/lilian/roar-gokart-ws/src/core/core/install/planning_interfaces/include/planning_interfaces/msg/rosidl_typesupport_introspection_c__visibility_control.h
[9.600s] -- Up-to-date: /home/roar/Desktop/projects/lilian/roar-gokart-ws/src/core/core/install/planning_interfaces/include/planning_interfaces/action
[9.601s] -- Up-to-date: /home/roar/Desktop/projects/lilian/roar-gokart-ws/src/core/core/install/planning_interfaces/include/planning_interfaces/action/detail
[9.601s] -- Installing: /home/roar/Desktop/projects/lilian/roar-gokart-ws/src/core/core/install/planning_interfaces/include/planning_interfaces/action/detail/trajectory_generation__type_support.c
[9.601s] -- Installing: /home/roar/Desktop/projects/lilian/roar-gokart-ws/src/core/core/install/planning_interfaces/include/planning_interfaces/action/detail/trajectory_generation__rosidl_typesupport_introspection_c.h
[9.601s] -- Up-to-date: /home/roar/Desktop/projects/lilian/roar-gokart-ws/src/core/core/install/planning_interfaces/include/planning_interfaces/srv
[9.601s] -- Up-to-date: /home/roar/Desktop/projects/lilian/roar-gokart-ws/src/core/core/install/planning_interfaces/include/planning_interfaces/srv/detail
[9.601s] -- Installing: /home/roar/Desktop/projects/lilian/roar-gokart-ws/src/core/core/install/planning_interfaces/include/planning_interfaces/srv/detail/load_map__type_support.c
[9.601s] -- Installing: /home/roar/Desktop/projects/lilian/roar-gokart-ws/src/core/core/install/planning_interfaces/include/planning_interfaces/srv/detail/trajectory_scoring__type_support.c
[9.601s] -- Installing: /home/roar/Desktop/projects/lilian/roar-gokart-ws/src/core/core/install/planning_interfaces/include/planning_interfaces/srv/detail/load_map__rosidl_typesupport_introspection_c.h
[9.601s] -- Installing: /home/roar/Desktop/projects/lilian/roar-gokart-ws/src/core/core/install/planning_interfaces/include/planning_interfaces/srv/detail/trajectory_scoring__rosidl_typesupport_introspection_c.h
[9.601s] -- Installing: /home/roar/Desktop/projects/lilian/roar-gokart-ws/src/core/core/install/planning_interfaces/include/planning_interfaces/srv/detail/reset_trajectory_picker__rosidl_typesupport_introspection_c.h
[9.601s] -- Installing: /home/roar/Desktop/projects/lilian/roar-gokart-ws/src/core/core/install/planning_interfaces/include/planning_interfaces/srv/detail/reset_trajectory_picker__type_support.c
[9.602s] -- Installing: /home/roar/Desktop/projects/lilian/roar-gokart-ws/src/core/core/install/planning_interfaces/lib/libplanning_interfaces__rosidl_typesupport_introspection_c.so
[9.602s] -- Set runtime path of "/home/roar/Desktop/projects/lilian/roar-gokart-ws/src/core/core/install/planning_interfaces/lib/libplanning_interfaces__rosidl_typesupport_introspection_c.so" to ""
[9.602s] -- Installing: /home/roar/Desktop/projects/lilian/roar-gokart-ws/src/core/core/install/planning_interfaces/lib/libplanning_interfaces__rosidl_typesupport_c.so
[9.602s] -- Set runtime path of "/home/roar/Desktop/projects/lilian/roar-gokart-ws/src/core/core/install/planning_interfaces/lib/libplanning_interfaces__rosidl_typesupport_c.so" to ""
[9.602s] -- Up-to-date: /home/roar/Desktop/projects/lilian/roar-gokart-ws/src/core/core/install/planning_interfaces/include/planning_interfaces
[9.602s] -- Up-to-date: /home/roar/Desktop/projects/lilian/roar-gokart-ws/src/core/core/install/planning_interfaces/include/planning_interfaces/msg
[9.602s] -- Installing: /home/roar/Desktop/projects/lilian/roar-gokart-ws/src/core/core/install/planning_interfaces/include/planning_interfaces/msg/trajectories.hpp
[9.602s] -- Up-to-date: /home/roar/Desktop/projects/lilian/roar-gokart-ws/src/core/core/install/planning_interfaces/include/planning_interfaces/msg/detail
[9.602s] -- Installing: /home/roar/Desktop/projects/lilian/roar-gokart-ws/src/core/core/install/planning_interfaces/include/planning_interfaces/msg/detail/trajectory_score__traits.hpp
[9.602s] -- Installing: /home/roar/Desktop/projects/lilian/roar-gokart-ws/src/core/core/install/planning_interfaces/include/planning_interfaces/msg/detail/trajectories__builder.hpp
[9.602s] -- Installing: /home/roar/Desktop/projects/lilian/roar-gokart-ws/src/core/core/install/planning_interfaces/include/planning_interfaces/msg/detail/trajectories__traits.hpp
[9.602s] -- Installing: /home/roar/Desktop/projects/lilian/roar-gokart-ws/src/core/core/install/planning_interfaces/include/planning_interfaces/msg/detail/trajectory_score__struct.hpp
[9.603s] -- Installing: /home/roar/Desktop/projects/lilian/roar-gokart-ws/src/core/core/install/planning_interfaces/include/planning_interfaces/msg/detail/trajectory__struct.hpp
[9.603s] -- Installing: /home/roar/Desktop/projects/lilian/roar-gokart-ws/src/core/core/install/planning_interfaces/include/planning_interfaces/msg/detail/trajectory__builder.hpp
[9.603s] -- Installing: /home/roar/Desktop/projects/lilian/roar-gokart-ws/src/core/core/install/planning_interfaces/include/planning_interfaces/msg/detail/trajectory__traits.hpp
[9.603s] -- Installing: /home/roar/Desktop/projects/lilian/roar-gokart-ws/src/core/core/install/planning_interfaces/include/planning_interfaces/msg/detail/trajectory_score__builder.hpp
[9.603s] -- Installing: /home/roar/Desktop/projects/lilian/roar-gokart-ws/src/core/core/install/planning_interfaces/include/planning_interfaces/msg/detail/trajectories__struct.hpp
[9.603s] -- Installing: /home/roar/Desktop/projects/lilian/roar-gokart-ws/src/core/core/install/planning_interfaces/include/planning_interfaces/msg/trajectory_score.hpp
[9.603s] -- Installing: /home/roar/Desktop/projects/lilian/roar-gokart-ws/src/core/core/install/planning_interfaces/include/planning_interfaces/msg/trajectory.hpp
[9.603s] -- Up-to-date: /home/roar/Desktop/projects/lilian/roar-gokart-ws/src/core/core/install/planning_interfaces/include/planning_interfaces/action
[9.603s] -- Installing: /home/roar/Desktop/projects/lilian/roar-gokart-ws/src/core/core/install/planning_interfaces/include/planning_interfaces/action/trajectory_generation.hpp
[9.603s] -- Up-to-date: /home/roar/Desktop/projects/lilian/roar-gokart-ws/src/core/core/install/planning_interfaces/include/planning_interfaces/action/detail
[9.603s] -- Installing: /home/roar/Desktop/projects/lilian/roar-gokart-ws/src/core/core/install/planning_interfaces/include/planning_interfaces/action/detail/trajectory_generation__traits.hpp
[9.603s] -- Installing: /home/roar/Desktop/projects/lilian/roar-gokart-ws/src/core/core/install/planning_interfaces/include/planning_interfaces/action/detail/trajectory_generation__struct.hpp
[9.603s] -- Installing: /home/roar/Desktop/projects/lilian/roar-gokart-ws/src/core/core/install/planning_interfaces/include/planning_interfaces/action/detail/trajectory_generation__builder.hpp
[9.604s] -- Up-to-date: /home/roar/Desktop/projects/lilian/roar-gokart-ws/src/core/core/install/planning_interfaces/include/planning_interfaces/srv
[9.604s] -- Up-to-date: /home/roar/Desktop/projects/lilian/roar-gokart-ws/src/core/core/install/planning_interfaces/include/planning_interfaces/srv/detail
[9.604s] -- Installing: /home/roar/Desktop/projects/lilian/roar-gokart-ws/src/core/core/install/planning_interfaces/include/planning_interfaces/srv/detail/load_map__struct.hpp
[9.604s] -- Installing: /home/roar/Desktop/projects/lilian/roar-gokart-ws/src/core/core/install/planning_interfaces/include/planning_interfaces/srv/detail/trajectory_scoring__builder.hpp
[9.604s] -- Installing: /home/roar/Desktop/projects/lilian/roar-gokart-ws/src/core/core/install/planning_interfaces/include/planning_interfaces/srv/detail/load_map__traits.hpp
[9.604s] -- Installing: /home/roar/Desktop/projects/lilian/roar-gokart-ws/src/core/core/install/planning_interfaces/include/planning_interfaces/srv/detail/reset_trajectory_picker__traits.hpp
[9.604s] -- Installing: /home/roar/Desktop/projects/lilian/roar-gokart-ws/src/core/core/install/planning_interfaces/include/planning_interfaces/srv/detail/load_map__builder.hpp
[9.604s] -- Installing: /home/roar/Desktop/projects/lilian/roar-gokart-ws/src/core/core/install/planning_interfaces/include/planning_interfaces/srv/detail/reset_trajectory_picker__struct.hpp
[9.604s] -- Installing: /home/roar/Desktop/projects/lilian/roar-gokart-ws/src/core/core/install/planning_interfaces/include/planning_interfaces/srv/detail/reset_trajectory_picker__builder.hpp
[9.604s] -- Installing: /home/roar/Desktop/projects/lilian/roar-gokart-ws/src/core/core/install/planning_interfaces/include/planning_interfaces/srv/detail/trajectory_scoring__struct.hpp
[9.604s] -- Installing: /home/roar/Desktop/projects/lilian/roar-gokart-ws/src/core/core/install/planning_interfaces/include/planning_interfaces/srv/detail/trajectory_scoring__traits.hpp
[9.604s] -- Installing: /home/roar/Desktop/projects/lilian/roar-gokart-ws/src/core/core/install/planning_interfaces/include/planning_interfaces/srv/load_map.hpp
[9.604s] -- Installing: /home/roar/Desktop/projects/lilian/roar-gokart-ws/src/core/core/install/planning_interfaces/include/planning_interfaces/srv/trajectory_scoring.hpp
[9.604s] -- Installing: /home/roar/Desktop/projects/lilian/roar-gokart-ws/src/core/core/install/planning_interfaces/include/planning_interfaces/srv/reset_trajectory_picker.hpp
[9.604s] -- Up-to-date: /home/roar/Desktop/projects/lilian/roar-gokart-ws/src/core/core/install/planning_interfaces/include/planning_interfaces
[9.605s] -- Up-to-date: /home/roar/Desktop/projects/lilian/roar-gokart-ws/src/core/core/install/planning_interfaces/include/planning_interfaces/msg
[9.605s] -- Up-to-date: /home/roar/Desktop/projects/lilian/roar-gokart-ws/src/core/core/install/planning_interfaces/include/planning_interfaces/msg/detail
[9.605s] -- Installing: /home/roar/Desktop/projects/lilian/roar-gokart-ws/src/core/core/install/planning_interfaces/include/planning_interfaces/msg/detail/trajectory_score__rosidl_typesupport_introspection_cpp.hpp
[9.605s] -- Installing: /home/roar/Desktop/projects/lilian/roar-gokart-ws/src/core/core/install/planning_interfaces/include/planning_interfaces/msg/detail/trajectories__rosidl_typesupport_introspection_cpp.hpp
[9.605s] -- Installing: /home/roar/Desktop/projects/lilian/roar-gokart-ws/src/core/core/install/planning_interfaces/include/planning_interfaces/msg/detail/trajectory__type_support.cpp
[9.605s] -- Installing: /home/roar/Desktop/projects/lilian/roar-gokart-ws/src/core/core/install/planning_interfaces/include/planning_interfaces/msg/detail/trajectories__type_support.cpp
[9.605s] -- Installing: /home/roar/Desktop/projects/lilian/roar-gokart-ws/src/core/core/install/planning_interfaces/include/planning_interfaces/msg/detail/trajectory_score__type_support.cpp
[9.605s] -- Installing: /home/roar/Desktop/projects/lilian/roar-gokart-ws/src/core/core/install/planning_interfaces/include/planning_interfaces/msg/detail/trajectory__rosidl_typesupport_introspection_cpp.hpp
[9.605s] -- Up-to-date: /home/roar/Desktop/projects/lilian/roar-gokart-ws/src/core/core/install/planning_interfaces/include/planning_interfaces/action
[9.605s] -- Up-to-date: /home/roar/Desktop/projects/lilian/roar-gokart-ws/src/core/core/install/planning_interfaces/include/planning_interfaces/action/detail
[9.605s] -- Installing: /home/roar/Desktop/projects/lilian/roar-gokart-ws/src/core/core/install/planning_interfaces/include/planning_interfaces/action/detail/trajectory_generation__rosidl_typesupport_introspection_cpp.hpp
[9.605s] -- Installing: /home/roar/Desktop/projects/lilian/roar-gokart-ws/src/core/core/install/planning_interfaces/include/planning_interfaces/action/detail/trajectory_generation__type_support.cpp
[9.605s] -- Up-to-date: /home/roar/Desktop/projects/lilian/roar-gokart-ws/src/core/core/install/planning_interfaces/include/planning_interfaces/srv
[9.605s] -- Up-to-date: /home/roar/Desktop/projects/lilian/roar-gokart-ws/src/core/core/install/planning_interfaces/include/planning_interfaces/srv/detail
[9.605s] -- Installing: /home/roar/Desktop/projects/lilian/roar-gokart-ws/src/core/core/install/planning_interfaces/include/planning_interfaces/srv/detail/reset_trajectory_picker__type_support.cpp
[9.606s] -- Installing: /home/roar/Desktop/projects/lilian/roar-gokart-ws/src/core/core/install/planning_interfaces/include/planning_interfaces/srv/detail/trajectory_scoring__rosidl_typesupport_introspection_cpp.hpp
[9.606s] -- Installing: /home/roar/Desktop/projects/lilian/roar-gokart-ws/src/core/core/install/planning_interfaces/include/planning_interfaces/srv/detail/load_map__type_support.cpp
[9.606s] -- Installing: /home/roar/Desktop/projects/lilian/roar-gokart-ws/src/core/core/install/planning_interfaces/include/planning_interfaces/srv/detail/reset_trajectory_picker__rosidl_typesupport_introspection_cpp.hpp
[9.606s] -- Installing: /home/roar/Desktop/projects/lilian/roar-gokart-ws/src/core/core/install/planning_interfaces/include/planning_interfaces/srv/detail/trajectory_scoring__type_support.cpp
[9.606s] -- Installing: /home/roar/Desktop/projects/lilian/roar-gokart-ws/src/core/core/install/planning_interfaces/include/planning_interfaces/srv/detail/load_map__rosidl_typesupport_introspection_cpp.hpp
[9.606s] -- Installing: /home/roar/Desktop/projects/lilian/roar-gokart-ws/src/core/core/install/planning_interfaces/lib/libplanning_interfaces__rosidl_typesupport_introspection_cpp.so
[9.606s] -- Set runtime path of "/home/roar/Desktop/projects/lilian/roar-gokart-ws/src/core/core/install/planning_interfaces/lib/libplanning_interfaces__rosidl_typesupport_introspection_cpp.so" to ""
[9.606s] -- Installing: /home/roar/Desktop/projects/lilian/roar-gokart-ws/src/core/core/install/planning_interfaces/lib/libplanning_interfaces__rosidl_typesupport_cpp.so
[9.606s] -- Set runtime path of "/home/roar/Desktop/projects/lilian/roar-gokart-ws/src/core/core/install/planning_interfaces/lib/libplanning_interfaces__rosidl_typesupport_cpp.so" to ""
[9.606s] -- Installing: /home/roar/Desktop/projects/lilian/roar-gokart-ws/src/core/core/install/planning_interfaces/share/planning_interfaces/environment/pythonpath.sh
[9.606s] -- Installing: /home/roar/Desktop/projects/lilian/roar-gokart-ws/src/core/core/install/planning_interfaces/share/planning_interfaces/environment/pythonpath.dsv
[9.606s] -- Installing: /home/roar/Desktop/projects/lilian/roar-gokart-ws/src/core/core/install/planning_interfaces/lib/python3.8/site-packages/planning_interfaces/__init__.py
[9.641s] Compiling '/home/roar/Desktop/projects/lilian/roar-gokart-ws/src/core/core/install/planning_interfaces/lib/python3.8/site-packages/planning_interfaces/__init__.py'...
[9.645s] -- Installing: /home/roar/Desktop/projects/lilian/roar-gokart-ws/src/core/core/install/planning_interfaces/lib/python3.8/site-packages/planning_interfaces/msg
[9.645s] -- Installing: /home/roar/Desktop/projects/lilian/roar-gokart-ws/src/core/core/install/planning_interfaces/lib/python3.8/site-packages/planning_interfaces/msg/_trajectories.py
[9.645s] -- Installing: /home/roar/Desktop/projects/lilian/roar-gokart-ws/src/core/core/install/planning_interfaces/lib/python3.8/site-packages/planning_interfaces/msg/_trajectories_s.c
[9.645s] -- Installing: /home/roar/Desktop/projects/lilian/roar-gokart-ws/src/core/core/install/planning_interfaces/lib/python3.8/site-packages/planning_interfaces/msg/__init__.py
[9.645s] -- Installing: /home/roar/Desktop/projects/lilian/roar-gokart-ws/src/core/core/install/planning_interfaces/lib/python3.8/site-packages/planning_interfaces/msg/_trajectory_score_s.c
[9.645s] -- Installing: /home/roar/Desktop/projects/lilian/roar-gokart-ws/src/core/core/install/planning_interfaces/lib/python3.8/site-packages/planning_interfaces/msg/_trajectory.py
[9.646s] -- Installing: /home/roar/Desktop/projects/lilian/roar-gokart-ws/src/core/core/install/planning_interfaces/lib/python3.8/site-packages/planning_interfaces/msg/_trajectory_score.py
[9.646s] -- Installing: /home/roar/Desktop/projects/lilian/roar-gokart-ws/src/core/core/install/planning_interfaces/lib/python3.8/site-packages/planning_interfaces/msg/_trajectory_s.c
[9.646s] -- Installing: /home/roar/Desktop/projects/lilian/roar-gokart-ws/src/core/core/install/planning_interfaces/lib/python3.8/site-packages/planning_interfaces/srv
[9.646s] -- Installing: /home/roar/Desktop/projects/lilian/roar-gokart-ws/src/core/core/install/planning_interfaces/lib/python3.8/site-packages/planning_interfaces/srv/_load_map_s.c
[9.646s] -- Installing: /home/roar/Desktop/projects/lilian/roar-gokart-ws/src/core/core/install/planning_interfaces/lib/python3.8/site-packages/planning_interfaces/srv/_reset_trajectory_picker.py
[9.646s] -- Installing: /home/roar/Desktop/projects/lilian/roar-gokart-ws/src/core/core/install/planning_interfaces/lib/python3.8/site-packages/planning_interfaces/srv/__init__.py
[9.647s] -- Installing: /home/roar/Desktop/projects/lilian/roar-gokart-ws/src/core/core/install/planning_interfaces/lib/python3.8/site-packages/planning_interfaces/srv/_reset_trajectory_picker_s.c
[9.647s] -- Installing: /home/roar/Desktop/projects/lilian/roar-gokart-ws/src/core/core/install/planning_interfaces/lib/python3.8/site-packages/planning_interfaces/srv/_load_map.py
[9.647s] -- Installing: /home/roar/Desktop/projects/lilian/roar-gokart-ws/src/core/core/install/planning_interfaces/lib/python3.8/site-packages/planning_interfaces/srv/_trajectory_scoring.py
[9.647s] -- Installing: /home/roar/Desktop/projects/lilian/roar-gokart-ws/src/core/core/install/planning_interfaces/lib/python3.8/site-packages/planning_interfaces/srv/_trajectory_scoring_s.c
[9.648s] -- Installing: /home/roar/Desktop/projects/lilian/roar-gokart-ws/src/core/core/install/planning_interfaces/lib/python3.8/site-packages/planning_interfaces/action
[9.648s] -- Installing: /home/roar/Desktop/projects/lilian/roar-gokart-ws/src/core/core/install/planning_interfaces/lib/python3.8/site-packages/planning_interfaces/action/_trajectory_generation_s.c
[9.648s] -- Installing: /home/roar/Desktop/projects/lilian/roar-gokart-ws/src/core/core/install/planning_interfaces/lib/python3.8/site-packages/planning_interfaces/action/__init__.py
[9.648s] -- Installing: /home/roar/Desktop/projects/lilian/roar-gokart-ws/src/core/core/install/planning_interfaces/lib/python3.8/site-packages/planning_interfaces/action/_trajectory_generation.py
[9.649s] -- Installing: /home/roar/Desktop/projects/lilian/roar-gokart-ws/src/core/core/install/planning_interfaces/lib/python3.8/site-packages/planning_interfaces/planning_interfaces_s__rosidl_typesupport_fastrtps_c.cpython-38-x86_64-linux-gnu.so
[9.649s] -- Set runtime path of "/home/roar/Desktop/projects/lilian/roar-gokart-ws/src/core/core/install/planning_interfaces/lib/python3.8/site-packages/planning_interfaces/planning_interfaces_s__rosidl_typesupport_fastrtps_c.cpython-38-x86_64-linux-gnu.so" to ""
[9.649s] -- Installing: /home/roar/Desktop/projects/lilian/roar-gokart-ws/src/core/core/install/planning_interfaces/lib/python3.8/site-packages/planning_interfaces/planning_interfaces_s__rosidl_typesupport_introspection_c.cpython-38-x86_64-linux-gnu.so
[9.650s] -- Set runtime path of "/home/roar/Desktop/projects/lilian/roar-gokart-ws/src/core/core/install/planning_interfaces/lib/python3.8/site-packages/planning_interfaces/planning_interfaces_s__rosidl_typesupport_introspection_c.cpython-38-x86_64-linux-gnu.so" to ""
[9.650s] -- Installing: /home/roar/Desktop/projects/lilian/roar-gokart-ws/src/core/core/install/planning_interfaces/lib/python3.8/site-packages/planning_interfaces/planning_interfaces_s__rosidl_typesupport_c.cpython-38-x86_64-linux-gnu.so
[9.651s] -- Set runtime path of "/home/roar/Desktop/projects/lilian/roar-gokart-ws/src/core/core/install/planning_interfaces/lib/python3.8/site-packages/planning_interfaces/planning_interfaces_s__rosidl_typesupport_c.cpython-38-x86_64-linux-gnu.so" to ""
[9.651s] -- Installing: /home/roar/Desktop/projects/lilian/roar-gokart-ws/src/core/core/install/planning_interfaces/lib/libplanning_interfaces__python.so
[9.651s] -- Set runtime path of "/home/roar/Desktop/projects/lilian/roar-gokart-ws/src/core/core/install/planning_interfaces/lib/libplanning_interfaces__python.so" to ""
[9.651s] -- Installing: /home/roar/Desktop/projects/lilian/roar-gokart-ws/src/core/core/install/planning_interfaces/share/planning_interfaces/msg/Trajectories.idl
[9.651s] -- Installing: /home/roar/Desktop/projects/lilian/roar-gokart-ws/src/core/core/install/planning_interfaces/share/planning_interfaces/msg/TrajectoryScore.idl
[9.651s] -- Installing: /home/roar/Desktop/projects/lilian/roar-gokart-ws/src/core/core/install/planning_interfaces/share/planning_interfaces/msg/Trajectory.idl
[9.652s] -- Installing: /home/roar/Desktop/projects/lilian/roar-gokart-ws/src/core/core/install/planning_interfaces/share/planning_interfaces/srv/TrajectoryScoring.idl
[9.652s] -- Installing: /home/roar/Desktop/projects/lilian/roar-gokart-ws/src/core/core/install/planning_interfaces/share/planning_interfaces/srv/ResetTrajectoryPicker.idl
[9.652s] -- Installing: /home/roar/Desktop/projects/lilian/roar-gokart-ws/src/core/core/install/planning_interfaces/share/planning_interfaces/srv/LoadMap.idl
[9.652s] -- Installing: /home/roar/Desktop/projects/lilian/roar-gokart-ws/src/core/core/install/planning_interfaces/share/planning_interfaces/action/TrajectoryGeneration.idl
[9.652s] -- Installing: /home/roar/Desktop/projects/lilian/roar-gokart-ws/src/core/core/install/planning_interfaces/share/planning_interfaces/msg/Trajectories.msg
[9.652s] -- Installing: /home/roar/Desktop/projects/lilian/roar-gokart-ws/src/core/core/install/planning_interfaces/share/planning_interfaces/msg/TrajectoryScore.msg
[9.652s] -- Installing: /home/roar/Desktop/projects/lilian/roar-gokart-ws/src/core/core/install/planning_interfaces/share/planning_interfaces/msg/Trajectory.msg
[9.653s] -- Installing: /home/roar/Desktop/projects/lilian/roar-gokart-ws/src/core/core/install/planning_interfaces/share/planning_interfaces/srv/TrajectoryScoring.srv
[9.653s] -- Installing: /home/roar/Desktop/projects/lilian/roar-gokart-ws/src/core/core/install/planning_interfaces/share/planning_interfaces/srv/TrajectoryScoring_Request.msg
[9.653s] -- Installing: /home/roar/Desktop/projects/lilian/roar-gokart-ws/src/core/core/install/planning_interfaces/share/planning_interfaces/srv/TrajectoryScoring_Response.msg
[9.653s] -- Installing: /home/roar/Desktop/projects/lilian/roar-gokart-ws/src/core/core/install/planning_interfaces/share/planning_interfaces/srv/ResetTrajectoryPicker.srv
[9.653s] -- Installing: /home/roar/Desktop/projects/lilian/roar-gokart-ws/src/core/core/install/planning_interfaces/share/planning_interfaces/srv/ResetTrajectoryPicker_Request.msg
[9.653s] -- Installing: /home/roar/Desktop/projects/lilian/roar-gokart-ws/src/core/core/install/planning_interfaces/share/planning_interfaces/srv/ResetTrajectoryPicker_Response.msg
[9.653s] -- Installing: /home/roar/Desktop/projects/lilian/roar-gokart-ws/src/core/core/install/planning_interfaces/share/planning_interfaces/srv/LoadMap.srv
[9.653s] -- Installing: /home/roar/Desktop/projects/lilian/roar-gokart-ws/src/core/core/install/planning_interfaces/share/planning_interfaces/srv/LoadMap_Request.msg
[9.654s] -- Installing: /home/roar/Desktop/projects/lilian/roar-gokart-ws/src/core/core/install/planning_interfaces/share/planning_interfaces/srv/LoadMap_Response.msg
[9.654s] -- Installing: /home/roar/Desktop/projects/lilian/roar-gokart-ws/src/core/core/install/planning_interfaces/share/planning_interfaces/action/TrajectoryGeneration.action
[9.654s] -- Installing: /home/roar/Desktop/projects/lilian/roar-gokart-ws/src/core/core/install/planning_interfaces/share/ament_index/resource_index/package_run_dependencies/planning_interfaces
[9.654s] -- Installing: /home/roar/Desktop/projects/lilian/roar-gokart-ws/src/core/core/install/planning_interfaces/share/ament_index/resource_index/parent_prefix_path/planning_interfaces
[9.654s] -- Installing: /home/roar/Desktop/projects/lilian/roar-gokart-ws/src/core/core/install/planning_interfaces/share/planning_interfaces/environment/ament_prefix_path.sh
[9.654s] -- Installing: /home/roar/Desktop/projects/lilian/roar-gokart-ws/src/core/core/install/planning_interfaces/share/planning_interfaces/environment/ament_prefix_path.dsv
[9.654s] -- Installing: /home/roar/Desktop/projects/lilian/roar-gokart-ws/src/core/core/install/planning_interfaces/share/planning_interfaces/environment/path.sh
[9.655s] -- Installing: /home/roar/Desktop/projects/lilian/roar-gokart-ws/src/core/core/install/planning_interfaces/share/planning_interfaces/environment/path.dsv
[9.655s] -- Installing: /home/roar/Desktop/projects/lilian/roar-gokart-ws/src/core/core/install/planning_interfaces/share/planning_interfaces/local_setup.bash
[9.655s] -- Installing: /home/roar/Desktop/projects/lilian/roar-gokart-ws/src/core/core/install/planning_interfaces/share/planning_interfaces/local_setup.sh
[9.655s] -- Installing: /home/roar/Desktop/projects/lilian/roar-gokart-ws/src/core/core/install/planning_interfaces/share/planning_interfaces/local_setup.zsh
[9.655s] -- Installing: /home/roar/Desktop/projects/lilian/roar-gokart-ws/src/core/core/install/planning_interfaces/share/planning_interfaces/local_setup.dsv
[9.655s] -- Installing: /home/roar/Desktop/projects/lilian/roar-gokart-ws/src/core/core/install/planning_interfaces/share/planning_interfaces/package.dsv
[9.655s] -- Installing: /home/roar/Desktop/projects/lilian/roar-gokart-ws/src/core/core/install/planning_interfaces/share/ament_index/resource_index/packages/planning_interfaces
[9.655s] -- Installing: /home/roar/Desktop/projects/lilian/roar-gokart-ws/src/core/core/install/planning_interfaces/share/planning_interfaces/cmake/planning_interfaces__rosidl_generator_cExport.cmake
[9.655s] -- Installing: /home/roar/Desktop/projects/lilian/roar-gokart-ws/src/core/core/install/planning_interfaces/share/planning_interfaces/cmake/planning_interfaces__rosidl_generator_cExport-noconfig.cmake
[9.656s] -- Installing: /home/roar/Desktop/projects/lilian/roar-gokart-ws/src/core/core/install/planning_interfaces/share/planning_interfaces/cmake/planning_interfaces__rosidl_typesupport_introspection_cExport.cmake
[9.656s] -- Installing: /home/roar/Desktop/projects/lilian/roar-gokart-ws/src/core/core/install/planning_interfaces/share/planning_interfaces/cmake/planning_interfaces__rosidl_typesupport_introspection_cExport-noconfig.cmake
[9.656s] -- Installing: /home/roar/Desktop/projects/lilian/roar-gokart-ws/src/core/core/install/planning_interfaces/share/planning_interfaces/cmake/planning_interfaces__rosidl_typesupport_cExport.cmake
[9.656s] -- Installing: /home/roar/Desktop/projects/lilian/roar-gokart-ws/src/core/core/install/planning_interfaces/share/planning_interfaces/cmake/planning_interfaces__rosidl_typesupport_cExport-noconfig.cmake
[9.656s] -- Installing: /home/roar/Desktop/projects/lilian/roar-gokart-ws/src/core/core/install/planning_interfaces/share/planning_interfaces/cmake/planning_interfaces__rosidl_generator_cppExport.cmake
[9.656s] -- Installing: /home/roar/Desktop/projects/lilian/roar-gokart-ws/src/core/core/install/planning_interfaces/share/planning_interfaces/cmake/planning_interfaces__rosidl_typesupport_introspection_cppExport.cmake
[9.656s] -- Installing: /home/roar/Desktop/projects/lilian/roar-gokart-ws/src/core/core/install/planning_interfaces/share/planning_interfaces/cmake/planning_interfaces__rosidl_typesupport_introspection_cppExport-noconfig.cmake
[9.657s] -- Installing: /home/roar/Desktop/projects/lilian/roar-gokart-ws/src/core/core/install/planning_interfaces/share/planning_interfaces/cmake/planning_interfaces__rosidl_typesupport_cppExport.cmake
[9.657s] -- Installing: /home/roar/Desktop/projects/lilian/roar-gokart-ws/src/core/core/install/planning_interfaces/share/planning_interfaces/cmake/planning_interfaces__rosidl_typesupport_cppExport-noconfig.cmake
[9.657s] -- Installing: /home/roar/Desktop/projects/lilian/roar-gokart-ws/src/core/core/install/planning_interfaces/share/planning_interfaces/cmake/rosidl_cmake-extras.cmake
[9.657s] -- Installing: /home/roar/Desktop/projects/lilian/roar-gokart-ws/src/core/core/install/planning_interfaces/share/planning_interfaces/cmake/ament_cmake_export_dependencies-extras.cmake
[9.657s] -- Installing: /home/roar/Desktop/projects/lilian/roar-gokart-ws/src/core/core/install/planning_interfaces/share/planning_interfaces/cmake/ament_cmake_export_libraries-extras.cmake
[9.657s] -- Installing: /home/roar/Desktop/projects/lilian/roar-gokart-ws/src/core/core/install/planning_interfaces/share/planning_interfaces/cmake/ament_cmake_export_targets-extras.cmake
[9.657s] -- Installing: /home/roar/Desktop/projects/lilian/roar-gokart-ws/src/core/core/install/planning_interfaces/share/planning_interfaces/cmake/ament_cmake_export_include_directories-extras.cmake
[9.657s] -- Installing: /home/roar/Desktop/projects/lilian/roar-gokart-ws/src/core/core/install/planning_interfaces/share/planning_interfaces/cmake/rosidl_cmake_export_typesupport_libraries-extras.cmake
[9.657s] -- Installing: /home/roar/Desktop/projects/lilian/roar-gokart-ws/src/core/core/install/planning_interfaces/share/planning_interfaces/cmake/rosidl_cmake_export_typesupport_targets-extras.cmake
[9.657s] -- Installing: /home/roar/Desktop/projects/lilian/roar-gokart-ws/src/core/core/install/planning_interfaces/share/planning_interfaces/cmake/planning_interfacesConfig.cmake
[9.657s] -- Installing: /home/roar/Desktop/projects/lilian/roar-gokart-ws/src/core/core/install/planning_interfaces/share/planning_interfaces/cmake/planning_interfacesConfig-version.cmake
[9.658s] -- Installing: /home/roar/Desktop/projects/lilian/roar-gokart-ws/src/core/core/install/planning_interfaces/share/planning_interfaces/package.xml
[9.662s] Invoked command in '/home/roar/Desktop/projects/lilian/roar-gokart-ws/src/core/core/build/planning_interfaces' returned '0': CMAKE_PREFIX_PATH=${CMAKE_PREFIX_PATH}:/home/roar/Desktop/projects/lilian/roar-gokart-ws/install/waypoint_recorder:/home/roar/Desktop/projects/lilian/roar-gokart-ws/install/roar_carla_manual_controller:/home/roar/Desktop/projects/lilian/roar-gokart-ws/install/roar_carla_interface:/home/roar/Desktop/projects/lilian/roar-gokart-ws/install/roar_manual_control:/home/roar/carla-ros-bridge/install/rqt_carla_control:/home/roar/carla-ros-bridge/install/carla_waypoint_publisher:/home/roar/carla-ros-bridge/install/carla_ackermann_control:/home/roar/carla-ros-bridge/install/carla_ros_bridge:/home/roar/carla-ros-bridge/install/carla_spawn_objects:/home/roar/carla-ros-bridge/install/carla_manual_control:/home/roar/carla-ros-bridge/install/carla_ad_agent:/home/roar/carla-ros-bridge/install/ros_compatibility:/home/roar/carla-ros-bridge/install/carla_walker_agent:/home/roar/carla-ros-bridge/install/carla_twist_to_control:/home/roar/carla-ros-bridge/install/carla_ros_scenario_runner:/home/roar/carla-ros-bridge/install/carla_common:/opt/ros/foxy /usr/bin/cmake --install /home/roar/Desktop/projects/lilian/roar-gokart-ws/src/core/core/build/planning_interfaces
