running egg_info
creating ../../../build/roar_manual_control/roar_manual_control.egg-info
writing ../../../build/roar_manual_control/roar_manual_control.egg-info/PKG-INFO
writing dependency_links to ../../../build/roar_manual_control/roar_manual_control.egg-info/dependency_links.txt
writing entry points to ../../../build/roar_manual_control/roar_manual_control.egg-info/entry_points.txt
writing requirements to ../../../build/roar_manual_control/roar_manual_control.egg-info/requires.txt
writing top-level names to ../../../build/roar_manual_control/roar_manual_control.egg-info/top_level.txt
writing manifest file '../../../build/roar_manual_control/roar_manual_control.egg-info/SOURCES.txt'
reading manifest file '../../../build/roar_manual_control/roar_manual_control.egg-info/SOURCES.txt'
writing manifest file '../../../build/roar_manual_control/roar_manual_control.egg-info/SOURCES.txt'
running build
running build_py
creating /home/roar/Desktop/projects/lilian/roar-gokart-ws/src/core/core/build/roar_manual_control/build
creating /home/roar/Desktop/projects/lilian/roar-gokart-ws/src/core/core/build/roar_manual_control/build/lib
creating /home/roar/Desktop/projects/lilian/roar-gokart-ws/src/core/core/build/roar_manual_control/build/lib/roar_manual_control
copying roar_manual_control/roar_manual_controller_node.py -> /home/roar/Desktop/projects/lilian/roar-gokart-ws/src/core/core/build/roar_manual_control/build/lib/roar_manual_control
copying roar_manual_control/__init__.py -> /home/roar/Desktop/projects/lilian/roar-gokart-ws/src/core/core/build/roar_manual_control/build/lib/roar_manual_control
running install
running install_lib
creating /home/roar/Desktop/projects/lilian/roar-gokart-ws/src/core/core/install/roar_manual_control/lib/python3.8/site-packages/roar_manual_control
copying /home/roar/Desktop/projects/lilian/roar-gokart-ws/src/core/core/build/roar_manual_control/build/lib/roar_manual_control/roar_manual_controller_node.py -> /home/roar/Desktop/projects/lilian/roar-gokart-ws/src/core/core/install/roar_manual_control/lib/python3.8/site-packages/roar_manual_control
copying /home/roar/Desktop/projects/lilian/roar-gokart-ws/src/core/core/build/roar_manual_control/build/lib/roar_manual_control/__init__.py -> /home/roar/Desktop/projects/lilian/roar-gokart-ws/src/core/core/install/roar_manual_control/lib/python3.8/site-packages/roar_manual_control
byte-compiling /home/roar/Desktop/projects/lilian/roar-gokart-ws/src/core/core/install/roar_manual_control/lib/python3.8/site-packages/roar_manual_control/roar_manual_controller_node.py to roar_manual_controller_node.cpython-38.pyc
byte-compiling /home/roar/Desktop/projects/lilian/roar-gokart-ws/src/core/core/install/roar_manual_control/lib/python3.8/site-packages/roar_manual_control/__init__.py to __init__.cpython-38.pyc
running install_data
creating /home/roar/Desktop/projects/lilian/roar-gokart-ws/src/core/core/install/roar_manual_control/share/ament_index
creating /home/roar/Desktop/projects/lilian/roar-gokart-ws/src/core/core/install/roar_manual_control/share/ament_index/resource_index
creating /home/roar/Desktop/projects/lilian/roar-gokart-ws/src/core/core/install/roar_manual_control/share/ament_index/resource_index/packages
copying resource/roar_manual_control -> /home/roar/Desktop/projects/lilian/roar-gokart-ws/src/core/core/install/roar_manual_control/share/ament_index/resource_index/packages
copying package.xml -> /home/roar/Desktop/projects/lilian/roar-gokart-ws/src/core/core/install/roar_manual_control/share/roar_manual_control
creating /home/roar/Desktop/projects/lilian/roar-gokart-ws/src/core/core/install/roar_manual_control/share/roar_manual_control/launch
copying launch/roar_manual_control.launch.py -> /home/roar/Desktop/projects/lilian/roar-gokart-ws/src/core/core/install/roar_manual_control/share/roar_manual_control/launch
creating /home/roar/Desktop/projects/lilian/roar-gokart-ws/src/core/core/install/roar_manual_control/share/roar_manual_control/params
copying params/config.yaml -> /home/roar/Desktop/projects/lilian/roar-gokart-ws/src/core/core/install/roar_manual_control/share/roar_manual_control/params
running install_egg_info
Copying ../../../build/roar_manual_control/roar_manual_control.egg-info to /home/roar/Desktop/projects/lilian/roar-gokart-ws/src/core/core/install/roar_manual_control/lib/python3.8/site-packages/roar_manual_control-0.0.0-py3.8.egg-info
running install_scripts
Installing roar_manual_controller_node script to /home/roar/Desktop/projects/lilian/roar-gokart-ws/src/core/core/install/roar_manual_control/lib/roar_manual_control
writing list of installed files to '/home/roar/Desktop/projects/lilian/roar-gokart-ws/src/core/core/build/roar_manual_control/install.log'
