[0.927s] Invoking command in '/home/roar/Desktop/projects/lilian/roar-gokart-ws/src/core/core/src/misc/roar_manual_control': AMENT_PREFIX_PATH=/home/roar/Desktop/projects/lilian/roar-gokart-ws/src/core/core/install/roar_msgs:${AMENT_PREFIX_PATH} CMAKE_PREFIX_PATH=/home/roar/Desktop/projects/lilian/roar-gokart-ws/src/core/core/install/roar_msgs:${CMAKE_PREFIX_PATH} LD_LIBRARY_PATH=/home/roar/Desktop/projects/lilian/roar-gokart-ws/src/core/core/install/roar_msgs/lib:${LD_LIBRARY_PATH} PYTHONPATH=/home/roar/Desktop/projects/lilian/roar-gokart-ws/src/core/core/install/roar_manual_control/lib/python3.8/site-packages:/home/roar/Desktop/projects/lilian/roar-gokart-ws/src/core/core/install/roar_msgs/lib/python3.8/site-packages:${PYTHONPATH} /usr/bin/python3 setup.py egg_info --egg-base ../../../build/roar_manual_control build --build-base /home/roar/Desktop/projects/lilian/roar-gokart-ws/src/core/core/build/roar_manual_control/build install --prefix /home/roar/Desktop/projects/lilian/roar-gokart-ws/src/core/core/install/roar_manual_control --record /home/roar/Desktop/projects/lilian/roar-gokart-ws/src/core/core/build/roar_manual_control/install.log --single-version-externally-managed
[1.234s] running egg_info
[1.234s] creating ../../../build/roar_manual_control/roar_manual_control.egg-info
[1.235s] writing ../../../build/roar_manual_control/roar_manual_control.egg-info/PKG-INFO
[1.235s] writing dependency_links to ../../../build/roar_manual_control/roar_manual_control.egg-info/dependency_links.txt
[1.235s] writing entry points to ../../../build/roar_manual_control/roar_manual_control.egg-info/entry_points.txt
[1.235s] writing requirements to ../../../build/roar_manual_control/roar_manual_control.egg-info/requires.txt
[1.235s] writing top-level names to ../../../build/roar_manual_control/roar_manual_control.egg-info/top_level.txt
[1.236s] writing manifest file '../../../build/roar_manual_control/roar_manual_control.egg-info/SOURCES.txt'
[1.276s] reading manifest file '../../../build/roar_manual_control/roar_manual_control.egg-info/SOURCES.txt'
[1.277s] writing manifest file '../../../build/roar_manual_control/roar_manual_control.egg-info/SOURCES.txt'
[1.277s] running build
[1.277s] running build_py
[1.277s] creating /home/roar/Desktop/projects/lilian/roar-gokart-ws/src/core/core/build/roar_manual_control/build
[1.277s] creating /home/roar/Desktop/projects/lilian/roar-gokart-ws/src/core/core/build/roar_manual_control/build/lib
[1.278s] creating /home/roar/Desktop/projects/lilian/roar-gokart-ws/src/core/core/build/roar_manual_control/build/lib/roar_manual_control
[1.278s] copying roar_manual_control/roar_manual_controller_node.py -> /home/roar/Desktop/projects/lilian/roar-gokart-ws/src/core/core/build/roar_manual_control/build/lib/roar_manual_control
[1.278s] copying roar_manual_control/__init__.py -> /home/roar/Desktop/projects/lilian/roar-gokart-ws/src/core/core/build/roar_manual_control/build/lib/roar_manual_control
[1.278s] running install
[1.279s] running install_lib
[1.280s] creating /home/roar/Desktop/projects/lilian/roar-gokart-ws/src/core/core/install/roar_manual_control/lib/python3.8/site-packages/roar_manual_control
[1.280s] copying /home/roar/Desktop/projects/lilian/roar-gokart-ws/src/core/core/build/roar_manual_control/build/lib/roar_manual_control/roar_manual_controller_node.py -> /home/roar/Desktop/projects/lilian/roar-gokart-ws/src/core/core/install/roar_manual_control/lib/python3.8/site-packages/roar_manual_control
[1.280s] copying /home/roar/Desktop/projects/lilian/roar-gokart-ws/src/core/core/build/roar_manual_control/build/lib/roar_manual_control/__init__.py -> /home/roar/Desktop/projects/lilian/roar-gokart-ws/src/core/core/install/roar_manual_control/lib/python3.8/site-packages/roar_manual_control
[1.281s] byte-compiling /home/roar/Desktop/projects/lilian/roar-gokart-ws/src/core/core/install/roar_manual_control/lib/python3.8/site-packages/roar_manual_control/roar_manual_controller_node.py to roar_manual_controller_node.cpython-38.pyc
[1.282s] byte-compiling /home/roar/Desktop/projects/lilian/roar-gokart-ws/src/core/core/install/roar_manual_control/lib/python3.8/site-packages/roar_manual_control/__init__.py to __init__.cpython-38.pyc
[1.282s] running install_data
[1.283s] creating /home/roar/Desktop/projects/lilian/roar-gokart-ws/src/core/core/install/roar_manual_control/share/ament_index
[1.283s] creating /home/roar/Desktop/projects/lilian/roar-gokart-ws/src/core/core/install/roar_manual_control/share/ament_index/resource_index
[1.283s] creating /home/roar/Desktop/projects/lilian/roar-gokart-ws/src/core/core/install/roar_manual_control/share/ament_index/resource_index/packages
[1.284s] copying resource/roar_manual_control -> /home/roar/Desktop/projects/lilian/roar-gokart-ws/src/core/core/install/roar_manual_control/share/ament_index/resource_index/packages
[1.284s] copying package.xml -> /home/roar/Desktop/projects/lilian/roar-gokart-ws/src/core/core/install/roar_manual_control/share/roar_manual_control
[1.284s] creating /home/roar/Desktop/projects/lilian/roar-gokart-ws/src/core/core/install/roar_manual_control/share/roar_manual_control/launch
[1.284s] copying launch/roar_manual_control.launch.py -> /home/roar/Desktop/projects/lilian/roar-gokart-ws/src/core/core/install/roar_manual_control/share/roar_manual_control/launch
[1.284s] creating /home/roar/Desktop/projects/lilian/roar-gokart-ws/src/core/core/install/roar_manual_control/share/roar_manual_control/params
[1.284s] copying params/config.yaml -> /home/roar/Desktop/projects/lilian/roar-gokart-ws/src/core/core/install/roar_manual_control/share/roar_manual_control/params
[1.284s] running install_egg_info
[1.286s] Copying ../../../build/roar_manual_control/roar_manual_control.egg-info to /home/roar/Desktop/projects/lilian/roar-gokart-ws/src/core/core/install/roar_manual_control/lib/python3.8/site-packages/roar_manual_control-0.0.0-py3.8.egg-info
[1.286s] running install_scripts
[1.302s] Installing roar_manual_controller_node script to /home/roar/Desktop/projects/lilian/roar-gokart-ws/src/core/core/install/roar_manual_control/lib/roar_manual_control
[1.302s] writing list of installed files to '/home/roar/Desktop/projects/lilian/roar-gokart-ws/src/core/core/build/roar_manual_control/install.log'
[1.330s] Invoked command in '/home/roar/Desktop/projects/lilian/roar-gokart-ws/src/core/core/src/misc/roar_manual_control' returned '0': AMENT_PREFIX_PATH=/home/roar/Desktop/projects/lilian/roar-gokart-ws/src/core/core/install/roar_msgs:${AMENT_PREFIX_PATH} CMAKE_PREFIX_PATH=/home/roar/Desktop/projects/lilian/roar-gokart-ws/src/core/core/install/roar_msgs:${CMAKE_PREFIX_PATH} LD_LIBRARY_PATH=/home/roar/Desktop/projects/lilian/roar-gokart-ws/src/core/core/install/roar_msgs/lib:${LD_LIBRARY_PATH} PYTHONPATH=/home/roar/Desktop/projects/lilian/roar-gokart-ws/src/core/core/install/roar_manual_control/lib/python3.8/site-packages:/home/roar/Desktop/projects/lilian/roar-gokart-ws/src/core/core/install/roar_msgs/lib/python3.8/site-packages:${PYTHONPATH} /usr/bin/python3 setup.py egg_info --egg-base ../../../build/roar_manual_control build --build-base /home/roar/Desktop/projects/lilian/roar-gokart-ws/src/core/core/build/roar_manual_control/build install --prefix /home/roar/Desktop/projects/lilian/roar-gokart-ws/src/core/core/install/roar_manual_control --record /home/roar/Desktop/projects/lilian/roar-gokart-ws/src/core/core/build/roar_manual_control/install.log --single-version-externally-managed
