-- The C compiler identification is GNU 9.4.0
-- The CXX compiler identification is GNU 9.4.0
-- Check for working C compiler: /usr/bin/cc
-- Check for working C compiler: /usr/bin/cc -- works
-- Detecting C compiler ABI info
-- Detecting C compiler ABI info - done
-- Detecting C compile features
-- Detecting C compile features - done
-- Check for working CXX compiler: /usr/bin/c++
-- Check for working CXX compiler: /usr/bin/c++ -- works
-- Detecting CXX compiler ABI info
-- Detecting CXX compiler ABI info - done
-- Detecting CXX compile features
-- Detecting CXX compile features - done
-- Found ament_cmake_auto: 0.9.9 (/opt/ros/foxy/share/ament_cmake_auto/cmake)
-- Found PythonInterp: /usr/bin/python3 (found suitable version "3.8.10", minimum required is "3") 
-- Using PYTHON_EXECUTABLE: /usr/bin/python3
-- Using all available rosidl_typesupport_c: rosidl_typesupport_fastrtps_c;rosidl_typesupport_introspection_c
-- Found rosidl_adapter: 1.2.1 (/opt/ros/foxy/share/rosidl_adapter/cmake)
-- Found OpenSSL: /usr/lib/x86_64-linux-gnu/libcrypto.so (found version "1.1.1f")  
-- Found FastRTPS: /opt/ros/foxy/include  
-- Using all available rosidl_typesupport_cpp: rosidl_typesupport_fastrtps_cpp;rosidl_typesupport_introspection_cpp
-- Found rmw_implementation_cmake: 1.0.3 (/opt/ros/foxy/share/rmw_implementation_cmake/cmake)
-- Using RMW implementation 'rmw_fastrtps_cpp' as default
-- Looking for pthread.h
-- Looking for pthread.h - found
-- Performing Test CMAKE_HAVE_LIBC_PTHREAD
-- Performing Test CMAKE_HAVE_LIBC_PTHREAD - Failed
-- Looking for pthread_create in pthreads
-- Looking for pthread_create in pthreads - not found
-- Looking for pthread_create in pthread
-- Looking for pthread_create in pthread - found
-- Found Threads: TRUE  
-- Found eigen3_cmake_module: 0.1.1 (/opt/ros/foxy/share/eigen3_cmake_module/cmake)
-- Found Eigen3: TRUE (found version "3.3.7") 
-- Configuring done
-- Generating done
-- Build files have been written to: /home/roar/Desktop/projects/lilian/roar-gokart-ws/src/core/core/build/vehicle_state_manager
[35m[1mScanning dependencies of target vehicle_state_manager_node[0m
[ 50%] [32mBuilding CXX object CMakeFiles/vehicle_state_manager_node.dir/src/vehicle_state_manager_node.cpp.o[0m
[100%] [32m[1mLinking CXX executable vehicle_state_manager_node[0m
[100%] Built target vehicle_state_manager_node
-- Install configuration: ""
-- Installing: /home/roar/Desktop/projects/lilian/roar-gokart-ws/src/core/core/install/vehicle_state_manager/include
-- Installing: /home/roar/Desktop/projects/lilian/roar-gokart-ws/src/core/core/install/vehicle_state_manager/include/vehicle_state_manager
-- Installing: /home/roar/Desktop/projects/lilian/roar-gokart-ws/src/core/core/install/vehicle_state_manager/include/vehicle_state_manager/vehicle_state_manager_node.hpp
-- Installing: /home/roar/Desktop/projects/lilian/roar-gokart-ws/src/core/core/install/vehicle_state_manager/lib/vehicle_state_manager/vehicle_state_manager_node
-- Set runtime path of "/home/roar/Desktop/projects/lilian/roar-gokart-ws/src/core/core/install/vehicle_state_manager/lib/vehicle_state_manager/vehicle_state_manager_node" to ""
-- Installing: /home/roar/Desktop/projects/lilian/roar-gokart-ws/src/core/core/install/vehicle_state_manager/share/vehicle_state_manager/launch
-- Installing: /home/roar/Desktop/projects/lilian/roar-gokart-ws/src/core/core/install/vehicle_state_manager/share/vehicle_state_manager/launch/vehicle_state_manager.launch.py
-- Installing: /home/roar/Desktop/projects/lilian/roar-gokart-ws/src/core/core/install/vehicle_state_manager/share/vehicle_state_manager/include
-- Installing: /home/roar/Desktop/projects/lilian/roar-gokart-ws/src/core/core/install/vehicle_state_manager/share/vehicle_state_manager/include/vehicle_state_manager
-- Installing: /home/roar/Desktop/projects/lilian/roar-gokart-ws/src/core/core/install/vehicle_state_manager/share/vehicle_state_manager/include/vehicle_state_manager/vehicle_state_manager_node.hpp
-- Installing: /home/roar/Desktop/projects/lilian/roar-gokart-ws/src/core/core/install/vehicle_state_manager/share/vehicle_state_manager/params
-- Installing: /home/roar/Desktop/projects/lilian/roar-gokart-ws/src/core/core/install/vehicle_state_manager/share/vehicle_state_manager/params/configs.yaml
-- Installing: /home/roar/Desktop/projects/lilian/roar-gokart-ws/src/core/core/install/vehicle_state_manager/share/ament_index/resource_index/package_run_dependencies/vehicle_state_manager
-- Installing: /home/roar/Desktop/projects/lilian/roar-gokart-ws/src/core/core/install/vehicle_state_manager/share/ament_index/resource_index/parent_prefix_path/vehicle_state_manager
-- Installing: /home/roar/Desktop/projects/lilian/roar-gokart-ws/src/core/core/install/vehicle_state_manager/share/vehicle_state_manager/environment/ament_prefix_path.sh
-- Installing: /home/roar/Desktop/projects/lilian/roar-gokart-ws/src/core/core/install/vehicle_state_manager/share/vehicle_state_manager/environment/ament_prefix_path.dsv
-- Installing: /home/roar/Desktop/projects/lilian/roar-gokart-ws/src/core/core/install/vehicle_state_manager/share/vehicle_state_manager/environment/path.sh
-- Installing: /home/roar/Desktop/projects/lilian/roar-gokart-ws/src/core/core/install/vehicle_state_manager/share/vehicle_state_manager/environment/path.dsv
-- Installing: /home/roar/Desktop/projects/lilian/roar-gokart-ws/src/core/core/install/vehicle_state_manager/share/vehicle_state_manager/local_setup.bash
-- Installing: /home/roar/Desktop/projects/lilian/roar-gokart-ws/src/core/core/install/vehicle_state_manager/share/vehicle_state_manager/local_setup.sh
-- Installing: /home/roar/Desktop/projects/lilian/roar-gokart-ws/src/core/core/install/vehicle_state_manager/share/vehicle_state_manager/local_setup.zsh
-- Installing: /home/roar/Desktop/projects/lilian/roar-gokart-ws/src/core/core/install/vehicle_state_manager/share/vehicle_state_manager/local_setup.dsv
-- Installing: /home/roar/Desktop/projects/lilian/roar-gokart-ws/src/core/core/install/vehicle_state_manager/share/vehicle_state_manager/package.dsv
-- Installing: /home/roar/Desktop/projects/lilian/roar-gokart-ws/src/core/core/install/vehicle_state_manager/share/ament_index/resource_index/packages/vehicle_state_manager
-- Installing: /home/roar/Desktop/projects/lilian/roar-gokart-ws/src/core/core/install/vehicle_state_manager/share/vehicle_state_manager/cmake/ament_cmake_export_dependencies-extras.cmake
-- Installing: /home/roar/Desktop/projects/lilian/roar-gokart-ws/src/core/core/install/vehicle_state_manager/share/vehicle_state_manager/cmake/ament_cmake_export_include_directories-extras.cmake
-- Installing: /home/roar/Desktop/projects/lilian/roar-gokart-ws/src/core/core/install/vehicle_state_manager/share/vehicle_state_manager/cmake/vehicle_state_managerConfig.cmake
-- Installing: /home/roar/Desktop/projects/lilian/roar-gokart-ws/src/core/core/install/vehicle_state_manager/share/vehicle_state_manager/cmake/vehicle_state_managerConfig-version.cmake
-- Installing: /home/roar/Desktop/projects/lilian/roar-gokart-ws/src/core/core/install/vehicle_state_manager/share/vehicle_state_manager/package.xml
