[100%] Built target costmap_node_manager
-- Install configuration: ""
-- Up-to-date: /home/roar/Desktop/projects/lilian/roar-gokart-ws/src/core/core/install/costmap_node_manager/lib/costmap_node_manager/costmap_node_manager
-- Up-to-date: /home/roar/Desktop/projects/lilian/roar-gokart-ws/src/core/core/install/costmap_node_manager/share/costmap_node_manager/launch
-- Up-to-date: /home/roar/Desktop/projects/lilian/roar-gokart-ws/src/core/core/install/costmap_node_manager/share/costmap_node_manager/launch/costmap_node_manager.launch.py
-- Up-to-date: /home/roar/Desktop/projects/lilian/roar-gokart-ws/src/core/core/install/costmap_node_manager/share/costmap_node_manager/config
-- Up-to-date: /home/roar/Desktop/projects/lilian/roar-gokart-ws/src/core/core/install/costmap_node_manager/share/costmap_node_manager/config/config.yaml
-- Up-to-date: /home/roar/Desktop/projects/lilian/roar-gokart-ws/src/core/core/install/costmap_node_manager/share/ament_index/resource_index/package_run_dependencies/costmap_node_manager
-- Up-to-date: /home/roar/Desktop/projects/lilian/roar-gokart-ws/src/core/core/install/costmap_node_manager/share/ament_index/resource_index/parent_prefix_path/costmap_node_manager
-- Up-to-date: /home/roar/Desktop/projects/lilian/roar-gokart-ws/src/core/core/install/costmap_node_manager/share/costmap_node_manager/environment/ament_prefix_path.sh
-- Up-to-date: /home/roar/Desktop/projects/lilian/roar-gokart-ws/src/core/core/install/costmap_node_manager/share/costmap_node_manager/environment/ament_prefix_path.dsv
-- Up-to-date: /home/roar/Desktop/projects/lilian/roar-gokart-ws/src/core/core/install/costmap_node_manager/share/costmap_node_manager/environment/path.sh
-- Up-to-date: /home/roar/Desktop/projects/lilian/roar-gokart-ws/src/core/core/install/costmap_node_manager/share/costmap_node_manager/environment/path.dsv
-- Up-to-date: /home/roar/Desktop/projects/lilian/roar-gokart-ws/src/core/core/install/costmap_node_manager/share/costmap_node_manager/local_setup.bash
-- Up-to-date: /home/roar/Desktop/projects/lilian/roar-gokart-ws/src/core/core/install/costmap_node_manager/share/costmap_node_manager/local_setup.sh
-- Up-to-date: /home/roar/Desktop/projects/lilian/roar-gokart-ws/src/core/core/install/costmap_node_manager/share/costmap_node_manager/local_setup.zsh
-- Up-to-date: /home/roar/Desktop/projects/lilian/roar-gokart-ws/src/core/core/install/costmap_node_manager/share/costmap_node_manager/local_setup.dsv
-- Installing: /home/roar/Desktop/projects/lilian/roar-gokart-ws/src/core/core/install/costmap_node_manager/share/costmap_node_manager/package.dsv
-- Up-to-date: /home/roar/Desktop/projects/lilian/roar-gokart-ws/src/core/core/install/costmap_node_manager/share/ament_index/resource_index/packages/costmap_node_manager
-- Up-to-date: /home/roar/Desktop/projects/lilian/roar-gokart-ws/src/core/core/install/costmap_node_manager/share/costmap_node_manager/cmake/costmap_node_managerConfig.cmake
-- Up-to-date: /home/roar/Desktop/projects/lilian/roar-gokart-ws/src/core/core/install/costmap_node_manager/share/costmap_node_manager/cmake/costmap_node_managerConfig-version.cmake
-- Up-to-date: /home/roar/Desktop/projects/lilian/roar-gokart-ws/src/core/core/install/costmap_node_manager/share/costmap_node_manager/package.xml
