[100%] Built target local_planner_manager_node
-- Install configuration: ""
-- Installing: /home/roar/Desktop/projects/lilian/roar-gokart-ws/src/core/core/install/local_planner_manager/lib/local_planner_manager/local_planner_manager_node
-- Set runtime path of "/home/roar/Desktop/projects/lilian/roar-gokart-ws/src/core/core/install/local_planner_manager/lib/local_planner_manager/local_planner_manager_node" to ""
-- Installing: /home/roar/Desktop/projects/lilian/roar-gokart-ws/src/core/core/install/local_planner_manager/share/local_planner_manager/launch
-- Installing: /home/roar/Desktop/projects/lilian/roar-gokart-ws/src/core/core/install/local_planner_manager/share/local_planner_manager/launch/local_planner_manager.launch.py
-- Installing: /home/roar/Desktop/projects/lilian/roar-gokart-ws/src/core/core/install/local_planner_manager/share/local_planner_manager/params
-- Installing: /home/roar/Desktop/projects/lilian/roar-gokart-ws/src/core/core/install/local_planner_manager/share/local_planner_manager/params/configs.yaml
-- Installing: /home/roar/Desktop/projects/lilian/roar-gokart-ws/src/core/core/install/local_planner_manager/share/ament_index/resource_index/package_run_dependencies/local_planner_manager
-- Installing: /home/roar/Desktop/projects/lilian/roar-gokart-ws/src/core/core/install/local_planner_manager/share/ament_index/resource_index/parent_prefix_path/local_planner_manager
-- Installing: /home/roar/Desktop/projects/lilian/roar-gokart-ws/src/core/core/install/local_planner_manager/share/local_planner_manager/environment/ament_prefix_path.sh
-- Installing: /home/roar/Desktop/projects/lilian/roar-gokart-ws/src/core/core/install/local_planner_manager/share/local_planner_manager/environment/ament_prefix_path.dsv
-- Installing: /home/roar/Desktop/projects/lilian/roar-gokart-ws/src/core/core/install/local_planner_manager/share/local_planner_manager/environment/path.sh
-- Installing: /home/roar/Desktop/projects/lilian/roar-gokart-ws/src/core/core/install/local_planner_manager/share/local_planner_manager/environment/path.dsv
-- Installing: /home/roar/Desktop/projects/lilian/roar-gokart-ws/src/core/core/install/local_planner_manager/share/local_planner_manager/local_setup.bash
-- Installing: /home/roar/Desktop/projects/lilian/roar-gokart-ws/src/core/core/install/local_planner_manager/share/local_planner_manager/local_setup.sh
-- Installing: /home/roar/Desktop/projects/lilian/roar-gokart-ws/src/core/core/install/local_planner_manager/share/local_planner_manager/local_setup.zsh
-- Installing: /home/roar/Desktop/projects/lilian/roar-gokart-ws/src/core/core/install/local_planner_manager/share/local_planner_manager/local_setup.dsv
-- Installing: /home/roar/Desktop/projects/lilian/roar-gokart-ws/src/core/core/install/local_planner_manager/share/local_planner_manager/package.dsv
-- Installing: /home/roar/Desktop/projects/lilian/roar-gokart-ws/src/core/core/install/local_planner_manager/share/ament_index/resource_index/packages/local_planner_manager
-- Installing: /home/roar/Desktop/projects/lilian/roar-gokart-ws/src/core/core/install/local_planner_manager/share/local_planner_manager/cmake/local_planner_managerConfig.cmake
-- Installing: /home/roar/Desktop/projects/lilian/roar-gokart-ws/src/core/core/install/local_planner_manager/share/local_planner_manager/cmake/local_planner_managerConfig-version.cmake
-- Installing: /home/roar/Desktop/projects/lilian/roar-gokart-ws/src/core/core/install/local_planner_manager/share/local_planner_manager/package.xml
