[0.051s] Invoking command in '/home/roar/Desktop/projects/lilian/roar-gokart-ws/src/core/core/build/control_interfaces': CMAKE_PREFIX_PATH=${CMAKE_PREFIX_PATH}:/home/roar/Desktop/projects/lilian/roar-gokart-ws/install/waypoint_recorder:/home/roar/Desktop/projects/lilian/roar-gokart-ws/install/roar_carla_manual_controller:/home/roar/Desktop/projects/lilian/roar-gokart-ws/install/roar_carla_interface:/home/roar/Desktop/projects/lilian/roar-gokart-ws/install/roar_manual_control:/home/roar/carla-ros-bridge/install/rqt_carla_control:/home/roar/carla-ros-bridge/install/carla_waypoint_publisher:/home/roar/carla-ros-bridge/install/carla_ackermann_control:/home/roar/carla-ros-bridge/install/carla_ros_bridge:/home/roar/carla-ros-bridge/install/carla_spawn_objects:/home/roar/carla-ros-bridge/install/carla_manual_control:/home/roar/carla-ros-bridge/install/carla_ad_agent:/home/roar/carla-ros-bridge/install/ros_compatibility:/home/roar/carla-ros-bridge/install/carla_walker_agent:/home/roar/carla-ros-bridge/install/carla_twist_to_control:/home/roar/carla-ros-bridge/install/carla_ros_scenario_runner:/home/roar/carla-ros-bridge/install/carla_common:/opt/ros/foxy /usr/bin/cmake /home/roar/Desktop/projects/lilian/roar-gokart-ws/src/core/core/src/control/control_interfaces -DCMAKE_INSTALL_PREFIX=/home/roar/Desktop/projects/lilian/roar-gokart-ws/src/core/core/install/control_interfaces
[0.102s] -- The C compiler identification is GNU 9.4.0
[0.161s] -- The CXX compiler identification is GNU 9.4.0
[0.168s] -- Check for working C compiler: /usr/bin/cc
[0.240s] -- Check for working C compiler: /usr/bin/cc -- works
[0.241s] -- Detecting C compiler ABI info
[0.302s] -- Detecting C compiler ABI info - done
[0.312s] -- Detecting C compile features
[0.312s] -- Detecting C compile features - done
[0.315s] -- Check for working CXX compiler: /usr/bin/c++
[0.397s] -- Check for working CXX compiler: /usr/bin/c++ -- works
[0.398s] -- Detecting CXX compiler ABI info
[0.475s] -- Detecting CXX compiler ABI info - done
[0.485s] -- Detecting CXX compile features
[0.485s] -- Detecting CXX compile features - done
[0.489s] -- Found ament_cmake: 0.9.9 (/opt/ros/foxy/share/ament_cmake/cmake)
[0.522s] -- Found PythonInterp: /usr/bin/python3 (found suitable version "3.8.10", minimum required is "3") 
[0.522s] -- Using PYTHON_EXECUTABLE: /usr/bin/python3
[0.769s] -- Found nav_msgs: 2.0.5 (/opt/ros/foxy/share/nav_msgs/cmake)
[0.820s] -- Using all available rosidl_typesupport_c: rosidl_typesupport_fastrtps_c;rosidl_typesupport_introspection_c
[0.838s] -- Found rosidl_adapter: 1.2.1 (/opt/ros/foxy/share/rosidl_adapter/cmake)
[0.944s] -- Found OpenSSL: /usr/lib/x86_64-linux-gnu/libcrypto.so (found version "1.1.1f")  
[0.976s] -- Found FastRTPS: /opt/ros/foxy/include  
[1.072s] -- Using all available rosidl_typesupport_cpp: rosidl_typesupport_fastrtps_cpp;rosidl_typesupport_introspection_cpp
[1.275s] -- Found rosidl_default_generators: 1.0.1 (/opt/ros/foxy/share/rosidl_default_generators/cmake)
[1.315s] -- Found PythonInterp: /usr/bin/python3 (found version "3.8.10") 
[1.535s] -- Found ament_cmake_ros: 0.9.2 (/opt/ros/foxy/share/ament_cmake_ros/cmake)
[1.823s] -- Using all available rosidl_typesupport_c: rosidl_typesupport_fastrtps_c;rosidl_typesupport_introspection_c
[1.955s] -- Using all available rosidl_typesupport_cpp: rosidl_typesupport_fastrtps_cpp;rosidl_typesupport_introspection_cpp
[1.994s] -- Found PythonInterp: /usr/bin/python3 (found suitable version "3.8.10", minimum required is "3.5") 
[2.000s] -- Found python_cmake_module: 0.8.1 (/opt/ros/foxy/share/python_cmake_module/cmake)
[2.033s] -- Found PythonLibs: /usr/lib/x86_64-linux-gnu/libpython3.8.so (found suitable version "3.8.10", minimum required is "3.5") 
[2.034s] -- Using PYTHON_EXECUTABLE: /usr/bin/python3
[2.034s] -- Using PYTHON_INCLUDE_DIRS: /usr/include/python3.8
[2.034s] -- Using PYTHON_LIBRARIES: /usr/lib/x86_64-linux-gnu/libpython3.8.so
[2.058s] -- Found PythonExtra: .so  
[2.191s] -- Configuring done
[2.247s] -- Generating done
[2.249s] -- Build files have been written to: /home/roar/Desktop/projects/lilian/roar-gokart-ws/src/core/core/build/control_interfaces
[2.256s] Invoked command in '/home/roar/Desktop/projects/lilian/roar-gokart-ws/src/core/core/build/control_interfaces' returned '0': CMAKE_PREFIX_PATH=${CMAKE_PREFIX_PATH}:/home/roar/Desktop/projects/lilian/roar-gokart-ws/install/waypoint_recorder:/home/roar/Desktop/projects/lilian/roar-gokart-ws/install/roar_carla_manual_controller:/home/roar/Desktop/projects/lilian/roar-gokart-ws/install/roar_carla_interface:/home/roar/Desktop/projects/lilian/roar-gokart-ws/install/roar_manual_control:/home/roar/carla-ros-bridge/install/rqt_carla_control:/home/roar/carla-ros-bridge/install/carla_waypoint_publisher:/home/roar/carla-ros-bridge/install/carla_ackermann_control:/home/roar/carla-ros-bridge/install/carla_ros_bridge:/home/roar/carla-ros-bridge/install/carla_spawn_objects:/home/roar/carla-ros-bridge/install/carla_manual_control:/home/roar/carla-ros-bridge/install/carla_ad_agent:/home/roar/carla-ros-bridge/install/ros_compatibility:/home/roar/carla-ros-bridge/install/carla_walker_agent:/home/roar/carla-ros-bridge/install/carla_twist_to_control:/home/roar/carla-ros-bridge/install/carla_ros_scenario_runner:/home/roar/carla-ros-bridge/install/carla_common:/opt/ros/foxy /usr/bin/cmake /home/roar/Desktop/projects/lilian/roar-gokart-ws/src/core/core/src/control/control_interfaces -DCMAKE_INSTALL_PREFIX=/home/roar/Desktop/projects/lilian/roar-gokart-ws/src/core/core/install/control_interfaces
[2.259s] Invoking command in '/home/roar/Desktop/projects/lilian/roar-gokart-ws/src/core/core/build/control_interfaces': CMAKE_PREFIX_PATH=${CMAKE_PREFIX_PATH}:/home/roar/Desktop/projects/lilian/roar-gokart-ws/install/waypoint_recorder:/home/roar/Desktop/projects/lilian/roar-gokart-ws/install/roar_carla_manual_controller:/home/roar/Desktop/projects/lilian/roar-gokart-ws/install/roar_carla_interface:/home/roar/Desktop/projects/lilian/roar-gokart-ws/install/roar_manual_control:/home/roar/carla-ros-bridge/install/rqt_carla_control:/home/roar/carla-ros-bridge/install/carla_waypoint_publisher:/home/roar/carla-ros-bridge/install/carla_ackermann_control:/home/roar/carla-ros-bridge/install/carla_ros_bridge:/home/roar/carla-ros-bridge/install/carla_spawn_objects:/home/roar/carla-ros-bridge/install/carla_manual_control:/home/roar/carla-ros-bridge/install/carla_ad_agent:/home/roar/carla-ros-bridge/install/ros_compatibility:/home/roar/carla-ros-bridge/install/carla_walker_agent:/home/roar/carla-ros-bridge/install/carla_twist_to_control:/home/roar/carla-ros-bridge/install/carla_ros_scenario_runner:/home/roar/carla-ros-bridge/install/carla_common:/opt/ros/foxy /usr/bin/cmake --build /home/roar/Desktop/projects/lilian/roar-gokart-ws/src/core/core/build/control_interfaces -- -j16 -l16
[2.299s] [  3%] [34m[1mGenerating C code for ROS interfaces[0m
[2.299s] [35m[1mScanning dependencies of target control_interfaces__cpp[0m
[2.314s] [  6%] [34m[1mGenerating C++ code for ROS interfaces[0m
[2.628s] [35m[1mScanning dependencies of target control_interfaces__rosidl_generator_c[0m
[2.643s] [  9%] [32mBuilding C object CMakeFiles/control_interfaces__rosidl_generator_c.dir/rosidl_generator_c/control_interfaces/action/detail/control__functions.c.o[0m
[2.647s] [  9%] Built target control_interfaces__cpp
[2.657s] [ 16%] [34m[1mGenerating C++ type support for eProsima Fast-RTPS[0m
[2.657s] [ 16%] [34m[1mGenerating C++ introspection for ROS interfaces[0m
[2.661s] [ 19%] [34m[1mGenerating C++ type support dispatch for ROS interfaces[0m
[2.717s] [ 22%] [32m[1mLinking C shared library libcontrol_interfaces__rosidl_generator_c.so[0m
[2.750s] [ 22%] Built target control_interfaces__rosidl_generator_c
[2.761s] [ 25%] [34m[1mGenerating C type support dispatch for ROS interfaces[0m
[2.762s] [ 29%] [34m[1mGenerating C introspection for ROS interfaces[0m
[3.029s] [35m[1mScanning dependencies of target control_interfaces__rosidl_typesupport_introspection_cpp[0m
[3.048s] [ 32%] [32mBuilding CXX object CMakeFiles/control_interfaces__rosidl_typesupport_introspection_cpp.dir/rosidl_typesupport_introspection_cpp/control_interfaces/action/detail/control__type_support.cpp.o[0m
[3.060s] [35m[1mScanning dependencies of target control_interfaces__rosidl_typesupport_cpp[0m
[3.079s] [ 35%] [32mBuilding CXX object CMakeFiles/control_interfaces__rosidl_typesupport_cpp.dir/rosidl_typesupport_cpp/control_interfaces/action/control__type_support.cpp.o[0m
[3.128s] [35m[1mScanning dependencies of target control_interfaces__rosidl_typesupport_c[0m
[3.130s] [35m[1mScanning dependencies of target control_interfaces__rosidl_typesupport_fastrtps_cpp[0m
[3.161s] [ 38%] [32mBuilding CXX object CMakeFiles/control_interfaces__rosidl_typesupport_c.dir/rosidl_typesupport_c/control_interfaces/action/control__type_support.cpp.o[0m
[3.163s] [ 41%] [32mBuilding CXX object CMakeFiles/control_interfaces__rosidl_typesupport_fastrtps_cpp.dir/rosidl_typesupport_fastrtps_cpp/control_interfaces/action/detail/dds_fastrtps/control__type_support.cpp.o[0m
[3.202s] [35m[1mScanning dependencies of target control_interfaces__rosidl_typesupport_introspection_c[0m
[3.222s] [ 45%] [32mBuilding C object CMakeFiles/control_interfaces__rosidl_typesupport_introspection_c.dir/rosidl_typesupport_introspection_c/control_interfaces/action/detail/control__type_support.c.o[0m
[3.239s] [ 48%] [32m[1mLinking CXX shared library libcontrol_interfaces__rosidl_typesupport_c.so[0m
[3.283s] [ 51%] [32m[1mLinking C shared library libcontrol_interfaces__rosidl_typesupport_introspection_c.so[0m
[3.289s] [ 51%] Built target control_interfaces__rosidl_typesupport_c
[3.320s] [ 51%] Built target control_interfaces__rosidl_typesupport_introspection_c
[3.411s] [ 54%] [32m[1mLinking CXX shared library libcontrol_interfaces__rosidl_typesupport_cpp.so[0m
[3.452s] [ 58%] [32m[1mLinking CXX shared library libcontrol_interfaces__rosidl_typesupport_introspection_cpp.so[0m
[3.466s] [ 58%] Built target control_interfaces__rosidl_typesupport_cpp
[3.559s] [ 58%] Built target control_interfaces__rosidl_typesupport_introspection_cpp
[3.645s] [ 61%] [32m[1mLinking CXX shared library libcontrol_interfaces__rosidl_typesupport_fastrtps_cpp.so[0m
[3.788s] [ 61%] Built target control_interfaces__rosidl_typesupport_fastrtps_cpp
[3.805s] [ 64%] [34m[1mGenerating C type support for eProsima Fast-RTPS[0m
[4.379s] [35m[1mScanning dependencies of target control_interfaces__rosidl_typesupport_fastrtps_c[0m
[4.409s] [ 67%] [32mBuilding CXX object CMakeFiles/control_interfaces__rosidl_typesupport_fastrtps_c.dir/rosidl_typesupport_fastrtps_c/control_interfaces/action/detail/control__type_support_c.cpp.o[0m
[5.004s] [ 70%] [32m[1mLinking CXX shared library libcontrol_interfaces__rosidl_typesupport_fastrtps_c.so[0m
[5.134s] [ 70%] Built target control_interfaces__rosidl_typesupport_fastrtps_c
[5.149s] [35m[1mScanning dependencies of target control_interfaces[0m
[5.162s] [ 70%] Built target control_interfaces
[5.175s] [35m[1mScanning dependencies of target control_interfaces__py[0m
[5.190s] [ 74%] [34m[1mGenerating Python code for ROS interfaces[0m
[5.982s] [ 74%] Built target control_interfaces__py
[5.994s] [35m[1mScanning dependencies of target control_interfaces__python[0m
[6.013s] [ 77%] [32mBuilding C object CMakeFiles/control_interfaces__python.dir/rosidl_generator_py/control_interfaces/action/_control_s.c.o[0m
[6.123s] [ 80%] [32m[1mLinking C shared library rosidl_generator_py/control_interfaces/libcontrol_interfaces__python.so[0m
[6.189s] [ 80%] Built target control_interfaces__python
[6.223s] [35m[1mScanning dependencies of target control_interfaces__rosidl_typesupport_c__pyext[0m
[6.231s] [35m[1mScanning dependencies of target control_interfaces__rosidl_typesupport_fastrtps_c__pyext[0m
[6.233s] [35m[1mScanning dependencies of target control_interfaces__rosidl_typesupport_introspection_c__pyext[0m
[6.241s] [ 83%] [32mBuilding C object CMakeFiles/control_interfaces__rosidl_typesupport_c__pyext.dir/rosidl_generator_py/control_interfaces/_control_interfaces_s.ep.rosidl_typesupport_c.c.o[0m
[6.254s] [ 87%] [32mBuilding C object CMakeFiles/control_interfaces__rosidl_typesupport_fastrtps_c__pyext.dir/rosidl_generator_py/control_interfaces/_control_interfaces_s.ep.rosidl_typesupport_fastrtps_c.c.o[0m
[6.254s] [ 90%] [32mBuilding C object CMakeFiles/control_interfaces__rosidl_typesupport_introspection_c__pyext.dir/rosidl_generator_py/control_interfaces/_control_interfaces_s.ep.rosidl_typesupport_introspection_c.c.o[0m
[6.339s] [ 93%] [32m[1mLinking C shared library rosidl_generator_py/control_interfaces/control_interfaces_s__rosidl_typesupport_c.cpython-38-x86_64-linux-gnu.so[0m
[6.353s] [ 96%] [32m[1mLinking C shared library rosidl_generator_py/control_interfaces/control_interfaces_s__rosidl_typesupport_introspection_c.cpython-38-x86_64-linux-gnu.so[0m
[6.358s] [100%] [32m[1mLinking CXX shared library rosidl_generator_py/control_interfaces/control_interfaces_s__rosidl_typesupport_fastrtps_c.cpython-38-x86_64-linux-gnu.so[0m
[6.378s] [100%] Built target control_interfaces__rosidl_typesupport_c__pyext
[6.395s] [100%] Built target control_interfaces__rosidl_typesupport_introspection_c__pyext
[6.438s] [100%] Built target control_interfaces__rosidl_typesupport_fastrtps_c__pyext
[6.453s] Invoked command in '/home/roar/Desktop/projects/lilian/roar-gokart-ws/src/core/core/build/control_interfaces' returned '0': CMAKE_PREFIX_PATH=${CMAKE_PREFIX_PATH}:/home/roar/Desktop/projects/lilian/roar-gokart-ws/install/waypoint_recorder:/home/roar/Desktop/projects/lilian/roar-gokart-ws/install/roar_carla_manual_controller:/home/roar/Desktop/projects/lilian/roar-gokart-ws/install/roar_carla_interface:/home/roar/Desktop/projects/lilian/roar-gokart-ws/install/roar_manual_control:/home/roar/carla-ros-bridge/install/rqt_carla_control:/home/roar/carla-ros-bridge/install/carla_waypoint_publisher:/home/roar/carla-ros-bridge/install/carla_ackermann_control:/home/roar/carla-ros-bridge/install/carla_ros_bridge:/home/roar/carla-ros-bridge/install/carla_spawn_objects:/home/roar/carla-ros-bridge/install/carla_manual_control:/home/roar/carla-ros-bridge/install/carla_ad_agent:/home/roar/carla-ros-bridge/install/ros_compatibility:/home/roar/carla-ros-bridge/install/carla_walker_agent:/home/roar/carla-ros-bridge/install/carla_twist_to_control:/home/roar/carla-ros-bridge/install/carla_ros_scenario_runner:/home/roar/carla-ros-bridge/install/carla_common:/opt/ros/foxy /usr/bin/cmake --build /home/roar/Desktop/projects/lilian/roar-gokart-ws/src/core/core/build/control_interfaces -- -j16 -l16
[6.520s] Invoking command in '/home/roar/Desktop/projects/lilian/roar-gokart-ws/src/core/core/build/control_interfaces': CMAKE_PREFIX_PATH=${CMAKE_PREFIX_PATH}:/home/roar/Desktop/projects/lilian/roar-gokart-ws/install/waypoint_recorder:/home/roar/Desktop/projects/lilian/roar-gokart-ws/install/roar_carla_manual_controller:/home/roar/Desktop/projects/lilian/roar-gokart-ws/install/roar_carla_interface:/home/roar/Desktop/projects/lilian/roar-gokart-ws/install/roar_manual_control:/home/roar/carla-ros-bridge/install/rqt_carla_control:/home/roar/carla-ros-bridge/install/carla_waypoint_publisher:/home/roar/carla-ros-bridge/install/carla_ackermann_control:/home/roar/carla-ros-bridge/install/carla_ros_bridge:/home/roar/carla-ros-bridge/install/carla_spawn_objects:/home/roar/carla-ros-bridge/install/carla_manual_control:/home/roar/carla-ros-bridge/install/carla_ad_agent:/home/roar/carla-ros-bridge/install/ros_compatibility:/home/roar/carla-ros-bridge/install/carla_walker_agent:/home/roar/carla-ros-bridge/install/carla_twist_to_control:/home/roar/carla-ros-bridge/install/carla_ros_scenario_runner:/home/roar/carla-ros-bridge/install/carla_common:/opt/ros/foxy /usr/bin/cmake --install /home/roar/Desktop/projects/lilian/roar-gokart-ws/src/core/core/build/control_interfaces
[6.530s] -- Install configuration: ""
[6.531s] -- Installing: /home/roar/Desktop/projects/lilian/roar-gokart-ws/src/core/core/install/control_interfaces/share/ament_index/resource_index/rosidl_interfaces/control_interfaces
[6.531s] -- Installing: /home/roar/Desktop/projects/lilian/roar-gokart-ws/src/core/core/install/control_interfaces/include/control_interfaces
[6.531s] -- Installing: /home/roar/Desktop/projects/lilian/roar-gokart-ws/src/core/core/install/control_interfaces/include/control_interfaces/msg
[6.531s] -- Installing: /home/roar/Desktop/projects/lilian/roar-gokart-ws/src/core/core/install/control_interfaces/include/control_interfaces/msg/rosidl_generator_c__visibility_control.h
[6.531s] -- Installing: /home/roar/Desktop/projects/lilian/roar-gokart-ws/src/core/core/install/control_interfaces/include/control_interfaces/action
[6.531s] -- Installing: /home/roar/Desktop/projects/lilian/roar-gokart-ws/src/core/core/install/control_interfaces/include/control_interfaces/action/detail
[6.531s] -- Installing: /home/roar/Desktop/projects/lilian/roar-gokart-ws/src/core/core/install/control_interfaces/include/control_interfaces/action/detail/control__functions.c
[6.531s] -- Installing: /home/roar/Desktop/projects/lilian/roar-gokart-ws/src/core/core/install/control_interfaces/include/control_interfaces/action/detail/control__type_support.h
[6.531s] -- Installing: /home/roar/Desktop/projects/lilian/roar-gokart-ws/src/core/core/install/control_interfaces/include/control_interfaces/action/detail/control__functions.h
[6.532s] -- Installing: /home/roar/Desktop/projects/lilian/roar-gokart-ws/src/core/core/install/control_interfaces/include/control_interfaces/action/detail/control__struct.h
[6.532s] -- Installing: /home/roar/Desktop/projects/lilian/roar-gokart-ws/src/core/core/install/control_interfaces/include/control_interfaces/action/control.h
[6.532s] -- Installing: /home/roar/Desktop/projects/lilian/roar-gokart-ws/src/core/core/install/control_interfaces/share/control_interfaces/environment/library_path.sh
[6.532s] -- Installing: /home/roar/Desktop/projects/lilian/roar-gokart-ws/src/core/core/install/control_interfaces/share/control_interfaces/environment/library_path.dsv
[6.532s] -- Installing: /home/roar/Desktop/projects/lilian/roar-gokart-ws/src/core/core/install/control_interfaces/lib/libcontrol_interfaces__rosidl_generator_c.so
[6.532s] -- Set runtime path of "/home/roar/Desktop/projects/lilian/roar-gokart-ws/src/core/core/install/control_interfaces/lib/libcontrol_interfaces__rosidl_generator_c.so" to ""
[6.532s] -- Up-to-date: /home/roar/Desktop/projects/lilian/roar-gokart-ws/src/core/core/install/control_interfaces/include/control_interfaces
[6.532s] -- Up-to-date: /home/roar/Desktop/projects/lilian/roar-gokart-ws/src/core/core/install/control_interfaces/include/control_interfaces/msg
[6.533s] -- Installing: /home/roar/Desktop/projects/lilian/roar-gokart-ws/src/core/core/install/control_interfaces/include/control_interfaces/msg/rosidl_typesupport_fastrtps_c__visibility_control.h
[6.533s] -- Up-to-date: /home/roar/Desktop/projects/lilian/roar-gokart-ws/src/core/core/install/control_interfaces/include/control_interfaces/action
[6.533s] -- Up-to-date: /home/roar/Desktop/projects/lilian/roar-gokart-ws/src/core/core/install/control_interfaces/include/control_interfaces/action/detail
[6.533s] -- Installing: /home/roar/Desktop/projects/lilian/roar-gokart-ws/src/core/core/install/control_interfaces/include/control_interfaces/action/detail/control__rosidl_typesupport_fastrtps_c.h
[6.533s] -- Installing: /home/roar/Desktop/projects/lilian/roar-gokart-ws/src/core/core/install/control_interfaces/lib/libcontrol_interfaces__rosidl_typesupport_fastrtps_c.so
[6.533s] -- Set runtime path of "/home/roar/Desktop/projects/lilian/roar-gokart-ws/src/core/core/install/control_interfaces/lib/libcontrol_interfaces__rosidl_typesupport_fastrtps_c.so" to ""
[6.533s] -- Up-to-date: /home/roar/Desktop/projects/lilian/roar-gokart-ws/src/core/core/install/control_interfaces/include/control_interfaces
[6.533s] -- Up-to-date: /home/roar/Desktop/projects/lilian/roar-gokart-ws/src/core/core/install/control_interfaces/include/control_interfaces/msg
[6.533s] -- Installing: /home/roar/Desktop/projects/lilian/roar-gokart-ws/src/core/core/install/control_interfaces/include/control_interfaces/msg/rosidl_typesupport_fastrtps_cpp__visibility_control.h
[6.533s] -- Up-to-date: /home/roar/Desktop/projects/lilian/roar-gokart-ws/src/core/core/install/control_interfaces/include/control_interfaces/action
[6.533s] -- Up-to-date: /home/roar/Desktop/projects/lilian/roar-gokart-ws/src/core/core/install/control_interfaces/include/control_interfaces/action/detail
[6.534s] -- Installing: /home/roar/Desktop/projects/lilian/roar-gokart-ws/src/core/core/install/control_interfaces/include/control_interfaces/action/detail/dds_fastrtps
[6.534s] -- Installing: /home/roar/Desktop/projects/lilian/roar-gokart-ws/src/core/core/install/control_interfaces/include/control_interfaces/action/detail/control__rosidl_typesupport_fastrtps_cpp.hpp
[6.534s] -- Installing: /home/roar/Desktop/projects/lilian/roar-gokart-ws/src/core/core/install/control_interfaces/lib/libcontrol_interfaces__rosidl_typesupport_fastrtps_cpp.so
[6.534s] -- Set runtime path of "/home/roar/Desktop/projects/lilian/roar-gokart-ws/src/core/core/install/control_interfaces/lib/libcontrol_interfaces__rosidl_typesupport_fastrtps_cpp.so" to ""
[6.534s] -- Up-to-date: /home/roar/Desktop/projects/lilian/roar-gokart-ws/src/core/core/install/control_interfaces/include/control_interfaces
[6.534s] -- Up-to-date: /home/roar/Desktop/projects/lilian/roar-gokart-ws/src/core/core/install/control_interfaces/include/control_interfaces/msg
[6.534s] -- Installing: /home/roar/Desktop/projects/lilian/roar-gokart-ws/src/core/core/install/control_interfaces/include/control_interfaces/msg/rosidl_typesupport_introspection_c__visibility_control.h
[6.534s] -- Up-to-date: /home/roar/Desktop/projects/lilian/roar-gokart-ws/src/core/core/install/control_interfaces/include/control_interfaces/action
[6.534s] -- Up-to-date: /home/roar/Desktop/projects/lilian/roar-gokart-ws/src/core/core/install/control_interfaces/include/control_interfaces/action/detail
[6.534s] -- Installing: /home/roar/Desktop/projects/lilian/roar-gokart-ws/src/core/core/install/control_interfaces/include/control_interfaces/action/detail/control__type_support.c
[6.534s] -- Installing: /home/roar/Desktop/projects/lilian/roar-gokart-ws/src/core/core/install/control_interfaces/include/control_interfaces/action/detail/control__rosidl_typesupport_introspection_c.h
[6.534s] -- Installing: /home/roar/Desktop/projects/lilian/roar-gokart-ws/src/core/core/install/control_interfaces/lib/libcontrol_interfaces__rosidl_typesupport_introspection_c.so
[6.535s] -- Set runtime path of "/home/roar/Desktop/projects/lilian/roar-gokart-ws/src/core/core/install/control_interfaces/lib/libcontrol_interfaces__rosidl_typesupport_introspection_c.so" to ""
[6.535s] -- Installing: /home/roar/Desktop/projects/lilian/roar-gokart-ws/src/core/core/install/control_interfaces/lib/libcontrol_interfaces__rosidl_typesupport_c.so
[6.535s] -- Set runtime path of "/home/roar/Desktop/projects/lilian/roar-gokart-ws/src/core/core/install/control_interfaces/lib/libcontrol_interfaces__rosidl_typesupport_c.so" to ""
[6.535s] -- Up-to-date: /home/roar/Desktop/projects/lilian/roar-gokart-ws/src/core/core/install/control_interfaces/include/control_interfaces
[6.535s] -- Up-to-date: /home/roar/Desktop/projects/lilian/roar-gokart-ws/src/core/core/install/control_interfaces/include/control_interfaces/action
[6.535s] -- Up-to-date: /home/roar/Desktop/projects/lilian/roar-gokart-ws/src/core/core/install/control_interfaces/include/control_interfaces/action/detail
[6.535s] -- Installing: /home/roar/Desktop/projects/lilian/roar-gokart-ws/src/core/core/install/control_interfaces/include/control_interfaces/action/detail/control__struct.hpp
[6.536s] -- Installing: /home/roar/Desktop/projects/lilian/roar-gokart-ws/src/core/core/install/control_interfaces/include/control_interfaces/action/detail/control__traits.hpp
[6.536s] -- Installing: /home/roar/Desktop/projects/lilian/roar-gokart-ws/src/core/core/install/control_interfaces/include/control_interfaces/action/detail/control__builder.hpp
[6.536s] -- Installing: /home/roar/Desktop/projects/lilian/roar-gokart-ws/src/core/core/install/control_interfaces/include/control_interfaces/action/control.hpp
[6.536s] -- Up-to-date: /home/roar/Desktop/projects/lilian/roar-gokart-ws/src/core/core/install/control_interfaces/include/control_interfaces
[6.536s] -- Up-to-date: /home/roar/Desktop/projects/lilian/roar-gokart-ws/src/core/core/install/control_interfaces/include/control_interfaces/action
[6.536s] -- Up-to-date: /home/roar/Desktop/projects/lilian/roar-gokart-ws/src/core/core/install/control_interfaces/include/control_interfaces/action/detail
[6.536s] -- Installing: /home/roar/Desktop/projects/lilian/roar-gokart-ws/src/core/core/install/control_interfaces/include/control_interfaces/action/detail/control__rosidl_typesupport_introspection_cpp.hpp
[6.536s] -- Installing: /home/roar/Desktop/projects/lilian/roar-gokart-ws/src/core/core/install/control_interfaces/include/control_interfaces/action/detail/control__type_support.cpp
[6.536s] -- Installing: /home/roar/Desktop/projects/lilian/roar-gokart-ws/src/core/core/install/control_interfaces/lib/libcontrol_interfaces__rosidl_typesupport_introspection_cpp.so
[6.536s] -- Set runtime path of "/home/roar/Desktop/projects/lilian/roar-gokart-ws/src/core/core/install/control_interfaces/lib/libcontrol_interfaces__rosidl_typesupport_introspection_cpp.so" to ""
[6.537s] -- Installing: /home/roar/Desktop/projects/lilian/roar-gokart-ws/src/core/core/install/control_interfaces/lib/libcontrol_interfaces__rosidl_typesupport_cpp.so
[6.537s] -- Set runtime path of "/home/roar/Desktop/projects/lilian/roar-gokart-ws/src/core/core/install/control_interfaces/lib/libcontrol_interfaces__rosidl_typesupport_cpp.so" to ""
[6.537s] -- Installing: /home/roar/Desktop/projects/lilian/roar-gokart-ws/src/core/core/install/control_interfaces/share/control_interfaces/environment/pythonpath.sh
[6.537s] -- Installing: /home/roar/Desktop/projects/lilian/roar-gokart-ws/src/core/core/install/control_interfaces/share/control_interfaces/environment/pythonpath.dsv
[6.537s] -- Installing: /home/roar/Desktop/projects/lilian/roar-gokart-ws/src/core/core/install/control_interfaces/lib/python3.8/site-packages/control_interfaces/__init__.py
[6.586s] Compiling '/home/roar/Desktop/projects/lilian/roar-gokart-ws/src/core/core/install/control_interfaces/lib/python3.8/site-packages/control_interfaces/__init__.py'...
[6.590s] -- Installing: /home/roar/Desktop/projects/lilian/roar-gokart-ws/src/core/core/install/control_interfaces/lib/python3.8/site-packages/control_interfaces/action
[6.591s] -- Installing: /home/roar/Desktop/projects/lilian/roar-gokart-ws/src/core/core/install/control_interfaces/lib/python3.8/site-packages/control_interfaces/action/__init__.py
[6.591s] -- Installing: /home/roar/Desktop/projects/lilian/roar-gokart-ws/src/core/core/install/control_interfaces/lib/python3.8/site-packages/control_interfaces/action/_control.py
[6.591s] -- Installing: /home/roar/Desktop/projects/lilian/roar-gokart-ws/src/core/core/install/control_interfaces/lib/python3.8/site-packages/control_interfaces/action/_control_s.c
[6.591s] -- Installing: /home/roar/Desktop/projects/lilian/roar-gokart-ws/src/core/core/install/control_interfaces/lib/python3.8/site-packages/control_interfaces/control_interfaces_s__rosidl_typesupport_fastrtps_c.cpython-38-x86_64-linux-gnu.so
[6.591s] -- Set runtime path of "/home/roar/Desktop/projects/lilian/roar-gokart-ws/src/core/core/install/control_interfaces/lib/python3.8/site-packages/control_interfaces/control_interfaces_s__rosidl_typesupport_fastrtps_c.cpython-38-x86_64-linux-gnu.so" to ""
[6.592s] -- Installing: /home/roar/Desktop/projects/lilian/roar-gokart-ws/src/core/core/install/control_interfaces/lib/python3.8/site-packages/control_interfaces/control_interfaces_s__rosidl_typesupport_introspection_c.cpython-38-x86_64-linux-gnu.so
[6.592s] -- Set runtime path of "/home/roar/Desktop/projects/lilian/roar-gokart-ws/src/core/core/install/control_interfaces/lib/python3.8/site-packages/control_interfaces/control_interfaces_s__rosidl_typesupport_introspection_c.cpython-38-x86_64-linux-gnu.so" to ""
[6.592s] -- Installing: /home/roar/Desktop/projects/lilian/roar-gokart-ws/src/core/core/install/control_interfaces/lib/python3.8/site-packages/control_interfaces/control_interfaces_s__rosidl_typesupport_c.cpython-38-x86_64-linux-gnu.so
[6.593s] -- Set runtime path of "/home/roar/Desktop/projects/lilian/roar-gokart-ws/src/core/core/install/control_interfaces/lib/python3.8/site-packages/control_interfaces/control_interfaces_s__rosidl_typesupport_c.cpython-38-x86_64-linux-gnu.so" to ""
[6.593s] -- Installing: /home/roar/Desktop/projects/lilian/roar-gokart-ws/src/core/core/install/control_interfaces/lib/libcontrol_interfaces__python.so
[6.593s] -- Set runtime path of "/home/roar/Desktop/projects/lilian/roar-gokart-ws/src/core/core/install/control_interfaces/lib/libcontrol_interfaces__python.so" to ""
[6.593s] -- Installing: /home/roar/Desktop/projects/lilian/roar-gokart-ws/src/core/core/install/control_interfaces/share/control_interfaces/action/Control.idl
[6.593s] -- Installing: /home/roar/Desktop/projects/lilian/roar-gokart-ws/src/core/core/install/control_interfaces/share/control_interfaces/action/Control.action
[6.593s] -- Installing: /home/roar/Desktop/projects/lilian/roar-gokart-ws/src/core/core/install/control_interfaces/share/ament_index/resource_index/package_run_dependencies/control_interfaces
[6.594s] -- Installing: /home/roar/Desktop/projects/lilian/roar-gokart-ws/src/core/core/install/control_interfaces/share/ament_index/resource_index/parent_prefix_path/control_interfaces
[6.594s] -- Installing: /home/roar/Desktop/projects/lilian/roar-gokart-ws/src/core/core/install/control_interfaces/share/control_interfaces/environment/ament_prefix_path.sh
[6.594s] -- Installing: /home/roar/Desktop/projects/lilian/roar-gokart-ws/src/core/core/install/control_interfaces/share/control_interfaces/environment/ament_prefix_path.dsv
[6.594s] -- Installing: /home/roar/Desktop/projects/lilian/roar-gokart-ws/src/core/core/install/control_interfaces/share/control_interfaces/environment/path.sh
[6.594s] -- Installing: /home/roar/Desktop/projects/lilian/roar-gokart-ws/src/core/core/install/control_interfaces/share/control_interfaces/environment/path.dsv
[6.594s] -- Installing: /home/roar/Desktop/projects/lilian/roar-gokart-ws/src/core/core/install/control_interfaces/share/control_interfaces/local_setup.bash
[6.594s] -- Installing: /home/roar/Desktop/projects/lilian/roar-gokart-ws/src/core/core/install/control_interfaces/share/control_interfaces/local_setup.sh
[6.595s] -- Installing: /home/roar/Desktop/projects/lilian/roar-gokart-ws/src/core/core/install/control_interfaces/share/control_interfaces/local_setup.zsh
[6.595s] -- Installing: /home/roar/Desktop/projects/lilian/roar-gokart-ws/src/core/core/install/control_interfaces/share/control_interfaces/local_setup.dsv
[6.595s] -- Installing: /home/roar/Desktop/projects/lilian/roar-gokart-ws/src/core/core/install/control_interfaces/share/control_interfaces/package.dsv
[6.595s] -- Installing: /home/roar/Desktop/projects/lilian/roar-gokart-ws/src/core/core/install/control_interfaces/share/ament_index/resource_index/packages/control_interfaces
[6.595s] -- Installing: /home/roar/Desktop/projects/lilian/roar-gokart-ws/src/core/core/install/control_interfaces/share/control_interfaces/cmake/control_interfaces__rosidl_generator_cExport.cmake
[6.595s] -- Installing: /home/roar/Desktop/projects/lilian/roar-gokart-ws/src/core/core/install/control_interfaces/share/control_interfaces/cmake/control_interfaces__rosidl_generator_cExport-noconfig.cmake
[6.595s] -- Installing: /home/roar/Desktop/projects/lilian/roar-gokart-ws/src/core/core/install/control_interfaces/share/control_interfaces/cmake/control_interfaces__rosidl_typesupport_introspection_cExport.cmake
[6.595s] -- Installing: /home/roar/Desktop/projects/lilian/roar-gokart-ws/src/core/core/install/control_interfaces/share/control_interfaces/cmake/control_interfaces__rosidl_typesupport_introspection_cExport-noconfig.cmake
[6.596s] -- Installing: /home/roar/Desktop/projects/lilian/roar-gokart-ws/src/core/core/install/control_interfaces/share/control_interfaces/cmake/control_interfaces__rosidl_typesupport_cExport.cmake
[6.596s] -- Installing: /home/roar/Desktop/projects/lilian/roar-gokart-ws/src/core/core/install/control_interfaces/share/control_interfaces/cmake/control_interfaces__rosidl_typesupport_cExport-noconfig.cmake
[6.596s] -- Installing: /home/roar/Desktop/projects/lilian/roar-gokart-ws/src/core/core/install/control_interfaces/share/control_interfaces/cmake/control_interfaces__rosidl_generator_cppExport.cmake
[6.596s] -- Installing: /home/roar/Desktop/projects/lilian/roar-gokart-ws/src/core/core/install/control_interfaces/share/control_interfaces/cmake/control_interfaces__rosidl_typesupport_introspection_cppExport.cmake
[6.596s] -- Installing: /home/roar/Desktop/projects/lilian/roar-gokart-ws/src/core/core/install/control_interfaces/share/control_interfaces/cmake/control_interfaces__rosidl_typesupport_introspection_cppExport-noconfig.cmake
[6.596s] -- Installing: /home/roar/Desktop/projects/lilian/roar-gokart-ws/src/core/core/install/control_interfaces/share/control_interfaces/cmake/control_interfaces__rosidl_typesupport_cppExport.cmake
[6.596s] -- Installing: /home/roar/Desktop/projects/lilian/roar-gokart-ws/src/core/core/install/control_interfaces/share/control_interfaces/cmake/control_interfaces__rosidl_typesupport_cppExport-noconfig.cmake
[6.597s] -- Installing: /home/roar/Desktop/projects/lilian/roar-gokart-ws/src/core/core/install/control_interfaces/share/control_interfaces/cmake/rosidl_cmake-extras.cmake
[6.597s] -- Installing: /home/roar/Desktop/projects/lilian/roar-gokart-ws/src/core/core/install/control_interfaces/share/control_interfaces/cmake/ament_cmake_export_dependencies-extras.cmake
[6.597s] -- Installing: /home/roar/Desktop/projects/lilian/roar-gokart-ws/src/core/core/install/control_interfaces/share/control_interfaces/cmake/ament_cmake_export_libraries-extras.cmake
[6.597s] -- Installing: /home/roar/Desktop/projects/lilian/roar-gokart-ws/src/core/core/install/control_interfaces/share/control_interfaces/cmake/ament_cmake_export_targets-extras.cmake
[6.598s] -- Installing: /home/roar/Desktop/projects/lilian/roar-gokart-ws/src/core/core/install/control_interfaces/share/control_interfaces/cmake/ament_cmake_export_include_directories-extras.cmake
[6.598s] -- Installing: /home/roar/Desktop/projects/lilian/roar-gokart-ws/src/core/core/install/control_interfaces/share/control_interfaces/cmake/rosidl_cmake_export_typesupport_libraries-extras.cmake
[6.598s] -- Installing: /home/roar/Desktop/projects/lilian/roar-gokart-ws/src/core/core/install/control_interfaces/share/control_interfaces/cmake/rosidl_cmake_export_typesupport_targets-extras.cmake
[6.598s] -- Installing: /home/roar/Desktop/projects/lilian/roar-gokart-ws/src/core/core/install/control_interfaces/share/control_interfaces/cmake/control_interfacesConfig.cmake
[6.598s] -- Installing: /home/roar/Desktop/projects/lilian/roar-gokart-ws/src/core/core/install/control_interfaces/share/control_interfaces/cmake/control_interfacesConfig-version.cmake
[6.598s] -- Installing: /home/roar/Desktop/projects/lilian/roar-gokart-ws/src/core/core/install/control_interfaces/share/control_interfaces/package.xml
[6.602s] Invoked command in '/home/roar/Desktop/projects/lilian/roar-gokart-ws/src/core/core/build/control_interfaces' returned '0': CMAKE_PREFIX_PATH=${CMAKE_PREFIX_PATH}:/home/roar/Desktop/projects/lilian/roar-gokart-ws/install/waypoint_recorder:/home/roar/Desktop/projects/lilian/roar-gokart-ws/install/roar_carla_manual_controller:/home/roar/Desktop/projects/lilian/roar-gokart-ws/install/roar_carla_interface:/home/roar/Desktop/projects/lilian/roar-gokart-ws/install/roar_manual_control:/home/roar/carla-ros-bridge/install/rqt_carla_control:/home/roar/carla-ros-bridge/install/carla_waypoint_publisher:/home/roar/carla-ros-bridge/install/carla_ackermann_control:/home/roar/carla-ros-bridge/install/carla_ros_bridge:/home/roar/carla-ros-bridge/install/carla_spawn_objects:/home/roar/carla-ros-bridge/install/carla_manual_control:/home/roar/carla-ros-bridge/install/carla_ad_agent:/home/roar/carla-ros-bridge/install/ros_compatibility:/home/roar/carla-ros-bridge/install/carla_walker_agent:/home/roar/carla-ros-bridge/install/carla_twist_to_control:/home/roar/carla-ros-bridge/install/carla_ros_scenario_runner:/home/roar/carla-ros-bridge/install/carla_common:/opt/ros/foxy /usr/bin/cmake --install /home/roar/Desktop/projects/lilian/roar-gokart-ws/src/core/core/build/control_interfaces
