[ 25%] [34m[1mAutomatic MOC for target roar_rviz_plugin[0m
[ 25%] Built target roar_rviz_plugin_autogen
[100%] Built target roar_rviz_plugin
-- Install configuration: ""
-- Up-to-date: /home/roar/Desktop/projects/lilian/roar-gokart-ws/src/core/core/install/roar_rviz_plugin/share/roar_rviz_plugin/plugins_description.xml
-- Up-to-date: /home/roar/Desktop/projects/lilian/roar-gokart-ws/src/core/core/install/roar_rviz_plugin/lib/libroar_rviz_plugin.so
-- Up-to-date: /home/roar/Desktop/projects/lilian/roar-gokart-ws/src/core/core/install/roar_rviz_plugin/include/
-- Up-to-date: /home/roar/Desktop/projects/lilian/roar-gokart-ws/src/core/core/install/roar_rviz_plugin/include//roar_rviz_plugin
-- Up-to-date: /home/roar/Desktop/projects/lilian/roar-gokart-ws/src/core/core/install/roar_rviz_plugin/include//roar_rviz_plugin/roar_panel.hpp
-- Up-to-date: /home/roar/Desktop/projects/lilian/roar-gokart-ws/src/core/core/install/roar_rviz_plugin/include//roar_rviz_plugin/switch.hpp
-- Up-to-date: /home/roar/Desktop/projects/lilian/roar-gokart-ws/src/core/core/install/roar_rviz_plugin/include//roar_rviz_plugin/styles.h
-- Up-to-date: /home/roar/Desktop/projects/lilian/roar-gokart-ws/src/core/core/install/roar_rviz_plugin/share/roar_rviz_plugin/environment/library_path.sh
-- Up-to-date: /home/roar/Desktop/projects/lilian/roar-gokart-ws/src/core/core/install/roar_rviz_plugin/share/roar_rviz_plugin/environment/library_path.dsv
-- Up-to-date: /home/roar/Desktop/projects/lilian/roar-gokart-ws/src/core/core/install/roar_rviz_plugin/share/ament_index/resource_index/package_run_dependencies/roar_rviz_plugin
-- Up-to-date: /home/roar/Desktop/projects/lilian/roar-gokart-ws/src/core/core/install/roar_rviz_plugin/share/ament_index/resource_index/parent_prefix_path/roar_rviz_plugin
-- Up-to-date: /home/roar/Desktop/projects/lilian/roar-gokart-ws/src/core/core/install/roar_rviz_plugin/share/roar_rviz_plugin/environment/ament_prefix_path.sh
-- Up-to-date: /home/roar/Desktop/projects/lilian/roar-gokart-ws/src/core/core/install/roar_rviz_plugin/share/roar_rviz_plugin/environment/ament_prefix_path.dsv
-- Up-to-date: /home/roar/Desktop/projects/lilian/roar-gokart-ws/src/core/core/install/roar_rviz_plugin/share/roar_rviz_plugin/environment/path.sh
-- Up-to-date: /home/roar/Desktop/projects/lilian/roar-gokart-ws/src/core/core/install/roar_rviz_plugin/share/roar_rviz_plugin/environment/path.dsv
-- Up-to-date: /home/roar/Desktop/projects/lilian/roar-gokart-ws/src/core/core/install/roar_rviz_plugin/share/roar_rviz_plugin/local_setup.bash
-- Up-to-date: /home/roar/Desktop/projects/lilian/roar-gokart-ws/src/core/core/install/roar_rviz_plugin/share/roar_rviz_plugin/local_setup.sh
-- Up-to-date: /home/roar/Desktop/projects/lilian/roar-gokart-ws/src/core/core/install/roar_rviz_plugin/share/roar_rviz_plugin/local_setup.zsh
-- Up-to-date: /home/roar/Desktop/projects/lilian/roar-gokart-ws/src/core/core/install/roar_rviz_plugin/share/roar_rviz_plugin/local_setup.dsv
-- Installing: /home/roar/Desktop/projects/lilian/roar-gokart-ws/src/core/core/install/roar_rviz_plugin/share/roar_rviz_plugin/package.dsv
-- Up-to-date: /home/roar/Desktop/projects/lilian/roar-gokart-ws/src/core/core/install/roar_rviz_plugin/share/ament_index/resource_index/packages/roar_rviz_plugin
-- Up-to-date: /home/roar/Desktop/projects/lilian/roar-gokart-ws/src/core/core/install/roar_rviz_plugin/share/ament_index/resource_index/rviz_common__pluginlib__plugin/roar_rviz_plugin
-- Up-to-date: /home/roar/Desktop/projects/lilian/roar-gokart-ws/src/core/core/install/roar_rviz_plugin/share/roar_rviz_plugin/cmake/roar_rviz_pluginExport.cmake
-- Up-to-date: /home/roar/Desktop/projects/lilian/roar-gokart-ws/src/core/core/install/roar_rviz_plugin/share/roar_rviz_plugin/cmake/roar_rviz_pluginExport-noconfig.cmake
-- Up-to-date: /home/roar/Desktop/projects/lilian/roar-gokart-ws/src/core/core/install/roar_rviz_plugin/share/roar_rviz_plugin/cmake/ament_cmake_export_include_directories-extras.cmake
-- Up-to-date: /home/roar/Desktop/projects/lilian/roar-gokart-ws/src/core/core/install/roar_rviz_plugin/share/roar_rviz_plugin/cmake/ament_cmake_export_targets-extras.cmake
-- Up-to-date: /home/roar/Desktop/projects/lilian/roar-gokart-ws/src/core/core/install/roar_rviz_plugin/share/roar_rviz_plugin/cmake/ament_cmake_export_dependencies-extras.cmake
-- Up-to-date: /home/roar/Desktop/projects/lilian/roar-gokart-ws/src/core/core/install/roar_rviz_plugin/share/roar_rviz_plugin/cmake/roar_rviz_pluginConfig.cmake
-- Up-to-date: /home/roar/Desktop/projects/lilian/roar-gokart-ws/src/core/core/install/roar_rviz_plugin/share/roar_rviz_plugin/cmake/roar_rviz_pluginConfig-version.cmake
-- Up-to-date: /home/roar/Desktop/projects/lilian/roar-gokart-ws/src/core/core/install/roar_rviz_plugin/share/roar_rviz_plugin/package.xml
