[0.789s] Invoking command in '/home/roar/Desktop/projects/lilian/roar-gokart-ws/src/core/core/src/misc/roar_manual_control': AMENT_PREFIX_PATH=/home/roar/Desktop/projects/lilian/roar-gokart-ws/src/core/core/install/roar_msgs:${AMENT_PREFIX_PATH} CMAKE_PREFIX_PATH=/home/roar/Desktop/projects/lilian/roar-gokart-ws/src/core/core/install/roar_msgs:${CMAKE_PREFIX_PATH} LD_LIBRARY_PATH=/home/roar/Desktop/projects/lilian/roar-gokart-ws/src/core/core/install/roar_msgs/lib:${LD_LIBRARY_PATH} PYTHONPATH=/home/roar/Desktop/projects/lilian/roar-gokart-ws/src/core/core/install/roar_manual_control/lib/python3.8/site-packages:/home/roar/Desktop/projects/lilian/roar-gokart-ws/src/core/core/install/roar_msgs/lib/python3.8/site-packages:${PYTHONPATH} /usr/bin/python3 setup.py egg_info --egg-base ../../../build/roar_manual_control build --build-base /home/roar/Desktop/projects/lilian/roar-gokart-ws/src/core/core/build/roar_manual_control/build install --prefix /home/roar/Desktop/projects/lilian/roar-gokart-ws/src/core/core/install/roar_manual_control --record /home/roar/Desktop/projects/lilian/roar-gokart-ws/src/core/core/build/roar_manual_control/install.log --single-version-externally-managed
[1.028s] running egg_info
[1.028s] writing ../../../build/roar_manual_control/roar_manual_control.egg-info/PKG-INFO
[1.028s] writing dependency_links to ../../../build/roar_manual_control/roar_manual_control.egg-info/dependency_links.txt
[1.028s] writing entry points to ../../../build/roar_manual_control/roar_manual_control.egg-info/entry_points.txt
[1.028s] writing requirements to ../../../build/roar_manual_control/roar_manual_control.egg-info/requires.txt
[1.028s] writing top-level names to ../../../build/roar_manual_control/roar_manual_control.egg-info/top_level.txt
[1.055s] reading manifest file '../../../build/roar_manual_control/roar_manual_control.egg-info/SOURCES.txt'
[1.055s] writing manifest file '../../../build/roar_manual_control/roar_manual_control.egg-info/SOURCES.txt'
[1.055s] running build
[1.055s] running build_py
[1.055s] running install
[1.056s] running install_lib
[1.057s] running install_data
[1.057s] running install_egg_info
[1.059s] removing '/home/roar/Desktop/projects/lilian/roar-gokart-ws/src/core/core/install/roar_manual_control/lib/python3.8/site-packages/roar_manual_control-0.0.0-py3.8.egg-info' (and everything under it)
[1.059s] Copying ../../../build/roar_manual_control/roar_manual_control.egg-info to /home/roar/Desktop/projects/lilian/roar-gokart-ws/src/core/core/install/roar_manual_control/lib/python3.8/site-packages/roar_manual_control-0.0.0-py3.8.egg-info
[1.059s] running install_scripts
[1.071s] Installing roar_manual_controller_node script to /home/roar/Desktop/projects/lilian/roar-gokart-ws/src/core/core/install/roar_manual_control/lib/roar_manual_control
[1.071s] writing list of installed files to '/home/roar/Desktop/projects/lilian/roar-gokart-ws/src/core/core/build/roar_manual_control/install.log'
[1.087s] Invoked command in '/home/roar/Desktop/projects/lilian/roar-gokart-ws/src/core/core/src/misc/roar_manual_control' returned '0': AMENT_PREFIX_PATH=/home/roar/Desktop/projects/lilian/roar-gokart-ws/src/core/core/install/roar_msgs:${AMENT_PREFIX_PATH} CMAKE_PREFIX_PATH=/home/roar/Desktop/projects/lilian/roar-gokart-ws/src/core/core/install/roar_msgs:${CMAKE_PREFIX_PATH} LD_LIBRARY_PATH=/home/roar/Desktop/projects/lilian/roar-gokart-ws/src/core/core/install/roar_msgs/lib:${LD_LIBRARY_PATH} PYTHONPATH=/home/roar/Desktop/projects/lilian/roar-gokart-ws/src/core/core/install/roar_manual_control/lib/python3.8/site-packages:/home/roar/Desktop/projects/lilian/roar-gokart-ws/src/core/core/install/roar_msgs/lib/python3.8/site-packages:${PYTHONPATH} /usr/bin/python3 setup.py egg_info --egg-base ../../../build/roar_manual_control build --build-base /home/roar/Desktop/projects/lilian/roar-gokart-ws/src/core/core/build/roar_manual_control/build install --prefix /home/roar/Desktop/projects/lilian/roar-gokart-ws/src/core/core/install/roar_manual_control --record /home/roar/Desktop/projects/lilian/roar-gokart-ws/src/core/core/build/roar_manual_control/install.log --single-version-externally-managed
