-- The C compiler identification is GNU 9.4.0
-- The CXX compiler identification is GNU 9.4.0
-- Check for working C compiler: /usr/bin/cc
-- Check for working C compiler: /usr/bin/cc -- works
-- Detecting C compiler ABI info
-- Detecting C compiler ABI info - done
-- Detecting C compile features
-- Detecting C compile features - done
-- Check for working CXX compiler: /usr/bin/c++
-- Check for working CXX compiler: /usr/bin/c++ -- works
-- Detecting CXX compiler ABI info
-- Detecting CXX compiler ABI info - done
-- Detecting CXX compile features
-- Detecting CXX compile features - done
-- Found ament_cmake: 0.9.9 (/opt/ros/foxy/share/ament_cmake/cmake)
-- Found PythonInterp: /usr/bin/python3 (found suitable version "3.8.10", minimum required is "3") 
-- Using PYTHON_EXECUTABLE: /usr/bin/python3
-- Found control_interfaces: 0.0.0 (/home/roar/Desktop/projects/lilian/roar-gokart-ws/src/core/core/install/control_interfaces/share/control_interfaces/cmake)
-- Using all available rosidl_typesupport_c: rosidl_typesupport_fastrtps_c;rosidl_typesupport_introspection_c
-- Found rosidl_adapter: 1.2.1 (/opt/ros/foxy/share/rosidl_adapter/cmake)
-- Found OpenSSL: /usr/lib/x86_64-linux-gnu/libcrypto.so (found version "1.1.1f")  
-- Found FastRTPS: /opt/ros/foxy/include  
-- Using all available rosidl_typesupport_cpp: rosidl_typesupport_fastrtps_cpp;rosidl_typesupport_introspection_cpp
-- Found nav2_util: 0.4.7 (/opt/ros/foxy/share/nav2_util/cmake)
-- Found rmw_implementation_cmake: 1.0.3 (/opt/ros/foxy/share/rmw_implementation_cmake/cmake)
-- Using RMW implementation 'rmw_fastrtps_cpp' as default
-- Looking for pthread.h
-- Looking for pthread.h - found
-- Performing Test CMAKE_HAVE_LIBC_PTHREAD
-- Performing Test CMAKE_HAVE_LIBC_PTHREAD - Failed
-- Looking for pthread_create in pthreads
-- Looking for pthread_create in pthreads - not found
-- Looking for pthread_create in pthread
-- Looking for pthread_create in pthread - found
-- Found Threads: TRUE  
-- Found eigen3_cmake_module: 0.1.1 (/opt/ros/foxy/share/eigen3_cmake_module/cmake)
-- Found Eigen3: TRUE (found version "3.3.7") 
-- Found nav_2d_utils: 0.4.7 (/opt/ros/foxy/share/nav_2d_utils/cmake)
-- Found nav2_core: 0.4.7 (/opt/ros/foxy/share/nav2_core/cmake)
-- Found nav2_common: 0.4.7 (/opt/ros/foxy/share/nav2_common/cmake)
-- Found control_toolbox: 2.1.1 (/opt/ros/foxy/share/control_toolbox/cmake)
-- Found ackermann_msgs: 2.0.2 (/opt/ros/foxy/share/ackermann_msgs/cmake)
-- Configuring done
-- Generating done
-- Build files have been written to: /home/roar/Desktop/projects/lilian/roar-gokart-ws/src/core/core/build/pid_control
[35m[1mScanning dependencies of target pid_control_node[0m
[ 50%] [32mBuilding CXX object CMakeFiles/pid_control_node.dir/src/pid_control_node.cpp.o[0m
[100%] [32m[1mLinking CXX executable pid_control_node[0m
[100%] Built target pid_control_node
-- Install configuration: ""
-- Installing: /home/roar/Desktop/projects/lilian/roar-gokart-ws/src/core/core/install/pid_control/lib/pid_control/pid_control_node
-- Set runtime path of "/home/roar/Desktop/projects/lilian/roar-gokart-ws/src/core/core/install/pid_control/lib/pid_control/pid_control_node" to ""
-- Installing: /home/roar/Desktop/projects/lilian/roar-gokart-ws/src/core/core/install/pid_control/share/pid_control/launch
-- Installing: /home/roar/Desktop/projects/lilian/roar-gokart-ws/src/core/core/install/pid_control/share/pid_control/launch/pid_control.launch.py
-- Installing: /home/roar/Desktop/projects/lilian/roar-gokart-ws/src/core/core/install/pid_control/share/pid_control/config
-- Installing: /home/roar/Desktop/projects/lilian/roar-gokart-ws/src/core/core/install/pid_control/share/pid_control/config/configs.yaml
-- Installing: /home/roar/Desktop/projects/lilian/roar-gokart-ws/src/core/core/install/pid_control/share/pid_control/config/carla_pid.json
-- Installing: /home/roar/Desktop/projects/lilian/roar-gokart-ws/src/core/core/install/pid_control/share/pid_control/config/.gitkeep
-- Installing: /home/roar/Desktop/projects/lilian/roar-gokart-ws/src/core/core/install/pid_control/share/ament_index/resource_index/package_run_dependencies/pid_control
-- Installing: /home/roar/Desktop/projects/lilian/roar-gokart-ws/src/core/core/install/pid_control/share/ament_index/resource_index/parent_prefix_path/pid_control
-- Installing: /home/roar/Desktop/projects/lilian/roar-gokart-ws/src/core/core/install/pid_control/share/pid_control/environment/ament_prefix_path.sh
-- Installing: /home/roar/Desktop/projects/lilian/roar-gokart-ws/src/core/core/install/pid_control/share/pid_control/environment/ament_prefix_path.dsv
-- Installing: /home/roar/Desktop/projects/lilian/roar-gokart-ws/src/core/core/install/pid_control/share/pid_control/environment/path.sh
-- Installing: /home/roar/Desktop/projects/lilian/roar-gokart-ws/src/core/core/install/pid_control/share/pid_control/environment/path.dsv
-- Installing: /home/roar/Desktop/projects/lilian/roar-gokart-ws/src/core/core/install/pid_control/share/pid_control/local_setup.bash
-- Installing: /home/roar/Desktop/projects/lilian/roar-gokart-ws/src/core/core/install/pid_control/share/pid_control/local_setup.sh
-- Installing: /home/roar/Desktop/projects/lilian/roar-gokart-ws/src/core/core/install/pid_control/share/pid_control/local_setup.zsh
-- Installing: /home/roar/Desktop/projects/lilian/roar-gokart-ws/src/core/core/install/pid_control/share/pid_control/local_setup.dsv
-- Installing: /home/roar/Desktop/projects/lilian/roar-gokart-ws/src/core/core/install/pid_control/share/pid_control/package.dsv
-- Installing: /home/roar/Desktop/projects/lilian/roar-gokart-ws/src/core/core/install/pid_control/share/ament_index/resource_index/packages/pid_control
-- Installing: /home/roar/Desktop/projects/lilian/roar-gokart-ws/src/core/core/install/pid_control/share/pid_control/cmake/pid_controlConfig.cmake
-- Installing: /home/roar/Desktop/projects/lilian/roar-gokart-ws/src/core/core/install/pid_control/share/pid_control/cmake/pid_controlConfig-version.cmake
-- Installing: /home/roar/Desktop/projects/lilian/roar-gokart-ws/src/core/core/install/pid_control/share/pid_control/package.xml
