[0.026s] Invoking command in '/home/roar/Desktop/projects/lilian/roar-gokart-ws/src/core/core/build/local_planner_manager': AMENT_PREFIX_PATH=/home/roar/Desktop/projects/lilian/roar-gokart-ws/src/core/core/install/trajectory_scorer:/home/roar/Desktop/projects/lilian/roar-gokart-ws/src/core/core/install/trajectory_picker:/home/roar/Desktop/projects/lilian/roar-gokart-ws/src/core/core/install/trajectory_generator:/home/roar/Desktop/projects/lilian/roar-gokart-ws/src/core/core/install/planning_interfaces:/home/roar/Desktop/projects/lilian/roar-gokart-ws/src/core/core/install/control_interfaces:${AMENT_PREFIX_PATH} CMAKE_PREFIX_PATH=/home/roar/Desktop/projects/lilian/roar-gokart-ws/src/core/core/install/trajectory_scorer:/home/roar/Desktop/projects/lilian/roar-gokart-ws/src/core/core/install/trajectory_picker:/home/roar/Desktop/projects/lilian/roar-gokart-ws/src/core/core/install/trajectory_generator:/home/roar/Desktop/projects/lilian/roar-gokart-ws/src/core/core/install/planning_interfaces:/home/roar/Desktop/projects/lilian/roar-gokart-ws/src/core/core/install/control_interfaces:/home/roar/Desktop/projects/lilian/roar-gokart-ws/install/vehicle_state_manager:/home/roar/Desktop/projects/lilian/roar-gokart-ws/install/local_planner_manager:/home/roar/Desktop/projects/lilian/roar-gokart-ws/install/trajectory_scorer:/home/roar/Desktop/projects/lilian/roar-gokart-ws/install/trajectory_picker:/home/roar/Desktop/projects/lilian/roar-gokart-ws/install/trajectory_generator:/home/roar/Desktop/projects/lilian/roar-gokart-ws/install/roar_carla:/home/roar/Desktop/projects/lilian/roar-gokart-ws/install/roar_simulation_msgs:/home/roar/Desktop/projects/lilian/roar-gokart-ws/install/roar-indy-launches:/home/roar/Desktop/projects/lilian/roar-gokart-ws/install/roar_rviz_plugin:/home/roar/Desktop/projects/lilian/roar-gokart-ws/install/controller_manager:/home/roar/Desktop/projects/lilian/roar-gokart-ws/install/roar_msgs:/home/roar/Desktop/projects/lilian/roar-gokart-ws/install/roar_mapping:/home/roar/Desktop/projects/lilian/roar-gokart-ws/install/roar-urdf:/home/roar/Desktop/projects/lilian/roar-gokart-ws/install/roar-base-station:/home/roar/Desktop/projects/lilian/roar-gokart-ws/install/planning_interfaces:/home/roar/Desktop/projects/lilian/roar-gokart-ws/install/pid_control:/home/roar/Desktop/projects/lilian/roar-gokart-ws/install/global_planning:/home/roar/Desktop/projects/lilian/roar-gokart-ws/install/costmap_node_manager:/home/roar/Desktop/projects/lilian/roar-gokart-ws/install/control_interfaces:/home/roar/Desktop/projects/lilian/roar-gokart-ws/install/behavior_planning:/home/roar/carla-ros-bridge/install/carla_ad_demo:/home/roar/carla-ros-bridge/install/rviz_carla_plugin:/home/roar/carla-ros-bridge/install/pcl_recorder:/home/roar/carla-ros-bridge/install/carla_waypoint_types:/home/roar/carla-ros-bridge/install/carla_ros_scenario_runner_types:/home/roar/carla-ros-bridge/install/carla_ackermann_msgs:/home/roar/carla-ros-bridge/install/carla_msgs:/home/roar/Desktop/projects/lilian/roar-gokart-ws/install/waypoint_recorder:/home/roar/Desktop/projects/lilian/roar-gokart-ws/install/roar_carla_manual_controller:/home/roar/Desktop/projects/lilian/roar-gokart-ws/install/roar_carla_interface:/home/roar/Desktop/projects/lilian/roar-gokart-ws/install/roar_manual_control:/home/roar/carla-ros-bridge/install/rqt_carla_control:/home/roar/carla-ros-bridge/install/carla_waypoint_publisher:/home/roar/carla-ros-bridge/install/carla_ackermann_control:/home/roar/carla-ros-bridge/install/carla_ros_bridge:/home/roar/carla-ros-bridge/install/carla_spawn_objects:/home/roar/carla-ros-bridge/install/carla_manual_control:/home/roar/carla-ros-bridge/install/carla_ad_agent:/home/roar/carla-ros-bridge/install/ros_compatibility:/home/roar/carla-ros-bridge/install/carla_walker_agent:/home/roar/carla-ros-bridge/install/carla_twist_to_control:/home/roar/carla-ros-bridge/install/carla_ros_scenario_runner:/home/roar/carla-ros-bridge/install/carla_common:/opt/ros/foxy LD_LIBRARY_PATH=/home/roar/Desktop/projects/lilian/roar-gokart-ws/src/core/core/install/trajectory_scorer/lib:/home/roar/Desktop/projects/lilian/roar-gokart-ws/src/core/core/install/trajectory_picker/lib:/home/roar/Desktop/projects/lilian/roar-gokart-ws/src/core/core/install/trajectory_generator/lib:/home/roar/Desktop/projects/lilian/roar-gokart-ws/src/core/core/install/planning_interfaces/lib:/home/roar/Desktop/projects/lilian/roar-gokart-ws/src/core/core/install/control_interfaces/lib:${LD_LIBRARY_PATH} PYTHONPATH=/home/roar/Desktop/projects/lilian/roar-gokart-ws/src/core/core/install/planning_interfaces/lib/python3.8/site-packages:/home/roar/Desktop/projects/lilian/roar-gokart-ws/src/core/core/install/control_interfaces/lib/python3.8/site-packages:${PYTHONPATH} /usr/bin/cmake /home/roar/Desktop/projects/lilian/roar-gokart-ws/src/core/core/src/planning/local_planning/local_planner_manager -DCMAKE_INSTALL_PREFIX=/home/roar/Desktop/projects/lilian/roar-gokart-ws/src/core/core/install/local_planner_manager
[0.091s] -- The C compiler identification is GNU 9.4.0
[0.146s] -- The CXX compiler identification is GNU 9.4.0
[0.153s] -- Check for working C compiler: /usr/bin/cc
[0.225s] -- Check for working C compiler: /usr/bin/cc -- works
[0.226s] -- Detecting C compiler ABI info
[0.300s] -- Detecting C compiler ABI info - done
[0.314s] -- Detecting C compile features
[0.314s] -- Detecting C compile features - done
[0.316s] -- Check for working CXX compiler: /usr/bin/c++
[0.398s] -- Check for working CXX compiler: /usr/bin/c++ -- works
[0.398s] -- Detecting CXX compiler ABI info
[0.474s] -- Detecting CXX compiler ABI info - done
[0.483s] -- Detecting CXX compile features
[0.484s] -- Detecting CXX compile features - done
[0.488s] -- Found ament_cmake: 0.9.9 (/opt/ros/foxy/share/ament_cmake/cmake)
[0.522s] -- Found PythonInterp: /usr/bin/python3 (found suitable version "3.8.10", minimum required is "3") 
[0.522s] -- Using PYTHON_EXECUTABLE: /usr/bin/python3
[0.766s] -- Found nav2_core: 0.4.7 (/opt/ros/foxy/share/nav2_core/cmake)
[0.834s] -- Using all available rosidl_typesupport_c: rosidl_typesupport_fastrtps_c;rosidl_typesupport_introspection_c
[0.846s] -- Found rosidl_adapter: 1.2.1 (/opt/ros/foxy/share/rosidl_adapter/cmake)
[0.947s] -- Found OpenSSL: /usr/lib/x86_64-linux-gnu/libcrypto.so (found version "1.1.1f")  
[0.975s] -- Found FastRTPS: /opt/ros/foxy/include  
[1.057s] -- Using all available rosidl_typesupport_cpp: rosidl_typesupport_fastrtps_cpp;rosidl_typesupport_introspection_cpp
[1.116s] -- Found rmw_implementation_cmake: 1.0.3 (/opt/ros/foxy/share/rmw_implementation_cmake/cmake)
[1.119s] -- Using RMW implementation 'rmw_fastrtps_cpp' as default
[1.119s] -- Looking for pthread.h
[1.198s] -- Looking for pthread.h - found
[1.198s] -- Performing Test CMAKE_HAVE_LIBC_PTHREAD
[1.282s] -- Performing Test CMAKE_HAVE_LIBC_PTHREAD - Failed
[1.283s] -- Looking for pthread_create in pthreads
[1.355s] -- Looking for pthread_create in pthreads - not found
[1.355s] -- Looking for pthread_create in pthread
[1.432s] -- Looking for pthread_create in pthread - found
[1.433s] -- Found Threads: TRUE  
[2.515s] -- Found Eigen3: TRUE (found version "3.3.7") 
[3.318s] -- Found nav2_common: 0.4.7 (/opt/ros/foxy/share/nav2_common/cmake)
[3.322s] -- Found nav_2d_utils: 0.4.7 (/opt/ros/foxy/share/nav_2d_utils/cmake)
[3.589s] -- Found trajectory_msgs: 2.0.5 (/opt/ros/foxy/share/trajectory_msgs/cmake)
[3.646s] -- Found trajectory_generator: 0.0.0 (/home/roar/Desktop/projects/lilian/roar-gokart-ws/src/core/core/install/trajectory_generator/share/trajectory_generator/cmake)
[4.472s] -- Found trajectory_scorer: 0.0.0 (/home/roar/Desktop/projects/lilian/roar-gokart-ws/src/core/core/install/trajectory_scorer/share/trajectory_scorer/cmake)
[5.044s] -- Found trajectory_picker: 0.0.0 (/home/roar/Desktop/projects/lilian/roar-gokart-ws/src/core/core/install/trajectory_picker/share/trajectory_picker/cmake)
[5.618s] -- Found control_interfaces: 0.0.0 (/home/roar/Desktop/projects/lilian/roar-gokart-ws/src/core/core/install/control_interfaces/share/control_interfaces/cmake)
[5.765s] -- Found installed version of Eigen: /usr/lib/cmake/eigen3
[5.765s] -- Found required Ceres dependency: Eigen version 3.3.7 in /usr/include/eigen3
[5.771s] -- Found required Ceres dependency: glog
[5.773s] -- Found installed version of gflags: /usr/lib/x86_64-linux-gnu/cmake/gflags
[5.773s] -- Detected gflags version: 2.2.2
[5.774s] -- Found required Ceres dependency: gflags
[5.775s] -- Found Ceres version: 1.14.0 installed in: /usr with components: [EigenSparse, SparseLinearAlgebraLibrary, LAPACK, SuiteSparse, CXSparse, SchurSpecializations, OpenMP, Multithreading]
[5.780s] -- Found ompl: /opt/ros/foxy/include/ompl-1.5;/usr/include/eigen3  
[6.041s] -- Found OpenMP_C: -fopenmp (found version "4.5") 
[6.130s] -- Found OpenMP_CXX: -fopenmp (found version "4.5") 
[6.130s] -- Found OpenMP: TRUE (found version "4.5")  
[6.134s] -- Found smac_planner: 0.4.7 (/opt/ros/foxy/share/smac_planner/cmake)
[7.163s] -- Found diagnostic_msgs: 2.0.5 (/opt/ros/foxy/share/diagnostic_msgs/cmake)
[13.611s] -- Configuring done
[13.651s] -- Generating done
[13.653s] -- Build files have been written to: /home/roar/Desktop/projects/lilian/roar-gokart-ws/src/core/core/build/local_planner_manager
