-- The C compiler identification is GNU 9.4.0
-- The CXX compiler identification is GNU 9.4.0
-- Check for working C compiler: /usr/bin/cc
-- Check for working C compiler: /usr/bin/cc -- works
-- Detecting C compiler ABI info
-- Detecting C compiler ABI info - done
-- Detecting C compile features
-- Detecting C compile features - done
-- Check for working CXX compiler: /usr/bin/c++
-- Check for working CXX compiler: /usr/bin/c++ -- works
-- Detecting CXX compiler ABI info
-- Detecting CXX compiler ABI info - done
-- Detecting CXX compile features
-- Detecting CXX compile features - done
-- Found ament_cmake: 0.9.9 (/opt/ros/foxy/share/ament_cmake/cmake)
-- Found PythonInterp: /usr/bin/python3 (found suitable version "3.8.10", minimum required is "3") 
-- Using PYTHON_EXECUTABLE: /usr/bin/python3
-- Found geometry_msgs: 2.0.5 (/opt/ros/foxy/share/geometry_msgs/cmake)
-- Using all available rosidl_typesupport_c: rosidl_typesupport_fastrtps_c;rosidl_typesupport_introspection_c
-- Found rosidl_adapter: 1.2.1 (/opt/ros/foxy/share/rosidl_adapter/cmake)
-- Found OpenSSL: /usr/lib/x86_64-linux-gnu/libcrypto.so (found version "1.1.1f")  
-- Found FastRTPS: /opt/ros/foxy/include  
-- Using all available rosidl_typesupport_cpp: rosidl_typesupport_fastrtps_cpp;rosidl_typesupport_introspection_cpp
-- Found nav2_util: 0.4.7 (/opt/ros/foxy/share/nav2_util/cmake)
-- Found rmw_implementation_cmake: 1.0.3 (/opt/ros/foxy/share/rmw_implementation_cmake/cmake)
-- Using RMW implementation 'rmw_fastrtps_cpp' as default
-- Looking for pthread.h
-- Looking for pthread.h - found
-- Performing Test CMAKE_HAVE_LIBC_PTHREAD
-- Performing Test CMAKE_HAVE_LIBC_PTHREAD - Failed
-- Looking for pthread_create in pthreads
-- Looking for pthread_create in pthreads - not found
-- Looking for pthread_create in pthread
-- Looking for pthread_create in pthread - found
-- Found Threads: TRUE  
-- Found eigen3_cmake_module: 0.1.1 (/opt/ros/foxy/share/eigen3_cmake_module/cmake)
-- Found Eigen3: TRUE (found version "3.3.7") 
-- Found nav2_lifecycle_manager: 0.4.7 (/opt/ros/foxy/share/nav2_lifecycle_manager/cmake)
-- Found pluginlib: 2.5.4 (/opt/ros/foxy/share/pluginlib/cmake)
-- Found rviz_common: 8.2.6 (/opt/ros/foxy/share/rviz_common/cmake)
-- Setting OGRE_DIR to: '/opt/ros/foxy/share/rviz_ogre_vendor/cmake/../../../opt/rviz_ogre_vendor/lib/OGRE/cmake'
-- Found OGRE
--   static     : OFF
--   components : HLMS;MeshLodGenerator;Overlay;Paging;Property;RTShaderSystem;Terrain;Volume
--   plugins    : Plugin_BSPSceneManager;Plugin_OctreeSceneManager;Plugin_PCZSceneManager;Plugin_ParticleFX;RenderSystem_GL;RenderSystem_GL3Plus;Codec_STBI
--   media      : /opt/ros/foxy/opt/rviz_ogre_vendor/share/OGRE/Media
-- OGRE_LIBRARIES: OgreHLMS;OgreMeshLodGenerator;OgreOverlay;OgrePaging;OgreProperty;OgreRTShaderSystem;OgreTerrain;OgreVolume;OgreMain
-- OGRE_LIBRARY_DIRS: /opt/ros/foxy/opt/rviz_ogre_vendor/lib
-- OGRE_PLUGINS: Plugin_BSPSceneManager;Plugin_OctreeSceneManager;Plugin_PCZSceneManager;Plugin_ParticleFX;RenderSystem_GL;RenderSystem_GL3Plus;Codec_STBI
-- OGRE_PLUGIN_DIR: /opt/ros/foxy/opt/rviz_ogre_vendor/lib/OGRE
-- rviz_ogre_vendor::OgreOverlay for IMPORTED_LOCATION_RELEASE: /opt/ros/foxy/opt/rviz_ogre_vendor/lib/libOgreOverlay.so
-- rviz_ogre_vendor::OgreOverlay for IMPORTED_LOCATION_DEBUG: /opt/ros/foxy/opt/rviz_ogre_vendor/lib/libOgreOverlay.so
-- rviz_ogre_vendor::OgreMain for IMPORTED_LOCATION_RELEASE: /opt/ros/foxy/opt/rviz_ogre_vendor/lib/libOgreMain.so
-- rviz_ogre_vendor::OgreMain for IMPORTED_LOCATION_DEBUG: /opt/ros/foxy/opt/rviz_ogre_vendor/lib/libOgreMain.so
-- Found ZLIB: /usr/lib/x86_64-linux-gnu/libz.so (found version "1.2.11") 
-- Found OpenGL: /usr/lib/x86_64-linux-gnu/libOpenGL.so   
-- Found X11: /usr/include   
-- Looking for XOpenDisplay in /usr/lib/x86_64-linux-gnu/libX11.so;/usr/lib/x86_64-linux-gnu/libXext.so
-- Looking for XOpenDisplay in /usr/lib/x86_64-linux-gnu/libX11.so;/usr/lib/x86_64-linux-gnu/libXext.so - found
-- Looking for gethostbyname
-- Looking for gethostbyname - found
-- Looking for connect
-- Looking for connect - found
-- Looking for remove
-- Looking for remove - found
-- Looking for shmat
-- Looking for shmat - found
-- Looking for IceConnectionNumber in ICE
-- Looking for IceConnectionNumber in ICE - found
-- rviz_ogre_vendor::RenderSystem_GL for IMPORTED_LOCATION_RELEASE: _render_system_gl_static_library_abs-NOTFOUND
-- rviz_ogre_vendor::RenderSystem_GL for IMPORTED_LOCATION_DEBUG: _render_system_gl_static_library_abs-NOTFOUND
-- library: /usr/lib/x86_64-linux-gnu/libcurl.so
-- Setting yaml-cpp_DIR to: '/opt/ros/foxy/share/yaml_cpp_vendor/cmake/../../../opt/yaml_cpp_vendor/lib/cmake/yaml-cpp'
-- Found rviz_default_plugins: 8.2.6 (/opt/ros/foxy/share/rviz_default_plugins/cmake)
-- Found roar_msgs: 0.0.0 (/home/roar/Desktop/projects/lilian/roar-gokart-ws/src/core/core/install/roar_msgs/share/roar_msgs/cmake)
-- Found ament_lint_auto: 0.9.6 (/opt/ros/foxy/share/ament_lint_auto/cmake)
-- Added test 'copyright' to check source files copyright and LICENSE
-- Added test 'cppcheck' to perform static code analysis on C / C++ code
-- Configured cppcheck include dirs: /home/roar/Desktop/projects/lilian/roar-gokart-ws/src/core/core/src/roar_rviz_plugin/include
-- Configured cppcheck exclude dirs and/or files: 
-- Added test 'cpplint' to check C / C++ code against the Google style
-- Configured cpplint exclude dirs and/or files: 
-- Added test 'lint_cmake' to check CMake code style
-- Added test 'uncrustify' to check C / C++ code style
-- Configured uncrustify additional arguments: 
-- Added test 'xmllint' to check XML markup files
-- Configuring done
-- Generating done
-- Build files have been written to: /home/roar/Desktop/projects/lilian/roar-gokart-ws/src/core/core/build/roar_rviz_plugin
[35m[1mScanning dependencies of target roar_rviz_plugin_autogen[0m
[ 25%] [34m[1mAutomatic MOC for target roar_rviz_plugin[0m
[ 25%] Built target roar_rviz_plugin_autogen
[35m[1mScanning dependencies of target roar_rviz_plugin[0m
[ 50%] [32mBuilding CXX object CMakeFiles/roar_rviz_plugin.dir/roar_rviz_plugin_autogen/mocs_compilation.cpp.o[0m
[ 75%] [32mBuilding CXX object CMakeFiles/roar_rviz_plugin.dir/src/roar_panel.cpp.o[0m
[100%] [32m[1mLinking CXX shared library libroar_rviz_plugin.so[0m
[100%] Built target roar_rviz_plugin
-- Install configuration: ""
-- Installing: /home/roar/Desktop/projects/lilian/roar-gokart-ws/src/core/core/install/roar_rviz_plugin/share/roar_rviz_plugin/plugins_description.xml
-- Installing: /home/roar/Desktop/projects/lilian/roar-gokart-ws/src/core/core/install/roar_rviz_plugin/lib/libroar_rviz_plugin.so
-- Set runtime path of "/home/roar/Desktop/projects/lilian/roar-gokart-ws/src/core/core/install/roar_rviz_plugin/lib/libroar_rviz_plugin.so" to ""
-- Installing: /home/roar/Desktop/projects/lilian/roar-gokart-ws/src/core/core/install/roar_rviz_plugin/include/
-- Installing: /home/roar/Desktop/projects/lilian/roar-gokart-ws/src/core/core/install/roar_rviz_plugin/include//roar_rviz_plugin
-- Installing: /home/roar/Desktop/projects/lilian/roar-gokart-ws/src/core/core/install/roar_rviz_plugin/include//roar_rviz_plugin/roar_panel.hpp
-- Installing: /home/roar/Desktop/projects/lilian/roar-gokart-ws/src/core/core/install/roar_rviz_plugin/include//roar_rviz_plugin/switch.hpp
-- Installing: /home/roar/Desktop/projects/lilian/roar-gokart-ws/src/core/core/install/roar_rviz_plugin/include//roar_rviz_plugin/styles.h
-- Installing: /home/roar/Desktop/projects/lilian/roar-gokart-ws/src/core/core/install/roar_rviz_plugin/share/roar_rviz_plugin/environment/library_path.sh
-- Installing: /home/roar/Desktop/projects/lilian/roar-gokart-ws/src/core/core/install/roar_rviz_plugin/share/roar_rviz_plugin/environment/library_path.dsv
-- Installing: /home/roar/Desktop/projects/lilian/roar-gokart-ws/src/core/core/install/roar_rviz_plugin/share/ament_index/resource_index/package_run_dependencies/roar_rviz_plugin
-- Installing: /home/roar/Desktop/projects/lilian/roar-gokart-ws/src/core/core/install/roar_rviz_plugin/share/ament_index/resource_index/parent_prefix_path/roar_rviz_plugin
-- Installing: /home/roar/Desktop/projects/lilian/roar-gokart-ws/src/core/core/install/roar_rviz_plugin/share/roar_rviz_plugin/environment/ament_prefix_path.sh
-- Installing: /home/roar/Desktop/projects/lilian/roar-gokart-ws/src/core/core/install/roar_rviz_plugin/share/roar_rviz_plugin/environment/ament_prefix_path.dsv
-- Installing: /home/roar/Desktop/projects/lilian/roar-gokart-ws/src/core/core/install/roar_rviz_plugin/share/roar_rviz_plugin/environment/path.sh
-- Installing: /home/roar/Desktop/projects/lilian/roar-gokart-ws/src/core/core/install/roar_rviz_plugin/share/roar_rviz_plugin/environment/path.dsv
-- Installing: /home/roar/Desktop/projects/lilian/roar-gokart-ws/src/core/core/install/roar_rviz_plugin/share/roar_rviz_plugin/local_setup.bash
-- Installing: /home/roar/Desktop/projects/lilian/roar-gokart-ws/src/core/core/install/roar_rviz_plugin/share/roar_rviz_plugin/local_setup.sh
-- Installing: /home/roar/Desktop/projects/lilian/roar-gokart-ws/src/core/core/install/roar_rviz_plugin/share/roar_rviz_plugin/local_setup.zsh
-- Installing: /home/roar/Desktop/projects/lilian/roar-gokart-ws/src/core/core/install/roar_rviz_plugin/share/roar_rviz_plugin/local_setup.dsv
-- Installing: /home/roar/Desktop/projects/lilian/roar-gokart-ws/src/core/core/install/roar_rviz_plugin/share/roar_rviz_plugin/package.dsv
-- Installing: /home/roar/Desktop/projects/lilian/roar-gokart-ws/src/core/core/install/roar_rviz_plugin/share/ament_index/resource_index/packages/roar_rviz_plugin
-- Installing: /home/roar/Desktop/projects/lilian/roar-gokart-ws/src/core/core/install/roar_rviz_plugin/share/ament_index/resource_index/rviz_common__pluginlib__plugin/roar_rviz_plugin
-- Installing: /home/roar/Desktop/projects/lilian/roar-gokart-ws/src/core/core/install/roar_rviz_plugin/share/roar_rviz_plugin/cmake/roar_rviz_pluginExport.cmake
-- Installing: /home/roar/Desktop/projects/lilian/roar-gokart-ws/src/core/core/install/roar_rviz_plugin/share/roar_rviz_plugin/cmake/roar_rviz_pluginExport-noconfig.cmake
-- Installing: /home/roar/Desktop/projects/lilian/roar-gokart-ws/src/core/core/install/roar_rviz_plugin/share/roar_rviz_plugin/cmake/ament_cmake_export_include_directories-extras.cmake
-- Installing: /home/roar/Desktop/projects/lilian/roar-gokart-ws/src/core/core/install/roar_rviz_plugin/share/roar_rviz_plugin/cmake/ament_cmake_export_targets-extras.cmake
-- Installing: /home/roar/Desktop/projects/lilian/roar-gokart-ws/src/core/core/install/roar_rviz_plugin/share/roar_rviz_plugin/cmake/ament_cmake_export_dependencies-extras.cmake
-- Installing: /home/roar/Desktop/projects/lilian/roar-gokart-ws/src/core/core/install/roar_rviz_plugin/share/roar_rviz_plugin/cmake/roar_rviz_pluginConfig.cmake
-- Installing: /home/roar/Desktop/projects/lilian/roar-gokart-ws/src/core/core/install/roar_rviz_plugin/share/roar_rviz_plugin/cmake/roar_rviz_pluginConfig-version.cmake
-- Installing: /home/roar/Desktop/projects/lilian/roar-gokart-ws/src/core/core/install/roar_rviz_plugin/share/roar_rviz_plugin/package.xml
