[0.316s] Invoking command in '/home/roar/Desktop/projects/lilian/roar-gokart-ws/src/core/core/build/roar_rviz_plugin': AMENT_PREFIX_PATH=/home/roar/Desktop/projects/lilian/roar-gokart-ws/src/core/core/install/roar_msgs:${AMENT_PREFIX_PATH} CMAKE_PREFIX_PATH=/home/roar/Desktop/projects/lilian/roar-gokart-ws/src/core/core/install/roar_msgs:/home/roar/Desktop/projects/lilian/roar-gokart-ws/install/vehicle_state_manager:/home/roar/Desktop/projects/lilian/roar-gokart-ws/install/local_planner_manager:/home/roar/Desktop/projects/lilian/roar-gokart-ws/install/trajectory_scorer:/home/roar/Desktop/projects/lilian/roar-gokart-ws/install/trajectory_picker:/home/roar/Desktop/projects/lilian/roar-gokart-ws/install/trajectory_generator:/home/roar/Desktop/projects/lilian/roar-gokart-ws/install/roar_carla:/home/roar/Desktop/projects/lilian/roar-gokart-ws/install/roar_simulation_msgs:/home/roar/Desktop/projects/lilian/roar-gokart-ws/install/roar-indy-launches:/home/roar/Desktop/projects/lilian/roar-gokart-ws/install/roar_rviz_plugin:/home/roar/Desktop/projects/lilian/roar-gokart-ws/install/controller_manager:/home/roar/Desktop/projects/lilian/roar-gokart-ws/install/roar_msgs:/home/roar/Desktop/projects/lilian/roar-gokart-ws/install/roar_mapping:/home/roar/Desktop/projects/lilian/roar-gokart-ws/install/roar-urdf:/home/roar/Desktop/projects/lilian/roar-gokart-ws/install/roar-base-station:/home/roar/Desktop/projects/lilian/roar-gokart-ws/install/planning_interfaces:/home/roar/Desktop/projects/lilian/roar-gokart-ws/install/pid_control:/home/roar/Desktop/projects/lilian/roar-gokart-ws/install/global_planning:/home/roar/Desktop/projects/lilian/roar-gokart-ws/install/costmap_node_manager:/home/roar/Desktop/projects/lilian/roar-gokart-ws/install/control_interfaces:/home/roar/Desktop/projects/lilian/roar-gokart-ws/install/behavior_planning:/home/roar/carla-ros-bridge/install/carla_ad_demo:/home/roar/carla-ros-bridge/install/rviz_carla_plugin:/home/roar/carla-ros-bridge/install/pcl_recorder:/home/roar/carla-ros-bridge/install/carla_waypoint_types:/home/roar/carla-ros-bridge/install/carla_ros_scenario_runner_types:/home/roar/carla-ros-bridge/install/carla_ackermann_msgs:/home/roar/carla-ros-bridge/install/carla_msgs:/home/roar/Desktop/projects/lilian/roar-gokart-ws/install/waypoint_recorder:/home/roar/Desktop/projects/lilian/roar-gokart-ws/install/roar_carla_manual_controller:/home/roar/Desktop/projects/lilian/roar-gokart-ws/install/roar_carla_interface:/home/roar/Desktop/projects/lilian/roar-gokart-ws/install/roar_manual_control:/home/roar/carla-ros-bridge/install/rqt_carla_control:/home/roar/carla-ros-bridge/install/carla_waypoint_publisher:/home/roar/carla-ros-bridge/install/carla_ackermann_control:/home/roar/carla-ros-bridge/install/carla_ros_bridge:/home/roar/carla-ros-bridge/install/carla_spawn_objects:/home/roar/carla-ros-bridge/install/carla_manual_control:/home/roar/carla-ros-bridge/install/carla_ad_agent:/home/roar/carla-ros-bridge/install/ros_compatibility:/home/roar/carla-ros-bridge/install/carla_walker_agent:/home/roar/carla-ros-bridge/install/carla_twist_to_control:/home/roar/carla-ros-bridge/install/carla_ros_scenario_runner:/home/roar/carla-ros-bridge/install/carla_common:/opt/ros/foxy LD_LIBRARY_PATH=/home/roar/Desktop/projects/lilian/roar-gokart-ws/src/core/core/install/roar_msgs/lib:${LD_LIBRARY_PATH} PYTHONPATH=/home/roar/Desktop/projects/lilian/roar-gokart-ws/src/core/core/install/roar_msgs/lib/python3.8/site-packages:${PYTHONPATH} /usr/bin/cmake /home/roar/Desktop/projects/lilian/roar-gokart-ws/src/core/core/src/roar_rviz_plugin -DCMAKE_INSTALL_PREFIX=/home/roar/Desktop/projects/lilian/roar-gokart-ws/src/core/core/install/roar_rviz_plugin
[0.375s] -- The C compiler identification is GNU 9.4.0
[0.425s] -- The CXX compiler identification is GNU 9.4.0
[0.430s] -- Check for working C compiler: /usr/bin/cc
[0.501s] -- Check for working C compiler: /usr/bin/cc -- works
[0.502s] -- Detecting C compiler ABI info
[0.566s] -- Detecting C compiler ABI info - done
[0.580s] -- Detecting C compile features
[0.581s] -- Detecting C compile features - done
[0.584s] -- Check for working CXX compiler: /usr/bin/c++
[0.663s] -- Check for working CXX compiler: /usr/bin/c++ -- works
[0.664s] -- Detecting CXX compiler ABI info
[0.740s] -- Detecting CXX compiler ABI info - done
[0.755s] -- Detecting CXX compile features
[0.756s] -- Detecting CXX compile features - done
[0.762s] -- Found ament_cmake: 0.9.9 (/opt/ros/foxy/share/ament_cmake/cmake)
[0.797s] -- Found PythonInterp: /usr/bin/python3 (found suitable version "3.8.10", minimum required is "3") 
[0.797s] -- Using PYTHON_EXECUTABLE: /usr/bin/python3
[1.084s] -- Found geometry_msgs: 2.0.5 (/opt/ros/foxy/share/geometry_msgs/cmake)
[1.136s] -- Using all available rosidl_typesupport_c: rosidl_typesupport_fastrtps_c;rosidl_typesupport_introspection_c
[1.149s] -- Found rosidl_adapter: 1.2.1 (/opt/ros/foxy/share/rosidl_adapter/cmake)
[1.263s] -- Found OpenSSL: /usr/lib/x86_64-linux-gnu/libcrypto.so (found version "1.1.1f")  
[1.305s] -- Found FastRTPS: /opt/ros/foxy/include  
[1.402s] -- Using all available rosidl_typesupport_cpp: rosidl_typesupport_fastrtps_cpp;rosidl_typesupport_introspection_cpp
[1.485s] -- Found nav2_util: 0.4.7 (/opt/ros/foxy/share/nav2_util/cmake)
[1.950s] -- Found rmw_implementation_cmake: 1.0.3 (/opt/ros/foxy/share/rmw_implementation_cmake/cmake)
[1.953s] -- Using RMW implementation 'rmw_fastrtps_cpp' as default
[1.953s] -- Looking for pthread.h
[2.020s] -- Looking for pthread.h - found
[2.021s] -- Performing Test CMAKE_HAVE_LIBC_PTHREAD
[2.096s] -- Performing Test CMAKE_HAVE_LIBC_PTHREAD - Failed
[2.096s] -- Looking for pthread_create in pthreads
[2.153s] -- Looking for pthread_create in pthreads - not found
[2.153s] -- Looking for pthread_create in pthread
[2.226s] -- Looking for pthread_create in pthread - found
[2.227s] -- Found Threads: TRUE  
[2.843s] -- Found eigen3_cmake_module: 0.1.1 (/opt/ros/foxy/share/eigen3_cmake_module/cmake)
[2.849s] -- Found Eigen3: TRUE (found version "3.3.7") 
[3.062s] -- Found nav2_lifecycle_manager: 0.4.7 (/opt/ros/foxy/share/nav2_lifecycle_manager/cmake)
[3.388s] -- Found pluginlib: 2.5.4 (/opt/ros/foxy/share/pluginlib/cmake)
[3.436s] -- Found rviz_common: 8.2.6 (/opt/ros/foxy/share/rviz_common/cmake)
[3.450s] -- Setting OGRE_DIR to: '/opt/ros/foxy/share/rviz_ogre_vendor/cmake/../../../opt/rviz_ogre_vendor/lib/OGRE/cmake'
[3.452s] -- Found OGRE
[3.453s] --   static     : OFF
[3.453s] --   components : HLMS;MeshLodGenerator;Overlay;Paging;Property;RTShaderSystem;Terrain;Volume
[3.453s] --   plugins    : Plugin_BSPSceneManager;Plugin_OctreeSceneManager;Plugin_PCZSceneManager;Plugin_ParticleFX;RenderSystem_GL;RenderSystem_GL3Plus;Codec_STBI
[3.453s] --   media      : /opt/ros/foxy/opt/rviz_ogre_vendor/share/OGRE/Media
[3.453s] -- OGRE_LIBRARIES: OgreHLMS;OgreMeshLodGenerator;OgreOverlay;OgrePaging;OgreProperty;OgreRTShaderSystem;OgreTerrain;OgreVolume;OgreMain
[3.453s] -- OGRE_LIBRARY_DIRS: /opt/ros/foxy/opt/rviz_ogre_vendor/lib
[3.453s] -- OGRE_PLUGINS: Plugin_BSPSceneManager;Plugin_OctreeSceneManager;Plugin_PCZSceneManager;Plugin_ParticleFX;RenderSystem_GL;RenderSystem_GL3Plus;Codec_STBI
[3.453s] -- OGRE_PLUGIN_DIR: /opt/ros/foxy/opt/rviz_ogre_vendor/lib/OGRE
[3.453s] -- rviz_ogre_vendor::OgreOverlay for IMPORTED_LOCATION_RELEASE: /opt/ros/foxy/opt/rviz_ogre_vendor/lib/libOgreOverlay.so
[3.453s] -- rviz_ogre_vendor::OgreOverlay for IMPORTED_LOCATION_DEBUG: /opt/ros/foxy/opt/rviz_ogre_vendor/lib/libOgreOverlay.so
[3.453s] -- rviz_ogre_vendor::OgreMain for IMPORTED_LOCATION_RELEASE: /opt/ros/foxy/opt/rviz_ogre_vendor/lib/libOgreMain.so
[3.454s] -- rviz_ogre_vendor::OgreMain for IMPORTED_LOCATION_DEBUG: /opt/ros/foxy/opt/rviz_ogre_vendor/lib/libOgreMain.so
[3.493s] -- Found ZLIB: /usr/lib/x86_64-linux-gnu/libz.so (found version "1.2.11") 
[3.505s] -- Found OpenGL: /usr/lib/x86_64-linux-gnu/libOpenGL.so   
[3.655s] -- Found X11: /usr/include   
[3.655s] -- Looking for XOpenDisplay in /usr/lib/x86_64-linux-gnu/libX11.so;/usr/lib/x86_64-linux-gnu/libXext.so
[3.734s] -- Looking for XOpenDisplay in /usr/lib/x86_64-linux-gnu/libX11.so;/usr/lib/x86_64-linux-gnu/libXext.so - found
[3.734s] -- Looking for gethostbyname
[3.810s] -- Looking for gethostbyname - found
[3.810s] -- Looking for connect
[3.884s] -- Looking for connect - found
[3.884s] -- Looking for remove
[3.956s] -- Looking for remove - found
[3.956s] -- Looking for shmat
[4.016s] -- Looking for shmat - found
[4.016s] -- Looking for IceConnectionNumber in ICE
[4.075s] -- Looking for IceConnectionNumber in ICE - found
[4.078s] -- rviz_ogre_vendor::RenderSystem_GL for IMPORTED_LOCATION_RELEASE: _render_system_gl_static_library_abs-NOTFOUND
[4.078s] -- rviz_ogre_vendor::RenderSystem_GL for IMPORTED_LOCATION_DEBUG: _render_system_gl_static_library_abs-NOTFOUND
[4.164s] -- library: /usr/lib/x86_64-linux-gnu/libcurl.so
[4.369s] -- Setting yaml-cpp_DIR to: '/opt/ros/foxy/share/yaml_cpp_vendor/cmake/../../../opt/yaml_cpp_vendor/lib/cmake/yaml-cpp'
[4.377s] -- Found rviz_default_plugins: 8.2.6 (/opt/ros/foxy/share/rviz_default_plugins/cmake)
[4.909s] -- Found roar_msgs: 0.0.0 (/home/roar/Desktop/projects/lilian/roar-gokart-ws/src/core/core/install/roar_msgs/share/roar_msgs/cmake)
[6.271s] -- Found ament_lint_auto: 0.9.6 (/opt/ros/foxy/share/ament_lint_auto/cmake)
[6.400s] -- Added test 'copyright' to check source files copyright and LICENSE
[6.402s] -- Added test 'cppcheck' to perform static code analysis on C / C++ code
[6.403s] -- Configured cppcheck include dirs: /home/roar/Desktop/projects/lilian/roar-gokart-ws/src/core/core/src/roar_rviz_plugin/include
[6.403s] -- Configured cppcheck exclude dirs and/or files: 
[6.404s] -- Added test 'cpplint' to check C / C++ code against the Google style
[6.405s] -- Configured cpplint exclude dirs and/or files: 
[6.406s] -- Added test 'lint_cmake' to check CMake code style
[6.408s] -- Added test 'uncrustify' to check C / C++ code style
[6.408s] -- Configured uncrustify additional arguments: 
[6.409s] -- Added test 'xmllint' to check XML markup files
[6.417s] -- Configuring done
[6.514s] -- Generating done
[6.517s] -- Build files have been written to: /home/roar/Desktop/projects/lilian/roar-gokart-ws/src/core/core/build/roar_rviz_plugin
[6.529s] Invoked command in '/home/roar/Desktop/projects/lilian/roar-gokart-ws/src/core/core/build/roar_rviz_plugin' returned '0': AMENT_PREFIX_PATH=/home/roar/Desktop/projects/lilian/roar-gokart-ws/src/core/core/install/roar_msgs:${AMENT_PREFIX_PATH} CMAKE_PREFIX_PATH=/home/roar/Desktop/projects/lilian/roar-gokart-ws/src/core/core/install/roar_msgs:/home/roar/Desktop/projects/lilian/roar-gokart-ws/install/vehicle_state_manager:/home/roar/Desktop/projects/lilian/roar-gokart-ws/install/local_planner_manager:/home/roar/Desktop/projects/lilian/roar-gokart-ws/install/trajectory_scorer:/home/roar/Desktop/projects/lilian/roar-gokart-ws/install/trajectory_picker:/home/roar/Desktop/projects/lilian/roar-gokart-ws/install/trajectory_generator:/home/roar/Desktop/projects/lilian/roar-gokart-ws/install/roar_carla:/home/roar/Desktop/projects/lilian/roar-gokart-ws/install/roar_simulation_msgs:/home/roar/Desktop/projects/lilian/roar-gokart-ws/install/roar-indy-launches:/home/roar/Desktop/projects/lilian/roar-gokart-ws/install/roar_rviz_plugin:/home/roar/Desktop/projects/lilian/roar-gokart-ws/install/controller_manager:/home/roar/Desktop/projects/lilian/roar-gokart-ws/install/roar_msgs:/home/roar/Desktop/projects/lilian/roar-gokart-ws/install/roar_mapping:/home/roar/Desktop/projects/lilian/roar-gokart-ws/install/roar-urdf:/home/roar/Desktop/projects/lilian/roar-gokart-ws/install/roar-base-station:/home/roar/Desktop/projects/lilian/roar-gokart-ws/install/planning_interfaces:/home/roar/Desktop/projects/lilian/roar-gokart-ws/install/pid_control:/home/roar/Desktop/projects/lilian/roar-gokart-ws/install/global_planning:/home/roar/Desktop/projects/lilian/roar-gokart-ws/install/costmap_node_manager:/home/roar/Desktop/projects/lilian/roar-gokart-ws/install/control_interfaces:/home/roar/Desktop/projects/lilian/roar-gokart-ws/install/behavior_planning:/home/roar/carla-ros-bridge/install/carla_ad_demo:/home/roar/carla-ros-bridge/install/rviz_carla_plugin:/home/roar/carla-ros-bridge/install/pcl_recorder:/home/roar/carla-ros-bridge/install/carla_waypoint_types:/home/roar/carla-ros-bridge/install/carla_ros_scenario_runner_types:/home/roar/carla-ros-bridge/install/carla_ackermann_msgs:/home/roar/carla-ros-bridge/install/carla_msgs:/home/roar/Desktop/projects/lilian/roar-gokart-ws/install/waypoint_recorder:/home/roar/Desktop/projects/lilian/roar-gokart-ws/install/roar_carla_manual_controller:/home/roar/Desktop/projects/lilian/roar-gokart-ws/install/roar_carla_interface:/home/roar/Desktop/projects/lilian/roar-gokart-ws/install/roar_manual_control:/home/roar/carla-ros-bridge/install/rqt_carla_control:/home/roar/carla-ros-bridge/install/carla_waypoint_publisher:/home/roar/carla-ros-bridge/install/carla_ackermann_control:/home/roar/carla-ros-bridge/install/carla_ros_bridge:/home/roar/carla-ros-bridge/install/carla_spawn_objects:/home/roar/carla-ros-bridge/install/carla_manual_control:/home/roar/carla-ros-bridge/install/carla_ad_agent:/home/roar/carla-ros-bridge/install/ros_compatibility:/home/roar/carla-ros-bridge/install/carla_walker_agent:/home/roar/carla-ros-bridge/install/carla_twist_to_control:/home/roar/carla-ros-bridge/install/carla_ros_scenario_runner:/home/roar/carla-ros-bridge/install/carla_common:/opt/ros/foxy LD_LIBRARY_PATH=/home/roar/Desktop/projects/lilian/roar-gokart-ws/src/core/core/install/roar_msgs/lib:${LD_LIBRARY_PATH} PYTHONPATH=/home/roar/Desktop/projects/lilian/roar-gokart-ws/src/core/core/install/roar_msgs/lib/python3.8/site-packages:${PYTHONPATH} /usr/bin/cmake /home/roar/Desktop/projects/lilian/roar-gokart-ws/src/core/core/src/roar_rviz_plugin -DCMAKE_INSTALL_PREFIX=/home/roar/Desktop/projects/lilian/roar-gokart-ws/src/core/core/install/roar_rviz_plugin
[6.532s] Invoking command in '/home/roar/Desktop/projects/lilian/roar-gokart-ws/src/core/core/build/roar_rviz_plugin': AMENT_PREFIX_PATH=/home/roar/Desktop/projects/lilian/roar-gokart-ws/src/core/core/install/roar_msgs:${AMENT_PREFIX_PATH} CMAKE_PREFIX_PATH=/home/roar/Desktop/projects/lilian/roar-gokart-ws/src/core/core/install/roar_msgs:/home/roar/Desktop/projects/lilian/roar-gokart-ws/install/vehicle_state_manager:/home/roar/Desktop/projects/lilian/roar-gokart-ws/install/local_planner_manager:/home/roar/Desktop/projects/lilian/roar-gokart-ws/install/trajectory_scorer:/home/roar/Desktop/projects/lilian/roar-gokart-ws/install/trajectory_picker:/home/roar/Desktop/projects/lilian/roar-gokart-ws/install/trajectory_generator:/home/roar/Desktop/projects/lilian/roar-gokart-ws/install/roar_carla:/home/roar/Desktop/projects/lilian/roar-gokart-ws/install/roar_simulation_msgs:/home/roar/Desktop/projects/lilian/roar-gokart-ws/install/roar-indy-launches:/home/roar/Desktop/projects/lilian/roar-gokart-ws/install/roar_rviz_plugin:/home/roar/Desktop/projects/lilian/roar-gokart-ws/install/controller_manager:/home/roar/Desktop/projects/lilian/roar-gokart-ws/install/roar_msgs:/home/roar/Desktop/projects/lilian/roar-gokart-ws/install/roar_mapping:/home/roar/Desktop/projects/lilian/roar-gokart-ws/install/roar-urdf:/home/roar/Desktop/projects/lilian/roar-gokart-ws/install/roar-base-station:/home/roar/Desktop/projects/lilian/roar-gokart-ws/install/planning_interfaces:/home/roar/Desktop/projects/lilian/roar-gokart-ws/install/pid_control:/home/roar/Desktop/projects/lilian/roar-gokart-ws/install/global_planning:/home/roar/Desktop/projects/lilian/roar-gokart-ws/install/costmap_node_manager:/home/roar/Desktop/projects/lilian/roar-gokart-ws/install/control_interfaces:/home/roar/Desktop/projects/lilian/roar-gokart-ws/install/behavior_planning:/home/roar/carla-ros-bridge/install/carla_ad_demo:/home/roar/carla-ros-bridge/install/rviz_carla_plugin:/home/roar/carla-ros-bridge/install/pcl_recorder:/home/roar/carla-ros-bridge/install/carla_waypoint_types:/home/roar/carla-ros-bridge/install/carla_ros_scenario_runner_types:/home/roar/carla-ros-bridge/install/carla_ackermann_msgs:/home/roar/carla-ros-bridge/install/carla_msgs:/home/roar/Desktop/projects/lilian/roar-gokart-ws/install/waypoint_recorder:/home/roar/Desktop/projects/lilian/roar-gokart-ws/install/roar_carla_manual_controller:/home/roar/Desktop/projects/lilian/roar-gokart-ws/install/roar_carla_interface:/home/roar/Desktop/projects/lilian/roar-gokart-ws/install/roar_manual_control:/home/roar/carla-ros-bridge/install/rqt_carla_control:/home/roar/carla-ros-bridge/install/carla_waypoint_publisher:/home/roar/carla-ros-bridge/install/carla_ackermann_control:/home/roar/carla-ros-bridge/install/carla_ros_bridge:/home/roar/carla-ros-bridge/install/carla_spawn_objects:/home/roar/carla-ros-bridge/install/carla_manual_control:/home/roar/carla-ros-bridge/install/carla_ad_agent:/home/roar/carla-ros-bridge/install/ros_compatibility:/home/roar/carla-ros-bridge/install/carla_walker_agent:/home/roar/carla-ros-bridge/install/carla_twist_to_control:/home/roar/carla-ros-bridge/install/carla_ros_scenario_runner:/home/roar/carla-ros-bridge/install/carla_common:/opt/ros/foxy LD_LIBRARY_PATH=/home/roar/Desktop/projects/lilian/roar-gokart-ws/src/core/core/install/roar_msgs/lib:${LD_LIBRARY_PATH} PYTHONPATH=/home/roar/Desktop/projects/lilian/roar-gokart-ws/src/core/core/install/roar_msgs/lib/python3.8/site-packages:${PYTHONPATH} /usr/bin/cmake --build /home/roar/Desktop/projects/lilian/roar-gokart-ws/src/core/core/build/roar_rviz_plugin -- -j16 -l16
[6.586s] [35m[1mScanning dependencies of target roar_rviz_plugin_autogen[0m
[6.599s] [ 25%] [34m[1mAutomatic MOC for target roar_rviz_plugin[0m
[6.632s] [ 25%] Built target roar_rviz_plugin_autogen
[6.647s] [35m[1mScanning dependencies of target roar_rviz_plugin[0m
[6.738s] [ 50%] [32mBuilding CXX object CMakeFiles/roar_rviz_plugin.dir/roar_rviz_plugin_autogen/mocs_compilation.cpp.o[0m
[6.748s] [ 75%] [32mBuilding CXX object CMakeFiles/roar_rviz_plugin.dir/src/roar_panel.cpp.o[0m
[12.887s] [100%] [32m[1mLinking CXX shared library libroar_rviz_plugin.so[0m
[15.002s] [100%] Built target roar_rviz_plugin
[15.012s] Invoked command in '/home/roar/Desktop/projects/lilian/roar-gokart-ws/src/core/core/build/roar_rviz_plugin' returned '0': AMENT_PREFIX_PATH=/home/roar/Desktop/projects/lilian/roar-gokart-ws/src/core/core/install/roar_msgs:${AMENT_PREFIX_PATH} CMAKE_PREFIX_PATH=/home/roar/Desktop/projects/lilian/roar-gokart-ws/src/core/core/install/roar_msgs:/home/roar/Desktop/projects/lilian/roar-gokart-ws/install/vehicle_state_manager:/home/roar/Desktop/projects/lilian/roar-gokart-ws/install/local_planner_manager:/home/roar/Desktop/projects/lilian/roar-gokart-ws/install/trajectory_scorer:/home/roar/Desktop/projects/lilian/roar-gokart-ws/install/trajectory_picker:/home/roar/Desktop/projects/lilian/roar-gokart-ws/install/trajectory_generator:/home/roar/Desktop/projects/lilian/roar-gokart-ws/install/roar_carla:/home/roar/Desktop/projects/lilian/roar-gokart-ws/install/roar_simulation_msgs:/home/roar/Desktop/projects/lilian/roar-gokart-ws/install/roar-indy-launches:/home/roar/Desktop/projects/lilian/roar-gokart-ws/install/roar_rviz_plugin:/home/roar/Desktop/projects/lilian/roar-gokart-ws/install/controller_manager:/home/roar/Desktop/projects/lilian/roar-gokart-ws/install/roar_msgs:/home/roar/Desktop/projects/lilian/roar-gokart-ws/install/roar_mapping:/home/roar/Desktop/projects/lilian/roar-gokart-ws/install/roar-urdf:/home/roar/Desktop/projects/lilian/roar-gokart-ws/install/roar-base-station:/home/roar/Desktop/projects/lilian/roar-gokart-ws/install/planning_interfaces:/home/roar/Desktop/projects/lilian/roar-gokart-ws/install/pid_control:/home/roar/Desktop/projects/lilian/roar-gokart-ws/install/global_planning:/home/roar/Desktop/projects/lilian/roar-gokart-ws/install/costmap_node_manager:/home/roar/Desktop/projects/lilian/roar-gokart-ws/install/control_interfaces:/home/roar/Desktop/projects/lilian/roar-gokart-ws/install/behavior_planning:/home/roar/carla-ros-bridge/install/carla_ad_demo:/home/roar/carla-ros-bridge/install/rviz_carla_plugin:/home/roar/carla-ros-bridge/install/pcl_recorder:/home/roar/carla-ros-bridge/install/carla_waypoint_types:/home/roar/carla-ros-bridge/install/carla_ros_scenario_runner_types:/home/roar/carla-ros-bridge/install/carla_ackermann_msgs:/home/roar/carla-ros-bridge/install/carla_msgs:/home/roar/Desktop/projects/lilian/roar-gokart-ws/install/waypoint_recorder:/home/roar/Desktop/projects/lilian/roar-gokart-ws/install/roar_carla_manual_controller:/home/roar/Desktop/projects/lilian/roar-gokart-ws/install/roar_carla_interface:/home/roar/Desktop/projects/lilian/roar-gokart-ws/install/roar_manual_control:/home/roar/carla-ros-bridge/install/rqt_carla_control:/home/roar/carla-ros-bridge/install/carla_waypoint_publisher:/home/roar/carla-ros-bridge/install/carla_ackermann_control:/home/roar/carla-ros-bridge/install/carla_ros_bridge:/home/roar/carla-ros-bridge/install/carla_spawn_objects:/home/roar/carla-ros-bridge/install/carla_manual_control:/home/roar/carla-ros-bridge/install/carla_ad_agent:/home/roar/carla-ros-bridge/install/ros_compatibility:/home/roar/carla-ros-bridge/install/carla_walker_agent:/home/roar/carla-ros-bridge/install/carla_twist_to_control:/home/roar/carla-ros-bridge/install/carla_ros_scenario_runner:/home/roar/carla-ros-bridge/install/carla_common:/opt/ros/foxy LD_LIBRARY_PATH=/home/roar/Desktop/projects/lilian/roar-gokart-ws/src/core/core/install/roar_msgs/lib:${LD_LIBRARY_PATH} PYTHONPATH=/home/roar/Desktop/projects/lilian/roar-gokart-ws/src/core/core/install/roar_msgs/lib/python3.8/site-packages:${PYTHONPATH} /usr/bin/cmake --build /home/roar/Desktop/projects/lilian/roar-gokart-ws/src/core/core/build/roar_rviz_plugin -- -j16 -l16
[15.040s] Invoking command in '/home/roar/Desktop/projects/lilian/roar-gokart-ws/src/core/core/build/roar_rviz_plugin': AMENT_PREFIX_PATH=/home/roar/Desktop/projects/lilian/roar-gokart-ws/src/core/core/install/roar_msgs:${AMENT_PREFIX_PATH} CMAKE_PREFIX_PATH=/home/roar/Desktop/projects/lilian/roar-gokart-ws/src/core/core/install/roar_msgs:/home/roar/Desktop/projects/lilian/roar-gokart-ws/install/vehicle_state_manager:/home/roar/Desktop/projects/lilian/roar-gokart-ws/install/local_planner_manager:/home/roar/Desktop/projects/lilian/roar-gokart-ws/install/trajectory_scorer:/home/roar/Desktop/projects/lilian/roar-gokart-ws/install/trajectory_picker:/home/roar/Desktop/projects/lilian/roar-gokart-ws/install/trajectory_generator:/home/roar/Desktop/projects/lilian/roar-gokart-ws/install/roar_carla:/home/roar/Desktop/projects/lilian/roar-gokart-ws/install/roar_simulation_msgs:/home/roar/Desktop/projects/lilian/roar-gokart-ws/install/roar-indy-launches:/home/roar/Desktop/projects/lilian/roar-gokart-ws/install/roar_rviz_plugin:/home/roar/Desktop/projects/lilian/roar-gokart-ws/install/controller_manager:/home/roar/Desktop/projects/lilian/roar-gokart-ws/install/roar_msgs:/home/roar/Desktop/projects/lilian/roar-gokart-ws/install/roar_mapping:/home/roar/Desktop/projects/lilian/roar-gokart-ws/install/roar-urdf:/home/roar/Desktop/projects/lilian/roar-gokart-ws/install/roar-base-station:/home/roar/Desktop/projects/lilian/roar-gokart-ws/install/planning_interfaces:/home/roar/Desktop/projects/lilian/roar-gokart-ws/install/pid_control:/home/roar/Desktop/projects/lilian/roar-gokart-ws/install/global_planning:/home/roar/Desktop/projects/lilian/roar-gokart-ws/install/costmap_node_manager:/home/roar/Desktop/projects/lilian/roar-gokart-ws/install/control_interfaces:/home/roar/Desktop/projects/lilian/roar-gokart-ws/install/behavior_planning:/home/roar/carla-ros-bridge/install/carla_ad_demo:/home/roar/carla-ros-bridge/install/rviz_carla_plugin:/home/roar/carla-ros-bridge/install/pcl_recorder:/home/roar/carla-ros-bridge/install/carla_waypoint_types:/home/roar/carla-ros-bridge/install/carla_ros_scenario_runner_types:/home/roar/carla-ros-bridge/install/carla_ackermann_msgs:/home/roar/carla-ros-bridge/install/carla_msgs:/home/roar/Desktop/projects/lilian/roar-gokart-ws/install/waypoint_recorder:/home/roar/Desktop/projects/lilian/roar-gokart-ws/install/roar_carla_manual_controller:/home/roar/Desktop/projects/lilian/roar-gokart-ws/install/roar_carla_interface:/home/roar/Desktop/projects/lilian/roar-gokart-ws/install/roar_manual_control:/home/roar/carla-ros-bridge/install/rqt_carla_control:/home/roar/carla-ros-bridge/install/carla_waypoint_publisher:/home/roar/carla-ros-bridge/install/carla_ackermann_control:/home/roar/carla-ros-bridge/install/carla_ros_bridge:/home/roar/carla-ros-bridge/install/carla_spawn_objects:/home/roar/carla-ros-bridge/install/carla_manual_control:/home/roar/carla-ros-bridge/install/carla_ad_agent:/home/roar/carla-ros-bridge/install/ros_compatibility:/home/roar/carla-ros-bridge/install/carla_walker_agent:/home/roar/carla-ros-bridge/install/carla_twist_to_control:/home/roar/carla-ros-bridge/install/carla_ros_scenario_runner:/home/roar/carla-ros-bridge/install/carla_common:/opt/ros/foxy LD_LIBRARY_PATH=/home/roar/Desktop/projects/lilian/roar-gokart-ws/src/core/core/install/roar_msgs/lib:${LD_LIBRARY_PATH} PYTHONPATH=/home/roar/Desktop/projects/lilian/roar-gokart-ws/src/core/core/install/roar_msgs/lib/python3.8/site-packages:${PYTHONPATH} /usr/bin/cmake --install /home/roar/Desktop/projects/lilian/roar-gokart-ws/src/core/core/build/roar_rviz_plugin
[15.051s] -- Install configuration: ""
[15.051s] -- Installing: /home/roar/Desktop/projects/lilian/roar-gokart-ws/src/core/core/install/roar_rviz_plugin/share/roar_rviz_plugin/plugins_description.xml
[15.051s] -- Installing: /home/roar/Desktop/projects/lilian/roar-gokart-ws/src/core/core/install/roar_rviz_plugin/lib/libroar_rviz_plugin.so
[15.051s] -- Set runtime path of "/home/roar/Desktop/projects/lilian/roar-gokart-ws/src/core/core/install/roar_rviz_plugin/lib/libroar_rviz_plugin.so" to ""
[15.052s] -- Installing: /home/roar/Desktop/projects/lilian/roar-gokart-ws/src/core/core/install/roar_rviz_plugin/include/
[15.052s] -- Installing: /home/roar/Desktop/projects/lilian/roar-gokart-ws/src/core/core/install/roar_rviz_plugin/include//roar_rviz_plugin
[15.052s] -- Installing: /home/roar/Desktop/projects/lilian/roar-gokart-ws/src/core/core/install/roar_rviz_plugin/include//roar_rviz_plugin/roar_panel.hpp
[15.052s] -- Installing: /home/roar/Desktop/projects/lilian/roar-gokart-ws/src/core/core/install/roar_rviz_plugin/include//roar_rviz_plugin/switch.hpp
[15.052s] -- Installing: /home/roar/Desktop/projects/lilian/roar-gokart-ws/src/core/core/install/roar_rviz_plugin/include//roar_rviz_plugin/styles.h
[15.052s] -- Installing: /home/roar/Desktop/projects/lilian/roar-gokart-ws/src/core/core/install/roar_rviz_plugin/share/roar_rviz_plugin/environment/library_path.sh
[15.052s] -- Installing: /home/roar/Desktop/projects/lilian/roar-gokart-ws/src/core/core/install/roar_rviz_plugin/share/roar_rviz_plugin/environment/library_path.dsv
[15.052s] -- Installing: /home/roar/Desktop/projects/lilian/roar-gokart-ws/src/core/core/install/roar_rviz_plugin/share/ament_index/resource_index/package_run_dependencies/roar_rviz_plugin
[15.052s] -- Installing: /home/roar/Desktop/projects/lilian/roar-gokart-ws/src/core/core/install/roar_rviz_plugin/share/ament_index/resource_index/parent_prefix_path/roar_rviz_plugin
[15.052s] -- Installing: /home/roar/Desktop/projects/lilian/roar-gokart-ws/src/core/core/install/roar_rviz_plugin/share/roar_rviz_plugin/environment/ament_prefix_path.sh
[15.053s] -- Installing: /home/roar/Desktop/projects/lilian/roar-gokart-ws/src/core/core/install/roar_rviz_plugin/share/roar_rviz_plugin/environment/ament_prefix_path.dsv
[15.053s] -- Installing: /home/roar/Desktop/projects/lilian/roar-gokart-ws/src/core/core/install/roar_rviz_plugin/share/roar_rviz_plugin/environment/path.sh
[15.053s] -- Installing: /home/roar/Desktop/projects/lilian/roar-gokart-ws/src/core/core/install/roar_rviz_plugin/share/roar_rviz_plugin/environment/path.dsv
[15.053s] -- Installing: /home/roar/Desktop/projects/lilian/roar-gokart-ws/src/core/core/install/roar_rviz_plugin/share/roar_rviz_plugin/local_setup.bash
[15.053s] -- Installing: /home/roar/Desktop/projects/lilian/roar-gokart-ws/src/core/core/install/roar_rviz_plugin/share/roar_rviz_plugin/local_setup.sh
[15.053s] -- Installing: /home/roar/Desktop/projects/lilian/roar-gokart-ws/src/core/core/install/roar_rviz_plugin/share/roar_rviz_plugin/local_setup.zsh
[15.053s] -- Installing: /home/roar/Desktop/projects/lilian/roar-gokart-ws/src/core/core/install/roar_rviz_plugin/share/roar_rviz_plugin/local_setup.dsv
[15.053s] -- Installing: /home/roar/Desktop/projects/lilian/roar-gokart-ws/src/core/core/install/roar_rviz_plugin/share/roar_rviz_plugin/package.dsv
[15.053s] -- Installing: /home/roar/Desktop/projects/lilian/roar-gokart-ws/src/core/core/install/roar_rviz_plugin/share/ament_index/resource_index/packages/roar_rviz_plugin
[15.053s] -- Installing: /home/roar/Desktop/projects/lilian/roar-gokart-ws/src/core/core/install/roar_rviz_plugin/share/ament_index/resource_index/rviz_common__pluginlib__plugin/roar_rviz_plugin
[15.053s] -- Installing: /home/roar/Desktop/projects/lilian/roar-gokart-ws/src/core/core/install/roar_rviz_plugin/share/roar_rviz_plugin/cmake/roar_rviz_pluginExport.cmake
[15.054s] -- Installing: /home/roar/Desktop/projects/lilian/roar-gokart-ws/src/core/core/install/roar_rviz_plugin/share/roar_rviz_plugin/cmake/roar_rviz_pluginExport-noconfig.cmake
[15.054s] -- Installing: /home/roar/Desktop/projects/lilian/roar-gokart-ws/src/core/core/install/roar_rviz_plugin/share/roar_rviz_plugin/cmake/ament_cmake_export_include_directories-extras.cmake
[15.054s] -- Installing: /home/roar/Desktop/projects/lilian/roar-gokart-ws/src/core/core/install/roar_rviz_plugin/share/roar_rviz_plugin/cmake/ament_cmake_export_targets-extras.cmake
[15.054s] -- Installing: /home/roar/Desktop/projects/lilian/roar-gokart-ws/src/core/core/install/roar_rviz_plugin/share/roar_rviz_plugin/cmake/ament_cmake_export_dependencies-extras.cmake
[15.054s] -- Installing: /home/roar/Desktop/projects/lilian/roar-gokart-ws/src/core/core/install/roar_rviz_plugin/share/roar_rviz_plugin/cmake/roar_rviz_pluginConfig.cmake
[15.054s] -- Installing: /home/roar/Desktop/projects/lilian/roar-gokart-ws/src/core/core/install/roar_rviz_plugin/share/roar_rviz_plugin/cmake/roar_rviz_pluginConfig-version.cmake
[15.054s] -- Installing: /home/roar/Desktop/projects/lilian/roar-gokart-ws/src/core/core/install/roar_rviz_plugin/share/roar_rviz_plugin/package.xml
[15.058s] Invoked command in '/home/roar/Desktop/projects/lilian/roar-gokart-ws/src/core/core/build/roar_rviz_plugin' returned '0': AMENT_PREFIX_PATH=/home/roar/Desktop/projects/lilian/roar-gokart-ws/src/core/core/install/roar_msgs:${AMENT_PREFIX_PATH} CMAKE_PREFIX_PATH=/home/roar/Desktop/projects/lilian/roar-gokart-ws/src/core/core/install/roar_msgs:/home/roar/Desktop/projects/lilian/roar-gokart-ws/install/vehicle_state_manager:/home/roar/Desktop/projects/lilian/roar-gokart-ws/install/local_planner_manager:/home/roar/Desktop/projects/lilian/roar-gokart-ws/install/trajectory_scorer:/home/roar/Desktop/projects/lilian/roar-gokart-ws/install/trajectory_picker:/home/roar/Desktop/projects/lilian/roar-gokart-ws/install/trajectory_generator:/home/roar/Desktop/projects/lilian/roar-gokart-ws/install/roar_carla:/home/roar/Desktop/projects/lilian/roar-gokart-ws/install/roar_simulation_msgs:/home/roar/Desktop/projects/lilian/roar-gokart-ws/install/roar-indy-launches:/home/roar/Desktop/projects/lilian/roar-gokart-ws/install/roar_rviz_plugin:/home/roar/Desktop/projects/lilian/roar-gokart-ws/install/controller_manager:/home/roar/Desktop/projects/lilian/roar-gokart-ws/install/roar_msgs:/home/roar/Desktop/projects/lilian/roar-gokart-ws/install/roar_mapping:/home/roar/Desktop/projects/lilian/roar-gokart-ws/install/roar-urdf:/home/roar/Desktop/projects/lilian/roar-gokart-ws/install/roar-base-station:/home/roar/Desktop/projects/lilian/roar-gokart-ws/install/planning_interfaces:/home/roar/Desktop/projects/lilian/roar-gokart-ws/install/pid_control:/home/roar/Desktop/projects/lilian/roar-gokart-ws/install/global_planning:/home/roar/Desktop/projects/lilian/roar-gokart-ws/install/costmap_node_manager:/home/roar/Desktop/projects/lilian/roar-gokart-ws/install/control_interfaces:/home/roar/Desktop/projects/lilian/roar-gokart-ws/install/behavior_planning:/home/roar/carla-ros-bridge/install/carla_ad_demo:/home/roar/carla-ros-bridge/install/rviz_carla_plugin:/home/roar/carla-ros-bridge/install/pcl_recorder:/home/roar/carla-ros-bridge/install/carla_waypoint_types:/home/roar/carla-ros-bridge/install/carla_ros_scenario_runner_types:/home/roar/carla-ros-bridge/install/carla_ackermann_msgs:/home/roar/carla-ros-bridge/install/carla_msgs:/home/roar/Desktop/projects/lilian/roar-gokart-ws/install/waypoint_recorder:/home/roar/Desktop/projects/lilian/roar-gokart-ws/install/roar_carla_manual_controller:/home/roar/Desktop/projects/lilian/roar-gokart-ws/install/roar_carla_interface:/home/roar/Desktop/projects/lilian/roar-gokart-ws/install/roar_manual_control:/home/roar/carla-ros-bridge/install/rqt_carla_control:/home/roar/carla-ros-bridge/install/carla_waypoint_publisher:/home/roar/carla-ros-bridge/install/carla_ackermann_control:/home/roar/carla-ros-bridge/install/carla_ros_bridge:/home/roar/carla-ros-bridge/install/carla_spawn_objects:/home/roar/carla-ros-bridge/install/carla_manual_control:/home/roar/carla-ros-bridge/install/carla_ad_agent:/home/roar/carla-ros-bridge/install/ros_compatibility:/home/roar/carla-ros-bridge/install/carla_walker_agent:/home/roar/carla-ros-bridge/install/carla_twist_to_control:/home/roar/carla-ros-bridge/install/carla_ros_scenario_runner:/home/roar/carla-ros-bridge/install/carla_common:/opt/ros/foxy LD_LIBRARY_PATH=/home/roar/Desktop/projects/lilian/roar-gokart-ws/src/core/core/install/roar_msgs/lib:${LD_LIBRARY_PATH} PYTHONPATH=/home/roar/Desktop/projects/lilian/roar-gokart-ws/src/core/core/install/roar_msgs/lib/python3.8/site-packages:${PYTHONPATH} /usr/bin/cmake --install /home/roar/Desktop/projects/lilian/roar-gokart-ws/src/core/core/build/roar_rviz_plugin
