-- The C compiler identification is GNU 9.4.0
-- The CXX compiler identification is GNU 9.4.0
-- Check for working C compiler: /usr/bin/cc
-- Check for working C compiler: /usr/bin/cc -- works
-- Detecting C compiler ABI info
-- Detecting C compiler ABI info - done
-- Detecting C compile features
-- Detecting C compile features - done
-- Check for working CXX compiler: /usr/bin/c++
-- Check for working CXX compiler: /usr/bin/c++ -- works
-- Detecting CXX compiler ABI info
-- Detecting CXX compiler ABI info - done
-- Detecting CXX compile features
-- Detecting CXX compile features - done
-- Found ament_cmake: 0.9.9 (/opt/ros/foxy/share/ament_cmake/cmake)
-- Found PythonInterp: /usr/bin/python3 (found suitable version "3.8.10", minimum required is "3") 
-- Using PYTHON_EXECUTABLE: /usr/bin/python3
-- Found ament_cmake_auto: 0.9.9 (/opt/ros/foxy/share/ament_cmake_auto/cmake)
-- Using all available rosidl_typesupport_c: rosidl_typesupport_fastrtps_c;rosidl_typesupport_introspection_c
-- Found rosidl_adapter: 1.2.1 (/opt/ros/foxy/share/rosidl_adapter/cmake)
-- Found OpenSSL: /usr/lib/x86_64-linux-gnu/libcrypto.so (found version "1.1.1f")  
-- Found FastRTPS: /opt/ros/foxy/include  
-- Using all available rosidl_typesupport_cpp: rosidl_typesupport_fastrtps_cpp;rosidl_typesupport_introspection_cpp
-- Found rmw_implementation_cmake: 1.0.3 (/opt/ros/foxy/share/rmw_implementation_cmake/cmake)
-- Using RMW implementation 'rmw_fastrtps_cpp' as default
-- Looking for pthread.h
-- Looking for pthread.h - found
-- Performing Test CMAKE_HAVE_LIBC_PTHREAD
-- Performing Test CMAKE_HAVE_LIBC_PTHREAD - Failed
-- Looking for pthread_create in pthreads
-- Looking for pthread_create in pthreads - not found
-- Looking for pthread_create in pthread
-- Looking for pthread_create in pthread - found
-- Found Threads: TRUE  
-- Found eigen3_cmake_module: 0.1.1 (/opt/ros/foxy/share/eigen3_cmake_module/cmake)
-- Found Eigen3: TRUE (found version "3.3.7") 
-- Found GeographicLib: /usr/lib/x86_64-linux-gnu  
-- Configuring done
-- Generating done
-- Build files have been written to: /home/roar/Desktop/projects/lilian/roar-gokart-ws/src/core/core/build/global_planning
[35m[1mScanning dependencies of target global_planner_manager[0m
[ 40%] [32mBuilding CXX object CMakeFiles/global_planner_manager.dir/src/global_planner_manager.cpp.o[0m
[ 40%] [32mBuilding CXX object CMakeFiles/global_planner_manager.dir/src/global_planners/navfn.cpp.o[0m
[ 60%] [32mBuilding CXX object CMakeFiles/global_planner_manager.dir/src/global_planners/parking_planner.cpp.o[0m
[ 80%] [32mBuilding CXX object CMakeFiles/global_planner_manager.dir/src/global_planners/race_planner.cpp.o[0m
[100%] [32m[1mLinking CXX executable global_planner_manager[0m
[100%] Built target global_planner_manager
-- Install configuration: ""
-- Installing: /home/roar/Desktop/projects/lilian/roar-gokart-ws/src/core/core/install/global_planning/share/global_planning/include
-- Installing: /home/roar/Desktop/projects/lilian/roar-gokart-ws/src/core/core/install/global_planning/share/global_planning/include/global_planning
-- Installing: /home/roar/Desktop/projects/lilian/roar-gokart-ws/src/core/core/install/global_planning/share/global_planning/include/global_planning/global_planner_interface.hpp
-- Installing: /home/roar/Desktop/projects/lilian/roar-gokart-ws/src/core/core/install/global_planning/share/global_planning/include/global_planning/planners
-- Installing: /home/roar/Desktop/projects/lilian/roar-gokart-ws/src/core/core/install/global_planning/share/global_planning/include/global_planning/planners/navfn.hpp
-- Installing: /home/roar/Desktop/projects/lilian/roar-gokart-ws/src/core/core/install/global_planning/share/global_planning/include/global_planning/planners/race_planner.hpp
-- Installing: /home/roar/Desktop/projects/lilian/roar-gokart-ws/src/core/core/install/global_planning/share/global_planning/include/global_planning/planners/parking_planner.hpp
-- Installing: /home/roar/Desktop/projects/lilian/roar-gokart-ws/src/core/core/install/global_planning/share/global_planning/include/global_planning/global_planner_manager.hpp
-- Installing: /home/roar/Desktop/projects/lilian/roar-gokart-ws/src/core/core/install/global_planning/share/global_planning/launch
-- Installing: /home/roar/Desktop/projects/lilian/roar-gokart-ws/src/core/core/install/global_planning/share/global_planning/launch/global_planner_manager.launch.py
-- Installing: /home/roar/Desktop/projects/lilian/roar-gokart-ws/src/core/core/install/global_planning/share/global_planning/launch/.gitkeep
-- Installing: /home/roar/Desktop/projects/lilian/roar-gokart-ws/src/core/core/install/global_planning/share/global_planning/launch/map_server.launch.py
-- Installing: /home/roar/Desktop/projects/lilian/roar-gokart-ws/src/core/core/install/global_planning/share/global_planning/param
-- Installing: /home/roar/Desktop/projects/lilian/roar-gokart-ws/src/core/core/install/global_planning/share/global_planning/param/carla
-- Installing: /home/roar/Desktop/projects/lilian/roar-gokart-ws/src/core/core/install/global_planning/share/global_planning/param/carla/lookahead_distance_vs_speed.txt
-- Installing: /home/roar/Desktop/projects/lilian/roar-gokart-ws/src/core/core/install/global_planning/share/global_planning/param/carla/config.yaml
-- Installing: /home/roar/Desktop/projects/lilian/roar-gokart-ws/src/core/core/install/global_planning/share/global_planning/param/carla/manager.yaml
-- Installing: /home/roar/Desktop/projects/lilian/roar-gokart-ws/src/core/core/install/global_planning/share/global_planning/param/.gitkeep
-- Installing: /home/roar/Desktop/projects/lilian/roar-gokart-ws/src/core/core/install/global_planning/include
-- Installing: /home/roar/Desktop/projects/lilian/roar-gokart-ws/src/core/core/install/global_planning/include/global_planning
-- Installing: /home/roar/Desktop/projects/lilian/roar-gokart-ws/src/core/core/install/global_planning/include/global_planning/global_planner_interface.hpp
-- Installing: /home/roar/Desktop/projects/lilian/roar-gokart-ws/src/core/core/install/global_planning/include/global_planning/planners
-- Installing: /home/roar/Desktop/projects/lilian/roar-gokart-ws/src/core/core/install/global_planning/include/global_planning/planners/navfn.hpp
-- Installing: /home/roar/Desktop/projects/lilian/roar-gokart-ws/src/core/core/install/global_planning/include/global_planning/planners/race_planner.hpp
-- Installing: /home/roar/Desktop/projects/lilian/roar-gokart-ws/src/core/core/install/global_planning/include/global_planning/planners/parking_planner.hpp
-- Installing: /home/roar/Desktop/projects/lilian/roar-gokart-ws/src/core/core/install/global_planning/include/global_planning/global_planner_manager.hpp
-- Installing: /home/roar/Desktop/projects/lilian/roar-gokart-ws/src/core/core/install/global_planning/lib/global_planning/global_planner_manager
-- Set runtime path of "/home/roar/Desktop/projects/lilian/roar-gokart-ws/src/core/core/install/global_planning/lib/global_planning/global_planner_manager" to ""
-- Installing: /home/roar/Desktop/projects/lilian/roar-gokart-ws/src/core/core/install/global_planning/share/ament_index/resource_index/package_run_dependencies/global_planning
-- Installing: /home/roar/Desktop/projects/lilian/roar-gokart-ws/src/core/core/install/global_planning/share/ament_index/resource_index/parent_prefix_path/global_planning
-- Installing: /home/roar/Desktop/projects/lilian/roar-gokart-ws/src/core/core/install/global_planning/share/global_planning/environment/ament_prefix_path.sh
-- Installing: /home/roar/Desktop/projects/lilian/roar-gokart-ws/src/core/core/install/global_planning/share/global_planning/environment/ament_prefix_path.dsv
-- Installing: /home/roar/Desktop/projects/lilian/roar-gokart-ws/src/core/core/install/global_planning/share/global_planning/environment/path.sh
-- Installing: /home/roar/Desktop/projects/lilian/roar-gokart-ws/src/core/core/install/global_planning/share/global_planning/environment/path.dsv
-- Installing: /home/roar/Desktop/projects/lilian/roar-gokart-ws/src/core/core/install/global_planning/share/global_planning/local_setup.bash
-- Installing: /home/roar/Desktop/projects/lilian/roar-gokart-ws/src/core/core/install/global_planning/share/global_planning/local_setup.sh
-- Installing: /home/roar/Desktop/projects/lilian/roar-gokart-ws/src/core/core/install/global_planning/share/global_planning/local_setup.zsh
-- Installing: /home/roar/Desktop/projects/lilian/roar-gokart-ws/src/core/core/install/global_planning/share/global_planning/local_setup.dsv
-- Installing: /home/roar/Desktop/projects/lilian/roar-gokart-ws/src/core/core/install/global_planning/share/global_planning/package.dsv
-- Installing: /home/roar/Desktop/projects/lilian/roar-gokart-ws/src/core/core/install/global_planning/share/ament_index/resource_index/packages/global_planning
-- Installing: /home/roar/Desktop/projects/lilian/roar-gokart-ws/src/core/core/install/global_planning/share/global_planning/cmake/ament_cmake_export_dependencies-extras.cmake
-- Installing: /home/roar/Desktop/projects/lilian/roar-gokart-ws/src/core/core/install/global_planning/share/global_planning/cmake/ament_cmake_export_include_directories-extras.cmake
-- Installing: /home/roar/Desktop/projects/lilian/roar-gokart-ws/src/core/core/install/global_planning/share/global_planning/cmake/global_planningConfig.cmake
-- Installing: /home/roar/Desktop/projects/lilian/roar-gokart-ws/src/core/core/install/global_planning/share/global_planning/cmake/global_planningConfig-version.cmake
-- Installing: /home/roar/Desktop/projects/lilian/roar-gokart-ws/src/core/core/install/global_planning/share/global_planning/package.xml
