[  1%] Built target roar_msgs__cpp
[ 12%] Built target roar_msgs__rosidl_generator_c
[ 23%] Built target roar_msgs__rosidl_typesupport_cpp
[ 34%] Built target roar_msgs__rosidl_typesupport_introspection_cpp
[ 45%] Built target roar_msgs__rosidl_typesupport_fastrtps_cpp
[ 56%] Built target roar_msgs__rosidl_typesupport_c
[ 67%] Built target roar_msgs__rosidl_typesupport_introspection_c
[ 78%] Built target roar_msgs__rosidl_typesupport_fastrtps_c
[ 78%] Built target roar_msgs
[ 80%] Built target roar_msgs__py
[ 89%] Built target roar_msgs__python
[ 92%] Built target roar_msgs__rosidl_typesupport_introspection_c__pyext
[ 96%] Built target roar_msgs__rosidl_typesupport_c__pyext
[100%] Built target roar_msgs__rosidl_typesupport_fastrtps_c__pyext
-- Install configuration: ""
-- Up-to-date: /home/roar/Desktop/projects/lilian/roar-gokart-ws/src/core/core/install/roar_msgs/share/ament_index/resource_index/rosidl_interfaces/roar_msgs
-- Up-to-date: /home/roar/Desktop/projects/lilian/roar-gokart-ws/src/core/core/install/roar_msgs/include/roar_msgs
-- Up-to-date: /home/roar/Desktop/projects/lilian/roar-gokart-ws/src/core/core/install/roar_msgs/include/roar_msgs/msg
-- Up-to-date: /home/roar/Desktop/projects/lilian/roar-gokart-ws/src/core/core/install/roar_msgs/include/roar_msgs/msg/vehicle_state.h
-- Up-to-date: /home/roar/Desktop/projects/lilian/roar-gokart-ws/src/core/core/install/roar_msgs/include/roar_msgs/msg/detail
-- Up-to-date: /home/roar/Desktop/projects/lilian/roar-gokart-ws/src/core/core/install/roar_msgs/include/roar_msgs/msg/detail/vehicle_state__functions.h
-- Up-to-date: /home/roar/Desktop/projects/lilian/roar-gokart-ws/src/core/core/install/roar_msgs/include/roar_msgs/msg/detail/vehicle_status__functions.c
-- Up-to-date: /home/roar/Desktop/projects/lilian/roar-gokart-ws/src/core/core/install/roar_msgs/include/roar_msgs/msg/detail/vehicle_state__type_support.h
-- Up-to-date: /home/roar/Desktop/projects/lilian/roar-gokart-ws/src/core/core/install/roar_msgs/include/roar_msgs/msg/detail/vehicle_state__struct.h
-- Up-to-date: /home/roar/Desktop/projects/lilian/roar-gokart-ws/src/core/core/install/roar_msgs/include/roar_msgs/msg/detail/vehicle_state__functions.c
-- Up-to-date: /home/roar/Desktop/projects/lilian/roar-gokart-ws/src/core/core/install/roar_msgs/include/roar_msgs/msg/detail/vehicle_control__struct.h
-- Up-to-date: /home/roar/Desktop/projects/lilian/roar-gokart-ws/src/core/core/install/roar_msgs/include/roar_msgs/msg/detail/vehicle_control__functions.h
-- Up-to-date: /home/roar/Desktop/projects/lilian/roar-gokart-ws/src/core/core/install/roar_msgs/include/roar_msgs/msg/detail/vehicle_control__functions.c
-- Up-to-date: /home/roar/Desktop/projects/lilian/roar-gokart-ws/src/core/core/install/roar_msgs/include/roar_msgs/msg/detail/vehicle_status__functions.h
-- Up-to-date: /home/roar/Desktop/projects/lilian/roar-gokart-ws/src/core/core/install/roar_msgs/include/roar_msgs/msg/detail/vehicle_control__type_support.h
-- Up-to-date: /home/roar/Desktop/projects/lilian/roar-gokart-ws/src/core/core/install/roar_msgs/include/roar_msgs/msg/detail/vehicle_status__struct.h
-- Up-to-date: /home/roar/Desktop/projects/lilian/roar-gokart-ws/src/core/core/install/roar_msgs/include/roar_msgs/msg/detail/vehicle_status__type_support.h
-- Up-to-date: /home/roar/Desktop/projects/lilian/roar-gokart-ws/src/core/core/install/roar_msgs/include/roar_msgs/msg/vehicle_status.h
-- Up-to-date: /home/roar/Desktop/projects/lilian/roar-gokart-ws/src/core/core/install/roar_msgs/include/roar_msgs/msg/vehicle_control.h
-- Up-to-date: /home/roar/Desktop/projects/lilian/roar-gokart-ws/src/core/core/install/roar_msgs/include/roar_msgs/msg/rosidl_generator_c__visibility_control.h
-- Up-to-date: /home/roar/Desktop/projects/lilian/roar-gokart-ws/src/core/core/install/roar_msgs/include/roar_msgs/srv
-- Up-to-date: /home/roar/Desktop/projects/lilian/roar-gokart-ws/src/core/core/install/roar_msgs/include/roar_msgs/srv/detail
-- Up-to-date: /home/roar/Desktop/projects/lilian/roar-gokart-ws/src/core/core/install/roar_msgs/include/roar_msgs/srv/detail/toggle_control_safety_switch__type_support.h
-- Up-to-date: /home/roar/Desktop/projects/lilian/roar-gokart-ws/src/core/core/install/roar_msgs/include/roar_msgs/srv/detail/toggle_control_safety_switch__struct.h
-- Up-to-date: /home/roar/Desktop/projects/lilian/roar-gokart-ws/src/core/core/install/roar_msgs/include/roar_msgs/srv/detail/toggle_control_safety_switch__functions.h
-- Up-to-date: /home/roar/Desktop/projects/lilian/roar-gokart-ws/src/core/core/install/roar_msgs/include/roar_msgs/srv/detail/toggle_control_safety_switch__functions.c
-- Up-to-date: /home/roar/Desktop/projects/lilian/roar-gokart-ws/src/core/core/install/roar_msgs/include/roar_msgs/srv/toggle_control_safety_switch.h
-- Up-to-date: /home/roar/Desktop/projects/lilian/roar-gokart-ws/src/core/core/install/roar_msgs/share/roar_msgs/environment/library_path.sh
-- Up-to-date: /home/roar/Desktop/projects/lilian/roar-gokart-ws/src/core/core/install/roar_msgs/share/roar_msgs/environment/library_path.dsv
-- Up-to-date: /home/roar/Desktop/projects/lilian/roar-gokart-ws/src/core/core/install/roar_msgs/lib/libroar_msgs__rosidl_generator_c.so
-- Up-to-date: /home/roar/Desktop/projects/lilian/roar-gokart-ws/src/core/core/install/roar_msgs/include/roar_msgs
-- Up-to-date: /home/roar/Desktop/projects/lilian/roar-gokart-ws/src/core/core/install/roar_msgs/include/roar_msgs/msg
-- Up-to-date: /home/roar/Desktop/projects/lilian/roar-gokart-ws/src/core/core/install/roar_msgs/include/roar_msgs/msg/rosidl_typesupport_fastrtps_c__visibility_control.h
-- Up-to-date: /home/roar/Desktop/projects/lilian/roar-gokart-ws/src/core/core/install/roar_msgs/include/roar_msgs/msg/detail
-- Up-to-date: /home/roar/Desktop/projects/lilian/roar-gokart-ws/src/core/core/install/roar_msgs/include/roar_msgs/msg/detail/vehicle_state__rosidl_typesupport_fastrtps_c.h
-- Up-to-date: /home/roar/Desktop/projects/lilian/roar-gokart-ws/src/core/core/install/roar_msgs/include/roar_msgs/msg/detail/vehicle_status__rosidl_typesupport_fastrtps_c.h
-- Up-to-date: /home/roar/Desktop/projects/lilian/roar-gokart-ws/src/core/core/install/roar_msgs/include/roar_msgs/msg/detail/vehicle_control__rosidl_typesupport_fastrtps_c.h
-- Up-to-date: /home/roar/Desktop/projects/lilian/roar-gokart-ws/src/core/core/install/roar_msgs/include/roar_msgs/srv
-- Up-to-date: /home/roar/Desktop/projects/lilian/roar-gokart-ws/src/core/core/install/roar_msgs/include/roar_msgs/srv/detail
-- Up-to-date: /home/roar/Desktop/projects/lilian/roar-gokart-ws/src/core/core/install/roar_msgs/include/roar_msgs/srv/detail/toggle_control_safety_switch__rosidl_typesupport_fastrtps_c.h
-- Up-to-date: /home/roar/Desktop/projects/lilian/roar-gokart-ws/src/core/core/install/roar_msgs/lib/libroar_msgs__rosidl_typesupport_fastrtps_c.so
-- Up-to-date: /home/roar/Desktop/projects/lilian/roar-gokart-ws/src/core/core/install/roar_msgs/include/roar_msgs
-- Up-to-date: /home/roar/Desktop/projects/lilian/roar-gokart-ws/src/core/core/install/roar_msgs/include/roar_msgs/msg
-- Up-to-date: /home/roar/Desktop/projects/lilian/roar-gokart-ws/src/core/core/install/roar_msgs/include/roar_msgs/msg/detail
-- Up-to-date: /home/roar/Desktop/projects/lilian/roar-gokart-ws/src/core/core/install/roar_msgs/include/roar_msgs/msg/detail/vehicle_status__rosidl_typesupport_fastrtps_cpp.hpp
-- Up-to-date: /home/roar/Desktop/projects/lilian/roar-gokart-ws/src/core/core/install/roar_msgs/include/roar_msgs/msg/detail/dds_fastrtps
-- Up-to-date: /home/roar/Desktop/projects/lilian/roar-gokart-ws/src/core/core/install/roar_msgs/include/roar_msgs/msg/detail/vehicle_control__rosidl_typesupport_fastrtps_cpp.hpp
-- Up-to-date: /home/roar/Desktop/projects/lilian/roar-gokart-ws/src/core/core/install/roar_msgs/include/roar_msgs/msg/detail/vehicle_state__rosidl_typesupport_fastrtps_cpp.hpp
-- Up-to-date: /home/roar/Desktop/projects/lilian/roar-gokart-ws/src/core/core/install/roar_msgs/include/roar_msgs/msg/rosidl_typesupport_fastrtps_cpp__visibility_control.h
-- Up-to-date: /home/roar/Desktop/projects/lilian/roar-gokart-ws/src/core/core/install/roar_msgs/include/roar_msgs/srv
-- Up-to-date: /home/roar/Desktop/projects/lilian/roar-gokart-ws/src/core/core/install/roar_msgs/include/roar_msgs/srv/detail
-- Up-to-date: /home/roar/Desktop/projects/lilian/roar-gokart-ws/src/core/core/install/roar_msgs/include/roar_msgs/srv/detail/toggle_control_safety_switch__rosidl_typesupport_fastrtps_cpp.hpp
-- Up-to-date: /home/roar/Desktop/projects/lilian/roar-gokart-ws/src/core/core/install/roar_msgs/include/roar_msgs/srv/detail/dds_fastrtps
-- Up-to-date: /home/roar/Desktop/projects/lilian/roar-gokart-ws/src/core/core/install/roar_msgs/lib/libroar_msgs__rosidl_typesupport_fastrtps_cpp.so
-- Up-to-date: /home/roar/Desktop/projects/lilian/roar-gokart-ws/src/core/core/install/roar_msgs/include/roar_msgs
-- Up-to-date: /home/roar/Desktop/projects/lilian/roar-gokart-ws/src/core/core/install/roar_msgs/include/roar_msgs/msg
-- Up-to-date: /home/roar/Desktop/projects/lilian/roar-gokart-ws/src/core/core/install/roar_msgs/include/roar_msgs/msg/detail
-- Up-to-date: /home/roar/Desktop/projects/lilian/roar-gokart-ws/src/core/core/install/roar_msgs/include/roar_msgs/msg/detail/vehicle_control__type_support.c
-- Up-to-date: /home/roar/Desktop/projects/lilian/roar-gokart-ws/src/core/core/install/roar_msgs/include/roar_msgs/msg/detail/vehicle_state__type_support.c
-- Up-to-date: /home/roar/Desktop/projects/lilian/roar-gokart-ws/src/core/core/install/roar_msgs/include/roar_msgs/msg/detail/vehicle_control__rosidl_typesupport_introspection_c.h
-- Up-to-date: /home/roar/Desktop/projects/lilian/roar-gokart-ws/src/core/core/install/roar_msgs/include/roar_msgs/msg/detail/vehicle_status__type_support.c
-- Up-to-date: /home/roar/Desktop/projects/lilian/roar-gokart-ws/src/core/core/install/roar_msgs/include/roar_msgs/msg/detail/vehicle_status__rosidl_typesupport_introspection_c.h
-- Up-to-date: /home/roar/Desktop/projects/lilian/roar-gokart-ws/src/core/core/install/roar_msgs/include/roar_msgs/msg/detail/vehicle_state__rosidl_typesupport_introspection_c.h
-- Up-to-date: /home/roar/Desktop/projects/lilian/roar-gokart-ws/src/core/core/install/roar_msgs/include/roar_msgs/msg/rosidl_typesupport_introspection_c__visibility_control.h
-- Up-to-date: /home/roar/Desktop/projects/lilian/roar-gokart-ws/src/core/core/install/roar_msgs/include/roar_msgs/srv
-- Up-to-date: /home/roar/Desktop/projects/lilian/roar-gokart-ws/src/core/core/install/roar_msgs/include/roar_msgs/srv/detail
-- Up-to-date: /home/roar/Desktop/projects/lilian/roar-gokart-ws/src/core/core/install/roar_msgs/include/roar_msgs/srv/detail/toggle_control_safety_switch__type_support.c
-- Up-to-date: /home/roar/Desktop/projects/lilian/roar-gokart-ws/src/core/core/install/roar_msgs/include/roar_msgs/srv/detail/toggle_control_safety_switch__rosidl_typesupport_introspection_c.h
-- Up-to-date: /home/roar/Desktop/projects/lilian/roar-gokart-ws/src/core/core/install/roar_msgs/lib/libroar_msgs__rosidl_typesupport_introspection_c.so
-- Up-to-date: /home/roar/Desktop/projects/lilian/roar-gokart-ws/src/core/core/install/roar_msgs/lib/libroar_msgs__rosidl_typesupport_c.so
-- Up-to-date: /home/roar/Desktop/projects/lilian/roar-gokart-ws/src/core/core/install/roar_msgs/include/roar_msgs
-- Up-to-date: /home/roar/Desktop/projects/lilian/roar-gokart-ws/src/core/core/install/roar_msgs/include/roar_msgs/msg
-- Up-to-date: /home/roar/Desktop/projects/lilian/roar-gokart-ws/src/core/core/install/roar_msgs/include/roar_msgs/msg/vehicle_state.hpp
-- Up-to-date: /home/roar/Desktop/projects/lilian/roar-gokart-ws/src/core/core/install/roar_msgs/include/roar_msgs/msg/detail
-- Up-to-date: /home/roar/Desktop/projects/lilian/roar-gokart-ws/src/core/core/install/roar_msgs/include/roar_msgs/msg/detail/vehicle_state__builder.hpp
-- Up-to-date: /home/roar/Desktop/projects/lilian/roar-gokart-ws/src/core/core/install/roar_msgs/include/roar_msgs/msg/detail/vehicle_control__traits.hpp
-- Up-to-date: /home/roar/Desktop/projects/lilian/roar-gokart-ws/src/core/core/install/roar_msgs/include/roar_msgs/msg/detail/vehicle_status__builder.hpp
-- Up-to-date: /home/roar/Desktop/projects/lilian/roar-gokart-ws/src/core/core/install/roar_msgs/include/roar_msgs/msg/detail/vehicle_status__struct.hpp
-- Up-to-date: /home/roar/Desktop/projects/lilian/roar-gokart-ws/src/core/core/install/roar_msgs/include/roar_msgs/msg/detail/vehicle_status__traits.hpp
-- Up-to-date: /home/roar/Desktop/projects/lilian/roar-gokart-ws/src/core/core/install/roar_msgs/include/roar_msgs/msg/detail/vehicle_control__struct.hpp
-- Up-to-date: /home/roar/Desktop/projects/lilian/roar-gokart-ws/src/core/core/install/roar_msgs/include/roar_msgs/msg/detail/vehicle_state__traits.hpp
-- Up-to-date: /home/roar/Desktop/projects/lilian/roar-gokart-ws/src/core/core/install/roar_msgs/include/roar_msgs/msg/detail/vehicle_control__builder.hpp
-- Up-to-date: /home/roar/Desktop/projects/lilian/roar-gokart-ws/src/core/core/install/roar_msgs/include/roar_msgs/msg/detail/vehicle_state__struct.hpp
-- Up-to-date: /home/roar/Desktop/projects/lilian/roar-gokart-ws/src/core/core/install/roar_msgs/include/roar_msgs/msg/vehicle_control.hpp
-- Up-to-date: /home/roar/Desktop/projects/lilian/roar-gokart-ws/src/core/core/install/roar_msgs/include/roar_msgs/msg/vehicle_status.hpp
-- Up-to-date: /home/roar/Desktop/projects/lilian/roar-gokart-ws/src/core/core/install/roar_msgs/include/roar_msgs/srv
-- Up-to-date: /home/roar/Desktop/projects/lilian/roar-gokart-ws/src/core/core/install/roar_msgs/include/roar_msgs/srv/detail
-- Up-to-date: /home/roar/Desktop/projects/lilian/roar-gokart-ws/src/core/core/install/roar_msgs/include/roar_msgs/srv/detail/toggle_control_safety_switch__traits.hpp
-- Up-to-date: /home/roar/Desktop/projects/lilian/roar-gokart-ws/src/core/core/install/roar_msgs/include/roar_msgs/srv/detail/toggle_control_safety_switch__struct.hpp
-- Up-to-date: /home/roar/Desktop/projects/lilian/roar-gokart-ws/src/core/core/install/roar_msgs/include/roar_msgs/srv/detail/toggle_control_safety_switch__builder.hpp
-- Up-to-date: /home/roar/Desktop/projects/lilian/roar-gokart-ws/src/core/core/install/roar_msgs/include/roar_msgs/srv/toggle_control_safety_switch.hpp
-- Up-to-date: /home/roar/Desktop/projects/lilian/roar-gokart-ws/src/core/core/install/roar_msgs/include/roar_msgs
-- Up-to-date: /home/roar/Desktop/projects/lilian/roar-gokart-ws/src/core/core/install/roar_msgs/include/roar_msgs/msg
-- Up-to-date: /home/roar/Desktop/projects/lilian/roar-gokart-ws/src/core/core/install/roar_msgs/include/roar_msgs/msg/detail
-- Up-to-date: /home/roar/Desktop/projects/lilian/roar-gokart-ws/src/core/core/install/roar_msgs/include/roar_msgs/msg/detail/vehicle_status__rosidl_typesupport_introspection_cpp.hpp
-- Up-to-date: /home/roar/Desktop/projects/lilian/roar-gokart-ws/src/core/core/install/roar_msgs/include/roar_msgs/msg/detail/vehicle_control__type_support.cpp
-- Up-to-date: /home/roar/Desktop/projects/lilian/roar-gokart-ws/src/core/core/install/roar_msgs/include/roar_msgs/msg/detail/vehicle_state__type_support.cpp
-- Up-to-date: /home/roar/Desktop/projects/lilian/roar-gokart-ws/src/core/core/install/roar_msgs/include/roar_msgs/msg/detail/vehicle_state__rosidl_typesupport_introspection_cpp.hpp
-- Up-to-date: /home/roar/Desktop/projects/lilian/roar-gokart-ws/src/core/core/install/roar_msgs/include/roar_msgs/msg/detail/vehicle_control__rosidl_typesupport_introspection_cpp.hpp
-- Up-to-date: /home/roar/Desktop/projects/lilian/roar-gokart-ws/src/core/core/install/roar_msgs/include/roar_msgs/msg/detail/vehicle_status__type_support.cpp
-- Up-to-date: /home/roar/Desktop/projects/lilian/roar-gokart-ws/src/core/core/install/roar_msgs/include/roar_msgs/srv
-- Up-to-date: /home/roar/Desktop/projects/lilian/roar-gokart-ws/src/core/core/install/roar_msgs/include/roar_msgs/srv/detail
-- Up-to-date: /home/roar/Desktop/projects/lilian/roar-gokart-ws/src/core/core/install/roar_msgs/include/roar_msgs/srv/detail/toggle_control_safety_switch__rosidl_typesupport_introspection_cpp.hpp
-- Up-to-date: /home/roar/Desktop/projects/lilian/roar-gokart-ws/src/core/core/install/roar_msgs/include/roar_msgs/srv/detail/toggle_control_safety_switch__type_support.cpp
-- Up-to-date: /home/roar/Desktop/projects/lilian/roar-gokart-ws/src/core/core/install/roar_msgs/lib/libroar_msgs__rosidl_typesupport_introspection_cpp.so
-- Up-to-date: /home/roar/Desktop/projects/lilian/roar-gokart-ws/src/core/core/install/roar_msgs/lib/libroar_msgs__rosidl_typesupport_cpp.so
-- Up-to-date: /home/roar/Desktop/projects/lilian/roar-gokart-ws/src/core/core/install/roar_msgs/share/roar_msgs/environment/pythonpath.sh
-- Up-to-date: /home/roar/Desktop/projects/lilian/roar-gokart-ws/src/core/core/install/roar_msgs/share/roar_msgs/environment/pythonpath.dsv
-- Up-to-date: /home/roar/Desktop/projects/lilian/roar-gokart-ws/src/core/core/install/roar_msgs/lib/python3.8/site-packages/roar_msgs/__init__.py
-- Up-to-date: /home/roar/Desktop/projects/lilian/roar-gokart-ws/src/core/core/install/roar_msgs/lib/python3.8/site-packages/roar_msgs/msg
-- Up-to-date: /home/roar/Desktop/projects/lilian/roar-gokart-ws/src/core/core/install/roar_msgs/lib/python3.8/site-packages/roar_msgs/msg/_vehicle_state_s.c
-- Up-to-date: /home/roar/Desktop/projects/lilian/roar-gokart-ws/src/core/core/install/roar_msgs/lib/python3.8/site-packages/roar_msgs/msg/__init__.py
-- Up-to-date: /home/roar/Desktop/projects/lilian/roar-gokart-ws/src/core/core/install/roar_msgs/lib/python3.8/site-packages/roar_msgs/msg/_vehicle_state.py
-- Up-to-date: /home/roar/Desktop/projects/lilian/roar-gokart-ws/src/core/core/install/roar_msgs/lib/python3.8/site-packages/roar_msgs/msg/_vehicle_status_s.c
-- Up-to-date: /home/roar/Desktop/projects/lilian/roar-gokart-ws/src/core/core/install/roar_msgs/lib/python3.8/site-packages/roar_msgs/msg/_vehicle_control.py
-- Up-to-date: /home/roar/Desktop/projects/lilian/roar-gokart-ws/src/core/core/install/roar_msgs/lib/python3.8/site-packages/roar_msgs/msg/_vehicle_status.py
-- Up-to-date: /home/roar/Desktop/projects/lilian/roar-gokart-ws/src/core/core/install/roar_msgs/lib/python3.8/site-packages/roar_msgs/msg/_vehicle_control_s.c
-- Up-to-date: /home/roar/Desktop/projects/lilian/roar-gokart-ws/src/core/core/install/roar_msgs/lib/python3.8/site-packages/roar_msgs/srv
-- Up-to-date: /home/roar/Desktop/projects/lilian/roar-gokart-ws/src/core/core/install/roar_msgs/lib/python3.8/site-packages/roar_msgs/srv/_toggle_control_safety_switch_s.c
-- Up-to-date: /home/roar/Desktop/projects/lilian/roar-gokart-ws/src/core/core/install/roar_msgs/lib/python3.8/site-packages/roar_msgs/srv/__init__.py
-- Up-to-date: /home/roar/Desktop/projects/lilian/roar-gokart-ws/src/core/core/install/roar_msgs/lib/python3.8/site-packages/roar_msgs/srv/_toggle_control_safety_switch.py
-- Up-to-date: /home/roar/Desktop/projects/lilian/roar-gokart-ws/src/core/core/install/roar_msgs/lib/python3.8/site-packages/roar_msgs/roar_msgs_s__rosidl_typesupport_fastrtps_c.cpython-38-x86_64-linux-gnu.so
-- Up-to-date: /home/roar/Desktop/projects/lilian/roar-gokart-ws/src/core/core/install/roar_msgs/lib/python3.8/site-packages/roar_msgs/roar_msgs_s__rosidl_typesupport_introspection_c.cpython-38-x86_64-linux-gnu.so
-- Up-to-date: /home/roar/Desktop/projects/lilian/roar-gokart-ws/src/core/core/install/roar_msgs/lib/python3.8/site-packages/roar_msgs/roar_msgs_s__rosidl_typesupport_c.cpython-38-x86_64-linux-gnu.so
-- Up-to-date: /home/roar/Desktop/projects/lilian/roar-gokart-ws/src/core/core/install/roar_msgs/lib/libroar_msgs__python.so
-- Up-to-date: /home/roar/Desktop/projects/lilian/roar-gokart-ws/src/core/core/install/roar_msgs/share/roar_msgs/msg/VehicleControl.idl
-- Up-to-date: /home/roar/Desktop/projects/lilian/roar-gokart-ws/src/core/core/install/roar_msgs/share/roar_msgs/msg/VehicleState.idl
-- Up-to-date: /home/roar/Desktop/projects/lilian/roar-gokart-ws/src/core/core/install/roar_msgs/share/roar_msgs/srv/ToggleControlSafetySwitch.idl
-- Up-to-date: /home/roar/Desktop/projects/lilian/roar-gokart-ws/src/core/core/install/roar_msgs/share/roar_msgs/msg/VehicleStatus.idl
-- Up-to-date: /home/roar/Desktop/projects/lilian/roar-gokart-ws/src/core/core/install/roar_msgs/share/roar_msgs/msg/VehicleControl.msg
-- Up-to-date: /home/roar/Desktop/projects/lilian/roar-gokart-ws/src/core/core/install/roar_msgs/share/roar_msgs/msg/VehicleState.msg
-- Up-to-date: /home/roar/Desktop/projects/lilian/roar-gokart-ws/src/core/core/install/roar_msgs/share/roar_msgs/srv/ToggleControlSafetySwitch.srv
-- Up-to-date: /home/roar/Desktop/projects/lilian/roar-gokart-ws/src/core/core/install/roar_msgs/share/roar_msgs/srv/ToggleControlSafetySwitch_Request.msg
-- Up-to-date: /home/roar/Desktop/projects/lilian/roar-gokart-ws/src/core/core/install/roar_msgs/share/roar_msgs/srv/ToggleControlSafetySwitch_Response.msg
-- Up-to-date: /home/roar/Desktop/projects/lilian/roar-gokart-ws/src/core/core/install/roar_msgs/share/roar_msgs/msg/VehicleStatus.msg
-- Up-to-date: /home/roar/Desktop/projects/lilian/roar-gokart-ws/src/core/core/install/roar_msgs/share/ament_index/resource_index/package_run_dependencies/roar_msgs
-- Up-to-date: /home/roar/Desktop/projects/lilian/roar-gokart-ws/src/core/core/install/roar_msgs/share/ament_index/resource_index/parent_prefix_path/roar_msgs
-- Up-to-date: /home/roar/Desktop/projects/lilian/roar-gokart-ws/src/core/core/install/roar_msgs/share/roar_msgs/environment/ament_prefix_path.sh
-- Up-to-date: /home/roar/Desktop/projects/lilian/roar-gokart-ws/src/core/core/install/roar_msgs/share/roar_msgs/environment/ament_prefix_path.dsv
-- Up-to-date: /home/roar/Desktop/projects/lilian/roar-gokart-ws/src/core/core/install/roar_msgs/share/roar_msgs/environment/path.sh
-- Up-to-date: /home/roar/Desktop/projects/lilian/roar-gokart-ws/src/core/core/install/roar_msgs/share/roar_msgs/environment/path.dsv
-- Up-to-date: /home/roar/Desktop/projects/lilian/roar-gokart-ws/src/core/core/install/roar_msgs/share/roar_msgs/local_setup.bash
-- Up-to-date: /home/roar/Desktop/projects/lilian/roar-gokart-ws/src/core/core/install/roar_msgs/share/roar_msgs/local_setup.sh
-- Up-to-date: /home/roar/Desktop/projects/lilian/roar-gokart-ws/src/core/core/install/roar_msgs/share/roar_msgs/local_setup.zsh
-- Up-to-date: /home/roar/Desktop/projects/lilian/roar-gokart-ws/src/core/core/install/roar_msgs/share/roar_msgs/local_setup.dsv
-- Installing: /home/roar/Desktop/projects/lilian/roar-gokart-ws/src/core/core/install/roar_msgs/share/roar_msgs/package.dsv
-- Up-to-date: /home/roar/Desktop/projects/lilian/roar-gokart-ws/src/core/core/install/roar_msgs/share/ament_index/resource_index/packages/roar_msgs
-- Up-to-date: /home/roar/Desktop/projects/lilian/roar-gokart-ws/src/core/core/install/roar_msgs/share/roar_msgs/cmake/roar_msgs__rosidl_generator_cExport.cmake
-- Up-to-date: /home/roar/Desktop/projects/lilian/roar-gokart-ws/src/core/core/install/roar_msgs/share/roar_msgs/cmake/roar_msgs__rosidl_generator_cExport-noconfig.cmake
-- Up-to-date: /home/roar/Desktop/projects/lilian/roar-gokart-ws/src/core/core/install/roar_msgs/share/roar_msgs/cmake/roar_msgs__rosidl_typesupport_introspection_cExport.cmake
-- Up-to-date: /home/roar/Desktop/projects/lilian/roar-gokart-ws/src/core/core/install/roar_msgs/share/roar_msgs/cmake/roar_msgs__rosidl_typesupport_introspection_cExport-noconfig.cmake
-- Up-to-date: /home/roar/Desktop/projects/lilian/roar-gokart-ws/src/core/core/install/roar_msgs/share/roar_msgs/cmake/roar_msgs__rosidl_typesupport_cExport.cmake
-- Up-to-date: /home/roar/Desktop/projects/lilian/roar-gokart-ws/src/core/core/install/roar_msgs/share/roar_msgs/cmake/roar_msgs__rosidl_typesupport_cExport-noconfig.cmake
-- Up-to-date: /home/roar/Desktop/projects/lilian/roar-gokart-ws/src/core/core/install/roar_msgs/share/roar_msgs/cmake/roar_msgs__rosidl_generator_cppExport.cmake
-- Up-to-date: /home/roar/Desktop/projects/lilian/roar-gokart-ws/src/core/core/install/roar_msgs/share/roar_msgs/cmake/roar_msgs__rosidl_typesupport_introspection_cppExport.cmake
-- Up-to-date: /home/roar/Desktop/projects/lilian/roar-gokart-ws/src/core/core/install/roar_msgs/share/roar_msgs/cmake/roar_msgs__rosidl_typesupport_introspection_cppExport-noconfig.cmake
-- Up-to-date: /home/roar/Desktop/projects/lilian/roar-gokart-ws/src/core/core/install/roar_msgs/share/roar_msgs/cmake/roar_msgs__rosidl_typesupport_cppExport.cmake
-- Up-to-date: /home/roar/Desktop/projects/lilian/roar-gokart-ws/src/core/core/install/roar_msgs/share/roar_msgs/cmake/roar_msgs__rosidl_typesupport_cppExport-noconfig.cmake
-- Up-to-date: /home/roar/Desktop/projects/lilian/roar-gokart-ws/src/core/core/install/roar_msgs/share/roar_msgs/cmake/rosidl_cmake-extras.cmake
-- Up-to-date: /home/roar/Desktop/projects/lilian/roar-gokart-ws/src/core/core/install/roar_msgs/share/roar_msgs/cmake/ament_cmake_export_dependencies-extras.cmake
-- Up-to-date: /home/roar/Desktop/projects/lilian/roar-gokart-ws/src/core/core/install/roar_msgs/share/roar_msgs/cmake/ament_cmake_export_libraries-extras.cmake
-- Up-to-date: /home/roar/Desktop/projects/lilian/roar-gokart-ws/src/core/core/install/roar_msgs/share/roar_msgs/cmake/ament_cmake_export_targets-extras.cmake
-- Up-to-date: /home/roar/Desktop/projects/lilian/roar-gokart-ws/src/core/core/install/roar_msgs/share/roar_msgs/cmake/ament_cmake_export_include_directories-extras.cmake
-- Up-to-date: /home/roar/Desktop/projects/lilian/roar-gokart-ws/src/core/core/install/roar_msgs/share/roar_msgs/cmake/rosidl_cmake_export_typesupport_libraries-extras.cmake
-- Up-to-date: /home/roar/Desktop/projects/lilian/roar-gokart-ws/src/core/core/install/roar_msgs/share/roar_msgs/cmake/rosidl_cmake_export_typesupport_targets-extras.cmake
-- Up-to-date: /home/roar/Desktop/projects/lilian/roar-gokart-ws/src/core/core/install/roar_msgs/share/roar_msgs/cmake/roar_msgsConfig.cmake
-- Up-to-date: /home/roar/Desktop/projects/lilian/roar-gokart-ws/src/core/core/install/roar_msgs/share/roar_msgs/cmake/roar_msgsConfig-version.cmake
-- Up-to-date: /home/roar/Desktop/projects/lilian/roar-gokart-ws/src/core/core/install/roar_msgs/share/roar_msgs/package.xml
