[100%] Built target global_planner_manager
-- Install configuration: ""
-- Up-to-date: /home/roar/Desktop/projects/lilian/roar-gokart-ws/src/core/core/install/global_planning/share/global_planning/include
-- Up-to-date: /home/roar/Desktop/projects/lilian/roar-gokart-ws/src/core/core/install/global_planning/share/global_planning/include/global_planning
-- Up-to-date: /home/roar/Desktop/projects/lilian/roar-gokart-ws/src/core/core/install/global_planning/share/global_planning/include/global_planning/global_planner_interface.hpp
-- Up-to-date: /home/roar/Desktop/projects/lilian/roar-gokart-ws/src/core/core/install/global_planning/share/global_planning/include/global_planning/planners
-- Up-to-date: /home/roar/Desktop/projects/lilian/roar-gokart-ws/src/core/core/install/global_planning/share/global_planning/include/global_planning/planners/navfn.hpp
-- Up-to-date: /home/roar/Desktop/projects/lilian/roar-gokart-ws/src/core/core/install/global_planning/share/global_planning/include/global_planning/planners/race_planner.hpp
-- Up-to-date: /home/roar/Desktop/projects/lilian/roar-gokart-ws/src/core/core/install/global_planning/share/global_planning/include/global_planning/planners/parking_planner.hpp
-- Up-to-date: /home/roar/Desktop/projects/lilian/roar-gokart-ws/src/core/core/install/global_planning/share/global_planning/include/global_planning/global_planner_manager.hpp
-- Up-to-date: /home/roar/Desktop/projects/lilian/roar-gokart-ws/src/core/core/install/global_planning/share/global_planning/launch
-- Up-to-date: /home/roar/Desktop/projects/lilian/roar-gokart-ws/src/core/core/install/global_planning/share/global_planning/launch/global_planner_manager.launch.py
-- Up-to-date: /home/roar/Desktop/projects/lilian/roar-gokart-ws/src/core/core/install/global_planning/share/global_planning/launch/.gitkeep
-- Up-to-date: /home/roar/Desktop/projects/lilian/roar-gokart-ws/src/core/core/install/global_planning/share/global_planning/launch/map_server.launch.py
-- Up-to-date: /home/roar/Desktop/projects/lilian/roar-gokart-ws/src/core/core/install/global_planning/share/global_planning/param
-- Up-to-date: /home/roar/Desktop/projects/lilian/roar-gokart-ws/src/core/core/install/global_planning/share/global_planning/param/carla
-- Up-to-date: /home/roar/Desktop/projects/lilian/roar-gokart-ws/src/core/core/install/global_planning/share/global_planning/param/carla/lookahead_distance_vs_speed.txt
-- Up-to-date: /home/roar/Desktop/projects/lilian/roar-gokart-ws/src/core/core/install/global_planning/share/global_planning/param/carla/config.yaml
-- Up-to-date: /home/roar/Desktop/projects/lilian/roar-gokart-ws/src/core/core/install/global_planning/share/global_planning/param/carla/manager.yaml
-- Up-to-date: /home/roar/Desktop/projects/lilian/roar-gokart-ws/src/core/core/install/global_planning/share/global_planning/param/.gitkeep
-- Up-to-date: /home/roar/Desktop/projects/lilian/roar-gokart-ws/src/core/core/install/global_planning/include
-- Up-to-date: /home/roar/Desktop/projects/lilian/roar-gokart-ws/src/core/core/install/global_planning/include/global_planning
-- Up-to-date: /home/roar/Desktop/projects/lilian/roar-gokart-ws/src/core/core/install/global_planning/include/global_planning/global_planner_interface.hpp
-- Up-to-date: /home/roar/Desktop/projects/lilian/roar-gokart-ws/src/core/core/install/global_planning/include/global_planning/planners
-- Up-to-date: /home/roar/Desktop/projects/lilian/roar-gokart-ws/src/core/core/install/global_planning/include/global_planning/planners/navfn.hpp
-- Up-to-date: /home/roar/Desktop/projects/lilian/roar-gokart-ws/src/core/core/install/global_planning/include/global_planning/planners/race_planner.hpp
-- Up-to-date: /home/roar/Desktop/projects/lilian/roar-gokart-ws/src/core/core/install/global_planning/include/global_planning/planners/parking_planner.hpp
-- Up-to-date: /home/roar/Desktop/projects/lilian/roar-gokart-ws/src/core/core/install/global_planning/include/global_planning/global_planner_manager.hpp
-- Up-to-date: /home/roar/Desktop/projects/lilian/roar-gokart-ws/src/core/core/install/global_planning/lib/global_planning/global_planner_manager
-- Up-to-date: /home/roar/Desktop/projects/lilian/roar-gokart-ws/src/core/core/install/global_planning/share/ament_index/resource_index/package_run_dependencies/global_planning
-- Up-to-date: /home/roar/Desktop/projects/lilian/roar-gokart-ws/src/core/core/install/global_planning/share/ament_index/resource_index/parent_prefix_path/global_planning
-- Up-to-date: /home/roar/Desktop/projects/lilian/roar-gokart-ws/src/core/core/install/global_planning/share/global_planning/environment/ament_prefix_path.sh
-- Up-to-date: /home/roar/Desktop/projects/lilian/roar-gokart-ws/src/core/core/install/global_planning/share/global_planning/environment/ament_prefix_path.dsv
-- Up-to-date: /home/roar/Desktop/projects/lilian/roar-gokart-ws/src/core/core/install/global_planning/share/global_planning/environment/path.sh
-- Up-to-date: /home/roar/Desktop/projects/lilian/roar-gokart-ws/src/core/core/install/global_planning/share/global_planning/environment/path.dsv
-- Up-to-date: /home/roar/Desktop/projects/lilian/roar-gokart-ws/src/core/core/install/global_planning/share/global_planning/local_setup.bash
-- Up-to-date: /home/roar/Desktop/projects/lilian/roar-gokart-ws/src/core/core/install/global_planning/share/global_planning/local_setup.sh
-- Up-to-date: /home/roar/Desktop/projects/lilian/roar-gokart-ws/src/core/core/install/global_planning/share/global_planning/local_setup.zsh
-- Up-to-date: /home/roar/Desktop/projects/lilian/roar-gokart-ws/src/core/core/install/global_planning/share/global_planning/local_setup.dsv
-- Installing: /home/roar/Desktop/projects/lilian/roar-gokart-ws/src/core/core/install/global_planning/share/global_planning/package.dsv
-- Up-to-date: /home/roar/Desktop/projects/lilian/roar-gokart-ws/src/core/core/install/global_planning/share/ament_index/resource_index/packages/global_planning
-- Up-to-date: /home/roar/Desktop/projects/lilian/roar-gokart-ws/src/core/core/install/global_planning/share/global_planning/cmake/ament_cmake_export_dependencies-extras.cmake
-- Up-to-date: /home/roar/Desktop/projects/lilian/roar-gokart-ws/src/core/core/install/global_planning/share/global_planning/cmake/ament_cmake_export_include_directories-extras.cmake
-- Up-to-date: /home/roar/Desktop/projects/lilian/roar-gokart-ws/src/core/core/install/global_planning/share/global_planning/cmake/global_planningConfig.cmake
-- Up-to-date: /home/roar/Desktop/projects/lilian/roar-gokart-ws/src/core/core/install/global_planning/share/global_planning/cmake/global_planningConfig-version.cmake
-- Up-to-date: /home/roar/Desktop/projects/lilian/roar-gokart-ws/src/core/core/install/global_planning/share/global_planning/package.xml
