[100%] Built target pid_control_node
-- Install configuration: ""
-- Up-to-date: /home/roar/Desktop/projects/lilian/roar-gokart-ws/src/core/core/install/pid_control/lib/pid_control/pid_control_node
-- Up-to-date: /home/roar/Desktop/projects/lilian/roar-gokart-ws/src/core/core/install/pid_control/share/pid_control/launch
-- Up-to-date: /home/roar/Desktop/projects/lilian/roar-gokart-ws/src/core/core/install/pid_control/share/pid_control/launch/pid_control.launch.py
-- Up-to-date: /home/roar/Desktop/projects/lilian/roar-gokart-ws/src/core/core/install/pid_control/share/pid_control/config
-- Up-to-date: /home/roar/Desktop/projects/lilian/roar-gokart-ws/src/core/core/install/pid_control/share/pid_control/config/configs.yaml
-- Up-to-date: /home/roar/Desktop/projects/lilian/roar-gokart-ws/src/core/core/install/pid_control/share/pid_control/config/carla_pid.json
-- Up-to-date: /home/roar/Desktop/projects/lilian/roar-gokart-ws/src/core/core/install/pid_control/share/pid_control/config/.gitkeep
-- Up-to-date: /home/roar/Desktop/projects/lilian/roar-gokart-ws/src/core/core/install/pid_control/share/ament_index/resource_index/package_run_dependencies/pid_control
-- Up-to-date: /home/roar/Desktop/projects/lilian/roar-gokart-ws/src/core/core/install/pid_control/share/ament_index/resource_index/parent_prefix_path/pid_control
-- Up-to-date: /home/roar/Desktop/projects/lilian/roar-gokart-ws/src/core/core/install/pid_control/share/pid_control/environment/ament_prefix_path.sh
-- Up-to-date: /home/roar/Desktop/projects/lilian/roar-gokart-ws/src/core/core/install/pid_control/share/pid_control/environment/ament_prefix_path.dsv
-- Up-to-date: /home/roar/Desktop/projects/lilian/roar-gokart-ws/src/core/core/install/pid_control/share/pid_control/environment/path.sh
-- Up-to-date: /home/roar/Desktop/projects/lilian/roar-gokart-ws/src/core/core/install/pid_control/share/pid_control/environment/path.dsv
-- Up-to-date: /home/roar/Desktop/projects/lilian/roar-gokart-ws/src/core/core/install/pid_control/share/pid_control/local_setup.bash
-- Up-to-date: /home/roar/Desktop/projects/lilian/roar-gokart-ws/src/core/core/install/pid_control/share/pid_control/local_setup.sh
-- Up-to-date: /home/roar/Desktop/projects/lilian/roar-gokart-ws/src/core/core/install/pid_control/share/pid_control/local_setup.zsh
-- Up-to-date: /home/roar/Desktop/projects/lilian/roar-gokart-ws/src/core/core/install/pid_control/share/pid_control/local_setup.dsv
-- Installing: /home/roar/Desktop/projects/lilian/roar-gokart-ws/src/core/core/install/pid_control/share/pid_control/package.dsv
-- Up-to-date: /home/roar/Desktop/projects/lilian/roar-gokart-ws/src/core/core/install/pid_control/share/ament_index/resource_index/packages/pid_control
-- Up-to-date: /home/roar/Desktop/projects/lilian/roar-gokart-ws/src/core/core/install/pid_control/share/pid_control/cmake/pid_controlConfig.cmake
-- Up-to-date: /home/roar/Desktop/projects/lilian/roar-gokart-ws/src/core/core/install/pid_control/share/pid_control/cmake/pid_controlConfig-version.cmake
-- Up-to-date: /home/roar/Desktop/projects/lilian/roar-gokart-ws/src/core/core/install/pid_control/share/pid_control/package.xml
