[0.842s] Invoking command in '/home/roar/Desktop/projects/lilian/roar-gokart-ws/src/core/core/src/misc/waypoint_recorder': PYTHONPATH=/home/roar/Desktop/projects/lilian/roar-gokart-ws/src/core/core/install/waypoint_recorder/lib/python3.8/site-packages:${PYTHONPATH} /usr/bin/python3 setup.py egg_info --egg-base ../../../build/waypoint_recorder build --build-base /home/roar/Desktop/projects/lilian/roar-gokart-ws/src/core/core/build/waypoint_recorder/build install --prefix /home/roar/Desktop/projects/lilian/roar-gokart-ws/src/core/core/install/waypoint_recorder --record /home/roar/Desktop/projects/lilian/roar-gokart-ws/src/core/core/build/waypoint_recorder/install.log --single-version-externally-managed
[1.089s] running egg_info
[1.089s] creating ../../../build/waypoint_recorder/waypoint_recorder.egg-info
[1.089s] writing ../../../build/waypoint_recorder/waypoint_recorder.egg-info/PKG-INFO
[1.089s] writing dependency_links to ../../../build/waypoint_recorder/waypoint_recorder.egg-info/dependency_links.txt
[1.089s] writing entry points to ../../../build/waypoint_recorder/waypoint_recorder.egg-info/entry_points.txt
[1.090s] writing requirements to ../../../build/waypoint_recorder/waypoint_recorder.egg-info/requires.txt
[1.090s] writing top-level names to ../../../build/waypoint_recorder/waypoint_recorder.egg-info/top_level.txt
[1.090s] writing manifest file '../../../build/waypoint_recorder/waypoint_recorder.egg-info/SOURCES.txt'
[1.116s] reading manifest file '../../../build/waypoint_recorder/waypoint_recorder.egg-info/SOURCES.txt'
[1.117s] writing manifest file '../../../build/waypoint_recorder/waypoint_recorder.egg-info/SOURCES.txt'
[1.117s] running build
[1.117s] running build_py
[1.117s] creating /home/roar/Desktop/projects/lilian/roar-gokart-ws/src/core/core/build/waypoint_recorder/build
[1.118s] creating /home/roar/Desktop/projects/lilian/roar-gokart-ws/src/core/core/build/waypoint_recorder/build/lib
[1.118s] creating /home/roar/Desktop/projects/lilian/roar-gokart-ws/src/core/core/build/waypoint_recorder/build/lib/waypoint_recorder
[1.118s] copying waypoint_recorder/record_waypoint_to_txt_node.py -> /home/roar/Desktop/projects/lilian/roar-gokart-ws/src/core/core/build/waypoint_recorder/build/lib/waypoint_recorder
[1.118s] copying waypoint_recorder/__init__.py -> /home/roar/Desktop/projects/lilian/roar-gokart-ws/src/core/core/build/waypoint_recorder/build/lib/waypoint_recorder
[1.118s] running install
[1.119s] running install_lib
[1.119s] creating /home/roar/Desktop/projects/lilian/roar-gokart-ws/src/core/core/install/waypoint_recorder/lib/python3.8/site-packages/waypoint_recorder
[1.119s] copying /home/roar/Desktop/projects/lilian/roar-gokart-ws/src/core/core/build/waypoint_recorder/build/lib/waypoint_recorder/record_waypoint_to_txt_node.py -> /home/roar/Desktop/projects/lilian/roar-gokart-ws/src/core/core/install/waypoint_recorder/lib/python3.8/site-packages/waypoint_recorder
[1.119s] copying /home/roar/Desktop/projects/lilian/roar-gokart-ws/src/core/core/build/waypoint_recorder/build/lib/waypoint_recorder/__init__.py -> /home/roar/Desktop/projects/lilian/roar-gokart-ws/src/core/core/install/waypoint_recorder/lib/python3.8/site-packages/waypoint_recorder
[1.119s] byte-compiling /home/roar/Desktop/projects/lilian/roar-gokart-ws/src/core/core/install/waypoint_recorder/lib/python3.8/site-packages/waypoint_recorder/record_waypoint_to_txt_node.py to record_waypoint_to_txt_node.cpython-38.pyc
[1.120s] byte-compiling /home/roar/Desktop/projects/lilian/roar-gokart-ws/src/core/core/install/waypoint_recorder/lib/python3.8/site-packages/waypoint_recorder/__init__.py to __init__.cpython-38.pyc
[1.120s] running install_data
[1.120s] creating /home/roar/Desktop/projects/lilian/roar-gokart-ws/src/core/core/install/waypoint_recorder/share/ament_index
[1.120s] creating /home/roar/Desktop/projects/lilian/roar-gokart-ws/src/core/core/install/waypoint_recorder/share/ament_index/resource_index
[1.120s] creating /home/roar/Desktop/projects/lilian/roar-gokart-ws/src/core/core/install/waypoint_recorder/share/ament_index/resource_index/packages
[1.120s] copying resource/waypoint_recorder -> /home/roar/Desktop/projects/lilian/roar-gokart-ws/src/core/core/install/waypoint_recorder/share/ament_index/resource_index/packages
[1.120s] copying package.xml -> /home/roar/Desktop/projects/lilian/roar-gokart-ws/src/core/core/install/waypoint_recorder/share/waypoint_recorder
[1.120s] creating /home/roar/Desktop/projects/lilian/roar-gokart-ws/src/core/core/install/waypoint_recorder/share/waypoint_recorder/launch
[1.121s] copying launch/waypoint_recorder.launch.py -> /home/roar/Desktop/projects/lilian/roar-gokart-ws/src/core/core/install/waypoint_recorder/share/waypoint_recorder/launch
[1.121s] running install_egg_info
[1.121s] Copying ../../../build/waypoint_recorder/waypoint_recorder.egg-info to /home/roar/Desktop/projects/lilian/roar-gokart-ws/src/core/core/install/waypoint_recorder/lib/python3.8/site-packages/waypoint_recorder-0.0.0-py3.8.egg-info
[1.122s] running install_scripts
[1.134s] Installing record_waypoint_to_txt_node script to /home/roar/Desktop/projects/lilian/roar-gokart-ws/src/core/core/install/waypoint_recorder/lib/waypoint_recorder
[1.134s] writing list of installed files to '/home/roar/Desktop/projects/lilian/roar-gokart-ws/src/core/core/build/waypoint_recorder/install.log'
[1.154s] Invoked command in '/home/roar/Desktop/projects/lilian/roar-gokart-ws/src/core/core/src/misc/waypoint_recorder' returned '0': PYTHONPATH=/home/roar/Desktop/projects/lilian/roar-gokart-ws/src/core/core/install/waypoint_recorder/lib/python3.8/site-packages:${PYTHONPATH} /usr/bin/python3 setup.py egg_info --egg-base ../../../build/waypoint_recorder build --build-base /home/roar/Desktop/projects/lilian/roar-gokart-ws/src/core/core/build/waypoint_recorder/build install --prefix /home/roar/Desktop/projects/lilian/roar-gokart-ws/src/core/core/install/waypoint_recorder --record /home/roar/Desktop/projects/lilian/roar-gokart-ws/src/core/core/build/waypoint_recorder/install.log --single-version-externally-managed
