-- The C compiler identification is GNU 9.4.0
-- The CXX compiler identification is GNU 9.4.0
-- Check for working C compiler: /usr/bin/cc
-- Check for working C compiler: /usr/bin/cc -- works
-- Detecting C compiler ABI info
-- Detecting C compiler ABI info - done
-- Detecting C compile features
-- Detecting C compile features - done
-- Check for working CXX compiler: /usr/bin/c++
-- Check for working CXX compiler: /usr/bin/c++ -- works
-- Detecting CXX compiler ABI info
-- Detecting CXX compiler ABI info - done
-- Detecting CXX compile features
-- Detecting CXX compile features - done
-- Found ament_cmake_auto: 0.9.9 (/opt/ros/foxy/share/ament_cmake_auto/cmake)
-- Found PythonInterp: /usr/bin/python3 (found suitable version "3.8.10", minimum required is "3") 
-- Using PYTHON_EXECUTABLE: /usr/bin/python3
-- Using all available rosidl_typesupport_c: rosidl_typesupport_fastrtps_c;rosidl_typesupport_introspection_c
-- Found rosidl_adapter: 1.2.1 (/opt/ros/foxy/share/rosidl_adapter/cmake)
-- Found OpenSSL: /usr/lib/x86_64-linux-gnu/libcrypto.so (found version "1.1.1f")  
-- Found FastRTPS: /opt/ros/foxy/include  
-- Using all available rosidl_typesupport_cpp: rosidl_typesupport_fastrtps_cpp;rosidl_typesupport_introspection_cpp
-- Found PythonInterp: /usr/bin/python3 (found version "3.8.10") 
-- Found ament_cmake_ros: 0.9.2 (/opt/ros/foxy/share/ament_cmake_ros/cmake)
-- Using all available rosidl_typesupport_c: rosidl_typesupport_fastrtps_c;rosidl_typesupport_introspection_c
-- Using all available rosidl_typesupport_cpp: rosidl_typesupport_fastrtps_cpp;rosidl_typesupport_introspection_cpp
-- Found PythonInterp: /usr/bin/python3 (found suitable version "3.8.10", minimum required is "3.5") 
-- Found python_cmake_module: 0.8.1 (/opt/ros/foxy/share/python_cmake_module/cmake)
-- Found PythonLibs: /usr/lib/x86_64-linux-gnu/libpython3.8.so (found suitable version "3.8.10", minimum required is "3.5") 
-- Using PYTHON_EXECUTABLE: /usr/bin/python3
-- Using PYTHON_INCLUDE_DIRS: /usr/include/python3.8
-- Using PYTHON_LIBRARIES: /usr/lib/x86_64-linux-gnu/libpython3.8.so
-- Found PythonExtra: .so  
-- Configuring done
-- Generating done
-- Build files have been written to: /home/roar/Desktop/projects/lilian/roar-gokart-ws/src/core/core/build/roar_msgs
[35m[1mScanning dependencies of target roar_msgs__cpp[0m
[  1%] [34m[1mGenerating C code for ROS interfaces[0m
[  3%] [34m[1mGenerating C++ code for ROS interfaces[0m
[35m[1mScanning dependencies of target roar_msgs__rosidl_generator_c[0m
[  7%] [32mBuilding C object CMakeFiles/roar_msgs__rosidl_generator_c.dir/rosidl_generator_c/roar_msgs/msg/detail/vehicle_state__functions.c.o[0m
[  7%] [32mBuilding C object CMakeFiles/roar_msgs__rosidl_generator_c.dir/rosidl_generator_c/roar_msgs/msg/detail/vehicle_control__functions.c.o[0m
[  9%] [32mBuilding C object CMakeFiles/roar_msgs__rosidl_generator_c.dir/rosidl_generator_c/roar_msgs/srv/detail/toggle_control_safety_switch__functions.c.o[0m
[ 10%] [32mBuilding C object CMakeFiles/roar_msgs__rosidl_generator_c.dir/rosidl_generator_c/roar_msgs/msg/detail/vehicle_status__functions.c.o[0m
[ 12%] [32m[1mLinking C shared library libroar_msgs__rosidl_generator_c.so[0m
[ 12%] Built target roar_msgs__rosidl_generator_c
[ 12%] Built target roar_msgs__cpp
[ 14%] [34m[1mGenerating C++ type support for eProsima Fast-RTPS[0m
[ 18%] [34m[1mGenerating C introspection for ROS interfaces[0m
[ 18%] [34m[1mGenerating C++ type support dispatch for ROS interfaces[0m
[ 21%] [34m[1mGenerating C type support dispatch for ROS interfaces[0m
[ 21%] [34m[1mGenerating C++ introspection for ROS interfaces[0m
[35m[1mScanning dependencies of target roar_msgs__rosidl_typesupport_cpp[0m
[ 23%] [32mBuilding CXX object CMakeFiles/roar_msgs__rosidl_typesupport_cpp.dir/rosidl_typesupport_cpp/roar_msgs/msg/vehicle_control__type_support.cpp.o[0m
[ 25%] [32mBuilding CXX object CMakeFiles/roar_msgs__rosidl_typesupport_cpp.dir/rosidl_typesupport_cpp/roar_msgs/msg/vehicle_state__type_support.cpp.o[0m
[ 27%] [32mBuilding CXX object CMakeFiles/roar_msgs__rosidl_typesupport_cpp.dir/rosidl_typesupport_cpp/roar_msgs/msg/vehicle_status__type_support.cpp.o[0m
[ 29%] [32mBuilding CXX object CMakeFiles/roar_msgs__rosidl_typesupport_cpp.dir/rosidl_typesupport_cpp/roar_msgs/srv/toggle_control_safety_switch__type_support.cpp.o[0m
[35m[1mScanning dependencies of target roar_msgs__rosidl_typesupport_introspection_c[0m
[35m[1mScanning dependencies of target roar_msgs__rosidl_typesupport_c[0m
[ 32%] [32mBuilding C object CMakeFiles/roar_msgs__rosidl_typesupport_introspection_c.dir/rosidl_typesupport_introspection_c/roar_msgs/msg/detail/vehicle_state__type_support.c.o[0m
[ 32%] [32mBuilding C object CMakeFiles/roar_msgs__rosidl_typesupport_introspection_c.dir/rosidl_typesupport_introspection_c/roar_msgs/msg/detail/vehicle_control__type_support.c.o[0m
[ 34%] [32mBuilding C object CMakeFiles/roar_msgs__rosidl_typesupport_introspection_c.dir/rosidl_typesupport_introspection_c/roar_msgs/srv/detail/toggle_control_safety_switch__type_support.c.o[0m
[ 36%] [32mBuilding C object CMakeFiles/roar_msgs__rosidl_typesupport_introspection_c.dir/rosidl_typesupport_introspection_c/roar_msgs/msg/detail/vehicle_status__type_support.c.o[0m
[ 38%] [32mBuilding CXX object CMakeFiles/roar_msgs__rosidl_typesupport_c.dir/rosidl_typesupport_c/roar_msgs/msg/vehicle_control__type_support.cpp.o[0m
[ 40%] [32mBuilding CXX object CMakeFiles/roar_msgs__rosidl_typesupport_c.dir/rosidl_typesupport_c/roar_msgs/msg/vehicle_state__type_support.cpp.o[0m
[ 41%] [32mBuilding CXX object CMakeFiles/roar_msgs__rosidl_typesupport_c.dir/rosidl_typesupport_c/roar_msgs/srv/toggle_control_safety_switch__type_support.cpp.o[0m
[ 43%] [32mBuilding CXX object CMakeFiles/roar_msgs__rosidl_typesupport_c.dir/rosidl_typesupport_c/roar_msgs/msg/vehicle_status__type_support.cpp.o[0m
[ 45%] [32m[1mLinking C shared library libroar_msgs__rosidl_typesupport_introspection_c.so[0m
[35m[1mScanning dependencies of target roar_msgs__rosidl_typesupport_introspection_cpp[0m
[35m[1mScanning dependencies of target roar_msgs__rosidl_typesupport_fastrtps_cpp[0m
[ 47%] [32mBuilding CXX object CMakeFiles/roar_msgs__rosidl_typesupport_fastrtps_cpp.dir/rosidl_typesupport_fastrtps_cpp/roar_msgs/msg/detail/dds_fastrtps/vehicle_control__type_support.cpp.o[0m
[ 49%] [32mBuilding CXX object CMakeFiles/roar_msgs__rosidl_typesupport_introspection_cpp.dir/rosidl_typesupport_introspection_cpp/roar_msgs/msg/detail/vehicle_control__type_support.cpp.o[0m
[ 52%] [32mBuilding CXX object CMakeFiles/roar_msgs__rosidl_typesupport_fastrtps_cpp.dir/rosidl_typesupport_fastrtps_cpp/roar_msgs/msg/detail/dds_fastrtps/vehicle_state__type_support.cpp.o[0m
[ 52%] [32mBuilding CXX object CMakeFiles/roar_msgs__rosidl_typesupport_fastrtps_cpp.dir/rosidl_typesupport_fastrtps_cpp/roar_msgs/msg/detail/dds_fastrtps/vehicle_status__type_support.cpp.o[0m
[ 54%] [32mBuilding CXX object CMakeFiles/roar_msgs__rosidl_typesupport_fastrtps_cpp.dir/rosidl_typesupport_fastrtps_cpp/roar_msgs/srv/detail/dds_fastrtps/toggle_control_safety_switch__type_support.cpp.o[0m
[ 56%] [32m[1mLinking CXX shared library libroar_msgs__rosidl_typesupport_c.so[0m
[ 58%] [32mBuilding CXX object CMakeFiles/roar_msgs__rosidl_typesupport_introspection_cpp.dir/rosidl_typesupport_introspection_cpp/roar_msgs/msg/detail/vehicle_state__type_support.cpp.o[0m
[ 58%] Built target roar_msgs__rosidl_typesupport_introspection_c
[ 60%] [32mBuilding CXX object CMakeFiles/roar_msgs__rosidl_typesupport_introspection_cpp.dir/rosidl_typesupport_introspection_cpp/roar_msgs/srv/detail/toggle_control_safety_switch__type_support.cpp.o[0m
[ 61%] [32mBuilding CXX object CMakeFiles/roar_msgs__rosidl_typesupport_introspection_cpp.dir/rosidl_typesupport_introspection_cpp/roar_msgs/msg/detail/vehicle_status__type_support.cpp.o[0m
[ 63%] [32m[1mLinking CXX shared library libroar_msgs__rosidl_typesupport_cpp.so[0m
[ 63%] Built target roar_msgs__rosidl_typesupport_c
[ 63%] Built target roar_msgs__rosidl_typesupport_cpp
[ 65%] [32m[1mLinking CXX shared library libroar_msgs__rosidl_typesupport_introspection_cpp.so[0m
[ 67%] [32m[1mLinking CXX shared library libroar_msgs__rosidl_typesupport_fastrtps_cpp.so[0m
[ 67%] Built target roar_msgs__rosidl_typesupport_introspection_cpp
[ 67%] Built target roar_msgs__rosidl_typesupport_fastrtps_cpp
[ 69%] [34m[1mGenerating C type support for eProsima Fast-RTPS[0m
[35m[1mScanning dependencies of target roar_msgs__rosidl_typesupport_fastrtps_c[0m
[ 70%] [32mBuilding CXX object CMakeFiles/roar_msgs__rosidl_typesupport_fastrtps_c.dir/rosidl_typesupport_fastrtps_c/roar_msgs/msg/detail/vehicle_control__type_support_c.cpp.o[0m
[ 72%] [32mBuilding CXX object CMakeFiles/roar_msgs__rosidl_typesupport_fastrtps_c.dir/rosidl_typesupport_fastrtps_c/roar_msgs/srv/detail/toggle_control_safety_switch__type_support_c.cpp.o[0m
[ 74%] [32mBuilding CXX object CMakeFiles/roar_msgs__rosidl_typesupport_fastrtps_c.dir/rosidl_typesupport_fastrtps_c/roar_msgs/msg/detail/vehicle_state__type_support_c.cpp.o[0m
[ 76%] [32mBuilding CXX object CMakeFiles/roar_msgs__rosidl_typesupport_fastrtps_c.dir/rosidl_typesupport_fastrtps_c/roar_msgs/msg/detail/vehicle_status__type_support_c.cpp.o[0m
[ 78%] [32m[1mLinking CXX shared library libroar_msgs__rosidl_typesupport_fastrtps_c.so[0m
[ 78%] Built target roar_msgs__rosidl_typesupport_fastrtps_c
[35m[1mScanning dependencies of target roar_msgs[0m
[ 78%] Built target roar_msgs
[35m[1mScanning dependencies of target roar_msgs__py[0m
[ 80%] [34m[1mGenerating Python code for ROS interfaces[0m
[ 80%] Built target roar_msgs__py
[35m[1mScanning dependencies of target roar_msgs__python[0m
[ 85%] [32mBuilding C object CMakeFiles/roar_msgs__python.dir/rosidl_generator_py/roar_msgs/srv/_toggle_control_safety_switch_s.c.o[0m
[ 85%] [32mBuilding C object CMakeFiles/roar_msgs__python.dir/rosidl_generator_py/roar_msgs/msg/_vehicle_control_s.c.o[0m
[ 85%] [32mBuilding C object CMakeFiles/roar_msgs__python.dir/rosidl_generator_py/roar_msgs/msg/_vehicle_state_s.c.o[0m
[ 87%] [32mBuilding C object CMakeFiles/roar_msgs__python.dir/rosidl_generator_py/roar_msgs/msg/_vehicle_status_s.c.o[0m
[ 89%] [32m[1mLinking C shared library rosidl_generator_py/roar_msgs/libroar_msgs__python.so[0m
[ 89%] Built target roar_msgs__python
[35m[1mScanning dependencies of target roar_msgs__rosidl_typesupport_introspection_c__pyext[0m
[35m[1mScanning dependencies of target roar_msgs__rosidl_typesupport_c__pyext[0m
[35m[1mScanning dependencies of target roar_msgs__rosidl_typesupport_fastrtps_c__pyext[0m
[ 90%] [32mBuilding C object CMakeFiles/roar_msgs__rosidl_typesupport_introspection_c__pyext.dir/rosidl_generator_py/roar_msgs/_roar_msgs_s.ep.rosidl_typesupport_introspection_c.c.o[0m
[ 92%] [32mBuilding C object CMakeFiles/roar_msgs__rosidl_typesupport_c__pyext.dir/rosidl_generator_py/roar_msgs/_roar_msgs_s.ep.rosidl_typesupport_c.c.o[0m
[ 94%] [32mBuilding C object CMakeFiles/roar_msgs__rosidl_typesupport_fastrtps_c__pyext.dir/rosidl_generator_py/roar_msgs/_roar_msgs_s.ep.rosidl_typesupport_fastrtps_c.c.o[0m
[ 96%] [32m[1mLinking C shared library rosidl_generator_py/roar_msgs/roar_msgs_s__rosidl_typesupport_introspection_c.cpython-38-x86_64-linux-gnu.so[0m
[ 98%] [32m[1mLinking C shared library rosidl_generator_py/roar_msgs/roar_msgs_s__rosidl_typesupport_c.cpython-38-x86_64-linux-gnu.so[0m
[100%] [32m[1mLinking CXX shared library rosidl_generator_py/roar_msgs/roar_msgs_s__rosidl_typesupport_fastrtps_c.cpython-38-x86_64-linux-gnu.so[0m
[100%] Built target roar_msgs__rosidl_typesupport_introspection_c__pyext
[100%] Built target roar_msgs__rosidl_typesupport_c__pyext
[100%] Built target roar_msgs__rosidl_typesupport_fastrtps_c__pyext
-- Install configuration: ""
-- Installing: /home/roar/Desktop/projects/lilian/roar-gokart-ws/src/core/core/install/roar_msgs/share/ament_index/resource_index/rosidl_interfaces/roar_msgs
-- Installing: /home/roar/Desktop/projects/lilian/roar-gokart-ws/src/core/core/install/roar_msgs/include/roar_msgs
-- Installing: /home/roar/Desktop/projects/lilian/roar-gokart-ws/src/core/core/install/roar_msgs/include/roar_msgs/msg
-- Installing: /home/roar/Desktop/projects/lilian/roar-gokart-ws/src/core/core/install/roar_msgs/include/roar_msgs/msg/vehicle_state.h
-- Installing: /home/roar/Desktop/projects/lilian/roar-gokart-ws/src/core/core/install/roar_msgs/include/roar_msgs/msg/detail
-- Installing: /home/roar/Desktop/projects/lilian/roar-gokart-ws/src/core/core/install/roar_msgs/include/roar_msgs/msg/detail/vehicle_state__functions.h
-- Installing: /home/roar/Desktop/projects/lilian/roar-gokart-ws/src/core/core/install/roar_msgs/include/roar_msgs/msg/detail/vehicle_status__functions.c
-- Installing: /home/roar/Desktop/projects/lilian/roar-gokart-ws/src/core/core/install/roar_msgs/include/roar_msgs/msg/detail/vehicle_state__type_support.h
-- Installing: /home/roar/Desktop/projects/lilian/roar-gokart-ws/src/core/core/install/roar_msgs/include/roar_msgs/msg/detail/vehicle_state__struct.h
-- Installing: /home/roar/Desktop/projects/lilian/roar-gokart-ws/src/core/core/install/roar_msgs/include/roar_msgs/msg/detail/vehicle_state__functions.c
-- Installing: /home/roar/Desktop/projects/lilian/roar-gokart-ws/src/core/core/install/roar_msgs/include/roar_msgs/msg/detail/vehicle_control__struct.h
-- Installing: /home/roar/Desktop/projects/lilian/roar-gokart-ws/src/core/core/install/roar_msgs/include/roar_msgs/msg/detail/vehicle_control__functions.h
-- Installing: /home/roar/Desktop/projects/lilian/roar-gokart-ws/src/core/core/install/roar_msgs/include/roar_msgs/msg/detail/vehicle_control__functions.c
-- Installing: /home/roar/Desktop/projects/lilian/roar-gokart-ws/src/core/core/install/roar_msgs/include/roar_msgs/msg/detail/vehicle_status__functions.h
-- Installing: /home/roar/Desktop/projects/lilian/roar-gokart-ws/src/core/core/install/roar_msgs/include/roar_msgs/msg/detail/vehicle_control__type_support.h
-- Installing: /home/roar/Desktop/projects/lilian/roar-gokart-ws/src/core/core/install/roar_msgs/include/roar_msgs/msg/detail/vehicle_status__struct.h
-- Installing: /home/roar/Desktop/projects/lilian/roar-gokart-ws/src/core/core/install/roar_msgs/include/roar_msgs/msg/detail/vehicle_status__type_support.h
-- Installing: /home/roar/Desktop/projects/lilian/roar-gokart-ws/src/core/core/install/roar_msgs/include/roar_msgs/msg/vehicle_status.h
-- Installing: /home/roar/Desktop/projects/lilian/roar-gokart-ws/src/core/core/install/roar_msgs/include/roar_msgs/msg/vehicle_control.h
-- Installing: /home/roar/Desktop/projects/lilian/roar-gokart-ws/src/core/core/install/roar_msgs/include/roar_msgs/msg/rosidl_generator_c__visibility_control.h
-- Installing: /home/roar/Desktop/projects/lilian/roar-gokart-ws/src/core/core/install/roar_msgs/include/roar_msgs/srv
-- Installing: /home/roar/Desktop/projects/lilian/roar-gokart-ws/src/core/core/install/roar_msgs/include/roar_msgs/srv/detail
-- Installing: /home/roar/Desktop/projects/lilian/roar-gokart-ws/src/core/core/install/roar_msgs/include/roar_msgs/srv/detail/toggle_control_safety_switch__type_support.h
-- Installing: /home/roar/Desktop/projects/lilian/roar-gokart-ws/src/core/core/install/roar_msgs/include/roar_msgs/srv/detail/toggle_control_safety_switch__struct.h
-- Installing: /home/roar/Desktop/projects/lilian/roar-gokart-ws/src/core/core/install/roar_msgs/include/roar_msgs/srv/detail/toggle_control_safety_switch__functions.h
-- Installing: /home/roar/Desktop/projects/lilian/roar-gokart-ws/src/core/core/install/roar_msgs/include/roar_msgs/srv/detail/toggle_control_safety_switch__functions.c
-- Installing: /home/roar/Desktop/projects/lilian/roar-gokart-ws/src/core/core/install/roar_msgs/include/roar_msgs/srv/toggle_control_safety_switch.h
-- Installing: /home/roar/Desktop/projects/lilian/roar-gokart-ws/src/core/core/install/roar_msgs/share/roar_msgs/environment/library_path.sh
-- Installing: /home/roar/Desktop/projects/lilian/roar-gokart-ws/src/core/core/install/roar_msgs/share/roar_msgs/environment/library_path.dsv
-- Installing: /home/roar/Desktop/projects/lilian/roar-gokart-ws/src/core/core/install/roar_msgs/lib/libroar_msgs__rosidl_generator_c.so
-- Set runtime path of "/home/roar/Desktop/projects/lilian/roar-gokart-ws/src/core/core/install/roar_msgs/lib/libroar_msgs__rosidl_generator_c.so" to ""
-- Up-to-date: /home/roar/Desktop/projects/lilian/roar-gokart-ws/src/core/core/install/roar_msgs/include/roar_msgs
-- Up-to-date: /home/roar/Desktop/projects/lilian/roar-gokart-ws/src/core/core/install/roar_msgs/include/roar_msgs/msg
-- Installing: /home/roar/Desktop/projects/lilian/roar-gokart-ws/src/core/core/install/roar_msgs/include/roar_msgs/msg/rosidl_typesupport_fastrtps_c__visibility_control.h
-- Up-to-date: /home/roar/Desktop/projects/lilian/roar-gokart-ws/src/core/core/install/roar_msgs/include/roar_msgs/msg/detail
-- Installing: /home/roar/Desktop/projects/lilian/roar-gokart-ws/src/core/core/install/roar_msgs/include/roar_msgs/msg/detail/vehicle_state__rosidl_typesupport_fastrtps_c.h
-- Installing: /home/roar/Desktop/projects/lilian/roar-gokart-ws/src/core/core/install/roar_msgs/include/roar_msgs/msg/detail/vehicle_status__rosidl_typesupport_fastrtps_c.h
-- Installing: /home/roar/Desktop/projects/lilian/roar-gokart-ws/src/core/core/install/roar_msgs/include/roar_msgs/msg/detail/vehicle_control__rosidl_typesupport_fastrtps_c.h
-- Up-to-date: /home/roar/Desktop/projects/lilian/roar-gokart-ws/src/core/core/install/roar_msgs/include/roar_msgs/srv
-- Up-to-date: /home/roar/Desktop/projects/lilian/roar-gokart-ws/src/core/core/install/roar_msgs/include/roar_msgs/srv/detail
-- Installing: /home/roar/Desktop/projects/lilian/roar-gokart-ws/src/core/core/install/roar_msgs/include/roar_msgs/srv/detail/toggle_control_safety_switch__rosidl_typesupport_fastrtps_c.h
-- Installing: /home/roar/Desktop/projects/lilian/roar-gokart-ws/src/core/core/install/roar_msgs/lib/libroar_msgs__rosidl_typesupport_fastrtps_c.so
-- Set runtime path of "/home/roar/Desktop/projects/lilian/roar-gokart-ws/src/core/core/install/roar_msgs/lib/libroar_msgs__rosidl_typesupport_fastrtps_c.so" to ""
-- Up-to-date: /home/roar/Desktop/projects/lilian/roar-gokart-ws/src/core/core/install/roar_msgs/include/roar_msgs
-- Up-to-date: /home/roar/Desktop/projects/lilian/roar-gokart-ws/src/core/core/install/roar_msgs/include/roar_msgs/msg
-- Up-to-date: /home/roar/Desktop/projects/lilian/roar-gokart-ws/src/core/core/install/roar_msgs/include/roar_msgs/msg/detail
-- Installing: /home/roar/Desktop/projects/lilian/roar-gokart-ws/src/core/core/install/roar_msgs/include/roar_msgs/msg/detail/vehicle_status__rosidl_typesupport_fastrtps_cpp.hpp
-- Installing: /home/roar/Desktop/projects/lilian/roar-gokart-ws/src/core/core/install/roar_msgs/include/roar_msgs/msg/detail/dds_fastrtps
-- Installing: /home/roar/Desktop/projects/lilian/roar-gokart-ws/src/core/core/install/roar_msgs/include/roar_msgs/msg/detail/vehicle_control__rosidl_typesupport_fastrtps_cpp.hpp
-- Installing: /home/roar/Desktop/projects/lilian/roar-gokart-ws/src/core/core/install/roar_msgs/include/roar_msgs/msg/detail/vehicle_state__rosidl_typesupport_fastrtps_cpp.hpp
-- Installing: /home/roar/Desktop/projects/lilian/roar-gokart-ws/src/core/core/install/roar_msgs/include/roar_msgs/msg/rosidl_typesupport_fastrtps_cpp__visibility_control.h
-- Up-to-date: /home/roar/Desktop/projects/lilian/roar-gokart-ws/src/core/core/install/roar_msgs/include/roar_msgs/srv
-- Up-to-date: /home/roar/Desktop/projects/lilian/roar-gokart-ws/src/core/core/install/roar_msgs/include/roar_msgs/srv/detail
-- Installing: /home/roar/Desktop/projects/lilian/roar-gokart-ws/src/core/core/install/roar_msgs/include/roar_msgs/srv/detail/toggle_control_safety_switch__rosidl_typesupport_fastrtps_cpp.hpp
-- Installing: /home/roar/Desktop/projects/lilian/roar-gokart-ws/src/core/core/install/roar_msgs/include/roar_msgs/srv/detail/dds_fastrtps
-- Installing: /home/roar/Desktop/projects/lilian/roar-gokart-ws/src/core/core/install/roar_msgs/lib/libroar_msgs__rosidl_typesupport_fastrtps_cpp.so
-- Set runtime path of "/home/roar/Desktop/projects/lilian/roar-gokart-ws/src/core/core/install/roar_msgs/lib/libroar_msgs__rosidl_typesupport_fastrtps_cpp.so" to ""
-- Up-to-date: /home/roar/Desktop/projects/lilian/roar-gokart-ws/src/core/core/install/roar_msgs/include/roar_msgs
-- Up-to-date: /home/roar/Desktop/projects/lilian/roar-gokart-ws/src/core/core/install/roar_msgs/include/roar_msgs/msg
-- Up-to-date: /home/roar/Desktop/projects/lilian/roar-gokart-ws/src/core/core/install/roar_msgs/include/roar_msgs/msg/detail
-- Installing: /home/roar/Desktop/projects/lilian/roar-gokart-ws/src/core/core/install/roar_msgs/include/roar_msgs/msg/detail/vehicle_control__type_support.c
-- Installing: /home/roar/Desktop/projects/lilian/roar-gokart-ws/src/core/core/install/roar_msgs/include/roar_msgs/msg/detail/vehicle_state__type_support.c
-- Installing: /home/roar/Desktop/projects/lilian/roar-gokart-ws/src/core/core/install/roar_msgs/include/roar_msgs/msg/detail/vehicle_control__rosidl_typesupport_introspection_c.h
-- Installing: /home/roar/Desktop/projects/lilian/roar-gokart-ws/src/core/core/install/roar_msgs/include/roar_msgs/msg/detail/vehicle_status__type_support.c
-- Installing: /home/roar/Desktop/projects/lilian/roar-gokart-ws/src/core/core/install/roar_msgs/include/roar_msgs/msg/detail/vehicle_status__rosidl_typesupport_introspection_c.h
-- Installing: /home/roar/Desktop/projects/lilian/roar-gokart-ws/src/core/core/install/roar_msgs/include/roar_msgs/msg/detail/vehicle_state__rosidl_typesupport_introspection_c.h
-- Installing: /home/roar/Desktop/projects/lilian/roar-gokart-ws/src/core/core/install/roar_msgs/include/roar_msgs/msg/rosidl_typesupport_introspection_c__visibility_control.h
-- Up-to-date: /home/roar/Desktop/projects/lilian/roar-gokart-ws/src/core/core/install/roar_msgs/include/roar_msgs/srv
-- Up-to-date: /home/roar/Desktop/projects/lilian/roar-gokart-ws/src/core/core/install/roar_msgs/include/roar_msgs/srv/detail
-- Installing: /home/roar/Desktop/projects/lilian/roar-gokart-ws/src/core/core/install/roar_msgs/include/roar_msgs/srv/detail/toggle_control_safety_switch__type_support.c
-- Installing: /home/roar/Desktop/projects/lilian/roar-gokart-ws/src/core/core/install/roar_msgs/include/roar_msgs/srv/detail/toggle_control_safety_switch__rosidl_typesupport_introspection_c.h
-- Installing: /home/roar/Desktop/projects/lilian/roar-gokart-ws/src/core/core/install/roar_msgs/lib/libroar_msgs__rosidl_typesupport_introspection_c.so
-- Set runtime path of "/home/roar/Desktop/projects/lilian/roar-gokart-ws/src/core/core/install/roar_msgs/lib/libroar_msgs__rosidl_typesupport_introspection_c.so" to ""
-- Installing: /home/roar/Desktop/projects/lilian/roar-gokart-ws/src/core/core/install/roar_msgs/lib/libroar_msgs__rosidl_typesupport_c.so
-- Set runtime path of "/home/roar/Desktop/projects/lilian/roar-gokart-ws/src/core/core/install/roar_msgs/lib/libroar_msgs__rosidl_typesupport_c.so" to ""
-- Up-to-date: /home/roar/Desktop/projects/lilian/roar-gokart-ws/src/core/core/install/roar_msgs/include/roar_msgs
-- Up-to-date: /home/roar/Desktop/projects/lilian/roar-gokart-ws/src/core/core/install/roar_msgs/include/roar_msgs/msg
-- Installing: /home/roar/Desktop/projects/lilian/roar-gokart-ws/src/core/core/install/roar_msgs/include/roar_msgs/msg/vehicle_state.hpp
-- Up-to-date: /home/roar/Desktop/projects/lilian/roar-gokart-ws/src/core/core/install/roar_msgs/include/roar_msgs/msg/detail
-- Installing: /home/roar/Desktop/projects/lilian/roar-gokart-ws/src/core/core/install/roar_msgs/include/roar_msgs/msg/detail/vehicle_state__builder.hpp
-- Installing: /home/roar/Desktop/projects/lilian/roar-gokart-ws/src/core/core/install/roar_msgs/include/roar_msgs/msg/detail/vehicle_control__traits.hpp
-- Installing: /home/roar/Desktop/projects/lilian/roar-gokart-ws/src/core/core/install/roar_msgs/include/roar_msgs/msg/detail/vehicle_status__builder.hpp
-- Installing: /home/roar/Desktop/projects/lilian/roar-gokart-ws/src/core/core/install/roar_msgs/include/roar_msgs/msg/detail/vehicle_status__struct.hpp
-- Installing: /home/roar/Desktop/projects/lilian/roar-gokart-ws/src/core/core/install/roar_msgs/include/roar_msgs/msg/detail/vehicle_status__traits.hpp
-- Installing: /home/roar/Desktop/projects/lilian/roar-gokart-ws/src/core/core/install/roar_msgs/include/roar_msgs/msg/detail/vehicle_control__struct.hpp
-- Installing: /home/roar/Desktop/projects/lilian/roar-gokart-ws/src/core/core/install/roar_msgs/include/roar_msgs/msg/detail/vehicle_state__traits.hpp
-- Installing: /home/roar/Desktop/projects/lilian/roar-gokart-ws/src/core/core/install/roar_msgs/include/roar_msgs/msg/detail/vehicle_control__builder.hpp
-- Installing: /home/roar/Desktop/projects/lilian/roar-gokart-ws/src/core/core/install/roar_msgs/include/roar_msgs/msg/detail/vehicle_state__struct.hpp
-- Installing: /home/roar/Desktop/projects/lilian/roar-gokart-ws/src/core/core/install/roar_msgs/include/roar_msgs/msg/vehicle_control.hpp
-- Installing: /home/roar/Desktop/projects/lilian/roar-gokart-ws/src/core/core/install/roar_msgs/include/roar_msgs/msg/vehicle_status.hpp
-- Up-to-date: /home/roar/Desktop/projects/lilian/roar-gokart-ws/src/core/core/install/roar_msgs/include/roar_msgs/srv
-- Up-to-date: /home/roar/Desktop/projects/lilian/roar-gokart-ws/src/core/core/install/roar_msgs/include/roar_msgs/srv/detail
-- Installing: /home/roar/Desktop/projects/lilian/roar-gokart-ws/src/core/core/install/roar_msgs/include/roar_msgs/srv/detail/toggle_control_safety_switch__traits.hpp
-- Installing: /home/roar/Desktop/projects/lilian/roar-gokart-ws/src/core/core/install/roar_msgs/include/roar_msgs/srv/detail/toggle_control_safety_switch__struct.hpp
-- Installing: /home/roar/Desktop/projects/lilian/roar-gokart-ws/src/core/core/install/roar_msgs/include/roar_msgs/srv/detail/toggle_control_safety_switch__builder.hpp
-- Installing: /home/roar/Desktop/projects/lilian/roar-gokart-ws/src/core/core/install/roar_msgs/include/roar_msgs/srv/toggle_control_safety_switch.hpp
-- Up-to-date: /home/roar/Desktop/projects/lilian/roar-gokart-ws/src/core/core/install/roar_msgs/include/roar_msgs
-- Up-to-date: /home/roar/Desktop/projects/lilian/roar-gokart-ws/src/core/core/install/roar_msgs/include/roar_msgs/msg
-- Up-to-date: /home/roar/Desktop/projects/lilian/roar-gokart-ws/src/core/core/install/roar_msgs/include/roar_msgs/msg/detail
-- Installing: /home/roar/Desktop/projects/lilian/roar-gokart-ws/src/core/core/install/roar_msgs/include/roar_msgs/msg/detail/vehicle_status__rosidl_typesupport_introspection_cpp.hpp
-- Installing: /home/roar/Desktop/projects/lilian/roar-gokart-ws/src/core/core/install/roar_msgs/include/roar_msgs/msg/detail/vehicle_control__type_support.cpp
-- Installing: /home/roar/Desktop/projects/lilian/roar-gokart-ws/src/core/core/install/roar_msgs/include/roar_msgs/msg/detail/vehicle_state__type_support.cpp
-- Installing: /home/roar/Desktop/projects/lilian/roar-gokart-ws/src/core/core/install/roar_msgs/include/roar_msgs/msg/detail/vehicle_state__rosidl_typesupport_introspection_cpp.hpp
-- Installing: /home/roar/Desktop/projects/lilian/roar-gokart-ws/src/core/core/install/roar_msgs/include/roar_msgs/msg/detail/vehicle_control__rosidl_typesupport_introspection_cpp.hpp
-- Installing: /home/roar/Desktop/projects/lilian/roar-gokart-ws/src/core/core/install/roar_msgs/include/roar_msgs/msg/detail/vehicle_status__type_support.cpp
-- Up-to-date: /home/roar/Desktop/projects/lilian/roar-gokart-ws/src/core/core/install/roar_msgs/include/roar_msgs/srv
-- Up-to-date: /home/roar/Desktop/projects/lilian/roar-gokart-ws/src/core/core/install/roar_msgs/include/roar_msgs/srv/detail
-- Installing: /home/roar/Desktop/projects/lilian/roar-gokart-ws/src/core/core/install/roar_msgs/include/roar_msgs/srv/detail/toggle_control_safety_switch__rosidl_typesupport_introspection_cpp.hpp
-- Installing: /home/roar/Desktop/projects/lilian/roar-gokart-ws/src/core/core/install/roar_msgs/include/roar_msgs/srv/detail/toggle_control_safety_switch__type_support.cpp
-- Installing: /home/roar/Desktop/projects/lilian/roar-gokart-ws/src/core/core/install/roar_msgs/lib/libroar_msgs__rosidl_typesupport_introspection_cpp.so
-- Set runtime path of "/home/roar/Desktop/projects/lilian/roar-gokart-ws/src/core/core/install/roar_msgs/lib/libroar_msgs__rosidl_typesupport_introspection_cpp.so" to ""
-- Installing: /home/roar/Desktop/projects/lilian/roar-gokart-ws/src/core/core/install/roar_msgs/lib/libroar_msgs__rosidl_typesupport_cpp.so
-- Set runtime path of "/home/roar/Desktop/projects/lilian/roar-gokart-ws/src/core/core/install/roar_msgs/lib/libroar_msgs__rosidl_typesupport_cpp.so" to ""
-- Installing: /home/roar/Desktop/projects/lilian/roar-gokart-ws/src/core/core/install/roar_msgs/share/roar_msgs/environment/pythonpath.sh
-- Installing: /home/roar/Desktop/projects/lilian/roar-gokart-ws/src/core/core/install/roar_msgs/share/roar_msgs/environment/pythonpath.dsv
-- Installing: /home/roar/Desktop/projects/lilian/roar-gokart-ws/src/core/core/install/roar_msgs/lib/python3.8/site-packages/roar_msgs/__init__.py
Compiling '/home/roar/Desktop/projects/lilian/roar-gokart-ws/src/core/core/install/roar_msgs/lib/python3.8/site-packages/roar_msgs/__init__.py'...
-- Installing: /home/roar/Desktop/projects/lilian/roar-gokart-ws/src/core/core/install/roar_msgs/lib/python3.8/site-packages/roar_msgs/msg
-- Installing: /home/roar/Desktop/projects/lilian/roar-gokart-ws/src/core/core/install/roar_msgs/lib/python3.8/site-packages/roar_msgs/msg/_vehicle_state_s.c
-- Installing: /home/roar/Desktop/projects/lilian/roar-gokart-ws/src/core/core/install/roar_msgs/lib/python3.8/site-packages/roar_msgs/msg/__init__.py
-- Installing: /home/roar/Desktop/projects/lilian/roar-gokart-ws/src/core/core/install/roar_msgs/lib/python3.8/site-packages/roar_msgs/msg/_vehicle_state.py
-- Installing: /home/roar/Desktop/projects/lilian/roar-gokart-ws/src/core/core/install/roar_msgs/lib/python3.8/site-packages/roar_msgs/msg/_vehicle_status_s.c
-- Installing: /home/roar/Desktop/projects/lilian/roar-gokart-ws/src/core/core/install/roar_msgs/lib/python3.8/site-packages/roar_msgs/msg/_vehicle_control.py
-- Installing: /home/roar/Desktop/projects/lilian/roar-gokart-ws/src/core/core/install/roar_msgs/lib/python3.8/site-packages/roar_msgs/msg/_vehicle_status.py
-- Installing: /home/roar/Desktop/projects/lilian/roar-gokart-ws/src/core/core/install/roar_msgs/lib/python3.8/site-packages/roar_msgs/msg/_vehicle_control_s.c
-- Installing: /home/roar/Desktop/projects/lilian/roar-gokart-ws/src/core/core/install/roar_msgs/lib/python3.8/site-packages/roar_msgs/srv
-- Installing: /home/roar/Desktop/projects/lilian/roar-gokart-ws/src/core/core/install/roar_msgs/lib/python3.8/site-packages/roar_msgs/srv/_toggle_control_safety_switch_s.c
-- Installing: /home/roar/Desktop/projects/lilian/roar-gokart-ws/src/core/core/install/roar_msgs/lib/python3.8/site-packages/roar_msgs/srv/__init__.py
-- Installing: /home/roar/Desktop/projects/lilian/roar-gokart-ws/src/core/core/install/roar_msgs/lib/python3.8/site-packages/roar_msgs/srv/_toggle_control_safety_switch.py
-- Installing: /home/roar/Desktop/projects/lilian/roar-gokart-ws/src/core/core/install/roar_msgs/lib/python3.8/site-packages/roar_msgs/roar_msgs_s__rosidl_typesupport_fastrtps_c.cpython-38-x86_64-linux-gnu.so
-- Set runtime path of "/home/roar/Desktop/projects/lilian/roar-gokart-ws/src/core/core/install/roar_msgs/lib/python3.8/site-packages/roar_msgs/roar_msgs_s__rosidl_typesupport_fastrtps_c.cpython-38-x86_64-linux-gnu.so" to ""
-- Installing: /home/roar/Desktop/projects/lilian/roar-gokart-ws/src/core/core/install/roar_msgs/lib/python3.8/site-packages/roar_msgs/roar_msgs_s__rosidl_typesupport_introspection_c.cpython-38-x86_64-linux-gnu.so
-- Set runtime path of "/home/roar/Desktop/projects/lilian/roar-gokart-ws/src/core/core/install/roar_msgs/lib/python3.8/site-packages/roar_msgs/roar_msgs_s__rosidl_typesupport_introspection_c.cpython-38-x86_64-linux-gnu.so" to ""
-- Installing: /home/roar/Desktop/projects/lilian/roar-gokart-ws/src/core/core/install/roar_msgs/lib/python3.8/site-packages/roar_msgs/roar_msgs_s__rosidl_typesupport_c.cpython-38-x86_64-linux-gnu.so
-- Set runtime path of "/home/roar/Desktop/projects/lilian/roar-gokart-ws/src/core/core/install/roar_msgs/lib/python3.8/site-packages/roar_msgs/roar_msgs_s__rosidl_typesupport_c.cpython-38-x86_64-linux-gnu.so" to ""
-- Installing: /home/roar/Desktop/projects/lilian/roar-gokart-ws/src/core/core/install/roar_msgs/lib/libroar_msgs__python.so
-- Set runtime path of "/home/roar/Desktop/projects/lilian/roar-gokart-ws/src/core/core/install/roar_msgs/lib/libroar_msgs__python.so" to ""
-- Installing: /home/roar/Desktop/projects/lilian/roar-gokart-ws/src/core/core/install/roar_msgs/share/roar_msgs/msg/VehicleControl.idl
-- Installing: /home/roar/Desktop/projects/lilian/roar-gokart-ws/src/core/core/install/roar_msgs/share/roar_msgs/msg/VehicleState.idl
-- Installing: /home/roar/Desktop/projects/lilian/roar-gokart-ws/src/core/core/install/roar_msgs/share/roar_msgs/srv/ToggleControlSafetySwitch.idl
-- Installing: /home/roar/Desktop/projects/lilian/roar-gokart-ws/src/core/core/install/roar_msgs/share/roar_msgs/msg/VehicleStatus.idl
-- Installing: /home/roar/Desktop/projects/lilian/roar-gokart-ws/src/core/core/install/roar_msgs/share/roar_msgs/msg/VehicleControl.msg
-- Installing: /home/roar/Desktop/projects/lilian/roar-gokart-ws/src/core/core/install/roar_msgs/share/roar_msgs/msg/VehicleState.msg
-- Installing: /home/roar/Desktop/projects/lilian/roar-gokart-ws/src/core/core/install/roar_msgs/share/roar_msgs/srv/ToggleControlSafetySwitch.srv
-- Installing: /home/roar/Desktop/projects/lilian/roar-gokart-ws/src/core/core/install/roar_msgs/share/roar_msgs/srv/ToggleControlSafetySwitch_Request.msg
-- Installing: /home/roar/Desktop/projects/lilian/roar-gokart-ws/src/core/core/install/roar_msgs/share/roar_msgs/srv/ToggleControlSafetySwitch_Response.msg
-- Installing: /home/roar/Desktop/projects/lilian/roar-gokart-ws/src/core/core/install/roar_msgs/share/roar_msgs/msg/VehicleStatus.msg
-- Installing: /home/roar/Desktop/projects/lilian/roar-gokart-ws/src/core/core/install/roar_msgs/share/ament_index/resource_index/package_run_dependencies/roar_msgs
-- Installing: /home/roar/Desktop/projects/lilian/roar-gokart-ws/src/core/core/install/roar_msgs/share/ament_index/resource_index/parent_prefix_path/roar_msgs
-- Installing: /home/roar/Desktop/projects/lilian/roar-gokart-ws/src/core/core/install/roar_msgs/share/roar_msgs/environment/ament_prefix_path.sh
-- Installing: /home/roar/Desktop/projects/lilian/roar-gokart-ws/src/core/core/install/roar_msgs/share/roar_msgs/environment/ament_prefix_path.dsv
-- Installing: /home/roar/Desktop/projects/lilian/roar-gokart-ws/src/core/core/install/roar_msgs/share/roar_msgs/environment/path.sh
-- Installing: /home/roar/Desktop/projects/lilian/roar-gokart-ws/src/core/core/install/roar_msgs/share/roar_msgs/environment/path.dsv
-- Installing: /home/roar/Desktop/projects/lilian/roar-gokart-ws/src/core/core/install/roar_msgs/share/roar_msgs/local_setup.bash
-- Installing: /home/roar/Desktop/projects/lilian/roar-gokart-ws/src/core/core/install/roar_msgs/share/roar_msgs/local_setup.sh
-- Installing: /home/roar/Desktop/projects/lilian/roar-gokart-ws/src/core/core/install/roar_msgs/share/roar_msgs/local_setup.zsh
-- Installing: /home/roar/Desktop/projects/lilian/roar-gokart-ws/src/core/core/install/roar_msgs/share/roar_msgs/local_setup.dsv
-- Installing: /home/roar/Desktop/projects/lilian/roar-gokart-ws/src/core/core/install/roar_msgs/share/roar_msgs/package.dsv
-- Installing: /home/roar/Desktop/projects/lilian/roar-gokart-ws/src/core/core/install/roar_msgs/share/ament_index/resource_index/packages/roar_msgs
-- Installing: /home/roar/Desktop/projects/lilian/roar-gokart-ws/src/core/core/install/roar_msgs/share/roar_msgs/cmake/roar_msgs__rosidl_generator_cExport.cmake
-- Installing: /home/roar/Desktop/projects/lilian/roar-gokart-ws/src/core/core/install/roar_msgs/share/roar_msgs/cmake/roar_msgs__rosidl_generator_cExport-noconfig.cmake
-- Installing: /home/roar/Desktop/projects/lilian/roar-gokart-ws/src/core/core/install/roar_msgs/share/roar_msgs/cmake/roar_msgs__rosidl_typesupport_introspection_cExport.cmake
-- Installing: /home/roar/Desktop/projects/lilian/roar-gokart-ws/src/core/core/install/roar_msgs/share/roar_msgs/cmake/roar_msgs__rosidl_typesupport_introspection_cExport-noconfig.cmake
-- Installing: /home/roar/Desktop/projects/lilian/roar-gokart-ws/src/core/core/install/roar_msgs/share/roar_msgs/cmake/roar_msgs__rosidl_typesupport_cExport.cmake
-- Installing: /home/roar/Desktop/projects/lilian/roar-gokart-ws/src/core/core/install/roar_msgs/share/roar_msgs/cmake/roar_msgs__rosidl_typesupport_cExport-noconfig.cmake
-- Installing: /home/roar/Desktop/projects/lilian/roar-gokart-ws/src/core/core/install/roar_msgs/share/roar_msgs/cmake/roar_msgs__rosidl_generator_cppExport.cmake
-- Installing: /home/roar/Desktop/projects/lilian/roar-gokart-ws/src/core/core/install/roar_msgs/share/roar_msgs/cmake/roar_msgs__rosidl_typesupport_introspection_cppExport.cmake
-- Installing: /home/roar/Desktop/projects/lilian/roar-gokart-ws/src/core/core/install/roar_msgs/share/roar_msgs/cmake/roar_msgs__rosidl_typesupport_introspection_cppExport-noconfig.cmake
-- Installing: /home/roar/Desktop/projects/lilian/roar-gokart-ws/src/core/core/install/roar_msgs/share/roar_msgs/cmake/roar_msgs__rosidl_typesupport_cppExport.cmake
-- Installing: /home/roar/Desktop/projects/lilian/roar-gokart-ws/src/core/core/install/roar_msgs/share/roar_msgs/cmake/roar_msgs__rosidl_typesupport_cppExport-noconfig.cmake
-- Installing: /home/roar/Desktop/projects/lilian/roar-gokart-ws/src/core/core/install/roar_msgs/share/roar_msgs/cmake/rosidl_cmake-extras.cmake
-- Installing: /home/roar/Desktop/projects/lilian/roar-gokart-ws/src/core/core/install/roar_msgs/share/roar_msgs/cmake/ament_cmake_export_dependencies-extras.cmake
-- Installing: /home/roar/Desktop/projects/lilian/roar-gokart-ws/src/core/core/install/roar_msgs/share/roar_msgs/cmake/ament_cmake_export_libraries-extras.cmake
-- Installing: /home/roar/Desktop/projects/lilian/roar-gokart-ws/src/core/core/install/roar_msgs/share/roar_msgs/cmake/ament_cmake_export_targets-extras.cmake
-- Installing: /home/roar/Desktop/projects/lilian/roar-gokart-ws/src/core/core/install/roar_msgs/share/roar_msgs/cmake/ament_cmake_export_include_directories-extras.cmake
-- Installing: /home/roar/Desktop/projects/lilian/roar-gokart-ws/src/core/core/install/roar_msgs/share/roar_msgs/cmake/rosidl_cmake_export_typesupport_libraries-extras.cmake
-- Installing: /home/roar/Desktop/projects/lilian/roar-gokart-ws/src/core/core/install/roar_msgs/share/roar_msgs/cmake/rosidl_cmake_export_typesupport_targets-extras.cmake
-- Installing: /home/roar/Desktop/projects/lilian/roar-gokart-ws/src/core/core/install/roar_msgs/share/roar_msgs/cmake/roar_msgsConfig.cmake
-- Installing: /home/roar/Desktop/projects/lilian/roar-gokart-ws/src/core/core/install/roar_msgs/share/roar_msgs/cmake/roar_msgsConfig-version.cmake
-- Installing: /home/roar/Desktop/projects/lilian/roar-gokart-ws/src/core/core/install/roar_msgs/share/roar_msgs/package.xml
