[0.055s] Invoking command in '/home/roar/Desktop/projects/lilian/roar-gokart-ws/src/core/core/build/roar_msgs': CMAKE_PREFIX_PATH=${CMAKE_PREFIX_PATH}:/home/roar/Desktop/projects/lilian/roar-gokart-ws/install/waypoint_recorder:/home/roar/Desktop/projects/lilian/roar-gokart-ws/install/roar_carla_manual_controller:/home/roar/Desktop/projects/lilian/roar-gokart-ws/install/roar_carla_interface:/home/roar/Desktop/projects/lilian/roar-gokart-ws/install/roar_manual_control:/home/roar/carla-ros-bridge/install/rqt_carla_control:/home/roar/carla-ros-bridge/install/carla_waypoint_publisher:/home/roar/carla-ros-bridge/install/carla_ackermann_control:/home/roar/carla-ros-bridge/install/carla_ros_bridge:/home/roar/carla-ros-bridge/install/carla_spawn_objects:/home/roar/carla-ros-bridge/install/carla_manual_control:/home/roar/carla-ros-bridge/install/carla_ad_agent:/home/roar/carla-ros-bridge/install/ros_compatibility:/home/roar/carla-ros-bridge/install/carla_walker_agent:/home/roar/carla-ros-bridge/install/carla_twist_to_control:/home/roar/carla-ros-bridge/install/carla_ros_scenario_runner:/home/roar/carla-ros-bridge/install/carla_common:/opt/ros/foxy /usr/bin/cmake /home/roar/Desktop/projects/lilian/roar-gokart-ws/src/core/core/src/roar_msgs -DCMAKE_INSTALL_PREFIX=/home/roar/Desktop/projects/lilian/roar-gokart-ws/src/core/core/install/roar_msgs
[0.108s] -- The C compiler identification is GNU 9.4.0
[0.164s] -- The CXX compiler identification is GNU 9.4.0
[0.170s] -- Check for working C compiler: /usr/bin/cc
[0.239s] -- Check for working C compiler: /usr/bin/cc -- works
[0.240s] -- Detecting C compiler ABI info
[0.305s] -- Detecting C compiler ABI info - done
[0.318s] -- Detecting C compile features
[0.318s] -- Detecting C compile features - done
[0.322s] -- Check for working CXX compiler: /usr/bin/c++
[0.395s] -- Check for working CXX compiler: /usr/bin/c++ -- works
[0.395s] -- Detecting CXX compiler ABI info
[0.465s] -- Detecting CXX compiler ABI info - done
[0.475s] -- Detecting CXX compile features
[0.476s] -- Detecting CXX compile features - done
[0.480s] -- Found ament_cmake_auto: 0.9.9 (/opt/ros/foxy/share/ament_cmake_auto/cmake)
[0.519s] -- Found PythonInterp: /usr/bin/python3 (found suitable version "3.8.10", minimum required is "3") 
[0.519s] -- Using PYTHON_EXECUTABLE: /usr/bin/python3
[0.976s] -- Using all available rosidl_typesupport_c: rosidl_typesupport_fastrtps_c;rosidl_typesupport_introspection_c
[0.988s] -- Found rosidl_adapter: 1.2.1 (/opt/ros/foxy/share/rosidl_adapter/cmake)
[1.088s] -- Found OpenSSL: /usr/lib/x86_64-linux-gnu/libcrypto.so (found version "1.1.1f")  
[1.119s] -- Found FastRTPS: /opt/ros/foxy/include  
[1.212s] -- Using all available rosidl_typesupport_cpp: rosidl_typesupport_fastrtps_cpp;rosidl_typesupport_introspection_cpp
[1.601s] -- Found PythonInterp: /usr/bin/python3 (found version "3.8.10") 
[1.791s] -- Found ament_cmake_ros: 0.9.2 (/opt/ros/foxy/share/ament_cmake_ros/cmake)
[2.142s] -- Using all available rosidl_typesupport_c: rosidl_typesupport_fastrtps_c;rosidl_typesupport_introspection_c
[2.325s] -- Using all available rosidl_typesupport_cpp: rosidl_typesupport_fastrtps_cpp;rosidl_typesupport_introspection_cpp
[2.367s] -- Found PythonInterp: /usr/bin/python3 (found suitable version "3.8.10", minimum required is "3.5") 
[2.372s] -- Found python_cmake_module: 0.8.1 (/opt/ros/foxy/share/python_cmake_module/cmake)
[2.410s] -- Found PythonLibs: /usr/lib/x86_64-linux-gnu/libpython3.8.so (found suitable version "3.8.10", minimum required is "3.5") 
[2.410s] -- Using PYTHON_EXECUTABLE: /usr/bin/python3
[2.410s] -- Using PYTHON_INCLUDE_DIRS: /usr/include/python3.8
[2.410s] -- Using PYTHON_LIBRARIES: /usr/lib/x86_64-linux-gnu/libpython3.8.so
[2.436s] -- Found PythonExtra: .so  
[2.622s] -- Configuring done
[2.710s] -- Generating done
[2.713s] -- Build files have been written to: /home/roar/Desktop/projects/lilian/roar-gokart-ws/src/core/core/build/roar_msgs
[2.720s] Invoked command in '/home/roar/Desktop/projects/lilian/roar-gokart-ws/src/core/core/build/roar_msgs' returned '0': CMAKE_PREFIX_PATH=${CMAKE_PREFIX_PATH}:/home/roar/Desktop/projects/lilian/roar-gokart-ws/install/waypoint_recorder:/home/roar/Desktop/projects/lilian/roar-gokart-ws/install/roar_carla_manual_controller:/home/roar/Desktop/projects/lilian/roar-gokart-ws/install/roar_carla_interface:/home/roar/Desktop/projects/lilian/roar-gokart-ws/install/roar_manual_control:/home/roar/carla-ros-bridge/install/rqt_carla_control:/home/roar/carla-ros-bridge/install/carla_waypoint_publisher:/home/roar/carla-ros-bridge/install/carla_ackermann_control:/home/roar/carla-ros-bridge/install/carla_ros_bridge:/home/roar/carla-ros-bridge/install/carla_spawn_objects:/home/roar/carla-ros-bridge/install/carla_manual_control:/home/roar/carla-ros-bridge/install/carla_ad_agent:/home/roar/carla-ros-bridge/install/ros_compatibility:/home/roar/carla-ros-bridge/install/carla_walker_agent:/home/roar/carla-ros-bridge/install/carla_twist_to_control:/home/roar/carla-ros-bridge/install/carla_ros_scenario_runner:/home/roar/carla-ros-bridge/install/carla_common:/opt/ros/foxy /usr/bin/cmake /home/roar/Desktop/projects/lilian/roar-gokart-ws/src/core/core/src/roar_msgs -DCMAKE_INSTALL_PREFIX=/home/roar/Desktop/projects/lilian/roar-gokart-ws/src/core/core/install/roar_msgs
[2.723s] Invoking command in '/home/roar/Desktop/projects/lilian/roar-gokart-ws/src/core/core/build/roar_msgs': CMAKE_PREFIX_PATH=${CMAKE_PREFIX_PATH}:/home/roar/Desktop/projects/lilian/roar-gokart-ws/install/waypoint_recorder:/home/roar/Desktop/projects/lilian/roar-gokart-ws/install/roar_carla_manual_controller:/home/roar/Desktop/projects/lilian/roar-gokart-ws/install/roar_carla_interface:/home/roar/Desktop/projects/lilian/roar-gokart-ws/install/roar_manual_control:/home/roar/carla-ros-bridge/install/rqt_carla_control:/home/roar/carla-ros-bridge/install/carla_waypoint_publisher:/home/roar/carla-ros-bridge/install/carla_ackermann_control:/home/roar/carla-ros-bridge/install/carla_ros_bridge:/home/roar/carla-ros-bridge/install/carla_spawn_objects:/home/roar/carla-ros-bridge/install/carla_manual_control:/home/roar/carla-ros-bridge/install/carla_ad_agent:/home/roar/carla-ros-bridge/install/ros_compatibility:/home/roar/carla-ros-bridge/install/carla_walker_agent:/home/roar/carla-ros-bridge/install/carla_twist_to_control:/home/roar/carla-ros-bridge/install/carla_ros_scenario_runner:/home/roar/carla-ros-bridge/install/carla_common:/opt/ros/foxy /usr/bin/cmake --build /home/roar/Desktop/projects/lilian/roar-gokart-ws/src/core/core/build/roar_msgs -- -j16 -l16
[2.765s] [35m[1mScanning dependencies of target roar_msgs__cpp[0m
[2.766s] [  1%] [34m[1mGenerating C code for ROS interfaces[0m
[2.778s] [  3%] [34m[1mGenerating C++ code for ROS interfaces[0m
[3.189s] [35m[1mScanning dependencies of target roar_msgs__rosidl_generator_c[0m
[3.206s] [  7%] [32mBuilding C object CMakeFiles/roar_msgs__rosidl_generator_c.dir/rosidl_generator_c/roar_msgs/msg/detail/vehicle_state__functions.c.o[0m
[3.206s] [  7%] [32mBuilding C object CMakeFiles/roar_msgs__rosidl_generator_c.dir/rosidl_generator_c/roar_msgs/msg/detail/vehicle_control__functions.c.o[0m
[3.207s] [  9%] [32mBuilding C object CMakeFiles/roar_msgs__rosidl_generator_c.dir/rosidl_generator_c/roar_msgs/srv/detail/toggle_control_safety_switch__functions.c.o[0m
[3.207s] [ 10%] [32mBuilding C object CMakeFiles/roar_msgs__rosidl_generator_c.dir/rosidl_generator_c/roar_msgs/msg/detail/vehicle_status__functions.c.o[0m
[3.257s] [ 12%] [32m[1mLinking C shared library libroar_msgs__rosidl_generator_c.so[0m
[3.308s] [ 12%] Built target roar_msgs__rosidl_generator_c
[3.308s] [ 12%] Built target roar_msgs__cpp
[3.321s] [ 14%] [34m[1mGenerating C++ type support for eProsima Fast-RTPS[0m
[3.321s] [ 18%] [34m[1mGenerating C introspection for ROS interfaces[0m
[3.321s] [ 18%] [34m[1mGenerating C++ type support dispatch for ROS interfaces[0m
[3.322s] [ 21%] [34m[1mGenerating C type support dispatch for ROS interfaces[0m
[3.322s] [ 21%] [34m[1mGenerating C++ introspection for ROS interfaces[0m
[3.696s] [35m[1mScanning dependencies of target roar_msgs__rosidl_typesupport_cpp[0m
[3.717s] [ 23%] [32mBuilding CXX object CMakeFiles/roar_msgs__rosidl_typesupport_cpp.dir/rosidl_typesupport_cpp/roar_msgs/msg/vehicle_control__type_support.cpp.o[0m
[3.718s] [ 25%] [32mBuilding CXX object CMakeFiles/roar_msgs__rosidl_typesupport_cpp.dir/rosidl_typesupport_cpp/roar_msgs/msg/vehicle_state__type_support.cpp.o[0m
[3.721s] [ 27%] [32mBuilding CXX object CMakeFiles/roar_msgs__rosidl_typesupport_cpp.dir/rosidl_typesupport_cpp/roar_msgs/msg/vehicle_status__type_support.cpp.o[0m
[3.721s] [ 29%] [32mBuilding CXX object CMakeFiles/roar_msgs__rosidl_typesupport_cpp.dir/rosidl_typesupport_cpp/roar_msgs/srv/toggle_control_safety_switch__type_support.cpp.o[0m
[3.798s] [35m[1mScanning dependencies of target roar_msgs__rosidl_typesupport_introspection_c[0m
[3.804s] [35m[1mScanning dependencies of target roar_msgs__rosidl_typesupport_c[0m
[3.823s] [ 32%] [32mBuilding C object CMakeFiles/roar_msgs__rosidl_typesupport_introspection_c.dir/rosidl_typesupport_introspection_c/roar_msgs/msg/detail/vehicle_state__type_support.c.o[0m
[3.823s] [ 32%] [32mBuilding C object CMakeFiles/roar_msgs__rosidl_typesupport_introspection_c.dir/rosidl_typesupport_introspection_c/roar_msgs/msg/detail/vehicle_control__type_support.c.o[0m
[3.838s] [ 34%] [32mBuilding C object CMakeFiles/roar_msgs__rosidl_typesupport_introspection_c.dir/rosidl_typesupport_introspection_c/roar_msgs/srv/detail/toggle_control_safety_switch__type_support.c.o[0m
[3.839s] [ 36%] [32mBuilding C object CMakeFiles/roar_msgs__rosidl_typesupport_introspection_c.dir/rosidl_typesupport_introspection_c/roar_msgs/msg/detail/vehicle_status__type_support.c.o[0m
[3.856s] [ 38%] [32mBuilding CXX object CMakeFiles/roar_msgs__rosidl_typesupport_c.dir/rosidl_typesupport_c/roar_msgs/msg/vehicle_control__type_support.cpp.o[0m
[3.862s] [ 40%] [32mBuilding CXX object CMakeFiles/roar_msgs__rosidl_typesupport_c.dir/rosidl_typesupport_c/roar_msgs/msg/vehicle_state__type_support.cpp.o[0m
[3.878s] [ 41%] [32mBuilding CXX object CMakeFiles/roar_msgs__rosidl_typesupport_c.dir/rosidl_typesupport_c/roar_msgs/srv/toggle_control_safety_switch__type_support.cpp.o[0m
[3.925s] [ 43%] [32mBuilding CXX object CMakeFiles/roar_msgs__rosidl_typesupport_c.dir/rosidl_typesupport_c/roar_msgs/msg/vehicle_status__type_support.cpp.o[0m
[3.926s] [ 45%] [32m[1mLinking C shared library libroar_msgs__rosidl_typesupport_introspection_c.so[0m
[3.927s] [35m[1mScanning dependencies of target roar_msgs__rosidl_typesupport_introspection_cpp[0m
[3.934s] [35m[1mScanning dependencies of target roar_msgs__rosidl_typesupport_fastrtps_cpp[0m
[3.959s] [ 47%] [32mBuilding CXX object CMakeFiles/roar_msgs__rosidl_typesupport_fastrtps_cpp.dir/rosidl_typesupport_fastrtps_cpp/roar_msgs/msg/detail/dds_fastrtps/vehicle_control__type_support.cpp.o[0m
[3.971s] [ 49%] [32mBuilding CXX object CMakeFiles/roar_msgs__rosidl_typesupport_introspection_cpp.dir/rosidl_typesupport_introspection_cpp/roar_msgs/msg/detail/vehicle_control__type_support.cpp.o[0m
[3.982s] [ 52%] [32mBuilding CXX object CMakeFiles/roar_msgs__rosidl_typesupport_fastrtps_cpp.dir/rosidl_typesupport_fastrtps_cpp/roar_msgs/msg/detail/dds_fastrtps/vehicle_state__type_support.cpp.o[0m
[3.982s] [ 52%] [32mBuilding CXX object CMakeFiles/roar_msgs__rosidl_typesupport_fastrtps_cpp.dir/rosidl_typesupport_fastrtps_cpp/roar_msgs/msg/detail/dds_fastrtps/vehicle_status__type_support.cpp.o[0m
[3.983s] [ 54%] [32mBuilding CXX object CMakeFiles/roar_msgs__rosidl_typesupport_fastrtps_cpp.dir/rosidl_typesupport_fastrtps_cpp/roar_msgs/srv/detail/dds_fastrtps/toggle_control_safety_switch__type_support.cpp.o[0m
[3.990s] [ 56%] [32m[1mLinking CXX shared library libroar_msgs__rosidl_typesupport_c.so[0m
[3.994s] [ 58%] [32mBuilding CXX object CMakeFiles/roar_msgs__rosidl_typesupport_introspection_cpp.dir/rosidl_typesupport_introspection_cpp/roar_msgs/msg/detail/vehicle_state__type_support.cpp.o[0m
[3.995s] [ 58%] Built target roar_msgs__rosidl_typesupport_introspection_c
[4.000s] [ 60%] [32mBuilding CXX object CMakeFiles/roar_msgs__rosidl_typesupport_introspection_cpp.dir/rosidl_typesupport_introspection_cpp/roar_msgs/srv/detail/toggle_control_safety_switch__type_support.cpp.o[0m
[4.024s] [ 61%] [32mBuilding CXX object CMakeFiles/roar_msgs__rosidl_typesupport_introspection_cpp.dir/rosidl_typesupport_introspection_cpp/roar_msgs/msg/detail/vehicle_status__type_support.cpp.o[0m
[4.162s] [ 63%] [32m[1mLinking CXX shared library libroar_msgs__rosidl_typesupport_cpp.so[0m
[4.166s] [ 63%] Built target roar_msgs__rosidl_typesupport_c
[4.336s] [ 63%] Built target roar_msgs__rosidl_typesupport_cpp
[4.489s] [ 65%] [32m[1mLinking CXX shared library libroar_msgs__rosidl_typesupport_introspection_cpp.so[0m
[4.536s] [ 67%] [32m[1mLinking CXX shared library libroar_msgs__rosidl_typesupport_fastrtps_cpp.so[0m
[4.691s] [ 67%] Built target roar_msgs__rosidl_typesupport_introspection_cpp
[4.823s] [ 67%] Built target roar_msgs__rosidl_typesupport_fastrtps_cpp
[4.873s] [ 69%] [34m[1mGenerating C type support for eProsima Fast-RTPS[0m
[5.434s] [35m[1mScanning dependencies of target roar_msgs__rosidl_typesupport_fastrtps_c[0m
[5.463s] [ 70%] [32mBuilding CXX object CMakeFiles/roar_msgs__rosidl_typesupport_fastrtps_c.dir/rosidl_typesupport_fastrtps_c/roar_msgs/msg/detail/vehicle_control__type_support_c.cpp.o[0m
[5.463s] [ 72%] [32mBuilding CXX object CMakeFiles/roar_msgs__rosidl_typesupport_fastrtps_c.dir/rosidl_typesupport_fastrtps_c/roar_msgs/srv/detail/toggle_control_safety_switch__type_support_c.cpp.o[0m
[5.463s] [ 74%] [32mBuilding CXX object CMakeFiles/roar_msgs__rosidl_typesupport_fastrtps_c.dir/rosidl_typesupport_fastrtps_c/roar_msgs/msg/detail/vehicle_state__type_support_c.cpp.o[0m
[5.464s] [ 76%] [32mBuilding CXX object CMakeFiles/roar_msgs__rosidl_typesupport_fastrtps_c.dir/rosidl_typesupport_fastrtps_c/roar_msgs/msg/detail/vehicle_status__type_support_c.cpp.o[0m
[5.853s] [ 78%] [32m[1mLinking CXX shared library libroar_msgs__rosidl_typesupport_fastrtps_c.so[0m
[5.929s] [ 78%] Built target roar_msgs__rosidl_typesupport_fastrtps_c
[5.937s] [35m[1mScanning dependencies of target roar_msgs[0m
[5.950s] [ 78%] Built target roar_msgs
[5.961s] [35m[1mScanning dependencies of target roar_msgs__py[0m
[5.972s] [ 80%] [34m[1mGenerating Python code for ROS interfaces[0m
[6.709s] [ 80%] Built target roar_msgs__py
[6.716s] [35m[1mScanning dependencies of target roar_msgs__python[0m
[6.737s] [ 85%] [32mBuilding C object CMakeFiles/roar_msgs__python.dir/rosidl_generator_py/roar_msgs/srv/_toggle_control_safety_switch_s.c.o[0m
[6.737s] [ 85%] [32mBuilding C object CMakeFiles/roar_msgs__python.dir/rosidl_generator_py/roar_msgs/msg/_vehicle_control_s.c.o[0m
[6.737s] [ 85%] [32mBuilding C object CMakeFiles/roar_msgs__python.dir/rosidl_generator_py/roar_msgs/msg/_vehicle_state_s.c.o[0m
[6.743s] [ 87%] [32mBuilding C object CMakeFiles/roar_msgs__python.dir/rosidl_generator_py/roar_msgs/msg/_vehicle_status_s.c.o[0m
[6.839s] [ 89%] [32m[1mLinking C shared library rosidl_generator_py/roar_msgs/libroar_msgs__python.so[0m
[6.887s] [ 89%] Built target roar_msgs__python
[6.897s] [35m[1mScanning dependencies of target roar_msgs__rosidl_typesupport_introspection_c__pyext[0m
[6.899s] [35m[1mScanning dependencies of target roar_msgs__rosidl_typesupport_c__pyext[0m
[6.899s] [35m[1mScanning dependencies of target roar_msgs__rosidl_typesupport_fastrtps_c__pyext[0m
[6.916s] [ 90%] [32mBuilding C object CMakeFiles/roar_msgs__rosidl_typesupport_introspection_c__pyext.dir/rosidl_generator_py/roar_msgs/_roar_msgs_s.ep.rosidl_typesupport_introspection_c.c.o[0m
[6.916s] [ 92%] [32mBuilding C object CMakeFiles/roar_msgs__rosidl_typesupport_c__pyext.dir/rosidl_generator_py/roar_msgs/_roar_msgs_s.ep.rosidl_typesupport_c.c.o[0m
[6.925s] [ 94%] [32mBuilding C object CMakeFiles/roar_msgs__rosidl_typesupport_fastrtps_c__pyext.dir/rosidl_generator_py/roar_msgs/_roar_msgs_s.ep.rosidl_typesupport_fastrtps_c.c.o[0m
[6.996s] [ 96%] [32m[1mLinking C shared library rosidl_generator_py/roar_msgs/roar_msgs_s__rosidl_typesupport_introspection_c.cpython-38-x86_64-linux-gnu.so[0m
[7.001s] [ 98%] [32m[1mLinking C shared library rosidl_generator_py/roar_msgs/roar_msgs_s__rosidl_typesupport_c.cpython-38-x86_64-linux-gnu.so[0m
[7.008s] [100%] [32m[1mLinking CXX shared library rosidl_generator_py/roar_msgs/roar_msgs_s__rosidl_typesupport_fastrtps_c.cpython-38-x86_64-linux-gnu.so[0m
[7.035s] [100%] Built target roar_msgs__rosidl_typesupport_introspection_c__pyext
[7.042s] [100%] Built target roar_msgs__rosidl_typesupport_c__pyext
[7.079s] [100%] Built target roar_msgs__rosidl_typesupport_fastrtps_c__pyext
[7.091s] Invoked command in '/home/roar/Desktop/projects/lilian/roar-gokart-ws/src/core/core/build/roar_msgs' returned '0': CMAKE_PREFIX_PATH=${CMAKE_PREFIX_PATH}:/home/roar/Desktop/projects/lilian/roar-gokart-ws/install/waypoint_recorder:/home/roar/Desktop/projects/lilian/roar-gokart-ws/install/roar_carla_manual_controller:/home/roar/Desktop/projects/lilian/roar-gokart-ws/install/roar_carla_interface:/home/roar/Desktop/projects/lilian/roar-gokart-ws/install/roar_manual_control:/home/roar/carla-ros-bridge/install/rqt_carla_control:/home/roar/carla-ros-bridge/install/carla_waypoint_publisher:/home/roar/carla-ros-bridge/install/carla_ackermann_control:/home/roar/carla-ros-bridge/install/carla_ros_bridge:/home/roar/carla-ros-bridge/install/carla_spawn_objects:/home/roar/carla-ros-bridge/install/carla_manual_control:/home/roar/carla-ros-bridge/install/carla_ad_agent:/home/roar/carla-ros-bridge/install/ros_compatibility:/home/roar/carla-ros-bridge/install/carla_walker_agent:/home/roar/carla-ros-bridge/install/carla_twist_to_control:/home/roar/carla-ros-bridge/install/carla_ros_scenario_runner:/home/roar/carla-ros-bridge/install/carla_common:/opt/ros/foxy /usr/bin/cmake --build /home/roar/Desktop/projects/lilian/roar-gokart-ws/src/core/core/build/roar_msgs -- -j16 -l16
[7.207s] Invoking command in '/home/roar/Desktop/projects/lilian/roar-gokart-ws/src/core/core/build/roar_msgs': CMAKE_PREFIX_PATH=${CMAKE_PREFIX_PATH}:/home/roar/Desktop/projects/lilian/roar-gokart-ws/install/waypoint_recorder:/home/roar/Desktop/projects/lilian/roar-gokart-ws/install/roar_carla_manual_controller:/home/roar/Desktop/projects/lilian/roar-gokart-ws/install/roar_carla_interface:/home/roar/Desktop/projects/lilian/roar-gokart-ws/install/roar_manual_control:/home/roar/carla-ros-bridge/install/rqt_carla_control:/home/roar/carla-ros-bridge/install/carla_waypoint_publisher:/home/roar/carla-ros-bridge/install/carla_ackermann_control:/home/roar/carla-ros-bridge/install/carla_ros_bridge:/home/roar/carla-ros-bridge/install/carla_spawn_objects:/home/roar/carla-ros-bridge/install/carla_manual_control:/home/roar/carla-ros-bridge/install/carla_ad_agent:/home/roar/carla-ros-bridge/install/ros_compatibility:/home/roar/carla-ros-bridge/install/carla_walker_agent:/home/roar/carla-ros-bridge/install/carla_twist_to_control:/home/roar/carla-ros-bridge/install/carla_ros_scenario_runner:/home/roar/carla-ros-bridge/install/carla_common:/opt/ros/foxy /usr/bin/cmake --install /home/roar/Desktop/projects/lilian/roar-gokart-ws/src/core/core/build/roar_msgs
[7.221s] -- Install configuration: ""
[7.222s] -- Installing: /home/roar/Desktop/projects/lilian/roar-gokart-ws/src/core/core/install/roar_msgs/share/ament_index/resource_index/rosidl_interfaces/roar_msgs
[7.222s] -- Installing: /home/roar/Desktop/projects/lilian/roar-gokart-ws/src/core/core/install/roar_msgs/include/roar_msgs
[7.222s] -- Installing: /home/roar/Desktop/projects/lilian/roar-gokart-ws/src/core/core/install/roar_msgs/include/roar_msgs/msg
[7.223s] -- Installing: /home/roar/Desktop/projects/lilian/roar-gokart-ws/src/core/core/install/roar_msgs/include/roar_msgs/msg/vehicle_state.h
[7.223s] -- Installing: /home/roar/Desktop/projects/lilian/roar-gokart-ws/src/core/core/install/roar_msgs/include/roar_msgs/msg/detail
[7.223s] -- Installing: /home/roar/Desktop/projects/lilian/roar-gokart-ws/src/core/core/install/roar_msgs/include/roar_msgs/msg/detail/vehicle_state__functions.h
[7.223s] -- Installing: /home/roar/Desktop/projects/lilian/roar-gokart-ws/src/core/core/install/roar_msgs/include/roar_msgs/msg/detail/vehicle_status__functions.c
[7.223s] -- Installing: /home/roar/Desktop/projects/lilian/roar-gokart-ws/src/core/core/install/roar_msgs/include/roar_msgs/msg/detail/vehicle_state__type_support.h
[7.224s] -- Installing: /home/roar/Desktop/projects/lilian/roar-gokart-ws/src/core/core/install/roar_msgs/include/roar_msgs/msg/detail/vehicle_state__struct.h
[7.224s] -- Installing: /home/roar/Desktop/projects/lilian/roar-gokart-ws/src/core/core/install/roar_msgs/include/roar_msgs/msg/detail/vehicle_state__functions.c
[7.224s] -- Installing: /home/roar/Desktop/projects/lilian/roar-gokart-ws/src/core/core/install/roar_msgs/include/roar_msgs/msg/detail/vehicle_control__struct.h
[7.224s] -- Installing: /home/roar/Desktop/projects/lilian/roar-gokart-ws/src/core/core/install/roar_msgs/include/roar_msgs/msg/detail/vehicle_control__functions.h
[7.225s] -- Installing: /home/roar/Desktop/projects/lilian/roar-gokart-ws/src/core/core/install/roar_msgs/include/roar_msgs/msg/detail/vehicle_control__functions.c
[7.225s] -- Installing: /home/roar/Desktop/projects/lilian/roar-gokart-ws/src/core/core/install/roar_msgs/include/roar_msgs/msg/detail/vehicle_status__functions.h
[7.225s] -- Installing: /home/roar/Desktop/projects/lilian/roar-gokart-ws/src/core/core/install/roar_msgs/include/roar_msgs/msg/detail/vehicle_control__type_support.h
[7.225s] -- Installing: /home/roar/Desktop/projects/lilian/roar-gokart-ws/src/core/core/install/roar_msgs/include/roar_msgs/msg/detail/vehicle_status__struct.h
[7.226s] -- Installing: /home/roar/Desktop/projects/lilian/roar-gokart-ws/src/core/core/install/roar_msgs/include/roar_msgs/msg/detail/vehicle_status__type_support.h
[7.226s] -- Installing: /home/roar/Desktop/projects/lilian/roar-gokart-ws/src/core/core/install/roar_msgs/include/roar_msgs/msg/vehicle_status.h
[7.226s] -- Installing: /home/roar/Desktop/projects/lilian/roar-gokart-ws/src/core/core/install/roar_msgs/include/roar_msgs/msg/vehicle_control.h
[7.226s] -- Installing: /home/roar/Desktop/projects/lilian/roar-gokart-ws/src/core/core/install/roar_msgs/include/roar_msgs/msg/rosidl_generator_c__visibility_control.h
[7.226s] -- Installing: /home/roar/Desktop/projects/lilian/roar-gokart-ws/src/core/core/install/roar_msgs/include/roar_msgs/srv
[7.227s] -- Installing: /home/roar/Desktop/projects/lilian/roar-gokart-ws/src/core/core/install/roar_msgs/include/roar_msgs/srv/detail
[7.227s] -- Installing: /home/roar/Desktop/projects/lilian/roar-gokart-ws/src/core/core/install/roar_msgs/include/roar_msgs/srv/detail/toggle_control_safety_switch__type_support.h
[7.227s] -- Installing: /home/roar/Desktop/projects/lilian/roar-gokart-ws/src/core/core/install/roar_msgs/include/roar_msgs/srv/detail/toggle_control_safety_switch__struct.h
[7.227s] -- Installing: /home/roar/Desktop/projects/lilian/roar-gokart-ws/src/core/core/install/roar_msgs/include/roar_msgs/srv/detail/toggle_control_safety_switch__functions.h
[7.228s] -- Installing: /home/roar/Desktop/projects/lilian/roar-gokart-ws/src/core/core/install/roar_msgs/include/roar_msgs/srv/detail/toggle_control_safety_switch__functions.c
[7.228s] -- Installing: /home/roar/Desktop/projects/lilian/roar-gokart-ws/src/core/core/install/roar_msgs/include/roar_msgs/srv/toggle_control_safety_switch.h
[7.228s] -- Installing: /home/roar/Desktop/projects/lilian/roar-gokart-ws/src/core/core/install/roar_msgs/share/roar_msgs/environment/library_path.sh
[7.228s] -- Installing: /home/roar/Desktop/projects/lilian/roar-gokart-ws/src/core/core/install/roar_msgs/share/roar_msgs/environment/library_path.dsv
[7.229s] -- Installing: /home/roar/Desktop/projects/lilian/roar-gokart-ws/src/core/core/install/roar_msgs/lib/libroar_msgs__rosidl_generator_c.so
[7.229s] -- Set runtime path of "/home/roar/Desktop/projects/lilian/roar-gokart-ws/src/core/core/install/roar_msgs/lib/libroar_msgs__rosidl_generator_c.so" to ""
[7.230s] -- Up-to-date: /home/roar/Desktop/projects/lilian/roar-gokart-ws/src/core/core/install/roar_msgs/include/roar_msgs
[7.230s] -- Up-to-date: /home/roar/Desktop/projects/lilian/roar-gokart-ws/src/core/core/install/roar_msgs/include/roar_msgs/msg
[7.230s] -- Installing: /home/roar/Desktop/projects/lilian/roar-gokart-ws/src/core/core/install/roar_msgs/include/roar_msgs/msg/rosidl_typesupport_fastrtps_c__visibility_control.h
[7.230s] -- Up-to-date: /home/roar/Desktop/projects/lilian/roar-gokart-ws/src/core/core/install/roar_msgs/include/roar_msgs/msg/detail
[7.230s] -- Installing: /home/roar/Desktop/projects/lilian/roar-gokart-ws/src/core/core/install/roar_msgs/include/roar_msgs/msg/detail/vehicle_state__rosidl_typesupport_fastrtps_c.h
[7.231s] -- Installing: /home/roar/Desktop/projects/lilian/roar-gokart-ws/src/core/core/install/roar_msgs/include/roar_msgs/msg/detail/vehicle_status__rosidl_typesupport_fastrtps_c.h
[7.231s] -- Installing: /home/roar/Desktop/projects/lilian/roar-gokart-ws/src/core/core/install/roar_msgs/include/roar_msgs/msg/detail/vehicle_control__rosidl_typesupport_fastrtps_c.h
[7.231s] -- Up-to-date: /home/roar/Desktop/projects/lilian/roar-gokart-ws/src/core/core/install/roar_msgs/include/roar_msgs/srv
[7.231s] -- Up-to-date: /home/roar/Desktop/projects/lilian/roar-gokart-ws/src/core/core/install/roar_msgs/include/roar_msgs/srv/detail
[7.231s] -- Installing: /home/roar/Desktop/projects/lilian/roar-gokart-ws/src/core/core/install/roar_msgs/include/roar_msgs/srv/detail/toggle_control_safety_switch__rosidl_typesupport_fastrtps_c.h
[7.232s] -- Installing: /home/roar/Desktop/projects/lilian/roar-gokart-ws/src/core/core/install/roar_msgs/lib/libroar_msgs__rosidl_typesupport_fastrtps_c.so
[7.232s] -- Set runtime path of "/home/roar/Desktop/projects/lilian/roar-gokart-ws/src/core/core/install/roar_msgs/lib/libroar_msgs__rosidl_typesupport_fastrtps_c.so" to ""
[7.232s] -- Up-to-date: /home/roar/Desktop/projects/lilian/roar-gokart-ws/src/core/core/install/roar_msgs/include/roar_msgs
[7.233s] -- Up-to-date: /home/roar/Desktop/projects/lilian/roar-gokart-ws/src/core/core/install/roar_msgs/include/roar_msgs/msg
[7.233s] -- Up-to-date: /home/roar/Desktop/projects/lilian/roar-gokart-ws/src/core/core/install/roar_msgs/include/roar_msgs/msg/detail
[7.233s] -- Installing: /home/roar/Desktop/projects/lilian/roar-gokart-ws/src/core/core/install/roar_msgs/include/roar_msgs/msg/detail/vehicle_status__rosidl_typesupport_fastrtps_cpp.hpp
[7.233s] -- Installing: /home/roar/Desktop/projects/lilian/roar-gokart-ws/src/core/core/install/roar_msgs/include/roar_msgs/msg/detail/dds_fastrtps
[7.233s] -- Installing: /home/roar/Desktop/projects/lilian/roar-gokart-ws/src/core/core/install/roar_msgs/include/roar_msgs/msg/detail/vehicle_control__rosidl_typesupport_fastrtps_cpp.hpp
[7.234s] -- Installing: /home/roar/Desktop/projects/lilian/roar-gokart-ws/src/core/core/install/roar_msgs/include/roar_msgs/msg/detail/vehicle_state__rosidl_typesupport_fastrtps_cpp.hpp
[7.234s] -- Installing: /home/roar/Desktop/projects/lilian/roar-gokart-ws/src/core/core/install/roar_msgs/include/roar_msgs/msg/rosidl_typesupport_fastrtps_cpp__visibility_control.h
[7.234s] -- Up-to-date: /home/roar/Desktop/projects/lilian/roar-gokart-ws/src/core/core/install/roar_msgs/include/roar_msgs/srv
[7.234s] -- Up-to-date: /home/roar/Desktop/projects/lilian/roar-gokart-ws/src/core/core/install/roar_msgs/include/roar_msgs/srv/detail
[7.235s] -- Installing: /home/roar/Desktop/projects/lilian/roar-gokart-ws/src/core/core/install/roar_msgs/include/roar_msgs/srv/detail/toggle_control_safety_switch__rosidl_typesupport_fastrtps_cpp.hpp
[7.235s] -- Installing: /home/roar/Desktop/projects/lilian/roar-gokart-ws/src/core/core/install/roar_msgs/include/roar_msgs/srv/detail/dds_fastrtps
[7.235s] -- Installing: /home/roar/Desktop/projects/lilian/roar-gokart-ws/src/core/core/install/roar_msgs/lib/libroar_msgs__rosidl_typesupport_fastrtps_cpp.so
[7.236s] -- Set runtime path of "/home/roar/Desktop/projects/lilian/roar-gokart-ws/src/core/core/install/roar_msgs/lib/libroar_msgs__rosidl_typesupport_fastrtps_cpp.so" to ""
[7.236s] -- Up-to-date: /home/roar/Desktop/projects/lilian/roar-gokart-ws/src/core/core/install/roar_msgs/include/roar_msgs
[7.236s] -- Up-to-date: /home/roar/Desktop/projects/lilian/roar-gokart-ws/src/core/core/install/roar_msgs/include/roar_msgs/msg
[7.236s] -- Up-to-date: /home/roar/Desktop/projects/lilian/roar-gokart-ws/src/core/core/install/roar_msgs/include/roar_msgs/msg/detail
[7.237s] -- Installing: /home/roar/Desktop/projects/lilian/roar-gokart-ws/src/core/core/install/roar_msgs/include/roar_msgs/msg/detail/vehicle_control__type_support.c
[7.237s] -- Installing: /home/roar/Desktop/projects/lilian/roar-gokart-ws/src/core/core/install/roar_msgs/include/roar_msgs/msg/detail/vehicle_state__type_support.c
[7.237s] -- Installing: /home/roar/Desktop/projects/lilian/roar-gokart-ws/src/core/core/install/roar_msgs/include/roar_msgs/msg/detail/vehicle_control__rosidl_typesupport_introspection_c.h
[7.237s] -- Installing: /home/roar/Desktop/projects/lilian/roar-gokart-ws/src/core/core/install/roar_msgs/include/roar_msgs/msg/detail/vehicle_status__type_support.c
[7.238s] -- Installing: /home/roar/Desktop/projects/lilian/roar-gokart-ws/src/core/core/install/roar_msgs/include/roar_msgs/msg/detail/vehicle_status__rosidl_typesupport_introspection_c.h
[7.238s] -- Installing: /home/roar/Desktop/projects/lilian/roar-gokart-ws/src/core/core/install/roar_msgs/include/roar_msgs/msg/detail/vehicle_state__rosidl_typesupport_introspection_c.h
[7.238s] -- Installing: /home/roar/Desktop/projects/lilian/roar-gokart-ws/src/core/core/install/roar_msgs/include/roar_msgs/msg/rosidl_typesupport_introspection_c__visibility_control.h
[7.238s] -- Up-to-date: /home/roar/Desktop/projects/lilian/roar-gokart-ws/src/core/core/install/roar_msgs/include/roar_msgs/srv
[7.238s] -- Up-to-date: /home/roar/Desktop/projects/lilian/roar-gokart-ws/src/core/core/install/roar_msgs/include/roar_msgs/srv/detail
[7.239s] -- Installing: /home/roar/Desktop/projects/lilian/roar-gokart-ws/src/core/core/install/roar_msgs/include/roar_msgs/srv/detail/toggle_control_safety_switch__type_support.c
[7.241s] -- Installing: /home/roar/Desktop/projects/lilian/roar-gokart-ws/src/core/core/install/roar_msgs/include/roar_msgs/srv/detail/toggle_control_safety_switch__rosidl_typesupport_introspection_c.h
[7.241s] -- Installing: /home/roar/Desktop/projects/lilian/roar-gokart-ws/src/core/core/install/roar_msgs/lib/libroar_msgs__rosidl_typesupport_introspection_c.so
[7.241s] -- Set runtime path of "/home/roar/Desktop/projects/lilian/roar-gokart-ws/src/core/core/install/roar_msgs/lib/libroar_msgs__rosidl_typesupport_introspection_c.so" to ""
[7.242s] -- Installing: /home/roar/Desktop/projects/lilian/roar-gokart-ws/src/core/core/install/roar_msgs/lib/libroar_msgs__rosidl_typesupport_c.so
[7.242s] -- Set runtime path of "/home/roar/Desktop/projects/lilian/roar-gokart-ws/src/core/core/install/roar_msgs/lib/libroar_msgs__rosidl_typesupport_c.so" to ""
[7.242s] -- Up-to-date: /home/roar/Desktop/projects/lilian/roar-gokart-ws/src/core/core/install/roar_msgs/include/roar_msgs
[7.243s] -- Up-to-date: /home/roar/Desktop/projects/lilian/roar-gokart-ws/src/core/core/install/roar_msgs/include/roar_msgs/msg
[7.243s] -- Installing: /home/roar/Desktop/projects/lilian/roar-gokart-ws/src/core/core/install/roar_msgs/include/roar_msgs/msg/vehicle_state.hpp
[7.243s] -- Up-to-date: /home/roar/Desktop/projects/lilian/roar-gokart-ws/src/core/core/install/roar_msgs/include/roar_msgs/msg/detail
[7.243s] -- Installing: /home/roar/Desktop/projects/lilian/roar-gokart-ws/src/core/core/install/roar_msgs/include/roar_msgs/msg/detail/vehicle_state__builder.hpp
[7.244s] -- Installing: /home/roar/Desktop/projects/lilian/roar-gokart-ws/src/core/core/install/roar_msgs/include/roar_msgs/msg/detail/vehicle_control__traits.hpp
[7.244s] -- Installing: /home/roar/Desktop/projects/lilian/roar-gokart-ws/src/core/core/install/roar_msgs/include/roar_msgs/msg/detail/vehicle_status__builder.hpp
[7.244s] -- Installing: /home/roar/Desktop/projects/lilian/roar-gokart-ws/src/core/core/install/roar_msgs/include/roar_msgs/msg/detail/vehicle_status__struct.hpp
[7.244s] -- Installing: /home/roar/Desktop/projects/lilian/roar-gokart-ws/src/core/core/install/roar_msgs/include/roar_msgs/msg/detail/vehicle_status__traits.hpp
[7.245s] -- Installing: /home/roar/Desktop/projects/lilian/roar-gokart-ws/src/core/core/install/roar_msgs/include/roar_msgs/msg/detail/vehicle_control__struct.hpp
[7.245s] -- Installing: /home/roar/Desktop/projects/lilian/roar-gokart-ws/src/core/core/install/roar_msgs/include/roar_msgs/msg/detail/vehicle_state__traits.hpp
[7.245s] -- Installing: /home/roar/Desktop/projects/lilian/roar-gokart-ws/src/core/core/install/roar_msgs/include/roar_msgs/msg/detail/vehicle_control__builder.hpp
[7.245s] -- Installing: /home/roar/Desktop/projects/lilian/roar-gokart-ws/src/core/core/install/roar_msgs/include/roar_msgs/msg/detail/vehicle_state__struct.hpp
[7.246s] -- Installing: /home/roar/Desktop/projects/lilian/roar-gokart-ws/src/core/core/install/roar_msgs/include/roar_msgs/msg/vehicle_control.hpp
[7.246s] -- Installing: /home/roar/Desktop/projects/lilian/roar-gokart-ws/src/core/core/install/roar_msgs/include/roar_msgs/msg/vehicle_status.hpp
[7.246s] -- Up-to-date: /home/roar/Desktop/projects/lilian/roar-gokart-ws/src/core/core/install/roar_msgs/include/roar_msgs/srv
[7.246s] -- Up-to-date: /home/roar/Desktop/projects/lilian/roar-gokart-ws/src/core/core/install/roar_msgs/include/roar_msgs/srv/detail
[7.246s] -- Installing: /home/roar/Desktop/projects/lilian/roar-gokart-ws/src/core/core/install/roar_msgs/include/roar_msgs/srv/detail/toggle_control_safety_switch__traits.hpp
[7.247s] -- Installing: /home/roar/Desktop/projects/lilian/roar-gokart-ws/src/core/core/install/roar_msgs/include/roar_msgs/srv/detail/toggle_control_safety_switch__struct.hpp
[7.247s] -- Installing: /home/roar/Desktop/projects/lilian/roar-gokart-ws/src/core/core/install/roar_msgs/include/roar_msgs/srv/detail/toggle_control_safety_switch__builder.hpp
[7.247s] -- Installing: /home/roar/Desktop/projects/lilian/roar-gokart-ws/src/core/core/install/roar_msgs/include/roar_msgs/srv/toggle_control_safety_switch.hpp
[7.248s] -- Up-to-date: /home/roar/Desktop/projects/lilian/roar-gokart-ws/src/core/core/install/roar_msgs/include/roar_msgs
[7.248s] -- Up-to-date: /home/roar/Desktop/projects/lilian/roar-gokart-ws/src/core/core/install/roar_msgs/include/roar_msgs/msg
[7.248s] -- Up-to-date: /home/roar/Desktop/projects/lilian/roar-gokart-ws/src/core/core/install/roar_msgs/include/roar_msgs/msg/detail
[7.248s] -- Installing: /home/roar/Desktop/projects/lilian/roar-gokart-ws/src/core/core/install/roar_msgs/include/roar_msgs/msg/detail/vehicle_status__rosidl_typesupport_introspection_cpp.hpp
[7.248s] -- Installing: /home/roar/Desktop/projects/lilian/roar-gokart-ws/src/core/core/install/roar_msgs/include/roar_msgs/msg/detail/vehicle_control__type_support.cpp
[7.249s] -- Installing: /home/roar/Desktop/projects/lilian/roar-gokart-ws/src/core/core/install/roar_msgs/include/roar_msgs/msg/detail/vehicle_state__type_support.cpp
[7.249s] -- Installing: /home/roar/Desktop/projects/lilian/roar-gokart-ws/src/core/core/install/roar_msgs/include/roar_msgs/msg/detail/vehicle_state__rosidl_typesupport_introspection_cpp.hpp
[7.249s] -- Installing: /home/roar/Desktop/projects/lilian/roar-gokart-ws/src/core/core/install/roar_msgs/include/roar_msgs/msg/detail/vehicle_control__rosidl_typesupport_introspection_cpp.hpp
[7.249s] -- Installing: /home/roar/Desktop/projects/lilian/roar-gokart-ws/src/core/core/install/roar_msgs/include/roar_msgs/msg/detail/vehicle_status__type_support.cpp
[7.250s] -- Up-to-date: /home/roar/Desktop/projects/lilian/roar-gokart-ws/src/core/core/install/roar_msgs/include/roar_msgs/srv
[7.250s] -- Up-to-date: /home/roar/Desktop/projects/lilian/roar-gokart-ws/src/core/core/install/roar_msgs/include/roar_msgs/srv/detail
[7.250s] -- Installing: /home/roar/Desktop/projects/lilian/roar-gokart-ws/src/core/core/install/roar_msgs/include/roar_msgs/srv/detail/toggle_control_safety_switch__rosidl_typesupport_introspection_cpp.hpp
[7.250s] -- Installing: /home/roar/Desktop/projects/lilian/roar-gokart-ws/src/core/core/install/roar_msgs/include/roar_msgs/srv/detail/toggle_control_safety_switch__type_support.cpp
[7.251s] -- Installing: /home/roar/Desktop/projects/lilian/roar-gokart-ws/src/core/core/install/roar_msgs/lib/libroar_msgs__rosidl_typesupport_introspection_cpp.so
[7.251s] -- Set runtime path of "/home/roar/Desktop/projects/lilian/roar-gokart-ws/src/core/core/install/roar_msgs/lib/libroar_msgs__rosidl_typesupport_introspection_cpp.so" to ""
[7.252s] -- Installing: /home/roar/Desktop/projects/lilian/roar-gokart-ws/src/core/core/install/roar_msgs/lib/libroar_msgs__rosidl_typesupport_cpp.so
[7.252s] -- Set runtime path of "/home/roar/Desktop/projects/lilian/roar-gokart-ws/src/core/core/install/roar_msgs/lib/libroar_msgs__rosidl_typesupport_cpp.so" to ""
[7.252s] -- Installing: /home/roar/Desktop/projects/lilian/roar-gokart-ws/src/core/core/install/roar_msgs/share/roar_msgs/environment/pythonpath.sh
[7.253s] -- Installing: /home/roar/Desktop/projects/lilian/roar-gokart-ws/src/core/core/install/roar_msgs/share/roar_msgs/environment/pythonpath.dsv
[7.253s] -- Installing: /home/roar/Desktop/projects/lilian/roar-gokart-ws/src/core/core/install/roar_msgs/lib/python3.8/site-packages/roar_msgs/__init__.py
[7.287s] Compiling '/home/roar/Desktop/projects/lilian/roar-gokart-ws/src/core/core/install/roar_msgs/lib/python3.8/site-packages/roar_msgs/__init__.py'...
[7.292s] -- Installing: /home/roar/Desktop/projects/lilian/roar-gokart-ws/src/core/core/install/roar_msgs/lib/python3.8/site-packages/roar_msgs/msg
[7.292s] -- Installing: /home/roar/Desktop/projects/lilian/roar-gokart-ws/src/core/core/install/roar_msgs/lib/python3.8/site-packages/roar_msgs/msg/_vehicle_state_s.c
[7.292s] -- Installing: /home/roar/Desktop/projects/lilian/roar-gokart-ws/src/core/core/install/roar_msgs/lib/python3.8/site-packages/roar_msgs/msg/__init__.py
[7.292s] -- Installing: /home/roar/Desktop/projects/lilian/roar-gokart-ws/src/core/core/install/roar_msgs/lib/python3.8/site-packages/roar_msgs/msg/_vehicle_state.py
[7.293s] -- Installing: /home/roar/Desktop/projects/lilian/roar-gokart-ws/src/core/core/install/roar_msgs/lib/python3.8/site-packages/roar_msgs/msg/_vehicle_status_s.c
[7.293s] -- Installing: /home/roar/Desktop/projects/lilian/roar-gokart-ws/src/core/core/install/roar_msgs/lib/python3.8/site-packages/roar_msgs/msg/_vehicle_control.py
[7.293s] -- Installing: /home/roar/Desktop/projects/lilian/roar-gokart-ws/src/core/core/install/roar_msgs/lib/python3.8/site-packages/roar_msgs/msg/_vehicle_status.py
[7.293s] -- Installing: /home/roar/Desktop/projects/lilian/roar-gokart-ws/src/core/core/install/roar_msgs/lib/python3.8/site-packages/roar_msgs/msg/_vehicle_control_s.c
[7.293s] -- Installing: /home/roar/Desktop/projects/lilian/roar-gokart-ws/src/core/core/install/roar_msgs/lib/python3.8/site-packages/roar_msgs/srv
[7.293s] -- Installing: /home/roar/Desktop/projects/lilian/roar-gokart-ws/src/core/core/install/roar_msgs/lib/python3.8/site-packages/roar_msgs/srv/_toggle_control_safety_switch_s.c
[7.293s] -- Installing: /home/roar/Desktop/projects/lilian/roar-gokart-ws/src/core/core/install/roar_msgs/lib/python3.8/site-packages/roar_msgs/srv/__init__.py
[7.293s] -- Installing: /home/roar/Desktop/projects/lilian/roar-gokart-ws/src/core/core/install/roar_msgs/lib/python3.8/site-packages/roar_msgs/srv/_toggle_control_safety_switch.py
[7.293s] -- Installing: /home/roar/Desktop/projects/lilian/roar-gokart-ws/src/core/core/install/roar_msgs/lib/python3.8/site-packages/roar_msgs/roar_msgs_s__rosidl_typesupport_fastrtps_c.cpython-38-x86_64-linux-gnu.so
[7.294s] -- Set runtime path of "/home/roar/Desktop/projects/lilian/roar-gokart-ws/src/core/core/install/roar_msgs/lib/python3.8/site-packages/roar_msgs/roar_msgs_s__rosidl_typesupport_fastrtps_c.cpython-38-x86_64-linux-gnu.so" to ""
[7.294s] -- Installing: /home/roar/Desktop/projects/lilian/roar-gokart-ws/src/core/core/install/roar_msgs/lib/python3.8/site-packages/roar_msgs/roar_msgs_s__rosidl_typesupport_introspection_c.cpython-38-x86_64-linux-gnu.so
[7.294s] -- Set runtime path of "/home/roar/Desktop/projects/lilian/roar-gokart-ws/src/core/core/install/roar_msgs/lib/python3.8/site-packages/roar_msgs/roar_msgs_s__rosidl_typesupport_introspection_c.cpython-38-x86_64-linux-gnu.so" to ""
[7.295s] -- Installing: /home/roar/Desktop/projects/lilian/roar-gokart-ws/src/core/core/install/roar_msgs/lib/python3.8/site-packages/roar_msgs/roar_msgs_s__rosidl_typesupport_c.cpython-38-x86_64-linux-gnu.so
[7.295s] -- Set runtime path of "/home/roar/Desktop/projects/lilian/roar-gokart-ws/src/core/core/install/roar_msgs/lib/python3.8/site-packages/roar_msgs/roar_msgs_s__rosidl_typesupport_c.cpython-38-x86_64-linux-gnu.so" to ""
[7.295s] -- Installing: /home/roar/Desktop/projects/lilian/roar-gokart-ws/src/core/core/install/roar_msgs/lib/libroar_msgs__python.so
[7.296s] -- Set runtime path of "/home/roar/Desktop/projects/lilian/roar-gokart-ws/src/core/core/install/roar_msgs/lib/libroar_msgs__python.so" to ""
[7.296s] -- Installing: /home/roar/Desktop/projects/lilian/roar-gokart-ws/src/core/core/install/roar_msgs/share/roar_msgs/msg/VehicleControl.idl
[7.296s] -- Installing: /home/roar/Desktop/projects/lilian/roar-gokart-ws/src/core/core/install/roar_msgs/share/roar_msgs/msg/VehicleState.idl
[7.296s] -- Installing: /home/roar/Desktop/projects/lilian/roar-gokart-ws/src/core/core/install/roar_msgs/share/roar_msgs/srv/ToggleControlSafetySwitch.idl
[7.296s] -- Installing: /home/roar/Desktop/projects/lilian/roar-gokart-ws/src/core/core/install/roar_msgs/share/roar_msgs/msg/VehicleStatus.idl
[7.296s] -- Installing: /home/roar/Desktop/projects/lilian/roar-gokart-ws/src/core/core/install/roar_msgs/share/roar_msgs/msg/VehicleControl.msg
[7.296s] -- Installing: /home/roar/Desktop/projects/lilian/roar-gokart-ws/src/core/core/install/roar_msgs/share/roar_msgs/msg/VehicleState.msg
[7.297s] -- Installing: /home/roar/Desktop/projects/lilian/roar-gokart-ws/src/core/core/install/roar_msgs/share/roar_msgs/srv/ToggleControlSafetySwitch.srv
[7.297s] -- Installing: /home/roar/Desktop/projects/lilian/roar-gokart-ws/src/core/core/install/roar_msgs/share/roar_msgs/srv/ToggleControlSafetySwitch_Request.msg
[7.297s] -- Installing: /home/roar/Desktop/projects/lilian/roar-gokart-ws/src/core/core/install/roar_msgs/share/roar_msgs/srv/ToggleControlSafetySwitch_Response.msg
[7.297s] -- Installing: /home/roar/Desktop/projects/lilian/roar-gokart-ws/src/core/core/install/roar_msgs/share/roar_msgs/msg/VehicleStatus.msg
[7.297s] -- Installing: /home/roar/Desktop/projects/lilian/roar-gokart-ws/src/core/core/install/roar_msgs/share/ament_index/resource_index/package_run_dependencies/roar_msgs
[7.297s] -- Installing: /home/roar/Desktop/projects/lilian/roar-gokart-ws/src/core/core/install/roar_msgs/share/ament_index/resource_index/parent_prefix_path/roar_msgs
[7.297s] -- Installing: /home/roar/Desktop/projects/lilian/roar-gokart-ws/src/core/core/install/roar_msgs/share/roar_msgs/environment/ament_prefix_path.sh
[7.298s] -- Installing: /home/roar/Desktop/projects/lilian/roar-gokart-ws/src/core/core/install/roar_msgs/share/roar_msgs/environment/ament_prefix_path.dsv
[7.298s] -- Installing: /home/roar/Desktop/projects/lilian/roar-gokart-ws/src/core/core/install/roar_msgs/share/roar_msgs/environment/path.sh
[7.298s] -- Installing: /home/roar/Desktop/projects/lilian/roar-gokart-ws/src/core/core/install/roar_msgs/share/roar_msgs/environment/path.dsv
[7.298s] -- Installing: /home/roar/Desktop/projects/lilian/roar-gokart-ws/src/core/core/install/roar_msgs/share/roar_msgs/local_setup.bash
[7.298s] -- Installing: /home/roar/Desktop/projects/lilian/roar-gokart-ws/src/core/core/install/roar_msgs/share/roar_msgs/local_setup.sh
[7.298s] -- Installing: /home/roar/Desktop/projects/lilian/roar-gokart-ws/src/core/core/install/roar_msgs/share/roar_msgs/local_setup.zsh
[7.298s] -- Installing: /home/roar/Desktop/projects/lilian/roar-gokart-ws/src/core/core/install/roar_msgs/share/roar_msgs/local_setup.dsv
[7.298s] -- Installing: /home/roar/Desktop/projects/lilian/roar-gokart-ws/src/core/core/install/roar_msgs/share/roar_msgs/package.dsv
[7.299s] -- Installing: /home/roar/Desktop/projects/lilian/roar-gokart-ws/src/core/core/install/roar_msgs/share/ament_index/resource_index/packages/roar_msgs
[7.299s] -- Installing: /home/roar/Desktop/projects/lilian/roar-gokart-ws/src/core/core/install/roar_msgs/share/roar_msgs/cmake/roar_msgs__rosidl_generator_cExport.cmake
[7.299s] -- Installing: /home/roar/Desktop/projects/lilian/roar-gokart-ws/src/core/core/install/roar_msgs/share/roar_msgs/cmake/roar_msgs__rosidl_generator_cExport-noconfig.cmake
[7.299s] -- Installing: /home/roar/Desktop/projects/lilian/roar-gokart-ws/src/core/core/install/roar_msgs/share/roar_msgs/cmake/roar_msgs__rosidl_typesupport_introspection_cExport.cmake
[7.299s] -- Installing: /home/roar/Desktop/projects/lilian/roar-gokart-ws/src/core/core/install/roar_msgs/share/roar_msgs/cmake/roar_msgs__rosidl_typesupport_introspection_cExport-noconfig.cmake
[7.300s] -- Installing: /home/roar/Desktop/projects/lilian/roar-gokart-ws/src/core/core/install/roar_msgs/share/roar_msgs/cmake/roar_msgs__rosidl_typesupport_cExport.cmake
[7.300s] -- Installing: /home/roar/Desktop/projects/lilian/roar-gokart-ws/src/core/core/install/roar_msgs/share/roar_msgs/cmake/roar_msgs__rosidl_typesupport_cExport-noconfig.cmake
[7.300s] -- Installing: /home/roar/Desktop/projects/lilian/roar-gokart-ws/src/core/core/install/roar_msgs/share/roar_msgs/cmake/roar_msgs__rosidl_generator_cppExport.cmake
[7.300s] -- Installing: /home/roar/Desktop/projects/lilian/roar-gokart-ws/src/core/core/install/roar_msgs/share/roar_msgs/cmake/roar_msgs__rosidl_typesupport_introspection_cppExport.cmake
[7.300s] -- Installing: /home/roar/Desktop/projects/lilian/roar-gokart-ws/src/core/core/install/roar_msgs/share/roar_msgs/cmake/roar_msgs__rosidl_typesupport_introspection_cppExport-noconfig.cmake
[7.300s] -- Installing: /home/roar/Desktop/projects/lilian/roar-gokart-ws/src/core/core/install/roar_msgs/share/roar_msgs/cmake/roar_msgs__rosidl_typesupport_cppExport.cmake
[7.301s] -- Installing: /home/roar/Desktop/projects/lilian/roar-gokart-ws/src/core/core/install/roar_msgs/share/roar_msgs/cmake/roar_msgs__rosidl_typesupport_cppExport-noconfig.cmake
[7.301s] -- Installing: /home/roar/Desktop/projects/lilian/roar-gokart-ws/src/core/core/install/roar_msgs/share/roar_msgs/cmake/rosidl_cmake-extras.cmake
[7.301s] -- Installing: /home/roar/Desktop/projects/lilian/roar-gokart-ws/src/core/core/install/roar_msgs/share/roar_msgs/cmake/ament_cmake_export_dependencies-extras.cmake
[7.301s] -- Installing: /home/roar/Desktop/projects/lilian/roar-gokart-ws/src/core/core/install/roar_msgs/share/roar_msgs/cmake/ament_cmake_export_libraries-extras.cmake
[7.301s] -- Installing: /home/roar/Desktop/projects/lilian/roar-gokart-ws/src/core/core/install/roar_msgs/share/roar_msgs/cmake/ament_cmake_export_targets-extras.cmake
[7.301s] -- Installing: /home/roar/Desktop/projects/lilian/roar-gokart-ws/src/core/core/install/roar_msgs/share/roar_msgs/cmake/ament_cmake_export_include_directories-extras.cmake
[7.301s] -- Installing: /home/roar/Desktop/projects/lilian/roar-gokart-ws/src/core/core/install/roar_msgs/share/roar_msgs/cmake/rosidl_cmake_export_typesupport_libraries-extras.cmake
[7.302s] -- Installing: /home/roar/Desktop/projects/lilian/roar-gokart-ws/src/core/core/install/roar_msgs/share/roar_msgs/cmake/rosidl_cmake_export_typesupport_targets-extras.cmake
[7.302s] -- Installing: /home/roar/Desktop/projects/lilian/roar-gokart-ws/src/core/core/install/roar_msgs/share/roar_msgs/cmake/roar_msgsConfig.cmake
[7.302s] -- Installing: /home/roar/Desktop/projects/lilian/roar-gokart-ws/src/core/core/install/roar_msgs/share/roar_msgs/cmake/roar_msgsConfig-version.cmake
[7.302s] -- Installing: /home/roar/Desktop/projects/lilian/roar-gokart-ws/src/core/core/install/roar_msgs/share/roar_msgs/package.xml
[7.306s] Invoked command in '/home/roar/Desktop/projects/lilian/roar-gokart-ws/src/core/core/build/roar_msgs' returned '0': CMAKE_PREFIX_PATH=${CMAKE_PREFIX_PATH}:/home/roar/Desktop/projects/lilian/roar-gokart-ws/install/waypoint_recorder:/home/roar/Desktop/projects/lilian/roar-gokart-ws/install/roar_carla_manual_controller:/home/roar/Desktop/projects/lilian/roar-gokart-ws/install/roar_carla_interface:/home/roar/Desktop/projects/lilian/roar-gokart-ws/install/roar_manual_control:/home/roar/carla-ros-bridge/install/rqt_carla_control:/home/roar/carla-ros-bridge/install/carla_waypoint_publisher:/home/roar/carla-ros-bridge/install/carla_ackermann_control:/home/roar/carla-ros-bridge/install/carla_ros_bridge:/home/roar/carla-ros-bridge/install/carla_spawn_objects:/home/roar/carla-ros-bridge/install/carla_manual_control:/home/roar/carla-ros-bridge/install/carla_ad_agent:/home/roar/carla-ros-bridge/install/ros_compatibility:/home/roar/carla-ros-bridge/install/carla_walker_agent:/home/roar/carla-ros-bridge/install/carla_twist_to_control:/home/roar/carla-ros-bridge/install/carla_ros_scenario_runner:/home/roar/carla-ros-bridge/install/carla_common:/opt/ros/foxy /usr/bin/cmake --install /home/roar/Desktop/projects/lilian/roar-gokart-ws/src/core/core/build/roar_msgs
