-- The C compiler identification is GNU 9.4.0
-- The CXX compiler identification is GNU 9.4.0
-- Check for working C compiler: /usr/bin/cc
-- Check for working C compiler: /usr/bin/cc -- works
-- Detecting C compiler ABI info
-- Detecting C compiler ABI info - done
-- Detecting C compile features
-- Detecting C compile features - done
-- Check for working CXX compiler: /usr/bin/c++
-- Check for working CXX compiler: /usr/bin/c++ -- works
-- Detecting CXX compiler ABI info
-- Detecting CXX compiler ABI info - done
-- Detecting CXX compile features
-- Detecting CXX compile features - done
-- Found ament_cmake: 0.9.9 (/opt/ros/foxy/share/ament_cmake/cmake)
-- Found PythonInterp: /usr/bin/python3 (found suitable version "3.8.10", minimum required is "3") 
-- Using PYTHON_EXECUTABLE: /usr/bin/python3
-- Configuring done
-- Generating done
-- Build files have been written to: /home/roar/Desktop/projects/lilian/roar-gokart-ws/src/core/core/build/roar_mapping
-- Install configuration: ""
-- Installing: /home/roar/Desktop/projects/lilian/roar-gokart-ws/src/core/core/install/roar_mapping/share/roar_mapping/src
-- Installing: /home/roar/Desktop/projects/lilian/roar-gokart-ws/src/core/core/install/roar_mapping/share/roar_mapping/src/.gitkeep
-- Installing: /home/roar/Desktop/projects/lilian/roar-gokart-ws/src/core/core/install/roar_mapping/share/roar_mapping/launch
-- Installing: /home/roar/Desktop/projects/lilian/roar-gokart-ws/src/core/core/install/roar_mapping/share/roar_mapping/launch/mapping.launch.py
-- Installing: /home/roar/Desktop/projects/lilian/roar-gokart-ws/src/core/core/install/roar_mapping/share/roar_mapping/launch/map_server.launch.py
-- Installing: /home/roar/Desktop/projects/lilian/roar-gokart-ws/src/core/core/install/roar_mapping/share/roar_mapping/config
-- Installing: /home/roar/Desktop/projects/lilian/roar-gokart-ws/src/core/core/install/roar_mapping/share/roar_mapping/config/map_server_config.yaml
-- Installing: /home/roar/Desktop/projects/lilian/roar-gokart-ws/src/core/core/install/roar_mapping/share/roar_mapping/config/mapper_params_online_async.yaml
-- Installing: /home/roar/Desktop/projects/lilian/roar-gokart-ws/src/core/core/install/roar_mapping/share/ament_index/resource_index/package_run_dependencies/roar_mapping
-- Installing: /home/roar/Desktop/projects/lilian/roar-gokart-ws/src/core/core/install/roar_mapping/share/ament_index/resource_index/parent_prefix_path/roar_mapping
-- Installing: /home/roar/Desktop/projects/lilian/roar-gokart-ws/src/core/core/install/roar_mapping/share/roar_mapping/environment/ament_prefix_path.sh
-- Installing: /home/roar/Desktop/projects/lilian/roar-gokart-ws/src/core/core/install/roar_mapping/share/roar_mapping/environment/ament_prefix_path.dsv
-- Installing: /home/roar/Desktop/projects/lilian/roar-gokart-ws/src/core/core/install/roar_mapping/share/roar_mapping/environment/path.sh
-- Installing: /home/roar/Desktop/projects/lilian/roar-gokart-ws/src/core/core/install/roar_mapping/share/roar_mapping/environment/path.dsv
-- Installing: /home/roar/Desktop/projects/lilian/roar-gokart-ws/src/core/core/install/roar_mapping/share/roar_mapping/local_setup.bash
-- Installing: /home/roar/Desktop/projects/lilian/roar-gokart-ws/src/core/core/install/roar_mapping/share/roar_mapping/local_setup.sh
-- Installing: /home/roar/Desktop/projects/lilian/roar-gokart-ws/src/core/core/install/roar_mapping/share/roar_mapping/local_setup.zsh
-- Installing: /home/roar/Desktop/projects/lilian/roar-gokart-ws/src/core/core/install/roar_mapping/share/roar_mapping/local_setup.dsv
-- Installing: /home/roar/Desktop/projects/lilian/roar-gokart-ws/src/core/core/install/roar_mapping/share/roar_mapping/package.dsv
-- Installing: /home/roar/Desktop/projects/lilian/roar-gokart-ws/src/core/core/install/roar_mapping/share/ament_index/resource_index/packages/roar_mapping
-- Installing: /home/roar/Desktop/projects/lilian/roar-gokart-ws/src/core/core/install/roar_mapping/share/roar_mapping/cmake/roar_mappingConfig.cmake
-- Installing: /home/roar/Desktop/projects/lilian/roar-gokart-ws/src/core/core/install/roar_mapping/share/roar_mapping/cmake/roar_mappingConfig-version.cmake
-- Installing: /home/roar/Desktop/projects/lilian/roar-gokart-ws/src/core/core/install/roar_mapping/share/roar_mapping/package.xml
