[0.034s] Invoking command in '/home/roar/Desktop/projects/lilian/roar-gokart-ws/src/core/core/build/roar_mapping': CMAKE_PREFIX_PATH=${CMAKE_PREFIX_PATH}:/home/roar/Desktop/projects/lilian/roar-gokart-ws/install/waypoint_recorder:/home/roar/Desktop/projects/lilian/roar-gokart-ws/install/roar_carla_manual_controller:/home/roar/Desktop/projects/lilian/roar-gokart-ws/install/roar_carla_interface:/home/roar/Desktop/projects/lilian/roar-gokart-ws/install/roar_manual_control:/home/roar/carla-ros-bridge/install/rqt_carla_control:/home/roar/carla-ros-bridge/install/carla_waypoint_publisher:/home/roar/carla-ros-bridge/install/carla_ackermann_control:/home/roar/carla-ros-bridge/install/carla_ros_bridge:/home/roar/carla-ros-bridge/install/carla_spawn_objects:/home/roar/carla-ros-bridge/install/carla_manual_control:/home/roar/carla-ros-bridge/install/carla_ad_agent:/home/roar/carla-ros-bridge/install/ros_compatibility:/home/roar/carla-ros-bridge/install/carla_walker_agent:/home/roar/carla-ros-bridge/install/carla_twist_to_control:/home/roar/carla-ros-bridge/install/carla_ros_scenario_runner:/home/roar/carla-ros-bridge/install/carla_common:/opt/ros/foxy /usr/bin/cmake /home/roar/Desktop/projects/lilian/roar-gokart-ws/src/core/core/src/misc/mapping -DCMAKE_INSTALL_PREFIX=/home/roar/Desktop/projects/lilian/roar-gokart-ws/src/core/core/install/roar_mapping
[0.084s] -- The C compiler identification is GNU 9.4.0
[0.139s] -- The CXX compiler identification is GNU 9.4.0
[0.146s] -- Check for working C compiler: /usr/bin/cc
[0.212s] -- Check for working C compiler: /usr/bin/cc -- works
[0.214s] -- Detecting C compiler ABI info
[0.275s] -- Detecting C compiler ABI info - done
[0.288s] -- Detecting C compile features
[0.288s] -- Detecting C compile features - done
[0.290s] -- Check for working CXX compiler: /usr/bin/c++
[0.361s] -- Check for working CXX compiler: /usr/bin/c++ -- works
[0.361s] -- Detecting CXX compiler ABI info
[0.432s] -- Detecting CXX compiler ABI info - done
[0.442s] -- Detecting CXX compile features
[0.442s] -- Detecting CXX compile features - done
[0.446s] -- Found ament_cmake: 0.9.9 (/opt/ros/foxy/share/ament_cmake/cmake)
[0.484s] -- Found PythonInterp: /usr/bin/python3 (found suitable version "3.8.10", minimum required is "3") 
[0.484s] -- Using PYTHON_EXECUTABLE: /usr/bin/python3
[0.797s] -- Configuring done
[0.799s] -- Generating done
[0.799s] -- Build files have been written to: /home/roar/Desktop/projects/lilian/roar-gokart-ws/src/core/core/build/roar_mapping
[0.803s] Invoked command in '/home/roar/Desktop/projects/lilian/roar-gokart-ws/src/core/core/build/roar_mapping' returned '0': CMAKE_PREFIX_PATH=${CMAKE_PREFIX_PATH}:/home/roar/Desktop/projects/lilian/roar-gokart-ws/install/waypoint_recorder:/home/roar/Desktop/projects/lilian/roar-gokart-ws/install/roar_carla_manual_controller:/home/roar/Desktop/projects/lilian/roar-gokart-ws/install/roar_carla_interface:/home/roar/Desktop/projects/lilian/roar-gokart-ws/install/roar_manual_control:/home/roar/carla-ros-bridge/install/rqt_carla_control:/home/roar/carla-ros-bridge/install/carla_waypoint_publisher:/home/roar/carla-ros-bridge/install/carla_ackermann_control:/home/roar/carla-ros-bridge/install/carla_ros_bridge:/home/roar/carla-ros-bridge/install/carla_spawn_objects:/home/roar/carla-ros-bridge/install/carla_manual_control:/home/roar/carla-ros-bridge/install/carla_ad_agent:/home/roar/carla-ros-bridge/install/ros_compatibility:/home/roar/carla-ros-bridge/install/carla_walker_agent:/home/roar/carla-ros-bridge/install/carla_twist_to_control:/home/roar/carla-ros-bridge/install/carla_ros_scenario_runner:/home/roar/carla-ros-bridge/install/carla_common:/opt/ros/foxy /usr/bin/cmake /home/roar/Desktop/projects/lilian/roar-gokart-ws/src/core/core/src/misc/mapping -DCMAKE_INSTALL_PREFIX=/home/roar/Desktop/projects/lilian/roar-gokart-ws/src/core/core/install/roar_mapping
[0.806s] Invoking command in '/home/roar/Desktop/projects/lilian/roar-gokart-ws/src/core/core/build/roar_mapping': CMAKE_PREFIX_PATH=${CMAKE_PREFIX_PATH}:/home/roar/Desktop/projects/lilian/roar-gokart-ws/install/waypoint_recorder:/home/roar/Desktop/projects/lilian/roar-gokart-ws/install/roar_carla_manual_controller:/home/roar/Desktop/projects/lilian/roar-gokart-ws/install/roar_carla_interface:/home/roar/Desktop/projects/lilian/roar-gokart-ws/install/roar_manual_control:/home/roar/carla-ros-bridge/install/rqt_carla_control:/home/roar/carla-ros-bridge/install/carla_waypoint_publisher:/home/roar/carla-ros-bridge/install/carla_ackermann_control:/home/roar/carla-ros-bridge/install/carla_ros_bridge:/home/roar/carla-ros-bridge/install/carla_spawn_objects:/home/roar/carla-ros-bridge/install/carla_manual_control:/home/roar/carla-ros-bridge/install/carla_ad_agent:/home/roar/carla-ros-bridge/install/ros_compatibility:/home/roar/carla-ros-bridge/install/carla_walker_agent:/home/roar/carla-ros-bridge/install/carla_twist_to_control:/home/roar/carla-ros-bridge/install/carla_ros_scenario_runner:/home/roar/carla-ros-bridge/install/carla_common:/opt/ros/foxy /usr/bin/cmake --build /home/roar/Desktop/projects/lilian/roar-gokart-ws/src/core/core/build/roar_mapping -- -j16 -l16
[0.849s] Invoked command in '/home/roar/Desktop/projects/lilian/roar-gokart-ws/src/core/core/build/roar_mapping' returned '0': CMAKE_PREFIX_PATH=${CMAKE_PREFIX_PATH}:/home/roar/Desktop/projects/lilian/roar-gokart-ws/install/waypoint_recorder:/home/roar/Desktop/projects/lilian/roar-gokart-ws/install/roar_carla_manual_controller:/home/roar/Desktop/projects/lilian/roar-gokart-ws/install/roar_carla_interface:/home/roar/Desktop/projects/lilian/roar-gokart-ws/install/roar_manual_control:/home/roar/carla-ros-bridge/install/rqt_carla_control:/home/roar/carla-ros-bridge/install/carla_waypoint_publisher:/home/roar/carla-ros-bridge/install/carla_ackermann_control:/home/roar/carla-ros-bridge/install/carla_ros_bridge:/home/roar/carla-ros-bridge/install/carla_spawn_objects:/home/roar/carla-ros-bridge/install/carla_manual_control:/home/roar/carla-ros-bridge/install/carla_ad_agent:/home/roar/carla-ros-bridge/install/ros_compatibility:/home/roar/carla-ros-bridge/install/carla_walker_agent:/home/roar/carla-ros-bridge/install/carla_twist_to_control:/home/roar/carla-ros-bridge/install/carla_ros_scenario_runner:/home/roar/carla-ros-bridge/install/carla_common:/opt/ros/foxy /usr/bin/cmake --build /home/roar/Desktop/projects/lilian/roar-gokart-ws/src/core/core/build/roar_mapping -- -j16 -l16
[0.888s] Invoking command in '/home/roar/Desktop/projects/lilian/roar-gokart-ws/src/core/core/build/roar_mapping': CMAKE_PREFIX_PATH=${CMAKE_PREFIX_PATH}:/home/roar/Desktop/projects/lilian/roar-gokart-ws/install/waypoint_recorder:/home/roar/Desktop/projects/lilian/roar-gokart-ws/install/roar_carla_manual_controller:/home/roar/Desktop/projects/lilian/roar-gokart-ws/install/roar_carla_interface:/home/roar/Desktop/projects/lilian/roar-gokart-ws/install/roar_manual_control:/home/roar/carla-ros-bridge/install/rqt_carla_control:/home/roar/carla-ros-bridge/install/carla_waypoint_publisher:/home/roar/carla-ros-bridge/install/carla_ackermann_control:/home/roar/carla-ros-bridge/install/carla_ros_bridge:/home/roar/carla-ros-bridge/install/carla_spawn_objects:/home/roar/carla-ros-bridge/install/carla_manual_control:/home/roar/carla-ros-bridge/install/carla_ad_agent:/home/roar/carla-ros-bridge/install/ros_compatibility:/home/roar/carla-ros-bridge/install/carla_walker_agent:/home/roar/carla-ros-bridge/install/carla_twist_to_control:/home/roar/carla-ros-bridge/install/carla_ros_scenario_runner:/home/roar/carla-ros-bridge/install/carla_common:/opt/ros/foxy /usr/bin/cmake --install /home/roar/Desktop/projects/lilian/roar-gokart-ws/src/core/core/build/roar_mapping
[0.898s] -- Install configuration: ""
[0.898s] -- Installing: /home/roar/Desktop/projects/lilian/roar-gokart-ws/src/core/core/install/roar_mapping/share/roar_mapping/src
[0.898s] -- Installing: /home/roar/Desktop/projects/lilian/roar-gokart-ws/src/core/core/install/roar_mapping/share/roar_mapping/src/.gitkeep
[0.898s] -- Installing: /home/roar/Desktop/projects/lilian/roar-gokart-ws/src/core/core/install/roar_mapping/share/roar_mapping/launch
[0.898s] -- Installing: /home/roar/Desktop/projects/lilian/roar-gokart-ws/src/core/core/install/roar_mapping/share/roar_mapping/launch/mapping.launch.py
[0.898s] -- Installing: /home/roar/Desktop/projects/lilian/roar-gokart-ws/src/core/core/install/roar_mapping/share/roar_mapping/launch/map_server.launch.py
[0.899s] -- Installing: /home/roar/Desktop/projects/lilian/roar-gokart-ws/src/core/core/install/roar_mapping/share/roar_mapping/config
[0.899s] -- Installing: /home/roar/Desktop/projects/lilian/roar-gokart-ws/src/core/core/install/roar_mapping/share/roar_mapping/config/map_server_config.yaml
[0.899s] -- Installing: /home/roar/Desktop/projects/lilian/roar-gokart-ws/src/core/core/install/roar_mapping/share/roar_mapping/config/mapper_params_online_async.yaml
[0.899s] -- Installing: /home/roar/Desktop/projects/lilian/roar-gokart-ws/src/core/core/install/roar_mapping/share/ament_index/resource_index/package_run_dependencies/roar_mapping
[0.899s] -- Installing: /home/roar/Desktop/projects/lilian/roar-gokart-ws/src/core/core/install/roar_mapping/share/ament_index/resource_index/parent_prefix_path/roar_mapping
[0.899s] -- Installing: /home/roar/Desktop/projects/lilian/roar-gokart-ws/src/core/core/install/roar_mapping/share/roar_mapping/environment/ament_prefix_path.sh
[0.899s] -- Installing: /home/roar/Desktop/projects/lilian/roar-gokart-ws/src/core/core/install/roar_mapping/share/roar_mapping/environment/ament_prefix_path.dsv
[0.899s] -- Installing: /home/roar/Desktop/projects/lilian/roar-gokart-ws/src/core/core/install/roar_mapping/share/roar_mapping/environment/path.sh
[0.899s] -- Installing: /home/roar/Desktop/projects/lilian/roar-gokart-ws/src/core/core/install/roar_mapping/share/roar_mapping/environment/path.dsv
[0.899s] -- Installing: /home/roar/Desktop/projects/lilian/roar-gokart-ws/src/core/core/install/roar_mapping/share/roar_mapping/local_setup.bash
[0.900s] -- Installing: /home/roar/Desktop/projects/lilian/roar-gokart-ws/src/core/core/install/roar_mapping/share/roar_mapping/local_setup.sh
[0.900s] -- Installing: /home/roar/Desktop/projects/lilian/roar-gokart-ws/src/core/core/install/roar_mapping/share/roar_mapping/local_setup.zsh
[0.900s] -- Installing: /home/roar/Desktop/projects/lilian/roar-gokart-ws/src/core/core/install/roar_mapping/share/roar_mapping/local_setup.dsv
[0.900s] -- Installing: /home/roar/Desktop/projects/lilian/roar-gokart-ws/src/core/core/install/roar_mapping/share/roar_mapping/package.dsv
[0.900s] -- Installing: /home/roar/Desktop/projects/lilian/roar-gokart-ws/src/core/core/install/roar_mapping/share/ament_index/resource_index/packages/roar_mapping
[0.900s] -- Installing: /home/roar/Desktop/projects/lilian/roar-gokart-ws/src/core/core/install/roar_mapping/share/roar_mapping/cmake/roar_mappingConfig.cmake
[0.900s] -- Installing: /home/roar/Desktop/projects/lilian/roar-gokart-ws/src/core/core/install/roar_mapping/share/roar_mapping/cmake/roar_mappingConfig-version.cmake
[0.900s] -- Installing: /home/roar/Desktop/projects/lilian/roar-gokart-ws/src/core/core/install/roar_mapping/share/roar_mapping/package.xml
[0.903s] Invoked command in '/home/roar/Desktop/projects/lilian/roar-gokart-ws/src/core/core/build/roar_mapping' returned '0': CMAKE_PREFIX_PATH=${CMAKE_PREFIX_PATH}:/home/roar/Desktop/projects/lilian/roar-gokart-ws/install/waypoint_recorder:/home/roar/Desktop/projects/lilian/roar-gokart-ws/install/roar_carla_manual_controller:/home/roar/Desktop/projects/lilian/roar-gokart-ws/install/roar_carla_interface:/home/roar/Desktop/projects/lilian/roar-gokart-ws/install/roar_manual_control:/home/roar/carla-ros-bridge/install/rqt_carla_control:/home/roar/carla-ros-bridge/install/carla_waypoint_publisher:/home/roar/carla-ros-bridge/install/carla_ackermann_control:/home/roar/carla-ros-bridge/install/carla_ros_bridge:/home/roar/carla-ros-bridge/install/carla_spawn_objects:/home/roar/carla-ros-bridge/install/carla_manual_control:/home/roar/carla-ros-bridge/install/carla_ad_agent:/home/roar/carla-ros-bridge/install/ros_compatibility:/home/roar/carla-ros-bridge/install/carla_walker_agent:/home/roar/carla-ros-bridge/install/carla_twist_to_control:/home/roar/carla-ros-bridge/install/carla_ros_scenario_runner:/home/roar/carla-ros-bridge/install/carla_common:/opt/ros/foxy /usr/bin/cmake --install /home/roar/Desktop/projects/lilian/roar-gokart-ws/src/core/core/build/roar_mapping
