[  1%] Built target planning_interfaces__cpp
[ 12%] Built target planning_interfaces__rosidl_generator_c
[ 31%] Built target planning_interfaces__rosidl_typesupport_introspection_cpp
[ 35%] Built target planning_interfaces__rosidl_typesupport_cpp
[ 46%] Built target planning_interfaces__rosidl_typesupport_fastrtps_cpp
[ 58%] Built target planning_interfaces__rosidl_typesupport_c
[ 69%] Built target planning_interfaces__rosidl_typesupport_introspection_c
[ 81%] Built target planning_interfaces__rosidl_typesupport_fastrtps_c
[ 81%] Built target planning_interfaces
[ 82%] Built target planning_interfaces__py
[ 92%] Built target planning_interfaces__python
[ 94%] Built target planning_interfaces__rosidl_typesupport_introspection_c__pyext
[ 98%] Built target planning_interfaces__rosidl_typesupport_c__pyext
[100%] Built target planning_interfaces__rosidl_typesupport_fastrtps_c__pyext
-- Install configuration: ""
-- Up-to-date: /home/roar/Desktop/projects/lilian/roar-gokart-ws/src/core/core/install/planning_interfaces/share/ament_index/resource_index/rosidl_interfaces/planning_interfaces
-- Up-to-date: /home/roar/Desktop/projects/lilian/roar-gokart-ws/src/core/core/install/planning_interfaces/include/planning_interfaces
-- Up-to-date: /home/roar/Desktop/projects/lilian/roar-gokart-ws/src/core/core/install/planning_interfaces/include/planning_interfaces/msg
-- Up-to-date: /home/roar/Desktop/projects/lilian/roar-gokart-ws/src/core/core/install/planning_interfaces/include/planning_interfaces/msg/detail
-- Up-to-date: /home/roar/Desktop/projects/lilian/roar-gokart-ws/src/core/core/install/planning_interfaces/include/planning_interfaces/msg/detail/trajectories__functions.c
-- Up-to-date: /home/roar/Desktop/projects/lilian/roar-gokart-ws/src/core/core/install/planning_interfaces/include/planning_interfaces/msg/detail/trajectory_score__functions.c
-- Up-to-date: /home/roar/Desktop/projects/lilian/roar-gokart-ws/src/core/core/install/planning_interfaces/include/planning_interfaces/msg/detail/trajectories__struct.h
-- Up-to-date: /home/roar/Desktop/projects/lilian/roar-gokart-ws/src/core/core/install/planning_interfaces/include/planning_interfaces/msg/detail/trajectory__struct.h
-- Up-to-date: /home/roar/Desktop/projects/lilian/roar-gokart-ws/src/core/core/install/planning_interfaces/include/planning_interfaces/msg/detail/trajectory__type_support.h
-- Up-to-date: /home/roar/Desktop/projects/lilian/roar-gokart-ws/src/core/core/install/planning_interfaces/include/planning_interfaces/msg/detail/trajectories__functions.h
-- Up-to-date: /home/roar/Desktop/projects/lilian/roar-gokart-ws/src/core/core/install/planning_interfaces/include/planning_interfaces/msg/detail/trajectory_score__type_support.h
-- Up-to-date: /home/roar/Desktop/projects/lilian/roar-gokart-ws/src/core/core/install/planning_interfaces/include/planning_interfaces/msg/detail/trajectory__functions.h
-- Up-to-date: /home/roar/Desktop/projects/lilian/roar-gokart-ws/src/core/core/install/planning_interfaces/include/planning_interfaces/msg/detail/trajectory_score__struct.h
-- Up-to-date: /home/roar/Desktop/projects/lilian/roar-gokart-ws/src/core/core/install/planning_interfaces/include/planning_interfaces/msg/detail/trajectory_score__functions.h
-- Up-to-date: /home/roar/Desktop/projects/lilian/roar-gokart-ws/src/core/core/install/planning_interfaces/include/planning_interfaces/msg/detail/trajectories__type_support.h
-- Up-to-date: /home/roar/Desktop/projects/lilian/roar-gokart-ws/src/core/core/install/planning_interfaces/include/planning_interfaces/msg/detail/trajectory__functions.c
-- Up-to-date: /home/roar/Desktop/projects/lilian/roar-gokart-ws/src/core/core/install/planning_interfaces/include/planning_interfaces/msg/trajectories.h
-- Up-to-date: /home/roar/Desktop/projects/lilian/roar-gokart-ws/src/core/core/install/planning_interfaces/include/planning_interfaces/msg/trajectory.h
-- Up-to-date: /home/roar/Desktop/projects/lilian/roar-gokart-ws/src/core/core/install/planning_interfaces/include/planning_interfaces/msg/trajectory_score.h
-- Up-to-date: /home/roar/Desktop/projects/lilian/roar-gokart-ws/src/core/core/install/planning_interfaces/include/planning_interfaces/msg/rosidl_generator_c__visibility_control.h
-- Up-to-date: /home/roar/Desktop/projects/lilian/roar-gokart-ws/src/core/core/install/planning_interfaces/include/planning_interfaces/action
-- Up-to-date: /home/roar/Desktop/projects/lilian/roar-gokart-ws/src/core/core/install/planning_interfaces/include/planning_interfaces/action/detail
-- Up-to-date: /home/roar/Desktop/projects/lilian/roar-gokart-ws/src/core/core/install/planning_interfaces/include/planning_interfaces/action/detail/trajectory_generation__functions.c
-- Up-to-date: /home/roar/Desktop/projects/lilian/roar-gokart-ws/src/core/core/install/planning_interfaces/include/planning_interfaces/action/detail/trajectory_generation__type_support.h
-- Up-to-date: /home/roar/Desktop/projects/lilian/roar-gokart-ws/src/core/core/install/planning_interfaces/include/planning_interfaces/action/detail/trajectory_generation__functions.h
-- Up-to-date: /home/roar/Desktop/projects/lilian/roar-gokart-ws/src/core/core/install/planning_interfaces/include/planning_interfaces/action/detail/trajectory_generation__struct.h
-- Up-to-date: /home/roar/Desktop/projects/lilian/roar-gokart-ws/src/core/core/install/planning_interfaces/include/planning_interfaces/action/trajectory_generation.h
-- Up-to-date: /home/roar/Desktop/projects/lilian/roar-gokart-ws/src/core/core/install/planning_interfaces/include/planning_interfaces/srv
-- Up-to-date: /home/roar/Desktop/projects/lilian/roar-gokart-ws/src/core/core/install/planning_interfaces/include/planning_interfaces/srv/detail
-- Up-to-date: /home/roar/Desktop/projects/lilian/roar-gokart-ws/src/core/core/install/planning_interfaces/include/planning_interfaces/srv/detail/trajectory_scoring__type_support.h
-- Up-to-date: /home/roar/Desktop/projects/lilian/roar-gokart-ws/src/core/core/install/planning_interfaces/include/planning_interfaces/srv/detail/reset_trajectory_picker__struct.h
-- Up-to-date: /home/roar/Desktop/projects/lilian/roar-gokart-ws/src/core/core/install/planning_interfaces/include/planning_interfaces/srv/detail/load_map__struct.h
-- Up-to-date: /home/roar/Desktop/projects/lilian/roar-gokart-ws/src/core/core/install/planning_interfaces/include/planning_interfaces/srv/detail/load_map__functions.h
-- Up-to-date: /home/roar/Desktop/projects/lilian/roar-gokart-ws/src/core/core/install/planning_interfaces/include/planning_interfaces/srv/detail/trajectory_scoring__struct.h
-- Up-to-date: /home/roar/Desktop/projects/lilian/roar-gokart-ws/src/core/core/install/planning_interfaces/include/planning_interfaces/srv/detail/reset_trajectory_picker__functions.c
-- Up-to-date: /home/roar/Desktop/projects/lilian/roar-gokart-ws/src/core/core/install/planning_interfaces/include/planning_interfaces/srv/detail/trajectory_scoring__functions.c
-- Up-to-date: /home/roar/Desktop/projects/lilian/roar-gokart-ws/src/core/core/install/planning_interfaces/include/planning_interfaces/srv/detail/reset_trajectory_picker__type_support.h
-- Up-to-date: /home/roar/Desktop/projects/lilian/roar-gokart-ws/src/core/core/install/planning_interfaces/include/planning_interfaces/srv/detail/load_map__type_support.h
-- Up-to-date: /home/roar/Desktop/projects/lilian/roar-gokart-ws/src/core/core/install/planning_interfaces/include/planning_interfaces/srv/detail/reset_trajectory_picker__functions.h
-- Up-to-date: /home/roar/Desktop/projects/lilian/roar-gokart-ws/src/core/core/install/planning_interfaces/include/planning_interfaces/srv/detail/load_map__functions.c
-- Up-to-date: /home/roar/Desktop/projects/lilian/roar-gokart-ws/src/core/core/install/planning_interfaces/include/planning_interfaces/srv/detail/trajectory_scoring__functions.h
-- Up-to-date: /home/roar/Desktop/projects/lilian/roar-gokart-ws/src/core/core/install/planning_interfaces/include/planning_interfaces/srv/reset_trajectory_picker.h
-- Up-to-date: /home/roar/Desktop/projects/lilian/roar-gokart-ws/src/core/core/install/planning_interfaces/include/planning_interfaces/srv/trajectory_scoring.h
-- Up-to-date: /home/roar/Desktop/projects/lilian/roar-gokart-ws/src/core/core/install/planning_interfaces/include/planning_interfaces/srv/load_map.h
-- Up-to-date: /home/roar/Desktop/projects/lilian/roar-gokart-ws/src/core/core/install/planning_interfaces/share/planning_interfaces/environment/library_path.sh
-- Up-to-date: /home/roar/Desktop/projects/lilian/roar-gokart-ws/src/core/core/install/planning_interfaces/share/planning_interfaces/environment/library_path.dsv
-- Up-to-date: /home/roar/Desktop/projects/lilian/roar-gokart-ws/src/core/core/install/planning_interfaces/lib/libplanning_interfaces__rosidl_generator_c.so
-- Up-to-date: /home/roar/Desktop/projects/lilian/roar-gokart-ws/src/core/core/install/planning_interfaces/include/planning_interfaces
-- Up-to-date: /home/roar/Desktop/projects/lilian/roar-gokart-ws/src/core/core/install/planning_interfaces/include/planning_interfaces/msg
-- Up-to-date: /home/roar/Desktop/projects/lilian/roar-gokart-ws/src/core/core/install/planning_interfaces/include/planning_interfaces/msg/rosidl_typesupport_fastrtps_c__visibility_control.h
-- Up-to-date: /home/roar/Desktop/projects/lilian/roar-gokart-ws/src/core/core/install/planning_interfaces/include/planning_interfaces/msg/detail
-- Up-to-date: /home/roar/Desktop/projects/lilian/roar-gokart-ws/src/core/core/install/planning_interfaces/include/planning_interfaces/msg/detail/trajectory_score__rosidl_typesupport_fastrtps_c.h
-- Up-to-date: /home/roar/Desktop/projects/lilian/roar-gokart-ws/src/core/core/install/planning_interfaces/include/planning_interfaces/msg/detail/trajectory__rosidl_typesupport_fastrtps_c.h
-- Up-to-date: /home/roar/Desktop/projects/lilian/roar-gokart-ws/src/core/core/install/planning_interfaces/include/planning_interfaces/msg/detail/trajectories__rosidl_typesupport_fastrtps_c.h
-- Up-to-date: /home/roar/Desktop/projects/lilian/roar-gokart-ws/src/core/core/install/planning_interfaces/include/planning_interfaces/action
-- Up-to-date: /home/roar/Desktop/projects/lilian/roar-gokart-ws/src/core/core/install/planning_interfaces/include/planning_interfaces/action/detail
-- Up-to-date: /home/roar/Desktop/projects/lilian/roar-gokart-ws/src/core/core/install/planning_interfaces/include/planning_interfaces/action/detail/trajectory_generation__rosidl_typesupport_fastrtps_c.h
-- Up-to-date: /home/roar/Desktop/projects/lilian/roar-gokart-ws/src/core/core/install/planning_interfaces/include/planning_interfaces/srv
-- Up-to-date: /home/roar/Desktop/projects/lilian/roar-gokart-ws/src/core/core/install/planning_interfaces/include/planning_interfaces/srv/detail
-- Up-to-date: /home/roar/Desktop/projects/lilian/roar-gokart-ws/src/core/core/install/planning_interfaces/include/planning_interfaces/srv/detail/trajectory_scoring__rosidl_typesupport_fastrtps_c.h
-- Up-to-date: /home/roar/Desktop/projects/lilian/roar-gokart-ws/src/core/core/install/planning_interfaces/include/planning_interfaces/srv/detail/reset_trajectory_picker__rosidl_typesupport_fastrtps_c.h
-- Up-to-date: /home/roar/Desktop/projects/lilian/roar-gokart-ws/src/core/core/install/planning_interfaces/include/planning_interfaces/srv/detail/load_map__rosidl_typesupport_fastrtps_c.h
-- Up-to-date: /home/roar/Desktop/projects/lilian/roar-gokart-ws/src/core/core/install/planning_interfaces/lib/libplanning_interfaces__rosidl_typesupport_fastrtps_c.so
-- Up-to-date: /home/roar/Desktop/projects/lilian/roar-gokart-ws/src/core/core/install/planning_interfaces/include/planning_interfaces
-- Up-to-date: /home/roar/Desktop/projects/lilian/roar-gokart-ws/src/core/core/install/planning_interfaces/include/planning_interfaces/msg
-- Up-to-date: /home/roar/Desktop/projects/lilian/roar-gokart-ws/src/core/core/install/planning_interfaces/include/planning_interfaces/msg/detail
-- Up-to-date: /home/roar/Desktop/projects/lilian/roar-gokart-ws/src/core/core/install/planning_interfaces/include/planning_interfaces/msg/detail/trajectories__rosidl_typesupport_fastrtps_cpp.hpp
-- Up-to-date: /home/roar/Desktop/projects/lilian/roar-gokart-ws/src/core/core/install/planning_interfaces/include/planning_interfaces/msg/detail/trajectory_score__rosidl_typesupport_fastrtps_cpp.hpp
-- Up-to-date: /home/roar/Desktop/projects/lilian/roar-gokart-ws/src/core/core/install/planning_interfaces/include/planning_interfaces/msg/detail/dds_fastrtps
-- Up-to-date: /home/roar/Desktop/projects/lilian/roar-gokart-ws/src/core/core/install/planning_interfaces/include/planning_interfaces/msg/detail/trajectory__rosidl_typesupport_fastrtps_cpp.hpp
-- Up-to-date: /home/roar/Desktop/projects/lilian/roar-gokart-ws/src/core/core/install/planning_interfaces/include/planning_interfaces/msg/rosidl_typesupport_fastrtps_cpp__visibility_control.h
-- Up-to-date: /home/roar/Desktop/projects/lilian/roar-gokart-ws/src/core/core/install/planning_interfaces/include/planning_interfaces/action
-- Up-to-date: /home/roar/Desktop/projects/lilian/roar-gokart-ws/src/core/core/install/planning_interfaces/include/planning_interfaces/action/detail
-- Up-to-date: /home/roar/Desktop/projects/lilian/roar-gokart-ws/src/core/core/install/planning_interfaces/include/planning_interfaces/action/detail/dds_fastrtps
-- Up-to-date: /home/roar/Desktop/projects/lilian/roar-gokart-ws/src/core/core/install/planning_interfaces/include/planning_interfaces/action/detail/trajectory_generation__rosidl_typesupport_fastrtps_cpp.hpp
-- Up-to-date: /home/roar/Desktop/projects/lilian/roar-gokart-ws/src/core/core/install/planning_interfaces/include/planning_interfaces/srv
-- Up-to-date: /home/roar/Desktop/projects/lilian/roar-gokart-ws/src/core/core/install/planning_interfaces/include/planning_interfaces/srv/detail
-- Up-to-date: /home/roar/Desktop/projects/lilian/roar-gokart-ws/src/core/core/install/planning_interfaces/include/planning_interfaces/srv/detail/dds_fastrtps
-- Up-to-date: /home/roar/Desktop/projects/lilian/roar-gokart-ws/src/core/core/install/planning_interfaces/include/planning_interfaces/srv/detail/trajectory_scoring__rosidl_typesupport_fastrtps_cpp.hpp
-- Up-to-date: /home/roar/Desktop/projects/lilian/roar-gokart-ws/src/core/core/install/planning_interfaces/include/planning_interfaces/srv/detail/load_map__rosidl_typesupport_fastrtps_cpp.hpp
-- Up-to-date: /home/roar/Desktop/projects/lilian/roar-gokart-ws/src/core/core/install/planning_interfaces/include/planning_interfaces/srv/detail/reset_trajectory_picker__rosidl_typesupport_fastrtps_cpp.hpp
-- Up-to-date: /home/roar/Desktop/projects/lilian/roar-gokart-ws/src/core/core/install/planning_interfaces/lib/libplanning_interfaces__rosidl_typesupport_fastrtps_cpp.so
-- Up-to-date: /home/roar/Desktop/projects/lilian/roar-gokart-ws/src/core/core/install/planning_interfaces/include/planning_interfaces
-- Up-to-date: /home/roar/Desktop/projects/lilian/roar-gokart-ws/src/core/core/install/planning_interfaces/include/planning_interfaces/msg
-- Up-to-date: /home/roar/Desktop/projects/lilian/roar-gokart-ws/src/core/core/install/planning_interfaces/include/planning_interfaces/msg/detail
-- Up-to-date: /home/roar/Desktop/projects/lilian/roar-gokart-ws/src/core/core/install/planning_interfaces/include/planning_interfaces/msg/detail/trajectories__rosidl_typesupport_introspection_c.h
-- Up-to-date: /home/roar/Desktop/projects/lilian/roar-gokart-ws/src/core/core/install/planning_interfaces/include/planning_interfaces/msg/detail/trajectory__type_support.c
-- Up-to-date: /home/roar/Desktop/projects/lilian/roar-gokart-ws/src/core/core/install/planning_interfaces/include/planning_interfaces/msg/detail/trajectory__rosidl_typesupport_introspection_c.h
-- Up-to-date: /home/roar/Desktop/projects/lilian/roar-gokart-ws/src/core/core/install/planning_interfaces/include/planning_interfaces/msg/detail/trajectory_score__rosidl_typesupport_introspection_c.h
-- Up-to-date: /home/roar/Desktop/projects/lilian/roar-gokart-ws/src/core/core/install/planning_interfaces/include/planning_interfaces/msg/detail/trajectory_score__type_support.c
-- Up-to-date: /home/roar/Desktop/projects/lilian/roar-gokart-ws/src/core/core/install/planning_interfaces/include/planning_interfaces/msg/detail/trajectories__type_support.c
-- Up-to-date: /home/roar/Desktop/projects/lilian/roar-gokart-ws/src/core/core/install/planning_interfaces/include/planning_interfaces/msg/rosidl_typesupport_introspection_c__visibility_control.h
-- Up-to-date: /home/roar/Desktop/projects/lilian/roar-gokart-ws/src/core/core/install/planning_interfaces/include/planning_interfaces/action
-- Up-to-date: /home/roar/Desktop/projects/lilian/roar-gokart-ws/src/core/core/install/planning_interfaces/include/planning_interfaces/action/detail
-- Up-to-date: /home/roar/Desktop/projects/lilian/roar-gokart-ws/src/core/core/install/planning_interfaces/include/planning_interfaces/action/detail/trajectory_generation__type_support.c
-- Up-to-date: /home/roar/Desktop/projects/lilian/roar-gokart-ws/src/core/core/install/planning_interfaces/include/planning_interfaces/action/detail/trajectory_generation__rosidl_typesupport_introspection_c.h
-- Up-to-date: /home/roar/Desktop/projects/lilian/roar-gokart-ws/src/core/core/install/planning_interfaces/include/planning_interfaces/srv
-- Up-to-date: /home/roar/Desktop/projects/lilian/roar-gokart-ws/src/core/core/install/planning_interfaces/include/planning_interfaces/srv/detail
-- Up-to-date: /home/roar/Desktop/projects/lilian/roar-gokart-ws/src/core/core/install/planning_interfaces/include/planning_interfaces/srv/detail/load_map__type_support.c
-- Up-to-date: /home/roar/Desktop/projects/lilian/roar-gokart-ws/src/core/core/install/planning_interfaces/include/planning_interfaces/srv/detail/trajectory_scoring__type_support.c
-- Up-to-date: /home/roar/Desktop/projects/lilian/roar-gokart-ws/src/core/core/install/planning_interfaces/include/planning_interfaces/srv/detail/load_map__rosidl_typesupport_introspection_c.h
-- Up-to-date: /home/roar/Desktop/projects/lilian/roar-gokart-ws/src/core/core/install/planning_interfaces/include/planning_interfaces/srv/detail/trajectory_scoring__rosidl_typesupport_introspection_c.h
-- Up-to-date: /home/roar/Desktop/projects/lilian/roar-gokart-ws/src/core/core/install/planning_interfaces/include/planning_interfaces/srv/detail/reset_trajectory_picker__rosidl_typesupport_introspection_c.h
-- Up-to-date: /home/roar/Desktop/projects/lilian/roar-gokart-ws/src/core/core/install/planning_interfaces/include/planning_interfaces/srv/detail/reset_trajectory_picker__type_support.c
-- Up-to-date: /home/roar/Desktop/projects/lilian/roar-gokart-ws/src/core/core/install/planning_interfaces/lib/libplanning_interfaces__rosidl_typesupport_introspection_c.so
-- Up-to-date: /home/roar/Desktop/projects/lilian/roar-gokart-ws/src/core/core/install/planning_interfaces/lib/libplanning_interfaces__rosidl_typesupport_c.so
-- Up-to-date: /home/roar/Desktop/projects/lilian/roar-gokart-ws/src/core/core/install/planning_interfaces/include/planning_interfaces
-- Up-to-date: /home/roar/Desktop/projects/lilian/roar-gokart-ws/src/core/core/install/planning_interfaces/include/planning_interfaces/msg
-- Up-to-date: /home/roar/Desktop/projects/lilian/roar-gokart-ws/src/core/core/install/planning_interfaces/include/planning_interfaces/msg/trajectories.hpp
-- Up-to-date: /home/roar/Desktop/projects/lilian/roar-gokart-ws/src/core/core/install/planning_interfaces/include/planning_interfaces/msg/detail
-- Up-to-date: /home/roar/Desktop/projects/lilian/roar-gokart-ws/src/core/core/install/planning_interfaces/include/planning_interfaces/msg/detail/trajectory_score__traits.hpp
-- Up-to-date: /home/roar/Desktop/projects/lilian/roar-gokart-ws/src/core/core/install/planning_interfaces/include/planning_interfaces/msg/detail/trajectories__builder.hpp
-- Up-to-date: /home/roar/Desktop/projects/lilian/roar-gokart-ws/src/core/core/install/planning_interfaces/include/planning_interfaces/msg/detail/trajectories__traits.hpp
-- Up-to-date: /home/roar/Desktop/projects/lilian/roar-gokart-ws/src/core/core/install/planning_interfaces/include/planning_interfaces/msg/detail/trajectory_score__struct.hpp
-- Up-to-date: /home/roar/Desktop/projects/lilian/roar-gokart-ws/src/core/core/install/planning_interfaces/include/planning_interfaces/msg/detail/trajectory__struct.hpp
-- Up-to-date: /home/roar/Desktop/projects/lilian/roar-gokart-ws/src/core/core/install/planning_interfaces/include/planning_interfaces/msg/detail/trajectory__builder.hpp
-- Up-to-date: /home/roar/Desktop/projects/lilian/roar-gokart-ws/src/core/core/install/planning_interfaces/include/planning_interfaces/msg/detail/trajectory__traits.hpp
-- Up-to-date: /home/roar/Desktop/projects/lilian/roar-gokart-ws/src/core/core/install/planning_interfaces/include/planning_interfaces/msg/detail/trajectory_score__builder.hpp
-- Up-to-date: /home/roar/Desktop/projects/lilian/roar-gokart-ws/src/core/core/install/planning_interfaces/include/planning_interfaces/msg/detail/trajectories__struct.hpp
-- Up-to-date: /home/roar/Desktop/projects/lilian/roar-gokart-ws/src/core/core/install/planning_interfaces/include/planning_interfaces/msg/trajectory_score.hpp
-- Up-to-date: /home/roar/Desktop/projects/lilian/roar-gokart-ws/src/core/core/install/planning_interfaces/include/planning_interfaces/msg/trajectory.hpp
-- Up-to-date: /home/roar/Desktop/projects/lilian/roar-gokart-ws/src/core/core/install/planning_interfaces/include/planning_interfaces/action
-- Up-to-date: /home/roar/Desktop/projects/lilian/roar-gokart-ws/src/core/core/install/planning_interfaces/include/planning_interfaces/action/trajectory_generation.hpp
-- Up-to-date: /home/roar/Desktop/projects/lilian/roar-gokart-ws/src/core/core/install/planning_interfaces/include/planning_interfaces/action/detail
-- Up-to-date: /home/roar/Desktop/projects/lilian/roar-gokart-ws/src/core/core/install/planning_interfaces/include/planning_interfaces/action/detail/trajectory_generation__traits.hpp
-- Up-to-date: /home/roar/Desktop/projects/lilian/roar-gokart-ws/src/core/core/install/planning_interfaces/include/planning_interfaces/action/detail/trajectory_generation__struct.hpp
-- Up-to-date: /home/roar/Desktop/projects/lilian/roar-gokart-ws/src/core/core/install/planning_interfaces/include/planning_interfaces/action/detail/trajectory_generation__builder.hpp
-- Up-to-date: /home/roar/Desktop/projects/lilian/roar-gokart-ws/src/core/core/install/planning_interfaces/include/planning_interfaces/srv
-- Up-to-date: /home/roar/Desktop/projects/lilian/roar-gokart-ws/src/core/core/install/planning_interfaces/include/planning_interfaces/srv/detail
-- Up-to-date: /home/roar/Desktop/projects/lilian/roar-gokart-ws/src/core/core/install/planning_interfaces/include/planning_interfaces/srv/detail/load_map__struct.hpp
-- Up-to-date: /home/roar/Desktop/projects/lilian/roar-gokart-ws/src/core/core/install/planning_interfaces/include/planning_interfaces/srv/detail/trajectory_scoring__builder.hpp
-- Up-to-date: /home/roar/Desktop/projects/lilian/roar-gokart-ws/src/core/core/install/planning_interfaces/include/planning_interfaces/srv/detail/load_map__traits.hpp
-- Up-to-date: /home/roar/Desktop/projects/lilian/roar-gokart-ws/src/core/core/install/planning_interfaces/include/planning_interfaces/srv/detail/reset_trajectory_picker__traits.hpp
-- Up-to-date: /home/roar/Desktop/projects/lilian/roar-gokart-ws/src/core/core/install/planning_interfaces/include/planning_interfaces/srv/detail/load_map__builder.hpp
-- Up-to-date: /home/roar/Desktop/projects/lilian/roar-gokart-ws/src/core/core/install/planning_interfaces/include/planning_interfaces/srv/detail/reset_trajectory_picker__struct.hpp
-- Up-to-date: /home/roar/Desktop/projects/lilian/roar-gokart-ws/src/core/core/install/planning_interfaces/include/planning_interfaces/srv/detail/reset_trajectory_picker__builder.hpp
-- Up-to-date: /home/roar/Desktop/projects/lilian/roar-gokart-ws/src/core/core/install/planning_interfaces/include/planning_interfaces/srv/detail/trajectory_scoring__struct.hpp
-- Up-to-date: /home/roar/Desktop/projects/lilian/roar-gokart-ws/src/core/core/install/planning_interfaces/include/planning_interfaces/srv/detail/trajectory_scoring__traits.hpp
-- Up-to-date: /home/roar/Desktop/projects/lilian/roar-gokart-ws/src/core/core/install/planning_interfaces/include/planning_interfaces/srv/load_map.hpp
-- Up-to-date: /home/roar/Desktop/projects/lilian/roar-gokart-ws/src/core/core/install/planning_interfaces/include/planning_interfaces/srv/trajectory_scoring.hpp
-- Up-to-date: /home/roar/Desktop/projects/lilian/roar-gokart-ws/src/core/core/install/planning_interfaces/include/planning_interfaces/srv/reset_trajectory_picker.hpp
-- Up-to-date: /home/roar/Desktop/projects/lilian/roar-gokart-ws/src/core/core/install/planning_interfaces/include/planning_interfaces
-- Up-to-date: /home/roar/Desktop/projects/lilian/roar-gokart-ws/src/core/core/install/planning_interfaces/include/planning_interfaces/msg
-- Up-to-date: /home/roar/Desktop/projects/lilian/roar-gokart-ws/src/core/core/install/planning_interfaces/include/planning_interfaces/msg/detail
-- Up-to-date: /home/roar/Desktop/projects/lilian/roar-gokart-ws/src/core/core/install/planning_interfaces/include/planning_interfaces/msg/detail/trajectory_score__rosidl_typesupport_introspection_cpp.hpp
-- Up-to-date: /home/roar/Desktop/projects/lilian/roar-gokart-ws/src/core/core/install/planning_interfaces/include/planning_interfaces/msg/detail/trajectories__rosidl_typesupport_introspection_cpp.hpp
-- Up-to-date: /home/roar/Desktop/projects/lilian/roar-gokart-ws/src/core/core/install/planning_interfaces/include/planning_interfaces/msg/detail/trajectory__type_support.cpp
-- Up-to-date: /home/roar/Desktop/projects/lilian/roar-gokart-ws/src/core/core/install/planning_interfaces/include/planning_interfaces/msg/detail/trajectories__type_support.cpp
-- Up-to-date: /home/roar/Desktop/projects/lilian/roar-gokart-ws/src/core/core/install/planning_interfaces/include/planning_interfaces/msg/detail/trajectory_score__type_support.cpp
-- Up-to-date: /home/roar/Desktop/projects/lilian/roar-gokart-ws/src/core/core/install/planning_interfaces/include/planning_interfaces/msg/detail/trajectory__rosidl_typesupport_introspection_cpp.hpp
-- Up-to-date: /home/roar/Desktop/projects/lilian/roar-gokart-ws/src/core/core/install/planning_interfaces/include/planning_interfaces/action
-- Up-to-date: /home/roar/Desktop/projects/lilian/roar-gokart-ws/src/core/core/install/planning_interfaces/include/planning_interfaces/action/detail
-- Up-to-date: /home/roar/Desktop/projects/lilian/roar-gokart-ws/src/core/core/install/planning_interfaces/include/planning_interfaces/action/detail/trajectory_generation__rosidl_typesupport_introspection_cpp.hpp
-- Up-to-date: /home/roar/Desktop/projects/lilian/roar-gokart-ws/src/core/core/install/planning_interfaces/include/planning_interfaces/action/detail/trajectory_generation__type_support.cpp
-- Up-to-date: /home/roar/Desktop/projects/lilian/roar-gokart-ws/src/core/core/install/planning_interfaces/include/planning_interfaces/srv
-- Up-to-date: /home/roar/Desktop/projects/lilian/roar-gokart-ws/src/core/core/install/planning_interfaces/include/planning_interfaces/srv/detail
-- Up-to-date: /home/roar/Desktop/projects/lilian/roar-gokart-ws/src/core/core/install/planning_interfaces/include/planning_interfaces/srv/detail/reset_trajectory_picker__type_support.cpp
-- Up-to-date: /home/roar/Desktop/projects/lilian/roar-gokart-ws/src/core/core/install/planning_interfaces/include/planning_interfaces/srv/detail/trajectory_scoring__rosidl_typesupport_introspection_cpp.hpp
-- Up-to-date: /home/roar/Desktop/projects/lilian/roar-gokart-ws/src/core/core/install/planning_interfaces/include/planning_interfaces/srv/detail/load_map__type_support.cpp
-- Up-to-date: /home/roar/Desktop/projects/lilian/roar-gokart-ws/src/core/core/install/planning_interfaces/include/planning_interfaces/srv/detail/reset_trajectory_picker__rosidl_typesupport_introspection_cpp.hpp
-- Up-to-date: /home/roar/Desktop/projects/lilian/roar-gokart-ws/src/core/core/install/planning_interfaces/include/planning_interfaces/srv/detail/trajectory_scoring__type_support.cpp
-- Up-to-date: /home/roar/Desktop/projects/lilian/roar-gokart-ws/src/core/core/install/planning_interfaces/include/planning_interfaces/srv/detail/load_map__rosidl_typesupport_introspection_cpp.hpp
-- Up-to-date: /home/roar/Desktop/projects/lilian/roar-gokart-ws/src/core/core/install/planning_interfaces/lib/libplanning_interfaces__rosidl_typesupport_introspection_cpp.so
-- Up-to-date: /home/roar/Desktop/projects/lilian/roar-gokart-ws/src/core/core/install/planning_interfaces/lib/libplanning_interfaces__rosidl_typesupport_cpp.so
-- Up-to-date: /home/roar/Desktop/projects/lilian/roar-gokart-ws/src/core/core/install/planning_interfaces/share/planning_interfaces/environment/pythonpath.sh
-- Up-to-date: /home/roar/Desktop/projects/lilian/roar-gokart-ws/src/core/core/install/planning_interfaces/share/planning_interfaces/environment/pythonpath.dsv
-- Up-to-date: /home/roar/Desktop/projects/lilian/roar-gokart-ws/src/core/core/install/planning_interfaces/lib/python3.8/site-packages/planning_interfaces/__init__.py
-- Up-to-date: /home/roar/Desktop/projects/lilian/roar-gokart-ws/src/core/core/install/planning_interfaces/lib/python3.8/site-packages/planning_interfaces/msg
-- Up-to-date: /home/roar/Desktop/projects/lilian/roar-gokart-ws/src/core/core/install/planning_interfaces/lib/python3.8/site-packages/planning_interfaces/msg/_trajectories.py
-- Up-to-date: /home/roar/Desktop/projects/lilian/roar-gokart-ws/src/core/core/install/planning_interfaces/lib/python3.8/site-packages/planning_interfaces/msg/_trajectories_s.c
-- Up-to-date: /home/roar/Desktop/projects/lilian/roar-gokart-ws/src/core/core/install/planning_interfaces/lib/python3.8/site-packages/planning_interfaces/msg/__init__.py
-- Up-to-date: /home/roar/Desktop/projects/lilian/roar-gokart-ws/src/core/core/install/planning_interfaces/lib/python3.8/site-packages/planning_interfaces/msg/_trajectory_score_s.c
-- Up-to-date: /home/roar/Desktop/projects/lilian/roar-gokart-ws/src/core/core/install/planning_interfaces/lib/python3.8/site-packages/planning_interfaces/msg/_trajectory.py
-- Up-to-date: /home/roar/Desktop/projects/lilian/roar-gokart-ws/src/core/core/install/planning_interfaces/lib/python3.8/site-packages/planning_interfaces/msg/_trajectory_score.py
-- Up-to-date: /home/roar/Desktop/projects/lilian/roar-gokart-ws/src/core/core/install/planning_interfaces/lib/python3.8/site-packages/planning_interfaces/msg/_trajectory_s.c
-- Up-to-date: /home/roar/Desktop/projects/lilian/roar-gokart-ws/src/core/core/install/planning_interfaces/lib/python3.8/site-packages/planning_interfaces/srv
-- Up-to-date: /home/roar/Desktop/projects/lilian/roar-gokart-ws/src/core/core/install/planning_interfaces/lib/python3.8/site-packages/planning_interfaces/srv/_load_map_s.c
-- Up-to-date: /home/roar/Desktop/projects/lilian/roar-gokart-ws/src/core/core/install/planning_interfaces/lib/python3.8/site-packages/planning_interfaces/srv/_reset_trajectory_picker.py
-- Up-to-date: /home/roar/Desktop/projects/lilian/roar-gokart-ws/src/core/core/install/planning_interfaces/lib/python3.8/site-packages/planning_interfaces/srv/__init__.py
-- Up-to-date: /home/roar/Desktop/projects/lilian/roar-gokart-ws/src/core/core/install/planning_interfaces/lib/python3.8/site-packages/planning_interfaces/srv/_reset_trajectory_picker_s.c
-- Up-to-date: /home/roar/Desktop/projects/lilian/roar-gokart-ws/src/core/core/install/planning_interfaces/lib/python3.8/site-packages/planning_interfaces/srv/_load_map.py
-- Up-to-date: /home/roar/Desktop/projects/lilian/roar-gokart-ws/src/core/core/install/planning_interfaces/lib/python3.8/site-packages/planning_interfaces/srv/_trajectory_scoring.py
-- Up-to-date: /home/roar/Desktop/projects/lilian/roar-gokart-ws/src/core/core/install/planning_interfaces/lib/python3.8/site-packages/planning_interfaces/srv/_trajectory_scoring_s.c
-- Up-to-date: /home/roar/Desktop/projects/lilian/roar-gokart-ws/src/core/core/install/planning_interfaces/lib/python3.8/site-packages/planning_interfaces/action
-- Up-to-date: /home/roar/Desktop/projects/lilian/roar-gokart-ws/src/core/core/install/planning_interfaces/lib/python3.8/site-packages/planning_interfaces/action/_trajectory_generation_s.c
-- Up-to-date: /home/roar/Desktop/projects/lilian/roar-gokart-ws/src/core/core/install/planning_interfaces/lib/python3.8/site-packages/planning_interfaces/action/__init__.py
-- Up-to-date: /home/roar/Desktop/projects/lilian/roar-gokart-ws/src/core/core/install/planning_interfaces/lib/python3.8/site-packages/planning_interfaces/action/_trajectory_generation.py
-- Up-to-date: /home/roar/Desktop/projects/lilian/roar-gokart-ws/src/core/core/install/planning_interfaces/lib/python3.8/site-packages/planning_interfaces/planning_interfaces_s__rosidl_typesupport_fastrtps_c.cpython-38-x86_64-linux-gnu.so
-- Up-to-date: /home/roar/Desktop/projects/lilian/roar-gokart-ws/src/core/core/install/planning_interfaces/lib/python3.8/site-packages/planning_interfaces/planning_interfaces_s__rosidl_typesupport_introspection_c.cpython-38-x86_64-linux-gnu.so
-- Up-to-date: /home/roar/Desktop/projects/lilian/roar-gokart-ws/src/core/core/install/planning_interfaces/lib/python3.8/site-packages/planning_interfaces/planning_interfaces_s__rosidl_typesupport_c.cpython-38-x86_64-linux-gnu.so
-- Up-to-date: /home/roar/Desktop/projects/lilian/roar-gokart-ws/src/core/core/install/planning_interfaces/lib/libplanning_interfaces__python.so
-- Up-to-date: /home/roar/Desktop/projects/lilian/roar-gokart-ws/src/core/core/install/planning_interfaces/share/planning_interfaces/msg/Trajectories.idl
-- Up-to-date: /home/roar/Desktop/projects/lilian/roar-gokart-ws/src/core/core/install/planning_interfaces/share/planning_interfaces/msg/TrajectoryScore.idl
-- Up-to-date: /home/roar/Desktop/projects/lilian/roar-gokart-ws/src/core/core/install/planning_interfaces/share/planning_interfaces/msg/Trajectory.idl
-- Up-to-date: /home/roar/Desktop/projects/lilian/roar-gokart-ws/src/core/core/install/planning_interfaces/share/planning_interfaces/srv/TrajectoryScoring.idl
-- Up-to-date: /home/roar/Desktop/projects/lilian/roar-gokart-ws/src/core/core/install/planning_interfaces/share/planning_interfaces/srv/ResetTrajectoryPicker.idl
-- Up-to-date: /home/roar/Desktop/projects/lilian/roar-gokart-ws/src/core/core/install/planning_interfaces/share/planning_interfaces/srv/LoadMap.idl
-- Up-to-date: /home/roar/Desktop/projects/lilian/roar-gokart-ws/src/core/core/install/planning_interfaces/share/planning_interfaces/action/TrajectoryGeneration.idl
-- Up-to-date: /home/roar/Desktop/projects/lilian/roar-gokart-ws/src/core/core/install/planning_interfaces/share/planning_interfaces/msg/Trajectories.msg
-- Up-to-date: /home/roar/Desktop/projects/lilian/roar-gokart-ws/src/core/core/install/planning_interfaces/share/planning_interfaces/msg/TrajectoryScore.msg
-- Up-to-date: /home/roar/Desktop/projects/lilian/roar-gokart-ws/src/core/core/install/planning_interfaces/share/planning_interfaces/msg/Trajectory.msg
-- Up-to-date: /home/roar/Desktop/projects/lilian/roar-gokart-ws/src/core/core/install/planning_interfaces/share/planning_interfaces/srv/TrajectoryScoring.srv
-- Up-to-date: /home/roar/Desktop/projects/lilian/roar-gokart-ws/src/core/core/install/planning_interfaces/share/planning_interfaces/srv/TrajectoryScoring_Request.msg
-- Up-to-date: /home/roar/Desktop/projects/lilian/roar-gokart-ws/src/core/core/install/planning_interfaces/share/planning_interfaces/srv/TrajectoryScoring_Response.msg
-- Up-to-date: /home/roar/Desktop/projects/lilian/roar-gokart-ws/src/core/core/install/planning_interfaces/share/planning_interfaces/srv/ResetTrajectoryPicker.srv
-- Up-to-date: /home/roar/Desktop/projects/lilian/roar-gokart-ws/src/core/core/install/planning_interfaces/share/planning_interfaces/srv/ResetTrajectoryPicker_Request.msg
-- Up-to-date: /home/roar/Desktop/projects/lilian/roar-gokart-ws/src/core/core/install/planning_interfaces/share/planning_interfaces/srv/ResetTrajectoryPicker_Response.msg
-- Up-to-date: /home/roar/Desktop/projects/lilian/roar-gokart-ws/src/core/core/install/planning_interfaces/share/planning_interfaces/srv/LoadMap.srv
-- Up-to-date: /home/roar/Desktop/projects/lilian/roar-gokart-ws/src/core/core/install/planning_interfaces/share/planning_interfaces/srv/LoadMap_Request.msg
-- Up-to-date: /home/roar/Desktop/projects/lilian/roar-gokart-ws/src/core/core/install/planning_interfaces/share/planning_interfaces/srv/LoadMap_Response.msg
-- Up-to-date: /home/roar/Desktop/projects/lilian/roar-gokart-ws/src/core/core/install/planning_interfaces/share/planning_interfaces/action/TrajectoryGeneration.action
-- Up-to-date: /home/roar/Desktop/projects/lilian/roar-gokart-ws/src/core/core/install/planning_interfaces/share/ament_index/resource_index/package_run_dependencies/planning_interfaces
-- Up-to-date: /home/roar/Desktop/projects/lilian/roar-gokart-ws/src/core/core/install/planning_interfaces/share/ament_index/resource_index/parent_prefix_path/planning_interfaces
-- Up-to-date: /home/roar/Desktop/projects/lilian/roar-gokart-ws/src/core/core/install/planning_interfaces/share/planning_interfaces/environment/ament_prefix_path.sh
-- Up-to-date: /home/roar/Desktop/projects/lilian/roar-gokart-ws/src/core/core/install/planning_interfaces/share/planning_interfaces/environment/ament_prefix_path.dsv
-- Up-to-date: /home/roar/Desktop/projects/lilian/roar-gokart-ws/src/core/core/install/planning_interfaces/share/planning_interfaces/environment/path.sh
-- Up-to-date: /home/roar/Desktop/projects/lilian/roar-gokart-ws/src/core/core/install/planning_interfaces/share/planning_interfaces/environment/path.dsv
-- Up-to-date: /home/roar/Desktop/projects/lilian/roar-gokart-ws/src/core/core/install/planning_interfaces/share/planning_interfaces/local_setup.bash
-- Up-to-date: /home/roar/Desktop/projects/lilian/roar-gokart-ws/src/core/core/install/planning_interfaces/share/planning_interfaces/local_setup.sh
-- Up-to-date: /home/roar/Desktop/projects/lilian/roar-gokart-ws/src/core/core/install/planning_interfaces/share/planning_interfaces/local_setup.zsh
-- Up-to-date: /home/roar/Desktop/projects/lilian/roar-gokart-ws/src/core/core/install/planning_interfaces/share/planning_interfaces/local_setup.dsv
-- Installing: /home/roar/Desktop/projects/lilian/roar-gokart-ws/src/core/core/install/planning_interfaces/share/planning_interfaces/package.dsv
-- Up-to-date: /home/roar/Desktop/projects/lilian/roar-gokart-ws/src/core/core/install/planning_interfaces/share/ament_index/resource_index/packages/planning_interfaces
-- Up-to-date: /home/roar/Desktop/projects/lilian/roar-gokart-ws/src/core/core/install/planning_interfaces/share/planning_interfaces/cmake/planning_interfaces__rosidl_generator_cExport.cmake
-- Up-to-date: /home/roar/Desktop/projects/lilian/roar-gokart-ws/src/core/core/install/planning_interfaces/share/planning_interfaces/cmake/planning_interfaces__rosidl_generator_cExport-noconfig.cmake
-- Up-to-date: /home/roar/Desktop/projects/lilian/roar-gokart-ws/src/core/core/install/planning_interfaces/share/planning_interfaces/cmake/planning_interfaces__rosidl_typesupport_introspection_cExport.cmake
-- Up-to-date: /home/roar/Desktop/projects/lilian/roar-gokart-ws/src/core/core/install/planning_interfaces/share/planning_interfaces/cmake/planning_interfaces__rosidl_typesupport_introspection_cExport-noconfig.cmake
-- Up-to-date: /home/roar/Desktop/projects/lilian/roar-gokart-ws/src/core/core/install/planning_interfaces/share/planning_interfaces/cmake/planning_interfaces__rosidl_typesupport_cExport.cmake
-- Up-to-date: /home/roar/Desktop/projects/lilian/roar-gokart-ws/src/core/core/install/planning_interfaces/share/planning_interfaces/cmake/planning_interfaces__rosidl_typesupport_cExport-noconfig.cmake
-- Up-to-date: /home/roar/Desktop/projects/lilian/roar-gokart-ws/src/core/core/install/planning_interfaces/share/planning_interfaces/cmake/planning_interfaces__rosidl_generator_cppExport.cmake
-- Up-to-date: /home/roar/Desktop/projects/lilian/roar-gokart-ws/src/core/core/install/planning_interfaces/share/planning_interfaces/cmake/planning_interfaces__rosidl_typesupport_introspection_cppExport.cmake
-- Up-to-date: /home/roar/Desktop/projects/lilian/roar-gokart-ws/src/core/core/install/planning_interfaces/share/planning_interfaces/cmake/planning_interfaces__rosidl_typesupport_introspection_cppExport-noconfig.cmake
-- Up-to-date: /home/roar/Desktop/projects/lilian/roar-gokart-ws/src/core/core/install/planning_interfaces/share/planning_interfaces/cmake/planning_interfaces__rosidl_typesupport_cppExport.cmake
-- Up-to-date: /home/roar/Desktop/projects/lilian/roar-gokart-ws/src/core/core/install/planning_interfaces/share/planning_interfaces/cmake/planning_interfaces__rosidl_typesupport_cppExport-noconfig.cmake
-- Up-to-date: /home/roar/Desktop/projects/lilian/roar-gokart-ws/src/core/core/install/planning_interfaces/share/planning_interfaces/cmake/rosidl_cmake-extras.cmake
-- Up-to-date: /home/roar/Desktop/projects/lilian/roar-gokart-ws/src/core/core/install/planning_interfaces/share/planning_interfaces/cmake/ament_cmake_export_dependencies-extras.cmake
-- Up-to-date: /home/roar/Desktop/projects/lilian/roar-gokart-ws/src/core/core/install/planning_interfaces/share/planning_interfaces/cmake/ament_cmake_export_libraries-extras.cmake
-- Up-to-date: /home/roar/Desktop/projects/lilian/roar-gokart-ws/src/core/core/install/planning_interfaces/share/planning_interfaces/cmake/ament_cmake_export_targets-extras.cmake
-- Up-to-date: /home/roar/Desktop/projects/lilian/roar-gokart-ws/src/core/core/install/planning_interfaces/share/planning_interfaces/cmake/ament_cmake_export_include_directories-extras.cmake
-- Up-to-date: /home/roar/Desktop/projects/lilian/roar-gokart-ws/src/core/core/install/planning_interfaces/share/planning_interfaces/cmake/rosidl_cmake_export_typesupport_libraries-extras.cmake
-- Up-to-date: /home/roar/Desktop/projects/lilian/roar-gokart-ws/src/core/core/install/planning_interfaces/share/planning_interfaces/cmake/rosidl_cmake_export_typesupport_targets-extras.cmake
-- Up-to-date: /home/roar/Desktop/projects/lilian/roar-gokart-ws/src/core/core/install/planning_interfaces/share/planning_interfaces/cmake/planning_interfacesConfig.cmake
-- Up-to-date: /home/roar/Desktop/projects/lilian/roar-gokart-ws/src/core/core/install/planning_interfaces/share/planning_interfaces/cmake/planning_interfacesConfig-version.cmake
-- Up-to-date: /home/roar/Desktop/projects/lilian/roar-gokart-ws/src/core/core/install/planning_interfaces/share/planning_interfaces/package.xml
