[0.064s] Invoking command in '/home/roar/Desktop/projects/lilian/roar-gokart-ws/src/core/core/build/planning_interfaces': CMAKE_PREFIX_PATH=${CMAKE_PREFIX_PATH}:/home/roar/Desktop/projects/lilian/roar-gokart-ws/install/waypoint_recorder:/home/roar/Desktop/projects/lilian/roar-gokart-ws/install/roar_carla_manual_controller:/home/roar/Desktop/projects/lilian/roar-gokart-ws/install/roar_carla_interface:/home/roar/Desktop/projects/lilian/roar-gokart-ws/install/roar_manual_control:/home/roar/carla-ros-bridge/install/rqt_carla_control:/home/roar/carla-ros-bridge/install/carla_waypoint_publisher:/home/roar/carla-ros-bridge/install/carla_ackermann_control:/home/roar/carla-ros-bridge/install/carla_ros_bridge:/home/roar/carla-ros-bridge/install/carla_spawn_objects:/home/roar/carla-ros-bridge/install/carla_manual_control:/home/roar/carla-ros-bridge/install/carla_ad_agent:/home/roar/carla-ros-bridge/install/ros_compatibility:/home/roar/carla-ros-bridge/install/carla_walker_agent:/home/roar/carla-ros-bridge/install/carla_twist_to_control:/home/roar/carla-ros-bridge/install/carla_ros_scenario_runner:/home/roar/carla-ros-bridge/install/carla_common:/opt/ros/foxy /usr/bin/cmake --build /home/roar/Desktop/projects/lilian/roar-gokart-ws/src/core/core/build/planning_interfaces -- -j16 -l16
[0.126s] [  1%] Built target planning_interfaces__cpp
[0.135s] [ 12%] Built target planning_interfaces__rosidl_generator_c
[0.161s] [ 31%] Built target planning_interfaces__rosidl_typesupport_introspection_cpp
[0.161s] [ 35%] Built target planning_interfaces__rosidl_typesupport_cpp
[0.172s] [ 46%] Built target planning_interfaces__rosidl_typesupport_fastrtps_cpp
[0.172s] [ 58%] Built target planning_interfaces__rosidl_typesupport_c
[0.176s] [ 69%] Built target planning_interfaces__rosidl_typesupport_introspection_c
[0.201s] [ 81%] Built target planning_interfaces__rosidl_typesupport_fastrtps_c
[0.221s] [ 81%] Built target planning_interfaces
[0.242s] [ 82%] Built target planning_interfaces__py
[0.275s] [ 92%] Built target planning_interfaces__python
[0.304s] [ 94%] Built target planning_interfaces__rosidl_typesupport_introspection_c__pyext
[0.304s] [ 98%] Built target planning_interfaces__rosidl_typesupport_c__pyext
[0.304s] [100%] Built target planning_interfaces__rosidl_typesupport_fastrtps_c__pyext
[0.398s] Invoked command in '/home/roar/Desktop/projects/lilian/roar-gokart-ws/src/core/core/build/planning_interfaces' returned '0': CMAKE_PREFIX_PATH=${CMAKE_PREFIX_PATH}:/home/roar/Desktop/projects/lilian/roar-gokart-ws/install/waypoint_recorder:/home/roar/Desktop/projects/lilian/roar-gokart-ws/install/roar_carla_manual_controller:/home/roar/Desktop/projects/lilian/roar-gokart-ws/install/roar_carla_interface:/home/roar/Desktop/projects/lilian/roar-gokart-ws/install/roar_manual_control:/home/roar/carla-ros-bridge/install/rqt_carla_control:/home/roar/carla-ros-bridge/install/carla_waypoint_publisher:/home/roar/carla-ros-bridge/install/carla_ackermann_control:/home/roar/carla-ros-bridge/install/carla_ros_bridge:/home/roar/carla-ros-bridge/install/carla_spawn_objects:/home/roar/carla-ros-bridge/install/carla_manual_control:/home/roar/carla-ros-bridge/install/carla_ad_agent:/home/roar/carla-ros-bridge/install/ros_compatibility:/home/roar/carla-ros-bridge/install/carla_walker_agent:/home/roar/carla-ros-bridge/install/carla_twist_to_control:/home/roar/carla-ros-bridge/install/carla_ros_scenario_runner:/home/roar/carla-ros-bridge/install/carla_common:/opt/ros/foxy /usr/bin/cmake --build /home/roar/Desktop/projects/lilian/roar-gokart-ws/src/core/core/build/planning_interfaces -- -j16 -l16
[0.562s] Invoking command in '/home/roar/Desktop/projects/lilian/roar-gokart-ws/src/core/core/build/planning_interfaces': CMAKE_PREFIX_PATH=${CMAKE_PREFIX_PATH}:/home/roar/Desktop/projects/lilian/roar-gokart-ws/install/waypoint_recorder:/home/roar/Desktop/projects/lilian/roar-gokart-ws/install/roar_carla_manual_controller:/home/roar/Desktop/projects/lilian/roar-gokart-ws/install/roar_carla_interface:/home/roar/Desktop/projects/lilian/roar-gokart-ws/install/roar_manual_control:/home/roar/carla-ros-bridge/install/rqt_carla_control:/home/roar/carla-ros-bridge/install/carla_waypoint_publisher:/home/roar/carla-ros-bridge/install/carla_ackermann_control:/home/roar/carla-ros-bridge/install/carla_ros_bridge:/home/roar/carla-ros-bridge/install/carla_spawn_objects:/home/roar/carla-ros-bridge/install/carla_manual_control:/home/roar/carla-ros-bridge/install/carla_ad_agent:/home/roar/carla-ros-bridge/install/ros_compatibility:/home/roar/carla-ros-bridge/install/carla_walker_agent:/home/roar/carla-ros-bridge/install/carla_twist_to_control:/home/roar/carla-ros-bridge/install/carla_ros_scenario_runner:/home/roar/carla-ros-bridge/install/carla_common:/opt/ros/foxy /usr/bin/cmake --install /home/roar/Desktop/projects/lilian/roar-gokart-ws/src/core/core/build/planning_interfaces
[0.563s] -- Install configuration: ""
[0.563s] -- Up-to-date: /home/roar/Desktop/projects/lilian/roar-gokart-ws/src/core/core/install/planning_interfaces/share/ament_index/resource_index/rosidl_interfaces/planning_interfaces
[0.563s] -- Up-to-date: /home/roar/Desktop/projects/lilian/roar-gokart-ws/src/core/core/install/planning_interfaces/include/planning_interfaces
[0.563s] -- Up-to-date: /home/roar/Desktop/projects/lilian/roar-gokart-ws/src/core/core/install/planning_interfaces/include/planning_interfaces/msg
[0.563s] -- Up-to-date: /home/roar/Desktop/projects/lilian/roar-gokart-ws/src/core/core/install/planning_interfaces/include/planning_interfaces/msg/detail
[0.563s] -- Up-to-date: /home/roar/Desktop/projects/lilian/roar-gokart-ws/src/core/core/install/planning_interfaces/include/planning_interfaces/msg/detail/trajectories__functions.c
[0.565s] -- Up-to-date: /home/roar/Desktop/projects/lilian/roar-gokart-ws/src/core/core/install/planning_interfaces/include/planning_interfaces/msg/detail/trajectory_score__functions.c
[0.565s] -- Up-to-date: /home/roar/Desktop/projects/lilian/roar-gokart-ws/src/core/core/install/planning_interfaces/include/planning_interfaces/msg/detail/trajectories__struct.h
[0.565s] -- Up-to-date: /home/roar/Desktop/projects/lilian/roar-gokart-ws/src/core/core/install/planning_interfaces/include/planning_interfaces/msg/detail/trajectory__struct.h
[0.565s] -- Up-to-date: /home/roar/Desktop/projects/lilian/roar-gokart-ws/src/core/core/install/planning_interfaces/include/planning_interfaces/msg/detail/trajectory__type_support.h
[0.565s] -- Up-to-date: /home/roar/Desktop/projects/lilian/roar-gokart-ws/src/core/core/install/planning_interfaces/include/planning_interfaces/msg/detail/trajectories__functions.h
[0.565s] -- Up-to-date: /home/roar/Desktop/projects/lilian/roar-gokart-ws/src/core/core/install/planning_interfaces/include/planning_interfaces/msg/detail/trajectory_score__type_support.h
[0.565s] -- Up-to-date: /home/roar/Desktop/projects/lilian/roar-gokart-ws/src/core/core/install/planning_interfaces/include/planning_interfaces/msg/detail/trajectory__functions.h
[0.566s] -- Up-to-date: /home/roar/Desktop/projects/lilian/roar-gokart-ws/src/core/core/install/planning_interfaces/include/planning_interfaces/msg/detail/trajectory_score__struct.h
[0.566s] -- Up-to-date: /home/roar/Desktop/projects/lilian/roar-gokart-ws/src/core/core/install/planning_interfaces/include/planning_interfaces/msg/detail/trajectory_score__functions.h
[0.566s] -- Up-to-date: /home/roar/Desktop/projects/lilian/roar-gokart-ws/src/core/core/install/planning_interfaces/include/planning_interfaces/msg/detail/trajectories__type_support.h
[0.566s] -- Up-to-date: /home/roar/Desktop/projects/lilian/roar-gokart-ws/src/core/core/install/planning_interfaces/include/planning_interfaces/msg/detail/trajectory__functions.c
[0.566s] -- Up-to-date: /home/roar/Desktop/projects/lilian/roar-gokart-ws/src/core/core/install/planning_interfaces/include/planning_interfaces/msg/trajectories.h
[0.566s] -- Up-to-date: /home/roar/Desktop/projects/lilian/roar-gokart-ws/src/core/core/install/planning_interfaces/include/planning_interfaces/msg/trajectory.h
[0.566s] -- Up-to-date: /home/roar/Desktop/projects/lilian/roar-gokart-ws/src/core/core/install/planning_interfaces/include/planning_interfaces/msg/trajectory_score.h
[0.567s] -- Up-to-date: /home/roar/Desktop/projects/lilian/roar-gokart-ws/src/core/core/install/planning_interfaces/include/planning_interfaces/msg/rosidl_generator_c__visibility_control.h
[0.567s] -- Up-to-date: /home/roar/Desktop/projects/lilian/roar-gokart-ws/src/core/core/install/planning_interfaces/include/planning_interfaces/action
[0.567s] -- Up-to-date: /home/roar/Desktop/projects/lilian/roar-gokart-ws/src/core/core/install/planning_interfaces/include/planning_interfaces/action/detail
[0.567s] -- Up-to-date: /home/roar/Desktop/projects/lilian/roar-gokart-ws/src/core/core/install/planning_interfaces/include/planning_interfaces/action/detail/trajectory_generation__functions.c
[0.567s] -- Up-to-date: /home/roar/Desktop/projects/lilian/roar-gokart-ws/src/core/core/install/planning_interfaces/include/planning_interfaces/action/detail/trajectory_generation__type_support.h
[0.567s] -- Up-to-date: /home/roar/Desktop/projects/lilian/roar-gokart-ws/src/core/core/install/planning_interfaces/include/planning_interfaces/action/detail/trajectory_generation__functions.h
[0.567s] -- Up-to-date: /home/roar/Desktop/projects/lilian/roar-gokart-ws/src/core/core/install/planning_interfaces/include/planning_interfaces/action/detail/trajectory_generation__struct.h
[0.567s] -- Up-to-date: /home/roar/Desktop/projects/lilian/roar-gokart-ws/src/core/core/install/planning_interfaces/include/planning_interfaces/action/trajectory_generation.h
[0.567s] -- Up-to-date: /home/roar/Desktop/projects/lilian/roar-gokart-ws/src/core/core/install/planning_interfaces/include/planning_interfaces/srv
[0.567s] -- Up-to-date: /home/roar/Desktop/projects/lilian/roar-gokart-ws/src/core/core/install/planning_interfaces/include/planning_interfaces/srv/detail
[0.567s] -- Up-to-date: /home/roar/Desktop/projects/lilian/roar-gokart-ws/src/core/core/install/planning_interfaces/include/planning_interfaces/srv/detail/trajectory_scoring__type_support.h
[0.567s] -- Up-to-date: /home/roar/Desktop/projects/lilian/roar-gokart-ws/src/core/core/install/planning_interfaces/include/planning_interfaces/srv/detail/reset_trajectory_picker__struct.h
[0.567s] -- Up-to-date: /home/roar/Desktop/projects/lilian/roar-gokart-ws/src/core/core/install/planning_interfaces/include/planning_interfaces/srv/detail/load_map__struct.h
[0.567s] -- Up-to-date: /home/roar/Desktop/projects/lilian/roar-gokart-ws/src/core/core/install/planning_interfaces/include/planning_interfaces/srv/detail/load_map__functions.h
[0.567s] -- Up-to-date: /home/roar/Desktop/projects/lilian/roar-gokart-ws/src/core/core/install/planning_interfaces/include/planning_interfaces/srv/detail/trajectory_scoring__struct.h
[0.567s] -- Up-to-date: /home/roar/Desktop/projects/lilian/roar-gokart-ws/src/core/core/install/planning_interfaces/include/planning_interfaces/srv/detail/reset_trajectory_picker__functions.c
[0.567s] -- Up-to-date: /home/roar/Desktop/projects/lilian/roar-gokart-ws/src/core/core/install/planning_interfaces/include/planning_interfaces/srv/detail/trajectory_scoring__functions.c
[0.567s] -- Up-to-date: /home/roar/Desktop/projects/lilian/roar-gokart-ws/src/core/core/install/planning_interfaces/include/planning_interfaces/srv/detail/reset_trajectory_picker__type_support.h
[0.567s] -- Up-to-date: /home/roar/Desktop/projects/lilian/roar-gokart-ws/src/core/core/install/planning_interfaces/include/planning_interfaces/srv/detail/load_map__type_support.h
[0.567s] -- Up-to-date: /home/roar/Desktop/projects/lilian/roar-gokart-ws/src/core/core/install/planning_interfaces/include/planning_interfaces/srv/detail/reset_trajectory_picker__functions.h
[0.567s] -- Up-to-date: /home/roar/Desktop/projects/lilian/roar-gokart-ws/src/core/core/install/planning_interfaces/include/planning_interfaces/srv/detail/load_map__functions.c
[0.568s] -- Up-to-date: /home/roar/Desktop/projects/lilian/roar-gokart-ws/src/core/core/install/planning_interfaces/include/planning_interfaces/srv/detail/trajectory_scoring__functions.h
[0.568s] -- Up-to-date: /home/roar/Desktop/projects/lilian/roar-gokart-ws/src/core/core/install/planning_interfaces/include/planning_interfaces/srv/reset_trajectory_picker.h
[0.568s] -- Up-to-date: /home/roar/Desktop/projects/lilian/roar-gokart-ws/src/core/core/install/planning_interfaces/include/planning_interfaces/srv/trajectory_scoring.h
[0.568s] -- Up-to-date: /home/roar/Desktop/projects/lilian/roar-gokart-ws/src/core/core/install/planning_interfaces/include/planning_interfaces/srv/load_map.h
[0.568s] -- Up-to-date: /home/roar/Desktop/projects/lilian/roar-gokart-ws/src/core/core/install/planning_interfaces/share/planning_interfaces/environment/library_path.sh
[0.568s] -- Up-to-date: /home/roar/Desktop/projects/lilian/roar-gokart-ws/src/core/core/install/planning_interfaces/share/planning_interfaces/environment/library_path.dsv
[0.568s] -- Up-to-date: /home/roar/Desktop/projects/lilian/roar-gokart-ws/src/core/core/install/planning_interfaces/lib/libplanning_interfaces__rosidl_generator_c.so
[0.568s] -- Up-to-date: /home/roar/Desktop/projects/lilian/roar-gokart-ws/src/core/core/install/planning_interfaces/include/planning_interfaces
[0.568s] -- Up-to-date: /home/roar/Desktop/projects/lilian/roar-gokart-ws/src/core/core/install/planning_interfaces/include/planning_interfaces/msg
[0.568s] -- Up-to-date: /home/roar/Desktop/projects/lilian/roar-gokart-ws/src/core/core/install/planning_interfaces/include/planning_interfaces/msg/rosidl_typesupport_fastrtps_c__visibility_control.h
[0.568s] -- Up-to-date: /home/roar/Desktop/projects/lilian/roar-gokart-ws/src/core/core/install/planning_interfaces/include/planning_interfaces/msg/detail
[0.568s] -- Up-to-date: /home/roar/Desktop/projects/lilian/roar-gokart-ws/src/core/core/install/planning_interfaces/include/planning_interfaces/msg/detail/trajectory_score__rosidl_typesupport_fastrtps_c.h
[0.568s] -- Up-to-date: /home/roar/Desktop/projects/lilian/roar-gokart-ws/src/core/core/install/planning_interfaces/include/planning_interfaces/msg/detail/trajectory__rosidl_typesupport_fastrtps_c.h
[0.568s] -- Up-to-date: /home/roar/Desktop/projects/lilian/roar-gokart-ws/src/core/core/install/planning_interfaces/include/planning_interfaces/msg/detail/trajectories__rosidl_typesupport_fastrtps_c.h
[0.568s] -- Up-to-date: /home/roar/Desktop/projects/lilian/roar-gokart-ws/src/core/core/install/planning_interfaces/include/planning_interfaces/action
[0.568s] -- Up-to-date: /home/roar/Desktop/projects/lilian/roar-gokart-ws/src/core/core/install/planning_interfaces/include/planning_interfaces/action/detail
[0.568s] -- Up-to-date: /home/roar/Desktop/projects/lilian/roar-gokart-ws/src/core/core/install/planning_interfaces/include/planning_interfaces/action/detail/trajectory_generation__rosidl_typesupport_fastrtps_c.h
[0.568s] -- Up-to-date: /home/roar/Desktop/projects/lilian/roar-gokart-ws/src/core/core/install/planning_interfaces/include/planning_interfaces/srv
[0.569s] -- Up-to-date: /home/roar/Desktop/projects/lilian/roar-gokart-ws/src/core/core/install/planning_interfaces/include/planning_interfaces/srv/detail
[0.569s] -- Up-to-date: /home/roar/Desktop/projects/lilian/roar-gokart-ws/src/core/core/install/planning_interfaces/include/planning_interfaces/srv/detail/trajectory_scoring__rosidl_typesupport_fastrtps_c.h
[0.569s] -- Up-to-date: /home/roar/Desktop/projects/lilian/roar-gokart-ws/src/core/core/install/planning_interfaces/include/planning_interfaces/srv/detail/reset_trajectory_picker__rosidl_typesupport_fastrtps_c.h
[0.569s] -- Up-to-date: /home/roar/Desktop/projects/lilian/roar-gokart-ws/src/core/core/install/planning_interfaces/include/planning_interfaces/srv/detail/load_map__rosidl_typesupport_fastrtps_c.h
[0.569s] -- Up-to-date: /home/roar/Desktop/projects/lilian/roar-gokart-ws/src/core/core/install/planning_interfaces/lib/libplanning_interfaces__rosidl_typesupport_fastrtps_c.so
[0.569s] -- Up-to-date: /home/roar/Desktop/projects/lilian/roar-gokart-ws/src/core/core/install/planning_interfaces/include/planning_interfaces
[0.569s] -- Up-to-date: /home/roar/Desktop/projects/lilian/roar-gokart-ws/src/core/core/install/planning_interfaces/include/planning_interfaces/msg
[0.569s] -- Up-to-date: /home/roar/Desktop/projects/lilian/roar-gokart-ws/src/core/core/install/planning_interfaces/include/planning_interfaces/msg/detail
[0.569s] -- Up-to-date: /home/roar/Desktop/projects/lilian/roar-gokart-ws/src/core/core/install/planning_interfaces/include/planning_interfaces/msg/detail/trajectories__rosidl_typesupport_fastrtps_cpp.hpp
[0.569s] -- Up-to-date: /home/roar/Desktop/projects/lilian/roar-gokart-ws/src/core/core/install/planning_interfaces/include/planning_interfaces/msg/detail/trajectory_score__rosidl_typesupport_fastrtps_cpp.hpp
[0.569s] -- Up-to-date: /home/roar/Desktop/projects/lilian/roar-gokart-ws/src/core/core/install/planning_interfaces/include/planning_interfaces/msg/detail/dds_fastrtps
[0.569s] -- Up-to-date: /home/roar/Desktop/projects/lilian/roar-gokart-ws/src/core/core/install/planning_interfaces/include/planning_interfaces/msg/detail/trajectory__rosidl_typesupport_fastrtps_cpp.hpp
[0.569s] -- Up-to-date: /home/roar/Desktop/projects/lilian/roar-gokart-ws/src/core/core/install/planning_interfaces/include/planning_interfaces/msg/rosidl_typesupport_fastrtps_cpp__visibility_control.h
[0.569s] -- Up-to-date: /home/roar/Desktop/projects/lilian/roar-gokart-ws/src/core/core/install/planning_interfaces/include/planning_interfaces/action
[0.569s] -- Up-to-date: /home/roar/Desktop/projects/lilian/roar-gokart-ws/src/core/core/install/planning_interfaces/include/planning_interfaces/action/detail
[0.569s] -- Up-to-date: /home/roar/Desktop/projects/lilian/roar-gokart-ws/src/core/core/install/planning_interfaces/include/planning_interfaces/action/detail/dds_fastrtps
[0.569s] -- Up-to-date: /home/roar/Desktop/projects/lilian/roar-gokart-ws/src/core/core/install/planning_interfaces/include/planning_interfaces/action/detail/trajectory_generation__rosidl_typesupport_fastrtps_cpp.hpp
[0.569s] -- Up-to-date: /home/roar/Desktop/projects/lilian/roar-gokart-ws/src/core/core/install/planning_interfaces/include/planning_interfaces/srv
[0.570s] -- Up-to-date: /home/roar/Desktop/projects/lilian/roar-gokart-ws/src/core/core/install/planning_interfaces/include/planning_interfaces/srv/detail
[0.570s] -- Up-to-date: /home/roar/Desktop/projects/lilian/roar-gokart-ws/src/core/core/install/planning_interfaces/include/planning_interfaces/srv/detail/dds_fastrtps
[0.570s] -- Up-to-date: /home/roar/Desktop/projects/lilian/roar-gokart-ws/src/core/core/install/planning_interfaces/include/planning_interfaces/srv/detail/trajectory_scoring__rosidl_typesupport_fastrtps_cpp.hpp
[0.570s] -- Up-to-date: /home/roar/Desktop/projects/lilian/roar-gokart-ws/src/core/core/install/planning_interfaces/include/planning_interfaces/srv/detail/load_map__rosidl_typesupport_fastrtps_cpp.hpp
[0.570s] -- Up-to-date: /home/roar/Desktop/projects/lilian/roar-gokart-ws/src/core/core/install/planning_interfaces/include/planning_interfaces/srv/detail/reset_trajectory_picker__rosidl_typesupport_fastrtps_cpp.hpp
[0.570s] -- Up-to-date: /home/roar/Desktop/projects/lilian/roar-gokart-ws/src/core/core/install/planning_interfaces/lib/libplanning_interfaces__rosidl_typesupport_fastrtps_cpp.so
[0.570s] -- Up-to-date: /home/roar/Desktop/projects/lilian/roar-gokart-ws/src/core/core/install/planning_interfaces/include/planning_interfaces
[0.570s] -- Up-to-date: /home/roar/Desktop/projects/lilian/roar-gokart-ws/src/core/core/install/planning_interfaces/include/planning_interfaces/msg
[0.570s] -- Up-to-date: /home/roar/Desktop/projects/lilian/roar-gokart-ws/src/core/core/install/planning_interfaces/include/planning_interfaces/msg/detail
[0.570s] -- Up-to-date: /home/roar/Desktop/projects/lilian/roar-gokart-ws/src/core/core/install/planning_interfaces/include/planning_interfaces/msg/detail/trajectories__rosidl_typesupport_introspection_c.h
[0.570s] -- Up-to-date: /home/roar/Desktop/projects/lilian/roar-gokart-ws/src/core/core/install/planning_interfaces/include/planning_interfaces/msg/detail/trajectory__type_support.c
[0.570s] -- Up-to-date: /home/roar/Desktop/projects/lilian/roar-gokart-ws/src/core/core/install/planning_interfaces/include/planning_interfaces/msg/detail/trajectory__rosidl_typesupport_introspection_c.h
[0.570s] -- Up-to-date: /home/roar/Desktop/projects/lilian/roar-gokart-ws/src/core/core/install/planning_interfaces/include/planning_interfaces/msg/detail/trajectory_score__rosidl_typesupport_introspection_c.h
[0.570s] -- Up-to-date: /home/roar/Desktop/projects/lilian/roar-gokart-ws/src/core/core/install/planning_interfaces/include/planning_interfaces/msg/detail/trajectory_score__type_support.c
[0.570s] -- Up-to-date: /home/roar/Desktop/projects/lilian/roar-gokart-ws/src/core/core/install/planning_interfaces/include/planning_interfaces/msg/detail/trajectories__type_support.c
[0.570s] -- Up-to-date: /home/roar/Desktop/projects/lilian/roar-gokart-ws/src/core/core/install/planning_interfaces/include/planning_interfaces/msg/rosidl_typesupport_introspection_c__visibility_control.h
[0.570s] -- Up-to-date: /home/roar/Desktop/projects/lilian/roar-gokart-ws/src/core/core/install/planning_interfaces/include/planning_interfaces/action
[0.570s] -- Up-to-date: /home/roar/Desktop/projects/lilian/roar-gokart-ws/src/core/core/install/planning_interfaces/include/planning_interfaces/action/detail
[0.571s] -- Up-to-date: /home/roar/Desktop/projects/lilian/roar-gokart-ws/src/core/core/install/planning_interfaces/include/planning_interfaces/action/detail/trajectory_generation__type_support.c
[0.571s] -- Up-to-date: /home/roar/Desktop/projects/lilian/roar-gokart-ws/src/core/core/install/planning_interfaces/include/planning_interfaces/action/detail/trajectory_generation__rosidl_typesupport_introspection_c.h
[0.571s] -- Up-to-date: /home/roar/Desktop/projects/lilian/roar-gokart-ws/src/core/core/install/planning_interfaces/include/planning_interfaces/srv
[0.571s] -- Up-to-date: /home/roar/Desktop/projects/lilian/roar-gokart-ws/src/core/core/install/planning_interfaces/include/planning_interfaces/srv/detail
[0.571s] -- Up-to-date: /home/roar/Desktop/projects/lilian/roar-gokart-ws/src/core/core/install/planning_interfaces/include/planning_interfaces/srv/detail/load_map__type_support.c
[0.571s] -- Up-to-date: /home/roar/Desktop/projects/lilian/roar-gokart-ws/src/core/core/install/planning_interfaces/include/planning_interfaces/srv/detail/trajectory_scoring__type_support.c
[0.571s] -- Up-to-date: /home/roar/Desktop/projects/lilian/roar-gokart-ws/src/core/core/install/planning_interfaces/include/planning_interfaces/srv/detail/load_map__rosidl_typesupport_introspection_c.h
[0.571s] -- Up-to-date: /home/roar/Desktop/projects/lilian/roar-gokart-ws/src/core/core/install/planning_interfaces/include/planning_interfaces/srv/detail/trajectory_scoring__rosidl_typesupport_introspection_c.h
[0.571s] -- Up-to-date: /home/roar/Desktop/projects/lilian/roar-gokart-ws/src/core/core/install/planning_interfaces/include/planning_interfaces/srv/detail/reset_trajectory_picker__rosidl_typesupport_introspection_c.h
[0.571s] -- Up-to-date: /home/roar/Desktop/projects/lilian/roar-gokart-ws/src/core/core/install/planning_interfaces/include/planning_interfaces/srv/detail/reset_trajectory_picker__type_support.c
[0.571s] -- Up-to-date: /home/roar/Desktop/projects/lilian/roar-gokart-ws/src/core/core/install/planning_interfaces/lib/libplanning_interfaces__rosidl_typesupport_introspection_c.so
[0.571s] -- Up-to-date: /home/roar/Desktop/projects/lilian/roar-gokart-ws/src/core/core/install/planning_interfaces/lib/libplanning_interfaces__rosidl_typesupport_c.so
[0.571s] -- Up-to-date: /home/roar/Desktop/projects/lilian/roar-gokart-ws/src/core/core/install/planning_interfaces/include/planning_interfaces
[0.571s] -- Up-to-date: /home/roar/Desktop/projects/lilian/roar-gokart-ws/src/core/core/install/planning_interfaces/include/planning_interfaces/msg
[0.571s] -- Up-to-date: /home/roar/Desktop/projects/lilian/roar-gokart-ws/src/core/core/install/planning_interfaces/include/planning_interfaces/msg/trajectories.hpp
[0.571s] -- Up-to-date: /home/roar/Desktop/projects/lilian/roar-gokart-ws/src/core/core/install/planning_interfaces/include/planning_interfaces/msg/detail
[0.571s] -- Up-to-date: /home/roar/Desktop/projects/lilian/roar-gokart-ws/src/core/core/install/planning_interfaces/include/planning_interfaces/msg/detail/trajectory_score__traits.hpp
[0.571s] -- Up-to-date: /home/roar/Desktop/projects/lilian/roar-gokart-ws/src/core/core/install/planning_interfaces/include/planning_interfaces/msg/detail/trajectories__builder.hpp
[0.572s] -- Up-to-date: /home/roar/Desktop/projects/lilian/roar-gokart-ws/src/core/core/install/planning_interfaces/include/planning_interfaces/msg/detail/trajectories__traits.hpp
[0.572s] -- Up-to-date: /home/roar/Desktop/projects/lilian/roar-gokart-ws/src/core/core/install/planning_interfaces/include/planning_interfaces/msg/detail/trajectory_score__struct.hpp
[0.572s] -- Up-to-date: /home/roar/Desktop/projects/lilian/roar-gokart-ws/src/core/core/install/planning_interfaces/include/planning_interfaces/msg/detail/trajectory__struct.hpp
[0.572s] -- Up-to-date: /home/roar/Desktop/projects/lilian/roar-gokart-ws/src/core/core/install/planning_interfaces/include/planning_interfaces/msg/detail/trajectory__builder.hpp
[0.572s] -- Up-to-date: /home/roar/Desktop/projects/lilian/roar-gokart-ws/src/core/core/install/planning_interfaces/include/planning_interfaces/msg/detail/trajectory__traits.hpp
[0.572s] -- Up-to-date: /home/roar/Desktop/projects/lilian/roar-gokart-ws/src/core/core/install/planning_interfaces/include/planning_interfaces/msg/detail/trajectory_score__builder.hpp
[0.572s] -- Up-to-date: /home/roar/Desktop/projects/lilian/roar-gokart-ws/src/core/core/install/planning_interfaces/include/planning_interfaces/msg/detail/trajectories__struct.hpp
[0.572s] -- Up-to-date: /home/roar/Desktop/projects/lilian/roar-gokart-ws/src/core/core/install/planning_interfaces/include/planning_interfaces/msg/trajectory_score.hpp
[0.572s] -- Up-to-date: /home/roar/Desktop/projects/lilian/roar-gokart-ws/src/core/core/install/planning_interfaces/include/planning_interfaces/msg/trajectory.hpp
[0.572s] -- Up-to-date: /home/roar/Desktop/projects/lilian/roar-gokart-ws/src/core/core/install/planning_interfaces/include/planning_interfaces/action
[0.572s] -- Up-to-date: /home/roar/Desktop/projects/lilian/roar-gokart-ws/src/core/core/install/planning_interfaces/include/planning_interfaces/action/trajectory_generation.hpp
[0.572s] -- Up-to-date: /home/roar/Desktop/projects/lilian/roar-gokart-ws/src/core/core/install/planning_interfaces/include/planning_interfaces/action/detail
[0.572s] -- Up-to-date: /home/roar/Desktop/projects/lilian/roar-gokart-ws/src/core/core/install/planning_interfaces/include/planning_interfaces/action/detail/trajectory_generation__traits.hpp
[0.572s] -- Up-to-date: /home/roar/Desktop/projects/lilian/roar-gokart-ws/src/core/core/install/planning_interfaces/include/planning_interfaces/action/detail/trajectory_generation__struct.hpp
[0.572s] -- Up-to-date: /home/roar/Desktop/projects/lilian/roar-gokart-ws/src/core/core/install/planning_interfaces/include/planning_interfaces/action/detail/trajectory_generation__builder.hpp
[0.572s] -- Up-to-date: /home/roar/Desktop/projects/lilian/roar-gokart-ws/src/core/core/install/planning_interfaces/include/planning_interfaces/srv
[0.572s] -- Up-to-date: /home/roar/Desktop/projects/lilian/roar-gokart-ws/src/core/core/install/planning_interfaces/include/planning_interfaces/srv/detail
[0.573s] -- Up-to-date: /home/roar/Desktop/projects/lilian/roar-gokart-ws/src/core/core/install/planning_interfaces/include/planning_interfaces/srv/detail/load_map__struct.hpp
[0.573s] -- Up-to-date: /home/roar/Desktop/projects/lilian/roar-gokart-ws/src/core/core/install/planning_interfaces/include/planning_interfaces/srv/detail/trajectory_scoring__builder.hpp
[0.573s] -- Up-to-date: /home/roar/Desktop/projects/lilian/roar-gokart-ws/src/core/core/install/planning_interfaces/include/planning_interfaces/srv/detail/load_map__traits.hpp
[0.573s] -- Up-to-date: /home/roar/Desktop/projects/lilian/roar-gokart-ws/src/core/core/install/planning_interfaces/include/planning_interfaces/srv/detail/reset_trajectory_picker__traits.hpp
[0.573s] -- Up-to-date: /home/roar/Desktop/projects/lilian/roar-gokart-ws/src/core/core/install/planning_interfaces/include/planning_interfaces/srv/detail/load_map__builder.hpp
[0.573s] -- Up-to-date: /home/roar/Desktop/projects/lilian/roar-gokart-ws/src/core/core/install/planning_interfaces/include/planning_interfaces/srv/detail/reset_trajectory_picker__struct.hpp
[0.573s] -- Up-to-date: /home/roar/Desktop/projects/lilian/roar-gokart-ws/src/core/core/install/planning_interfaces/include/planning_interfaces/srv/detail/reset_trajectory_picker__builder.hpp
[0.573s] -- Up-to-date: /home/roar/Desktop/projects/lilian/roar-gokart-ws/src/core/core/install/planning_interfaces/include/planning_interfaces/srv/detail/trajectory_scoring__struct.hpp
[0.573s] -- Up-to-date: /home/roar/Desktop/projects/lilian/roar-gokart-ws/src/core/core/install/planning_interfaces/include/planning_interfaces/srv/detail/trajectory_scoring__traits.hpp
[0.573s] -- Up-to-date: /home/roar/Desktop/projects/lilian/roar-gokart-ws/src/core/core/install/planning_interfaces/include/planning_interfaces/srv/load_map.hpp
[0.573s] -- Up-to-date: /home/roar/Desktop/projects/lilian/roar-gokart-ws/src/core/core/install/planning_interfaces/include/planning_interfaces/srv/trajectory_scoring.hpp
[0.573s] -- Up-to-date: /home/roar/Desktop/projects/lilian/roar-gokart-ws/src/core/core/install/planning_interfaces/include/planning_interfaces/srv/reset_trajectory_picker.hpp
[0.573s] -- Up-to-date: /home/roar/Desktop/projects/lilian/roar-gokart-ws/src/core/core/install/planning_interfaces/include/planning_interfaces
[0.573s] -- Up-to-date: /home/roar/Desktop/projects/lilian/roar-gokart-ws/src/core/core/install/planning_interfaces/include/planning_interfaces/msg
[0.574s] -- Up-to-date: /home/roar/Desktop/projects/lilian/roar-gokart-ws/src/core/core/install/planning_interfaces/include/planning_interfaces/msg/detail
[0.574s] -- Up-to-date: /home/roar/Desktop/projects/lilian/roar-gokart-ws/src/core/core/install/planning_interfaces/include/planning_interfaces/msg/detail/trajectory_score__rosidl_typesupport_introspection_cpp.hpp
[0.574s] -- Up-to-date: /home/roar/Desktop/projects/lilian/roar-gokart-ws/src/core/core/install/planning_interfaces/include/planning_interfaces/msg/detail/trajectories__rosidl_typesupport_introspection_cpp.hpp
[0.574s] -- Up-to-date: /home/roar/Desktop/projects/lilian/roar-gokart-ws/src/core/core/install/planning_interfaces/include/planning_interfaces/msg/detail/trajectory__type_support.cpp
[0.574s] -- Up-to-date: /home/roar/Desktop/projects/lilian/roar-gokart-ws/src/core/core/install/planning_interfaces/include/planning_interfaces/msg/detail/trajectories__type_support.cpp
[0.574s] -- Up-to-date: /home/roar/Desktop/projects/lilian/roar-gokart-ws/src/core/core/install/planning_interfaces/include/planning_interfaces/msg/detail/trajectory_score__type_support.cpp
[0.574s] -- Up-to-date: /home/roar/Desktop/projects/lilian/roar-gokart-ws/src/core/core/install/planning_interfaces/include/planning_interfaces/msg/detail/trajectory__rosidl_typesupport_introspection_cpp.hpp
[0.574s] -- Up-to-date: /home/roar/Desktop/projects/lilian/roar-gokart-ws/src/core/core/install/planning_interfaces/include/planning_interfaces/action
[0.574s] -- Up-to-date: /home/roar/Desktop/projects/lilian/roar-gokart-ws/src/core/core/install/planning_interfaces/include/planning_interfaces/action/detail
[0.574s] -- Up-to-date: /home/roar/Desktop/projects/lilian/roar-gokart-ws/src/core/core/install/planning_interfaces/include/planning_interfaces/action/detail/trajectory_generation__rosidl_typesupport_introspection_cpp.hpp
[0.574s] -- Up-to-date: /home/roar/Desktop/projects/lilian/roar-gokart-ws/src/core/core/install/planning_interfaces/include/planning_interfaces/action/detail/trajectory_generation__type_support.cpp
[0.574s] -- Up-to-date: /home/roar/Desktop/projects/lilian/roar-gokart-ws/src/core/core/install/planning_interfaces/include/planning_interfaces/srv
[0.574s] -- Up-to-date: /home/roar/Desktop/projects/lilian/roar-gokart-ws/src/core/core/install/planning_interfaces/include/planning_interfaces/srv/detail
[0.574s] -- Up-to-date: /home/roar/Desktop/projects/lilian/roar-gokart-ws/src/core/core/install/planning_interfaces/include/planning_interfaces/srv/detail/reset_trajectory_picker__type_support.cpp
[0.574s] -- Up-to-date: /home/roar/Desktop/projects/lilian/roar-gokart-ws/src/core/core/install/planning_interfaces/include/planning_interfaces/srv/detail/trajectory_scoring__rosidl_typesupport_introspection_cpp.hpp
[0.574s] -- Up-to-date: /home/roar/Desktop/projects/lilian/roar-gokart-ws/src/core/core/install/planning_interfaces/include/planning_interfaces/srv/detail/load_map__type_support.cpp
[0.574s] -- Up-to-date: /home/roar/Desktop/projects/lilian/roar-gokart-ws/src/core/core/install/planning_interfaces/include/planning_interfaces/srv/detail/reset_trajectory_picker__rosidl_typesupport_introspection_cpp.hpp
[0.575s] -- Up-to-date: /home/roar/Desktop/projects/lilian/roar-gokart-ws/src/core/core/install/planning_interfaces/include/planning_interfaces/srv/detail/trajectory_scoring__type_support.cpp
[0.575s] -- Up-to-date: /home/roar/Desktop/projects/lilian/roar-gokart-ws/src/core/core/install/planning_interfaces/include/planning_interfaces/srv/detail/load_map__rosidl_typesupport_introspection_cpp.hpp
[0.575s] -- Up-to-date: /home/roar/Desktop/projects/lilian/roar-gokart-ws/src/core/core/install/planning_interfaces/lib/libplanning_interfaces__rosidl_typesupport_introspection_cpp.so
[0.575s] -- Up-to-date: /home/roar/Desktop/projects/lilian/roar-gokart-ws/src/core/core/install/planning_interfaces/lib/libplanning_interfaces__rosidl_typesupport_cpp.so
[0.575s] -- Up-to-date: /home/roar/Desktop/projects/lilian/roar-gokart-ws/src/core/core/install/planning_interfaces/share/planning_interfaces/environment/pythonpath.sh
[0.575s] -- Up-to-date: /home/roar/Desktop/projects/lilian/roar-gokart-ws/src/core/core/install/planning_interfaces/share/planning_interfaces/environment/pythonpath.dsv
[0.575s] -- Up-to-date: /home/roar/Desktop/projects/lilian/roar-gokart-ws/src/core/core/install/planning_interfaces/lib/python3.8/site-packages/planning_interfaces/__init__.py
[0.597s] -- Up-to-date: /home/roar/Desktop/projects/lilian/roar-gokart-ws/src/core/core/install/planning_interfaces/lib/python3.8/site-packages/planning_interfaces/msg
[0.597s] -- Up-to-date: /home/roar/Desktop/projects/lilian/roar-gokart-ws/src/core/core/install/planning_interfaces/lib/python3.8/site-packages/planning_interfaces/msg/_trajectories.py
[0.597s] -- Up-to-date: /home/roar/Desktop/projects/lilian/roar-gokart-ws/src/core/core/install/planning_interfaces/lib/python3.8/site-packages/planning_interfaces/msg/_trajectories_s.c
[0.598s] -- Up-to-date: /home/roar/Desktop/projects/lilian/roar-gokart-ws/src/core/core/install/planning_interfaces/lib/python3.8/site-packages/planning_interfaces/msg/__init__.py
[0.598s] -- Up-to-date: /home/roar/Desktop/projects/lilian/roar-gokart-ws/src/core/core/install/planning_interfaces/lib/python3.8/site-packages/planning_interfaces/msg/_trajectory_score_s.c
[0.598s] -- Up-to-date: /home/roar/Desktop/projects/lilian/roar-gokart-ws/src/core/core/install/planning_interfaces/lib/python3.8/site-packages/planning_interfaces/msg/_trajectory.py
[0.598s] -- Up-to-date: /home/roar/Desktop/projects/lilian/roar-gokart-ws/src/core/core/install/planning_interfaces/lib/python3.8/site-packages/planning_interfaces/msg/_trajectory_score.py
[0.598s] -- Up-to-date: /home/roar/Desktop/projects/lilian/roar-gokart-ws/src/core/core/install/planning_interfaces/lib/python3.8/site-packages/planning_interfaces/msg/_trajectory_s.c
[0.598s] -- Up-to-date: /home/roar/Desktop/projects/lilian/roar-gokart-ws/src/core/core/install/planning_interfaces/lib/python3.8/site-packages/planning_interfaces/srv
[0.598s] -- Up-to-date: /home/roar/Desktop/projects/lilian/roar-gokart-ws/src/core/core/install/planning_interfaces/lib/python3.8/site-packages/planning_interfaces/srv/_load_map_s.c
[0.598s] -- Up-to-date: /home/roar/Desktop/projects/lilian/roar-gokart-ws/src/core/core/install/planning_interfaces/lib/python3.8/site-packages/planning_interfaces/srv/_reset_trajectory_picker.py
[0.598s] -- Up-to-date: /home/roar/Desktop/projects/lilian/roar-gokart-ws/src/core/core/install/planning_interfaces/lib/python3.8/site-packages/planning_interfaces/srv/__init__.py
[0.598s] -- Up-to-date: /home/roar/Desktop/projects/lilian/roar-gokart-ws/src/core/core/install/planning_interfaces/lib/python3.8/site-packages/planning_interfaces/srv/_reset_trajectory_picker_s.c
[0.598s] -- Up-to-date: /home/roar/Desktop/projects/lilian/roar-gokart-ws/src/core/core/install/planning_interfaces/lib/python3.8/site-packages/planning_interfaces/srv/_load_map.py
[0.598s] -- Up-to-date: /home/roar/Desktop/projects/lilian/roar-gokart-ws/src/core/core/install/planning_interfaces/lib/python3.8/site-packages/planning_interfaces/srv/_trajectory_scoring.py
[0.598s] -- Up-to-date: /home/roar/Desktop/projects/lilian/roar-gokart-ws/src/core/core/install/planning_interfaces/lib/python3.8/site-packages/planning_interfaces/srv/_trajectory_scoring_s.c
[0.598s] -- Up-to-date: /home/roar/Desktop/projects/lilian/roar-gokart-ws/src/core/core/install/planning_interfaces/lib/python3.8/site-packages/planning_interfaces/action
[0.598s] -- Up-to-date: /home/roar/Desktop/projects/lilian/roar-gokart-ws/src/core/core/install/planning_interfaces/lib/python3.8/site-packages/planning_interfaces/action/_trajectory_generation_s.c
[0.598s] -- Up-to-date: /home/roar/Desktop/projects/lilian/roar-gokart-ws/src/core/core/install/planning_interfaces/lib/python3.8/site-packages/planning_interfaces/action/__init__.py
[0.598s] -- Up-to-date: /home/roar/Desktop/projects/lilian/roar-gokart-ws/src/core/core/install/planning_interfaces/lib/python3.8/site-packages/planning_interfaces/action/_trajectory_generation.py
[0.599s] -- Up-to-date: /home/roar/Desktop/projects/lilian/roar-gokart-ws/src/core/core/install/planning_interfaces/lib/python3.8/site-packages/planning_interfaces/planning_interfaces_s__rosidl_typesupport_fastrtps_c.cpython-38-x86_64-linux-gnu.so
[0.599s] -- Up-to-date: /home/roar/Desktop/projects/lilian/roar-gokart-ws/src/core/core/install/planning_interfaces/lib/python3.8/site-packages/planning_interfaces/planning_interfaces_s__rosidl_typesupport_introspection_c.cpython-38-x86_64-linux-gnu.so
[0.599s] -- Up-to-date: /home/roar/Desktop/projects/lilian/roar-gokart-ws/src/core/core/install/planning_interfaces/lib/python3.8/site-packages/planning_interfaces/planning_interfaces_s__rosidl_typesupport_c.cpython-38-x86_64-linux-gnu.so
[0.600s] -- Up-to-date: /home/roar/Desktop/projects/lilian/roar-gokart-ws/src/core/core/install/planning_interfaces/lib/libplanning_interfaces__python.so
[0.600s] -- Up-to-date: /home/roar/Desktop/projects/lilian/roar-gokart-ws/src/core/core/install/planning_interfaces/share/planning_interfaces/msg/Trajectories.idl
[0.600s] -- Up-to-date: /home/roar/Desktop/projects/lilian/roar-gokart-ws/src/core/core/install/planning_interfaces/share/planning_interfaces/msg/TrajectoryScore.idl
[0.600s] -- Up-to-date: /home/roar/Desktop/projects/lilian/roar-gokart-ws/src/core/core/install/planning_interfaces/share/planning_interfaces/msg/Trajectory.idl
[0.600s] -- Up-to-date: /home/roar/Desktop/projects/lilian/roar-gokart-ws/src/core/core/install/planning_interfaces/share/planning_interfaces/srv/TrajectoryScoring.idl
[0.600s] -- Up-to-date: /home/roar/Desktop/projects/lilian/roar-gokart-ws/src/core/core/install/planning_interfaces/share/planning_interfaces/srv/ResetTrajectoryPicker.idl
[0.601s] -- Up-to-date: /home/roar/Desktop/projects/lilian/roar-gokart-ws/src/core/core/install/planning_interfaces/share/planning_interfaces/srv/LoadMap.idl
[0.601s] -- Up-to-date: /home/roar/Desktop/projects/lilian/roar-gokart-ws/src/core/core/install/planning_interfaces/share/planning_interfaces/action/TrajectoryGeneration.idl
[0.601s] -- Up-to-date: /home/roar/Desktop/projects/lilian/roar-gokart-ws/src/core/core/install/planning_interfaces/share/planning_interfaces/msg/Trajectories.msg
[0.601s] -- Up-to-date: /home/roar/Desktop/projects/lilian/roar-gokart-ws/src/core/core/install/planning_interfaces/share/planning_interfaces/msg/TrajectoryScore.msg
[0.601s] -- Up-to-date: /home/roar/Desktop/projects/lilian/roar-gokart-ws/src/core/core/install/planning_interfaces/share/planning_interfaces/msg/Trajectory.msg
[0.601s] -- Up-to-date: /home/roar/Desktop/projects/lilian/roar-gokart-ws/src/core/core/install/planning_interfaces/share/planning_interfaces/srv/TrajectoryScoring.srv
[0.601s] -- Up-to-date: /home/roar/Desktop/projects/lilian/roar-gokart-ws/src/core/core/install/planning_interfaces/share/planning_interfaces/srv/TrajectoryScoring_Request.msg
[0.601s] -- Up-to-date: /home/roar/Desktop/projects/lilian/roar-gokart-ws/src/core/core/install/planning_interfaces/share/planning_interfaces/srv/TrajectoryScoring_Response.msg
[0.601s] -- Up-to-date: /home/roar/Desktop/projects/lilian/roar-gokart-ws/src/core/core/install/planning_interfaces/share/planning_interfaces/srv/ResetTrajectoryPicker.srv
[0.601s] -- Up-to-date: /home/roar/Desktop/projects/lilian/roar-gokart-ws/src/core/core/install/planning_interfaces/share/planning_interfaces/srv/ResetTrajectoryPicker_Request.msg
[0.601s] -- Up-to-date: /home/roar/Desktop/projects/lilian/roar-gokart-ws/src/core/core/install/planning_interfaces/share/planning_interfaces/srv/ResetTrajectoryPicker_Response.msg
[0.601s] -- Up-to-date: /home/roar/Desktop/projects/lilian/roar-gokart-ws/src/core/core/install/planning_interfaces/share/planning_interfaces/srv/LoadMap.srv
[0.601s] -- Up-to-date: /home/roar/Desktop/projects/lilian/roar-gokart-ws/src/core/core/install/planning_interfaces/share/planning_interfaces/srv/LoadMap_Request.msg
[0.601s] -- Up-to-date: /home/roar/Desktop/projects/lilian/roar-gokart-ws/src/core/core/install/planning_interfaces/share/planning_interfaces/srv/LoadMap_Response.msg
[0.601s] -- Up-to-date: /home/roar/Desktop/projects/lilian/roar-gokart-ws/src/core/core/install/planning_interfaces/share/planning_interfaces/action/TrajectoryGeneration.action
[0.602s] -- Up-to-date: /home/roar/Desktop/projects/lilian/roar-gokart-ws/src/core/core/install/planning_interfaces/share/ament_index/resource_index/package_run_dependencies/planning_interfaces
[0.602s] -- Up-to-date: /home/roar/Desktop/projects/lilian/roar-gokart-ws/src/core/core/install/planning_interfaces/share/ament_index/resource_index/parent_prefix_path/planning_interfaces
[0.602s] -- Up-to-date: /home/roar/Desktop/projects/lilian/roar-gokart-ws/src/core/core/install/planning_interfaces/share/planning_interfaces/environment/ament_prefix_path.sh
[0.602s] -- Up-to-date: /home/roar/Desktop/projects/lilian/roar-gokart-ws/src/core/core/install/planning_interfaces/share/planning_interfaces/environment/ament_prefix_path.dsv
[0.602s] -- Up-to-date: /home/roar/Desktop/projects/lilian/roar-gokart-ws/src/core/core/install/planning_interfaces/share/planning_interfaces/environment/path.sh
[0.602s] -- Up-to-date: /home/roar/Desktop/projects/lilian/roar-gokart-ws/src/core/core/install/planning_interfaces/share/planning_interfaces/environment/path.dsv
[0.602s] -- Up-to-date: /home/roar/Desktop/projects/lilian/roar-gokart-ws/src/core/core/install/planning_interfaces/share/planning_interfaces/local_setup.bash
[0.602s] -- Up-to-date: /home/roar/Desktop/projects/lilian/roar-gokart-ws/src/core/core/install/planning_interfaces/share/planning_interfaces/local_setup.sh
[0.602s] -- Up-to-date: /home/roar/Desktop/projects/lilian/roar-gokart-ws/src/core/core/install/planning_interfaces/share/planning_interfaces/local_setup.zsh
[0.602s] -- Up-to-date: /home/roar/Desktop/projects/lilian/roar-gokart-ws/src/core/core/install/planning_interfaces/share/planning_interfaces/local_setup.dsv
[0.602s] -- Installing: /home/roar/Desktop/projects/lilian/roar-gokart-ws/src/core/core/install/planning_interfaces/share/planning_interfaces/package.dsv
[0.602s] -- Up-to-date: /home/roar/Desktop/projects/lilian/roar-gokart-ws/src/core/core/install/planning_interfaces/share/ament_index/resource_index/packages/planning_interfaces
[0.603s] -- Up-to-date: /home/roar/Desktop/projects/lilian/roar-gokart-ws/src/core/core/install/planning_interfaces/share/planning_interfaces/cmake/planning_interfaces__rosidl_generator_cExport.cmake
[0.603s] -- Up-to-date: /home/roar/Desktop/projects/lilian/roar-gokart-ws/src/core/core/install/planning_interfaces/share/planning_interfaces/cmake/planning_interfaces__rosidl_generator_cExport-noconfig.cmake
[0.603s] -- Up-to-date: /home/roar/Desktop/projects/lilian/roar-gokart-ws/src/core/core/install/planning_interfaces/share/planning_interfaces/cmake/planning_interfaces__rosidl_typesupport_introspection_cExport.cmake
[0.603s] -- Up-to-date: /home/roar/Desktop/projects/lilian/roar-gokart-ws/src/core/core/install/planning_interfaces/share/planning_interfaces/cmake/planning_interfaces__rosidl_typesupport_introspection_cExport-noconfig.cmake
[0.603s] -- Up-to-date: /home/roar/Desktop/projects/lilian/roar-gokart-ws/src/core/core/install/planning_interfaces/share/planning_interfaces/cmake/planning_interfaces__rosidl_typesupport_cExport.cmake
[0.603s] -- Up-to-date: /home/roar/Desktop/projects/lilian/roar-gokart-ws/src/core/core/install/planning_interfaces/share/planning_interfaces/cmake/planning_interfaces__rosidl_typesupport_cExport-noconfig.cmake
[0.603s] -- Up-to-date: /home/roar/Desktop/projects/lilian/roar-gokart-ws/src/core/core/install/planning_interfaces/share/planning_interfaces/cmake/planning_interfaces__rosidl_generator_cppExport.cmake
[0.604s] -- Up-to-date: /home/roar/Desktop/projects/lilian/roar-gokart-ws/src/core/core/install/planning_interfaces/share/planning_interfaces/cmake/planning_interfaces__rosidl_typesupport_introspection_cppExport.cmake
[0.604s] -- Up-to-date: /home/roar/Desktop/projects/lilian/roar-gokart-ws/src/core/core/install/planning_interfaces/share/planning_interfaces/cmake/planning_interfaces__rosidl_typesupport_introspection_cppExport-noconfig.cmake
[0.604s] -- Up-to-date: /home/roar/Desktop/projects/lilian/roar-gokart-ws/src/core/core/install/planning_interfaces/share/planning_interfaces/cmake/planning_interfaces__rosidl_typesupport_cppExport.cmake
[0.604s] -- Up-to-date: /home/roar/Desktop/projects/lilian/roar-gokart-ws/src/core/core/install/planning_interfaces/share/planning_interfaces/cmake/planning_interfaces__rosidl_typesupport_cppExport-noconfig.cmake
[0.604s] -- Up-to-date: /home/roar/Desktop/projects/lilian/roar-gokart-ws/src/core/core/install/planning_interfaces/share/planning_interfaces/cmake/rosidl_cmake-extras.cmake
[0.604s] -- Up-to-date: /home/roar/Desktop/projects/lilian/roar-gokart-ws/src/core/core/install/planning_interfaces/share/planning_interfaces/cmake/ament_cmake_export_dependencies-extras.cmake
[0.604s] -- Up-to-date: /home/roar/Desktop/projects/lilian/roar-gokart-ws/src/core/core/install/planning_interfaces/share/planning_interfaces/cmake/ament_cmake_export_libraries-extras.cmake
[0.604s] -- Up-to-date: /home/roar/Desktop/projects/lilian/roar-gokart-ws/src/core/core/install/planning_interfaces/share/planning_interfaces/cmake/ament_cmake_export_targets-extras.cmake
[0.604s] -- Up-to-date: /home/roar/Desktop/projects/lilian/roar-gokart-ws/src/core/core/install/planning_interfaces/share/planning_interfaces/cmake/ament_cmake_export_include_directories-extras.cmake
[0.604s] -- Up-to-date: /home/roar/Desktop/projects/lilian/roar-gokart-ws/src/core/core/install/planning_interfaces/share/planning_interfaces/cmake/rosidl_cmake_export_typesupport_libraries-extras.cmake
[0.605s] -- Up-to-date: /home/roar/Desktop/projects/lilian/roar-gokart-ws/src/core/core/install/planning_interfaces/share/planning_interfaces/cmake/rosidl_cmake_export_typesupport_targets-extras.cmake
[0.605s] -- Up-to-date: /home/roar/Desktop/projects/lilian/roar-gokart-ws/src/core/core/install/planning_interfaces/share/planning_interfaces/cmake/planning_interfacesConfig.cmake
[0.605s] -- Up-to-date: /home/roar/Desktop/projects/lilian/roar-gokart-ws/src/core/core/install/planning_interfaces/share/planning_interfaces/cmake/planning_interfacesConfig-version.cmake
[0.605s] -- Up-to-date: /home/roar/Desktop/projects/lilian/roar-gokart-ws/src/core/core/install/planning_interfaces/share/planning_interfaces/package.xml
[0.608s] Invoked command in '/home/roar/Desktop/projects/lilian/roar-gokart-ws/src/core/core/build/planning_interfaces' returned '0': CMAKE_PREFIX_PATH=${CMAKE_PREFIX_PATH}:/home/roar/Desktop/projects/lilian/roar-gokart-ws/install/waypoint_recorder:/home/roar/Desktop/projects/lilian/roar-gokart-ws/install/roar_carla_manual_controller:/home/roar/Desktop/projects/lilian/roar-gokart-ws/install/roar_carla_interface:/home/roar/Desktop/projects/lilian/roar-gokart-ws/install/roar_manual_control:/home/roar/carla-ros-bridge/install/rqt_carla_control:/home/roar/carla-ros-bridge/install/carla_waypoint_publisher:/home/roar/carla-ros-bridge/install/carla_ackermann_control:/home/roar/carla-ros-bridge/install/carla_ros_bridge:/home/roar/carla-ros-bridge/install/carla_spawn_objects:/home/roar/carla-ros-bridge/install/carla_manual_control:/home/roar/carla-ros-bridge/install/carla_ad_agent:/home/roar/carla-ros-bridge/install/ros_compatibility:/home/roar/carla-ros-bridge/install/carla_walker_agent:/home/roar/carla-ros-bridge/install/carla_twist_to_control:/home/roar/carla-ros-bridge/install/carla_ros_scenario_runner:/home/roar/carla-ros-bridge/install/carla_common:/opt/ros/foxy /usr/bin/cmake --install /home/roar/Desktop/projects/lilian/roar-gokart-ws/src/core/core/build/planning_interfaces
