-- The C compiler identification is GNU 9.4.0
-- The CXX compiler identification is GNU 9.4.0
-- Check for working C compiler: /usr/bin/cc
-- Check for working C compiler: /usr/bin/cc -- works
-- Detecting C compiler ABI info
-- Detecting C compiler ABI info - done
-- Detecting C compile features
-- Detecting C compile features - done
-- Check for working CXX compiler: /usr/bin/c++
-- Check for working CXX compiler: /usr/bin/c++ -- works
-- Detecting CXX compiler ABI info
-- Detecting CXX compiler ABI info - done
-- Detecting CXX compile features
-- Detecting CXX compile features - done
-- Found ament_cmake: 0.9.9 (/opt/ros/foxy/share/ament_cmake/cmake)
-- Found PythonInterp: /usr/bin/python3 (found suitable version "3.8.10", minimum required is "3") 
-- Using PYTHON_EXECUTABLE: /usr/bin/python3
-- Found ament_lint_auto: 0.9.6 (/opt/ros/foxy/share/ament_lint_auto/cmake)
-- Added test 'copyright' to check source files copyright and LICENSE
-- Added test 'flake8' to check Python code syntax and style conventions
-- Added test 'lint_cmake' to check CMake code style
-- Added test 'pep257' to check Python code against some of the style conventions in PEP 257
-- Added test 'xmllint' to check XML markup files
-- Configuring done
-- Generating done
-- Build files have been written to: /home/roar/Desktop/projects/lilian/roar-gokart-ws/src/core/core/build/roar-urdf
-- Install configuration: ""
-- Installing: /home/roar/Desktop/projects/lilian/roar-gokart-ws/src/core/core/install/roar-urdf/share/roar-urdf/src
-- Installing: /home/roar/Desktop/projects/lilian/roar-gokart-ws/src/core/core/install/roar-urdf/share/roar-urdf/src/gokart
-- Installing: /home/roar/Desktop/projects/lilian/roar-gokart-ws/src/core/core/install/roar-urdf/share/roar-urdf/src/gokart/_gnss.urdf
-- Installing: /home/roar/Desktop/projects/lilian/roar-gokart-ws/src/core/core/install/roar-urdf/share/roar-urdf/src/gokart/_batteries.urdf
-- Installing: /home/roar/Desktop/projects/lilian/roar-gokart-ws/src/core/core/install/roar-urdf/share/roar-urdf/src/gokart/_inertias.urdf
-- Installing: /home/roar/Desktop/projects/lilian/roar-gokart-ws/src/core/core/install/roar-urdf/share/roar-urdf/src/gokart/_compute_units.urdf
-- Installing: /home/roar/Desktop/projects/lilian/roar-gokart-ws/src/core/core/install/roar-urdf/share/roar-urdf/src/gokart/_lidar_2d.urdf
-- Installing: /home/roar/Desktop/projects/lilian/roar-gokart-ws/src/core/core/install/roar-urdf/share/roar-urdf/src/gokart/_perceptions.urdf
-- Installing: /home/roar/Desktop/projects/lilian/roar-gokart-ws/src/core/core/install/roar-urdf/share/roar-urdf/src/gokart/_ackermann.urdf
-- Installing: /home/roar/Desktop/projects/lilian/roar-gokart-ws/src/core/core/install/roar-urdf/share/roar-urdf/src/gokart/_body_frame.urdf
-- Installing: /home/roar/Desktop/projects/lilian/roar-gokart-ws/src/core/core/install/roar-urdf/share/roar-urdf/src/gokart/_wheels.urdf
-- Installing: /home/roar/Desktop/projects/lilian/roar-gokart-ws/src/core/core/install/roar-urdf/share/roar-urdf/src/gokart/_camera.urdf
-- Installing: /home/roar/Desktop/projects/lilian/roar-gokart-ws/src/core/core/install/roar-urdf/share/roar-urdf/src/gokart/_imu.urdf
-- Installing: /home/roar/Desktop/projects/lilian/roar-gokart-ws/src/core/core/install/roar-urdf/share/roar-urdf/src/gokart/_perception_platform.urdf
-- Installing: /home/roar/Desktop/projects/lilian/roar-gokart-ws/src/core/core/install/roar-urdf/share/roar-urdf/src/gokart/main.urdf
-- Installing: /home/roar/Desktop/projects/lilian/roar-gokart-ws/src/core/core/install/roar-urdf/share/roar-urdf/src/description
-- Installing: /home/roar/Desktop/projects/lilian/roar-gokart-ws/src/core/core/install/roar-urdf/share/roar-urdf/src/description/indy_bot_description.urdf
-- Installing: /home/roar/Desktop/projects/lilian/roar-gokart-ws/src/core/core/install/roar-urdf/share/roar-urdf/launch
-- Installing: /home/roar/Desktop/projects/lilian/roar-gokart-ws/src/core/core/install/roar-urdf/share/roar-urdf/launch/state_publisher.launch.py
-- Installing: /home/roar/Desktop/projects/lilian/roar-gokart-ws/src/core/core/install/roar-urdf/share/roar-urdf/rviz
-- Installing: /home/roar/Desktop/projects/lilian/roar-gokart-ws/src/core/core/install/roar-urdf/share/roar-urdf/rviz/with_sensor_config.rviz
-- Installing: /home/roar/Desktop/projects/lilian/roar-gokart-ws/src/core/core/install/roar-urdf/share/roar-urdf/rviz/urdf_config.rviz
-- Installing: /home/roar/Desktop/projects/lilian/roar-gokart-ws/src/core/core/install/roar-urdf/share/roar-urdf/meshes
-- Installing: /home/roar/Desktop/projects/lilian/roar-gokart-ws/src/core/core/install/roar-urdf/share/roar-urdf/meshes/gokart
-- Installing: /home/roar/Desktop/projects/lilian/roar-gokart-ws/src/core/core/install/roar-urdf/share/roar-urdf/meshes/gokart/BodyV1.stl
-- Installing: /home/roar/Desktop/projects/lilian/roar-gokart-ws/src/core/core/install/roar-urdf/share/roar-urdf/meshes/gokart/WheelV1.stl
-- Installing: /home/roar/Desktop/projects/lilian/roar-gokart-ws/src/core/core/install/roar-urdf/share/roar-urdf/meshes/gps_antenna.stl
-- Installing: /home/roar/Desktop/projects/lilian/roar-gokart-ws/src/core/core/install/roar-urdf/share/roar-urdf/meshes/livox_horizon.stl
-- Installing: /home/roar/Desktop/projects/lilian/roar-gokart-ws/src/core/core/install/roar-urdf/share/roar-urdf/meshes/livox_avia.stl
-- Installing: /home/roar/Desktop/projects/lilian/roar-gokart-ws/src/core/core/install/roar-urdf/share/roar-urdf/meshes/ZED2i.stl
-- Installing: /home/roar/Desktop/projects/lilian/roar-gokart-ws/src/core/core/install/roar-urdf/share/ament_index/resource_index/package_run_dependencies/roar-urdf
-- Installing: /home/roar/Desktop/projects/lilian/roar-gokart-ws/src/core/core/install/roar-urdf/share/ament_index/resource_index/parent_prefix_path/roar-urdf
-- Installing: /home/roar/Desktop/projects/lilian/roar-gokart-ws/src/core/core/install/roar-urdf/share/roar-urdf/environment/ament_prefix_path.sh
-- Installing: /home/roar/Desktop/projects/lilian/roar-gokart-ws/src/core/core/install/roar-urdf/share/roar-urdf/environment/ament_prefix_path.dsv
-- Installing: /home/roar/Desktop/projects/lilian/roar-gokart-ws/src/core/core/install/roar-urdf/share/roar-urdf/environment/path.sh
-- Installing: /home/roar/Desktop/projects/lilian/roar-gokart-ws/src/core/core/install/roar-urdf/share/roar-urdf/environment/path.dsv
-- Installing: /home/roar/Desktop/projects/lilian/roar-gokart-ws/src/core/core/install/roar-urdf/share/roar-urdf/local_setup.bash
-- Installing: /home/roar/Desktop/projects/lilian/roar-gokart-ws/src/core/core/install/roar-urdf/share/roar-urdf/local_setup.sh
-- Installing: /home/roar/Desktop/projects/lilian/roar-gokart-ws/src/core/core/install/roar-urdf/share/roar-urdf/local_setup.zsh
-- Installing: /home/roar/Desktop/projects/lilian/roar-gokart-ws/src/core/core/install/roar-urdf/share/roar-urdf/local_setup.dsv
-- Installing: /home/roar/Desktop/projects/lilian/roar-gokart-ws/src/core/core/install/roar-urdf/share/roar-urdf/package.dsv
-- Installing: /home/roar/Desktop/projects/lilian/roar-gokart-ws/src/core/core/install/roar-urdf/share/ament_index/resource_index/packages/roar-urdf
-- Installing: /home/roar/Desktop/projects/lilian/roar-gokart-ws/src/core/core/install/roar-urdf/share/roar-urdf/cmake/roar-urdfConfig.cmake
-- Installing: /home/roar/Desktop/projects/lilian/roar-gokart-ws/src/core/core/install/roar-urdf/share/roar-urdf/cmake/roar-urdfConfig-version.cmake
-- Installing: /home/roar/Desktop/projects/lilian/roar-gokart-ws/src/core/core/install/roar-urdf/share/roar-urdf/package.xml
