[0.038s] Invoking command in '/home/roar/Desktop/projects/lilian/roar-gokart-ws/src/core/core/build/roar-urdf': CMAKE_PREFIX_PATH=${CMAKE_PREFIX_PATH}:/home/roar/Desktop/projects/lilian/roar-gokart-ws/install/waypoint_recorder:/home/roar/Desktop/projects/lilian/roar-gokart-ws/install/roar_carla_manual_controller:/home/roar/Desktop/projects/lilian/roar-gokart-ws/install/roar_carla_interface:/home/roar/Desktop/projects/lilian/roar-gokart-ws/install/roar_manual_control:/home/roar/carla-ros-bridge/install/rqt_carla_control:/home/roar/carla-ros-bridge/install/carla_waypoint_publisher:/home/roar/carla-ros-bridge/install/carla_ackermann_control:/home/roar/carla-ros-bridge/install/carla_ros_bridge:/home/roar/carla-ros-bridge/install/carla_spawn_objects:/home/roar/carla-ros-bridge/install/carla_manual_control:/home/roar/carla-ros-bridge/install/carla_ad_agent:/home/roar/carla-ros-bridge/install/ros_compatibility:/home/roar/carla-ros-bridge/install/carla_walker_agent:/home/roar/carla-ros-bridge/install/carla_twist_to_control:/home/roar/carla-ros-bridge/install/carla_ros_scenario_runner:/home/roar/carla-ros-bridge/install/carla_common:/opt/ros/foxy /usr/bin/cmake /home/roar/Desktop/projects/lilian/roar-gokart-ws/src/core/core/src/misc/roar-urdf -DCMAKE_INSTALL_PREFIX=/home/roar/Desktop/projects/lilian/roar-gokart-ws/src/core/core/install/roar-urdf
[0.091s] -- The C compiler identification is GNU 9.4.0
[0.156s] -- The CXX compiler identification is GNU 9.4.0
[0.163s] -- Check for working C compiler: /usr/bin/cc
[0.224s] -- Check for working C compiler: /usr/bin/cc -- works
[0.225s] -- Detecting C compiler ABI info
[0.293s] -- Detecting C compiler ABI info - done
[0.305s] -- Detecting C compile features
[0.305s] -- Detecting C compile features - done
[0.307s] -- Check for working CXX compiler: /usr/bin/c++
[0.379s] -- Check for working CXX compiler: /usr/bin/c++ -- works
[0.380s] -- Detecting CXX compiler ABI info
[0.456s] -- Detecting CXX compiler ABI info - done
[0.468s] -- Detecting CXX compile features
[0.469s] -- Detecting CXX compile features - done
[0.473s] -- Found ament_cmake: 0.9.9 (/opt/ros/foxy/share/ament_cmake/cmake)
[0.508s] -- Found PythonInterp: /usr/bin/python3 (found suitable version "3.8.10", minimum required is "3") 
[0.508s] -- Using PYTHON_EXECUTABLE: /usr/bin/python3
[0.873s] -- Found ament_lint_auto: 0.9.6 (/opt/ros/foxy/share/ament_lint_auto/cmake)
[0.981s] -- Added test 'copyright' to check source files copyright and LICENSE
[0.985s] -- Added test 'flake8' to check Python code syntax and style conventions
[0.986s] -- Added test 'lint_cmake' to check CMake code style
[0.987s] -- Added test 'pep257' to check Python code against some of the style conventions in PEP 257
[0.990s] -- Added test 'xmllint' to check XML markup files
[0.993s] -- Configuring done
[0.995s] -- Generating done
[0.996s] -- Build files have been written to: /home/roar/Desktop/projects/lilian/roar-gokart-ws/src/core/core/build/roar-urdf
[0.999s] Invoked command in '/home/roar/Desktop/projects/lilian/roar-gokart-ws/src/core/core/build/roar-urdf' returned '0': CMAKE_PREFIX_PATH=${CMAKE_PREFIX_PATH}:/home/roar/Desktop/projects/lilian/roar-gokart-ws/install/waypoint_recorder:/home/roar/Desktop/projects/lilian/roar-gokart-ws/install/roar_carla_manual_controller:/home/roar/Desktop/projects/lilian/roar-gokart-ws/install/roar_carla_interface:/home/roar/Desktop/projects/lilian/roar-gokart-ws/install/roar_manual_control:/home/roar/carla-ros-bridge/install/rqt_carla_control:/home/roar/carla-ros-bridge/install/carla_waypoint_publisher:/home/roar/carla-ros-bridge/install/carla_ackermann_control:/home/roar/carla-ros-bridge/install/carla_ros_bridge:/home/roar/carla-ros-bridge/install/carla_spawn_objects:/home/roar/carla-ros-bridge/install/carla_manual_control:/home/roar/carla-ros-bridge/install/carla_ad_agent:/home/roar/carla-ros-bridge/install/ros_compatibility:/home/roar/carla-ros-bridge/install/carla_walker_agent:/home/roar/carla-ros-bridge/install/carla_twist_to_control:/home/roar/carla-ros-bridge/install/carla_ros_scenario_runner:/home/roar/carla-ros-bridge/install/carla_common:/opt/ros/foxy /usr/bin/cmake /home/roar/Desktop/projects/lilian/roar-gokart-ws/src/core/core/src/misc/roar-urdf -DCMAKE_INSTALL_PREFIX=/home/roar/Desktop/projects/lilian/roar-gokart-ws/src/core/core/install/roar-urdf
[1.002s] Invoking command in '/home/roar/Desktop/projects/lilian/roar-gokart-ws/src/core/core/build/roar-urdf': CMAKE_PREFIX_PATH=${CMAKE_PREFIX_PATH}:/home/roar/Desktop/projects/lilian/roar-gokart-ws/install/waypoint_recorder:/home/roar/Desktop/projects/lilian/roar-gokart-ws/install/roar_carla_manual_controller:/home/roar/Desktop/projects/lilian/roar-gokart-ws/install/roar_carla_interface:/home/roar/Desktop/projects/lilian/roar-gokart-ws/install/roar_manual_control:/home/roar/carla-ros-bridge/install/rqt_carla_control:/home/roar/carla-ros-bridge/install/carla_waypoint_publisher:/home/roar/carla-ros-bridge/install/carla_ackermann_control:/home/roar/carla-ros-bridge/install/carla_ros_bridge:/home/roar/carla-ros-bridge/install/carla_spawn_objects:/home/roar/carla-ros-bridge/install/carla_manual_control:/home/roar/carla-ros-bridge/install/carla_ad_agent:/home/roar/carla-ros-bridge/install/ros_compatibility:/home/roar/carla-ros-bridge/install/carla_walker_agent:/home/roar/carla-ros-bridge/install/carla_twist_to_control:/home/roar/carla-ros-bridge/install/carla_ros_scenario_runner:/home/roar/carla-ros-bridge/install/carla_common:/opt/ros/foxy /usr/bin/cmake --build /home/roar/Desktop/projects/lilian/roar-gokart-ws/src/core/core/build/roar-urdf -- -j16 -l16
[1.043s] Invoked command in '/home/roar/Desktop/projects/lilian/roar-gokart-ws/src/core/core/build/roar-urdf' returned '0': CMAKE_PREFIX_PATH=${CMAKE_PREFIX_PATH}:/home/roar/Desktop/projects/lilian/roar-gokart-ws/install/waypoint_recorder:/home/roar/Desktop/projects/lilian/roar-gokart-ws/install/roar_carla_manual_controller:/home/roar/Desktop/projects/lilian/roar-gokart-ws/install/roar_carla_interface:/home/roar/Desktop/projects/lilian/roar-gokart-ws/install/roar_manual_control:/home/roar/carla-ros-bridge/install/rqt_carla_control:/home/roar/carla-ros-bridge/install/carla_waypoint_publisher:/home/roar/carla-ros-bridge/install/carla_ackermann_control:/home/roar/carla-ros-bridge/install/carla_ros_bridge:/home/roar/carla-ros-bridge/install/carla_spawn_objects:/home/roar/carla-ros-bridge/install/carla_manual_control:/home/roar/carla-ros-bridge/install/carla_ad_agent:/home/roar/carla-ros-bridge/install/ros_compatibility:/home/roar/carla-ros-bridge/install/carla_walker_agent:/home/roar/carla-ros-bridge/install/carla_twist_to_control:/home/roar/carla-ros-bridge/install/carla_ros_scenario_runner:/home/roar/carla-ros-bridge/install/carla_common:/opt/ros/foxy /usr/bin/cmake --build /home/roar/Desktop/projects/lilian/roar-gokart-ws/src/core/core/build/roar-urdf -- -j16 -l16
[1.066s] Invoking command in '/home/roar/Desktop/projects/lilian/roar-gokart-ws/src/core/core/build/roar-urdf': CMAKE_PREFIX_PATH=${CMAKE_PREFIX_PATH}:/home/roar/Desktop/projects/lilian/roar-gokart-ws/install/waypoint_recorder:/home/roar/Desktop/projects/lilian/roar-gokart-ws/install/roar_carla_manual_controller:/home/roar/Desktop/projects/lilian/roar-gokart-ws/install/roar_carla_interface:/home/roar/Desktop/projects/lilian/roar-gokart-ws/install/roar_manual_control:/home/roar/carla-ros-bridge/install/rqt_carla_control:/home/roar/carla-ros-bridge/install/carla_waypoint_publisher:/home/roar/carla-ros-bridge/install/carla_ackermann_control:/home/roar/carla-ros-bridge/install/carla_ros_bridge:/home/roar/carla-ros-bridge/install/carla_spawn_objects:/home/roar/carla-ros-bridge/install/carla_manual_control:/home/roar/carla-ros-bridge/install/carla_ad_agent:/home/roar/carla-ros-bridge/install/ros_compatibility:/home/roar/carla-ros-bridge/install/carla_walker_agent:/home/roar/carla-ros-bridge/install/carla_twist_to_control:/home/roar/carla-ros-bridge/install/carla_ros_scenario_runner:/home/roar/carla-ros-bridge/install/carla_common:/opt/ros/foxy /usr/bin/cmake --install /home/roar/Desktop/projects/lilian/roar-gokart-ws/src/core/core/build/roar-urdf
[1.076s] -- Install configuration: ""
[1.076s] -- Installing: /home/roar/Desktop/projects/lilian/roar-gokart-ws/src/core/core/install/roar-urdf/share/roar-urdf/src
[1.076s] -- Installing: /home/roar/Desktop/projects/lilian/roar-gokart-ws/src/core/core/install/roar-urdf/share/roar-urdf/src/gokart
[1.076s] -- Installing: /home/roar/Desktop/projects/lilian/roar-gokart-ws/src/core/core/install/roar-urdf/share/roar-urdf/src/gokart/_gnss.urdf
[1.076s] -- Installing: /home/roar/Desktop/projects/lilian/roar-gokart-ws/src/core/core/install/roar-urdf/share/roar-urdf/src/gokart/_batteries.urdf
[1.076s] -- Installing: /home/roar/Desktop/projects/lilian/roar-gokart-ws/src/core/core/install/roar-urdf/share/roar-urdf/src/gokart/_inertias.urdf
[1.076s] -- Installing: /home/roar/Desktop/projects/lilian/roar-gokart-ws/src/core/core/install/roar-urdf/share/roar-urdf/src/gokart/_compute_units.urdf
[1.076s] -- Installing: /home/roar/Desktop/projects/lilian/roar-gokart-ws/src/core/core/install/roar-urdf/share/roar-urdf/src/gokart/_lidar_2d.urdf
[1.076s] -- Installing: /home/roar/Desktop/projects/lilian/roar-gokart-ws/src/core/core/install/roar-urdf/share/roar-urdf/src/gokart/_perceptions.urdf
[1.077s] -- Installing: /home/roar/Desktop/projects/lilian/roar-gokart-ws/src/core/core/install/roar-urdf/share/roar-urdf/src/gokart/_ackermann.urdf
[1.077s] -- Installing: /home/roar/Desktop/projects/lilian/roar-gokart-ws/src/core/core/install/roar-urdf/share/roar-urdf/src/gokart/_body_frame.urdf
[1.077s] -- Installing: /home/roar/Desktop/projects/lilian/roar-gokart-ws/src/core/core/install/roar-urdf/share/roar-urdf/src/gokart/_wheels.urdf
[1.077s] -- Installing: /home/roar/Desktop/projects/lilian/roar-gokart-ws/src/core/core/install/roar-urdf/share/roar-urdf/src/gokart/_camera.urdf
[1.077s] -- Installing: /home/roar/Desktop/projects/lilian/roar-gokart-ws/src/core/core/install/roar-urdf/share/roar-urdf/src/gokart/_imu.urdf
[1.077s] -- Installing: /home/roar/Desktop/projects/lilian/roar-gokart-ws/src/core/core/install/roar-urdf/share/roar-urdf/src/gokart/_perception_platform.urdf
[1.077s] -- Installing: /home/roar/Desktop/projects/lilian/roar-gokart-ws/src/core/core/install/roar-urdf/share/roar-urdf/src/gokart/main.urdf
[1.077s] -- Installing: /home/roar/Desktop/projects/lilian/roar-gokart-ws/src/core/core/install/roar-urdf/share/roar-urdf/src/description
[1.077s] -- Installing: /home/roar/Desktop/projects/lilian/roar-gokart-ws/src/core/core/install/roar-urdf/share/roar-urdf/src/description/indy_bot_description.urdf
[1.078s] -- Installing: /home/roar/Desktop/projects/lilian/roar-gokart-ws/src/core/core/install/roar-urdf/share/roar-urdf/launch
[1.078s] -- Installing: /home/roar/Desktop/projects/lilian/roar-gokart-ws/src/core/core/install/roar-urdf/share/roar-urdf/launch/state_publisher.launch.py
[1.078s] -- Installing: /home/roar/Desktop/projects/lilian/roar-gokart-ws/src/core/core/install/roar-urdf/share/roar-urdf/rviz
[1.078s] -- Installing: /home/roar/Desktop/projects/lilian/roar-gokart-ws/src/core/core/install/roar-urdf/share/roar-urdf/rviz/with_sensor_config.rviz
[1.078s] -- Installing: /home/roar/Desktop/projects/lilian/roar-gokart-ws/src/core/core/install/roar-urdf/share/roar-urdf/rviz/urdf_config.rviz
[1.078s] -- Installing: /home/roar/Desktop/projects/lilian/roar-gokart-ws/src/core/core/install/roar-urdf/share/roar-urdf/meshes
[1.078s] -- Installing: /home/roar/Desktop/projects/lilian/roar-gokart-ws/src/core/core/install/roar-urdf/share/roar-urdf/meshes/gokart
[1.078s] -- Installing: /home/roar/Desktop/projects/lilian/roar-gokart-ws/src/core/core/install/roar-urdf/share/roar-urdf/meshes/gokart/BodyV1.stl
[1.079s] -- Installing: /home/roar/Desktop/projects/lilian/roar-gokart-ws/src/core/core/install/roar-urdf/share/roar-urdf/meshes/gokart/WheelV1.stl
[1.080s] -- Installing: /home/roar/Desktop/projects/lilian/roar-gokart-ws/src/core/core/install/roar-urdf/share/roar-urdf/meshes/gps_antenna.stl
[1.082s] -- Installing: /home/roar/Desktop/projects/lilian/roar-gokart-ws/src/core/core/install/roar-urdf/share/roar-urdf/meshes/livox_horizon.stl
[1.088s] -- Installing: /home/roar/Desktop/projects/lilian/roar-gokart-ws/src/core/core/install/roar-urdf/share/roar-urdf/meshes/livox_avia.stl
[1.091s] -- Installing: /home/roar/Desktop/projects/lilian/roar-gokart-ws/src/core/core/install/roar-urdf/share/roar-urdf/meshes/ZED2i.stl
[1.094s] -- Installing: /home/roar/Desktop/projects/lilian/roar-gokart-ws/src/core/core/install/roar-urdf/share/ament_index/resource_index/package_run_dependencies/roar-urdf
[1.094s] -- Installing: /home/roar/Desktop/projects/lilian/roar-gokart-ws/src/core/core/install/roar-urdf/share/ament_index/resource_index/parent_prefix_path/roar-urdf
[1.094s] -- Installing: /home/roar/Desktop/projects/lilian/roar-gokart-ws/src/core/core/install/roar-urdf/share/roar-urdf/environment/ament_prefix_path.sh
[1.094s] -- Installing: /home/roar/Desktop/projects/lilian/roar-gokart-ws/src/core/core/install/roar-urdf/share/roar-urdf/environment/ament_prefix_path.dsv
[1.094s] -- Installing: /home/roar/Desktop/projects/lilian/roar-gokart-ws/src/core/core/install/roar-urdf/share/roar-urdf/environment/path.sh
[1.094s] -- Installing: /home/roar/Desktop/projects/lilian/roar-gokart-ws/src/core/core/install/roar-urdf/share/roar-urdf/environment/path.dsv
[1.094s] -- Installing: /home/roar/Desktop/projects/lilian/roar-gokart-ws/src/core/core/install/roar-urdf/share/roar-urdf/local_setup.bash
[1.095s] -- Installing: /home/roar/Desktop/projects/lilian/roar-gokart-ws/src/core/core/install/roar-urdf/share/roar-urdf/local_setup.sh
[1.095s] -- Installing: /home/roar/Desktop/projects/lilian/roar-gokart-ws/src/core/core/install/roar-urdf/share/roar-urdf/local_setup.zsh
[1.095s] -- Installing: /home/roar/Desktop/projects/lilian/roar-gokart-ws/src/core/core/install/roar-urdf/share/roar-urdf/local_setup.dsv
[1.095s] -- Installing: /home/roar/Desktop/projects/lilian/roar-gokart-ws/src/core/core/install/roar-urdf/share/roar-urdf/package.dsv
[1.095s] -- Installing: /home/roar/Desktop/projects/lilian/roar-gokart-ws/src/core/core/install/roar-urdf/share/ament_index/resource_index/packages/roar-urdf
[1.095s] -- Installing: /home/roar/Desktop/projects/lilian/roar-gokart-ws/src/core/core/install/roar-urdf/share/roar-urdf/cmake/roar-urdfConfig.cmake
[1.095s] -- Installing: /home/roar/Desktop/projects/lilian/roar-gokart-ws/src/core/core/install/roar-urdf/share/roar-urdf/cmake/roar-urdfConfig-version.cmake
[1.095s] -- Installing: /home/roar/Desktop/projects/lilian/roar-gokart-ws/src/core/core/install/roar-urdf/share/roar-urdf/package.xml
[1.098s] Invoked command in '/home/roar/Desktop/projects/lilian/roar-gokart-ws/src/core/core/build/roar-urdf' returned '0': CMAKE_PREFIX_PATH=${CMAKE_PREFIX_PATH}:/home/roar/Desktop/projects/lilian/roar-gokart-ws/install/waypoint_recorder:/home/roar/Desktop/projects/lilian/roar-gokart-ws/install/roar_carla_manual_controller:/home/roar/Desktop/projects/lilian/roar-gokart-ws/install/roar_carla_interface:/home/roar/Desktop/projects/lilian/roar-gokart-ws/install/roar_manual_control:/home/roar/carla-ros-bridge/install/rqt_carla_control:/home/roar/carla-ros-bridge/install/carla_waypoint_publisher:/home/roar/carla-ros-bridge/install/carla_ackermann_control:/home/roar/carla-ros-bridge/install/carla_ros_bridge:/home/roar/carla-ros-bridge/install/carla_spawn_objects:/home/roar/carla-ros-bridge/install/carla_manual_control:/home/roar/carla-ros-bridge/install/carla_ad_agent:/home/roar/carla-ros-bridge/install/ros_compatibility:/home/roar/carla-ros-bridge/install/carla_walker_agent:/home/roar/carla-ros-bridge/install/carla_twist_to_control:/home/roar/carla-ros-bridge/install/carla_ros_scenario_runner:/home/roar/carla-ros-bridge/install/carla_common:/opt/ros/foxy /usr/bin/cmake --install /home/roar/Desktop/projects/lilian/roar-gokart-ws/src/core/core/build/roar-urdf
