[ 22%] Built target behavior_planning_COMMON
[ 44%] Built target default_behavior_planner_exe
[ 77%] Built target behavior_planning_BASE
[100%] Built target DEFAULT_BT
-- Install configuration: ""
-- Up-to-date: /home/roar/Desktop/projects/lilian/roar-gokart-ws/src/core/core/install/behavior_planning/lib/behavior_planning/default_behavior_planner_exe
-- Up-to-date: /home/roar/Desktop/projects/lilian/roar-gokart-ws/src/core/core/install/behavior_planning/include
-- Up-to-date: /home/roar/Desktop/projects/lilian/roar-gokart-ws/src/core/core/install/behavior_planning/include/behavior_planning
-- Up-to-date: /home/roar/Desktop/projects/lilian/roar-gokart-ws/src/core/core/install/behavior_planning/include/behavior_planning/behavior_planner_manager.hpp
-- Up-to-date: /home/roar/Desktop/projects/lilian/roar-gokart-ws/src/core/core/install/behavior_planning/include/behavior_planning/common
-- Up-to-date: /home/roar/Desktop/projects/lilian/roar-gokart-ws/src/core/core/install/behavior_planning/include/behavior_planning/common/utils.hpp
-- Up-to-date: /home/roar/Desktop/projects/lilian/roar-gokart-ws/src/core/core/install/behavior_planning/include/behavior_planning/default_behavior_planner.hpp
-- Up-to-date: /home/roar/Desktop/projects/lilian/roar-gokart-ws/src/core/core/install/behavior_planning/include/behavior_planning/base
-- Up-to-date: /home/roar/Desktop/projects/lilian/roar-gokart-ws/src/core/core/install/behavior_planning/include/behavior_planning/base/base_bt_lifecycle_node.hpp
-- Up-to-date: /home/roar/Desktop/projects/lilian/roar-gokart-ws/src/core/core/install/behavior_planning/include/behavior_planning/base/base_lifecycle_node.hpp
-- Up-to-date: /home/roar/Desktop/projects/lilian/roar-gokart-ws/src/core/core/install/behavior_planning/share/behavior_planning/environment/library_path.sh
-- Up-to-date: /home/roar/Desktop/projects/lilian/roar-gokart-ws/src/core/core/install/behavior_planning/share/behavior_planning/environment/library_path.dsv
-- Up-to-date: /home/roar/Desktop/projects/lilian/roar-gokart-ws/src/core/core/install/behavior_planning/lib/libbehavior_planning_COMMON.so
-- Up-to-date: /home/roar/Desktop/projects/lilian/roar-gokart-ws/src/core/core/install/behavior_planning/lib/libbehavior_planning_BASE.so
-- Up-to-date: /home/roar/Desktop/projects/lilian/roar-gokart-ws/src/core/core/install/behavior_planning/lib/libDEFAULT_BT.so
-- Up-to-date: /home/roar/Desktop/projects/lilian/roar-gokart-ws/src/core/core/install/behavior_planning/share/behavior_planning/param
-- Up-to-date: /home/roar/Desktop/projects/lilian/roar-gokart-ws/src/core/core/install/behavior_planning/share/behavior_planning/param/.gitkeep
-- Up-to-date: /home/roar/Desktop/projects/lilian/roar-gokart-ws/src/core/core/install/behavior_planning/share/behavior_planning/launch
-- Up-to-date: /home/roar/Desktop/projects/lilian/roar-gokart-ws/src/core/core/install/behavior_planning/share/behavior_planning/launch/behavior_planning.launch.py
-- Up-to-date: /home/roar/Desktop/projects/lilian/roar-gokart-ws/src/core/core/install/behavior_planning/share/behavior_planning/launch/.gitkeep
-- Up-to-date: /home/roar/Desktop/projects/lilian/roar-gokart-ws/src/core/core/install/behavior_planning/share/ament_index/resource_index/package_run_dependencies/behavior_planning
-- Up-to-date: /home/roar/Desktop/projects/lilian/roar-gokart-ws/src/core/core/install/behavior_planning/share/ament_index/resource_index/parent_prefix_path/behavior_planning
-- Up-to-date: /home/roar/Desktop/projects/lilian/roar-gokart-ws/src/core/core/install/behavior_planning/share/behavior_planning/environment/ament_prefix_path.sh
-- Up-to-date: /home/roar/Desktop/projects/lilian/roar-gokart-ws/src/core/core/install/behavior_planning/share/behavior_planning/environment/ament_prefix_path.dsv
-- Up-to-date: /home/roar/Desktop/projects/lilian/roar-gokart-ws/src/core/core/install/behavior_planning/share/behavior_planning/environment/path.sh
-- Up-to-date: /home/roar/Desktop/projects/lilian/roar-gokart-ws/src/core/core/install/behavior_planning/share/behavior_planning/environment/path.dsv
-- Up-to-date: /home/roar/Desktop/projects/lilian/roar-gokart-ws/src/core/core/install/behavior_planning/share/behavior_planning/local_setup.bash
-- Up-to-date: /home/roar/Desktop/projects/lilian/roar-gokart-ws/src/core/core/install/behavior_planning/share/behavior_planning/local_setup.sh
-- Up-to-date: /home/roar/Desktop/projects/lilian/roar-gokart-ws/src/core/core/install/behavior_planning/share/behavior_planning/local_setup.zsh
-- Up-to-date: /home/roar/Desktop/projects/lilian/roar-gokart-ws/src/core/core/install/behavior_planning/share/behavior_planning/local_setup.dsv
-- Installing: /home/roar/Desktop/projects/lilian/roar-gokart-ws/src/core/core/install/behavior_planning/share/behavior_planning/package.dsv
-- Up-to-date: /home/roar/Desktop/projects/lilian/roar-gokart-ws/src/core/core/install/behavior_planning/share/ament_index/resource_index/packages/behavior_planning
-- Up-to-date: /home/roar/Desktop/projects/lilian/roar-gokart-ws/src/core/core/install/behavior_planning/share/ament_index/resource_index/rclcpp_components/behavior_planning
-- Up-to-date: /home/roar/Desktop/projects/lilian/roar-gokart-ws/src/core/core/install/behavior_planning/share/behavior_planning/cmake/ament_cmake_export_dependencies-extras.cmake
-- Up-to-date: /home/roar/Desktop/projects/lilian/roar-gokart-ws/src/core/core/install/behavior_planning/share/behavior_planning/cmake/ament_cmake_export_include_directories-extras.cmake
-- Up-to-date: /home/roar/Desktop/projects/lilian/roar-gokart-ws/src/core/core/install/behavior_planning/share/behavior_planning/cmake/ament_cmake_export_libraries-extras.cmake
-- Up-to-date: /home/roar/Desktop/projects/lilian/roar-gokart-ws/src/core/core/install/behavior_planning/share/behavior_planning/cmake/behavior_planningConfig.cmake
-- Up-to-date: /home/roar/Desktop/projects/lilian/roar-gokart-ws/src/core/core/install/behavior_planning/share/behavior_planning/cmake/behavior_planningConfig-version.cmake
-- Up-to-date: /home/roar/Desktop/projects/lilian/roar-gokart-ws/src/core/core/install/behavior_planning/share/behavior_planning/package.xml
