[0.052s] Invoking command in '/home/roar/Desktop/projects/lilian/roar-gokart-ws/src/core/core/build/behavior_planning': CMAKE_PREFIX_PATH=${CMAKE_PREFIX_PATH}:/home/roar/Desktop/projects/lilian/roar-gokart-ws/install/waypoint_recorder:/home/roar/Desktop/projects/lilian/roar-gokart-ws/install/roar_carla_manual_controller:/home/roar/Desktop/projects/lilian/roar-gokart-ws/install/roar_carla_interface:/home/roar/Desktop/projects/lilian/roar-gokart-ws/install/roar_manual_control:/home/roar/carla-ros-bridge/install/rqt_carla_control:/home/roar/carla-ros-bridge/install/carla_waypoint_publisher:/home/roar/carla-ros-bridge/install/carla_ackermann_control:/home/roar/carla-ros-bridge/install/carla_ros_bridge:/home/roar/carla-ros-bridge/install/carla_spawn_objects:/home/roar/carla-ros-bridge/install/carla_manual_control:/home/roar/carla-ros-bridge/install/carla_ad_agent:/home/roar/carla-ros-bridge/install/ros_compatibility:/home/roar/carla-ros-bridge/install/carla_walker_agent:/home/roar/carla-ros-bridge/install/carla_twist_to_control:/home/roar/carla-ros-bridge/install/carla_ros_scenario_runner:/home/roar/carla-ros-bridge/install/carla_common:/opt/ros/foxy /usr/bin/cmake --build /home/roar/Desktop/projects/lilian/roar-gokart-ws/src/core/core/build/behavior_planning -- -j16 -l16
[0.108s] [ 22%] Built target behavior_planning_COMMON
[0.114s] [ 44%] Built target default_behavior_planner_exe
[0.152s] [ 77%] Built target behavior_planning_BASE
[0.186s] [100%] Built target DEFAULT_BT
[0.366s] Invoked command in '/home/roar/Desktop/projects/lilian/roar-gokart-ws/src/core/core/build/behavior_planning' returned '0': CMAKE_PREFIX_PATH=${CMAKE_PREFIX_PATH}:/home/roar/Desktop/projects/lilian/roar-gokart-ws/install/waypoint_recorder:/home/roar/Desktop/projects/lilian/roar-gokart-ws/install/roar_carla_manual_controller:/home/roar/Desktop/projects/lilian/roar-gokart-ws/install/roar_carla_interface:/home/roar/Desktop/projects/lilian/roar-gokart-ws/install/roar_manual_control:/home/roar/carla-ros-bridge/install/rqt_carla_control:/home/roar/carla-ros-bridge/install/carla_waypoint_publisher:/home/roar/carla-ros-bridge/install/carla_ackermann_control:/home/roar/carla-ros-bridge/install/carla_ros_bridge:/home/roar/carla-ros-bridge/install/carla_spawn_objects:/home/roar/carla-ros-bridge/install/carla_manual_control:/home/roar/carla-ros-bridge/install/carla_ad_agent:/home/roar/carla-ros-bridge/install/ros_compatibility:/home/roar/carla-ros-bridge/install/carla_walker_agent:/home/roar/carla-ros-bridge/install/carla_twist_to_control:/home/roar/carla-ros-bridge/install/carla_ros_scenario_runner:/home/roar/carla-ros-bridge/install/carla_common:/opt/ros/foxy /usr/bin/cmake --build /home/roar/Desktop/projects/lilian/roar-gokart-ws/src/core/core/build/behavior_planning -- -j16 -l16
[0.406s] Invoking command in '/home/roar/Desktop/projects/lilian/roar-gokart-ws/src/core/core/build/behavior_planning': CMAKE_PREFIX_PATH=${CMAKE_PREFIX_PATH}:/home/roar/Desktop/projects/lilian/roar-gokart-ws/install/waypoint_recorder:/home/roar/Desktop/projects/lilian/roar-gokart-ws/install/roar_carla_manual_controller:/home/roar/Desktop/projects/lilian/roar-gokart-ws/install/roar_carla_interface:/home/roar/Desktop/projects/lilian/roar-gokart-ws/install/roar_manual_control:/home/roar/carla-ros-bridge/install/rqt_carla_control:/home/roar/carla-ros-bridge/install/carla_waypoint_publisher:/home/roar/carla-ros-bridge/install/carla_ackermann_control:/home/roar/carla-ros-bridge/install/carla_ros_bridge:/home/roar/carla-ros-bridge/install/carla_spawn_objects:/home/roar/carla-ros-bridge/install/carla_manual_control:/home/roar/carla-ros-bridge/install/carla_ad_agent:/home/roar/carla-ros-bridge/install/ros_compatibility:/home/roar/carla-ros-bridge/install/carla_walker_agent:/home/roar/carla-ros-bridge/install/carla_twist_to_control:/home/roar/carla-ros-bridge/install/carla_ros_scenario_runner:/home/roar/carla-ros-bridge/install/carla_common:/opt/ros/foxy /usr/bin/cmake --install /home/roar/Desktop/projects/lilian/roar-gokart-ws/src/core/core/build/behavior_planning
[0.422s] -- Install configuration: ""
[0.422s] -- Up-to-date: /home/roar/Desktop/projects/lilian/roar-gokart-ws/src/core/core/install/behavior_planning/lib/behavior_planning/default_behavior_planner_exe
[0.423s] -- Up-to-date: /home/roar/Desktop/projects/lilian/roar-gokart-ws/src/core/core/install/behavior_planning/include
[0.423s] -- Up-to-date: /home/roar/Desktop/projects/lilian/roar-gokart-ws/src/core/core/install/behavior_planning/include/behavior_planning
[0.424s] -- Up-to-date: /home/roar/Desktop/projects/lilian/roar-gokart-ws/src/core/core/install/behavior_planning/include/behavior_planning/behavior_planner_manager.hpp
[0.424s] -- Up-to-date: /home/roar/Desktop/projects/lilian/roar-gokart-ws/src/core/core/install/behavior_planning/include/behavior_planning/common
[0.424s] -- Up-to-date: /home/roar/Desktop/projects/lilian/roar-gokart-ws/src/core/core/install/behavior_planning/include/behavior_planning/common/utils.hpp
[0.424s] -- Up-to-date: /home/roar/Desktop/projects/lilian/roar-gokart-ws/src/core/core/install/behavior_planning/include/behavior_planning/default_behavior_planner.hpp
[0.425s] -- Up-to-date: /home/roar/Desktop/projects/lilian/roar-gokart-ws/src/core/core/install/behavior_planning/include/behavior_planning/base
[0.425s] -- Up-to-date: /home/roar/Desktop/projects/lilian/roar-gokart-ws/src/core/core/install/behavior_planning/include/behavior_planning/base/base_bt_lifecycle_node.hpp
[0.425s] -- Up-to-date: /home/roar/Desktop/projects/lilian/roar-gokart-ws/src/core/core/install/behavior_planning/include/behavior_planning/base/base_lifecycle_node.hpp
[0.425s] -- Up-to-date: /home/roar/Desktop/projects/lilian/roar-gokart-ws/src/core/core/install/behavior_planning/share/behavior_planning/environment/library_path.sh
[0.425s] -- Up-to-date: /home/roar/Desktop/projects/lilian/roar-gokart-ws/src/core/core/install/behavior_planning/share/behavior_planning/environment/library_path.dsv
[0.425s] -- Up-to-date: /home/roar/Desktop/projects/lilian/roar-gokart-ws/src/core/core/install/behavior_planning/lib/libbehavior_planning_COMMON.so
[0.425s] -- Up-to-date: /home/roar/Desktop/projects/lilian/roar-gokart-ws/src/core/core/install/behavior_planning/lib/libbehavior_planning_BASE.so
[0.426s] -- Up-to-date: /home/roar/Desktop/projects/lilian/roar-gokart-ws/src/core/core/install/behavior_planning/lib/libDEFAULT_BT.so
[0.426s] -- Up-to-date: /home/roar/Desktop/projects/lilian/roar-gokart-ws/src/core/core/install/behavior_planning/share/behavior_planning/param
[0.426s] -- Up-to-date: /home/roar/Desktop/projects/lilian/roar-gokart-ws/src/core/core/install/behavior_planning/share/behavior_planning/param/.gitkeep
[0.426s] -- Up-to-date: /home/roar/Desktop/projects/lilian/roar-gokart-ws/src/core/core/install/behavior_planning/share/behavior_planning/launch
[0.426s] -- Up-to-date: /home/roar/Desktop/projects/lilian/roar-gokart-ws/src/core/core/install/behavior_planning/share/behavior_planning/launch/behavior_planning.launch.py
[0.427s] -- Up-to-date: /home/roar/Desktop/projects/lilian/roar-gokart-ws/src/core/core/install/behavior_planning/share/behavior_planning/launch/.gitkeep
[0.427s] -- Up-to-date: /home/roar/Desktop/projects/lilian/roar-gokart-ws/src/core/core/install/behavior_planning/share/ament_index/resource_index/package_run_dependencies/behavior_planning
[0.427s] -- Up-to-date: /home/roar/Desktop/projects/lilian/roar-gokart-ws/src/core/core/install/behavior_planning/share/ament_index/resource_index/parent_prefix_path/behavior_planning
[0.427s] -- Up-to-date: /home/roar/Desktop/projects/lilian/roar-gokart-ws/src/core/core/install/behavior_planning/share/behavior_planning/environment/ament_prefix_path.sh
[0.427s] -- Up-to-date: /home/roar/Desktop/projects/lilian/roar-gokart-ws/src/core/core/install/behavior_planning/share/behavior_planning/environment/ament_prefix_path.dsv
[0.428s] -- Up-to-date: /home/roar/Desktop/projects/lilian/roar-gokart-ws/src/core/core/install/behavior_planning/share/behavior_planning/environment/path.sh
[0.429s] -- Up-to-date: /home/roar/Desktop/projects/lilian/roar-gokart-ws/src/core/core/install/behavior_planning/share/behavior_planning/environment/path.dsv
[0.429s] -- Up-to-date: /home/roar/Desktop/projects/lilian/roar-gokart-ws/src/core/core/install/behavior_planning/share/behavior_planning/local_setup.bash
[0.429s] -- Up-to-date: /home/roar/Desktop/projects/lilian/roar-gokart-ws/src/core/core/install/behavior_planning/share/behavior_planning/local_setup.sh
[0.429s] -- Up-to-date: /home/roar/Desktop/projects/lilian/roar-gokart-ws/src/core/core/install/behavior_planning/share/behavior_planning/local_setup.zsh
[0.429s] -- Up-to-date: /home/roar/Desktop/projects/lilian/roar-gokart-ws/src/core/core/install/behavior_planning/share/behavior_planning/local_setup.dsv
[0.429s] -- Installing: /home/roar/Desktop/projects/lilian/roar-gokart-ws/src/core/core/install/behavior_planning/share/behavior_planning/package.dsv
[0.429s] -- Up-to-date: /home/roar/Desktop/projects/lilian/roar-gokart-ws/src/core/core/install/behavior_planning/share/ament_index/resource_index/packages/behavior_planning
[0.430s] -- Up-to-date: /home/roar/Desktop/projects/lilian/roar-gokart-ws/src/core/core/install/behavior_planning/share/ament_index/resource_index/rclcpp_components/behavior_planning
[0.430s] -- Up-to-date: /home/roar/Desktop/projects/lilian/roar-gokart-ws/src/core/core/install/behavior_planning/share/behavior_planning/cmake/ament_cmake_export_dependencies-extras.cmake
[0.430s] -- Up-to-date: /home/roar/Desktop/projects/lilian/roar-gokart-ws/src/core/core/install/behavior_planning/share/behavior_planning/cmake/ament_cmake_export_include_directories-extras.cmake
[0.432s] -- Up-to-date: /home/roar/Desktop/projects/lilian/roar-gokart-ws/src/core/core/install/behavior_planning/share/behavior_planning/cmake/ament_cmake_export_libraries-extras.cmake
[0.432s] -- Up-to-date: /home/roar/Desktop/projects/lilian/roar-gokart-ws/src/core/core/install/behavior_planning/share/behavior_planning/cmake/behavior_planningConfig.cmake
[0.432s] -- Up-to-date: /home/roar/Desktop/projects/lilian/roar-gokart-ws/src/core/core/install/behavior_planning/share/behavior_planning/cmake/behavior_planningConfig-version.cmake
[0.432s] -- Up-to-date: /home/roar/Desktop/projects/lilian/roar-gokart-ws/src/core/core/install/behavior_planning/share/behavior_planning/package.xml
[0.448s] Invoked command in '/home/roar/Desktop/projects/lilian/roar-gokart-ws/src/core/core/build/behavior_planning' returned '0': CMAKE_PREFIX_PATH=${CMAKE_PREFIX_PATH}:/home/roar/Desktop/projects/lilian/roar-gokart-ws/install/waypoint_recorder:/home/roar/Desktop/projects/lilian/roar-gokart-ws/install/roar_carla_manual_controller:/home/roar/Desktop/projects/lilian/roar-gokart-ws/install/roar_carla_interface:/home/roar/Desktop/projects/lilian/roar-gokart-ws/install/roar_manual_control:/home/roar/carla-ros-bridge/install/rqt_carla_control:/home/roar/carla-ros-bridge/install/carla_waypoint_publisher:/home/roar/carla-ros-bridge/install/carla_ackermann_control:/home/roar/carla-ros-bridge/install/carla_ros_bridge:/home/roar/carla-ros-bridge/install/carla_spawn_objects:/home/roar/carla-ros-bridge/install/carla_manual_control:/home/roar/carla-ros-bridge/install/carla_ad_agent:/home/roar/carla-ros-bridge/install/ros_compatibility:/home/roar/carla-ros-bridge/install/carla_walker_agent:/home/roar/carla-ros-bridge/install/carla_twist_to_control:/home/roar/carla-ros-bridge/install/carla_ros_scenario_runner:/home/roar/carla-ros-bridge/install/carla_common:/opt/ros/foxy /usr/bin/cmake --install /home/roar/Desktop/projects/lilian/roar-gokart-ws/src/core/core/build/behavior_planning
