[100%] Built target vehicle_state_manager_node
-- Install configuration: ""
-- Up-to-date: /home/roar/Desktop/projects/lilian/roar-gokart-ws/src/core/core/install/vehicle_state_manager/include
-- Up-to-date: /home/roar/Desktop/projects/lilian/roar-gokart-ws/src/core/core/install/vehicle_state_manager/include/vehicle_state_manager
-- Up-to-date: /home/roar/Desktop/projects/lilian/roar-gokart-ws/src/core/core/install/vehicle_state_manager/include/vehicle_state_manager/vehicle_state_manager_node.hpp
-- Up-to-date: /home/roar/Desktop/projects/lilian/roar-gokart-ws/src/core/core/install/vehicle_state_manager/lib/vehicle_state_manager/vehicle_state_manager_node
-- Up-to-date: /home/roar/Desktop/projects/lilian/roar-gokart-ws/src/core/core/install/vehicle_state_manager/share/vehicle_state_manager/launch
-- Up-to-date: /home/roar/Desktop/projects/lilian/roar-gokart-ws/src/core/core/install/vehicle_state_manager/share/vehicle_state_manager/launch/vehicle_state_manager.launch.py
-- Up-to-date: /home/roar/Desktop/projects/lilian/roar-gokart-ws/src/core/core/install/vehicle_state_manager/share/vehicle_state_manager/include
-- Up-to-date: /home/roar/Desktop/projects/lilian/roar-gokart-ws/src/core/core/install/vehicle_state_manager/share/vehicle_state_manager/include/vehicle_state_manager
-- Up-to-date: /home/roar/Desktop/projects/lilian/roar-gokart-ws/src/core/core/install/vehicle_state_manager/share/vehicle_state_manager/include/vehicle_state_manager/vehicle_state_manager_node.hpp
-- Up-to-date: /home/roar/Desktop/projects/lilian/roar-gokart-ws/src/core/core/install/vehicle_state_manager/share/vehicle_state_manager/params
-- Up-to-date: /home/roar/Desktop/projects/lilian/roar-gokart-ws/src/core/core/install/vehicle_state_manager/share/vehicle_state_manager/params/configs.yaml
-- Up-to-date: /home/roar/Desktop/projects/lilian/roar-gokart-ws/src/core/core/install/vehicle_state_manager/share/ament_index/resource_index/package_run_dependencies/vehicle_state_manager
-- Up-to-date: /home/roar/Desktop/projects/lilian/roar-gokart-ws/src/core/core/install/vehicle_state_manager/share/ament_index/resource_index/parent_prefix_path/vehicle_state_manager
-- Up-to-date: /home/roar/Desktop/projects/lilian/roar-gokart-ws/src/core/core/install/vehicle_state_manager/share/vehicle_state_manager/environment/ament_prefix_path.sh
-- Up-to-date: /home/roar/Desktop/projects/lilian/roar-gokart-ws/src/core/core/install/vehicle_state_manager/share/vehicle_state_manager/environment/ament_prefix_path.dsv
-- Up-to-date: /home/roar/Desktop/projects/lilian/roar-gokart-ws/src/core/core/install/vehicle_state_manager/share/vehicle_state_manager/environment/path.sh
-- Up-to-date: /home/roar/Desktop/projects/lilian/roar-gokart-ws/src/core/core/install/vehicle_state_manager/share/vehicle_state_manager/environment/path.dsv
-- Up-to-date: /home/roar/Desktop/projects/lilian/roar-gokart-ws/src/core/core/install/vehicle_state_manager/share/vehicle_state_manager/local_setup.bash
-- Up-to-date: /home/roar/Desktop/projects/lilian/roar-gokart-ws/src/core/core/install/vehicle_state_manager/share/vehicle_state_manager/local_setup.sh
-- Up-to-date: /home/roar/Desktop/projects/lilian/roar-gokart-ws/src/core/core/install/vehicle_state_manager/share/vehicle_state_manager/local_setup.zsh
-- Up-to-date: /home/roar/Desktop/projects/lilian/roar-gokart-ws/src/core/core/install/vehicle_state_manager/share/vehicle_state_manager/local_setup.dsv
-- Installing: /home/roar/Desktop/projects/lilian/roar-gokart-ws/src/core/core/install/vehicle_state_manager/share/vehicle_state_manager/package.dsv
-- Up-to-date: /home/roar/Desktop/projects/lilian/roar-gokart-ws/src/core/core/install/vehicle_state_manager/share/ament_index/resource_index/packages/vehicle_state_manager
-- Up-to-date: /home/roar/Desktop/projects/lilian/roar-gokart-ws/src/core/core/install/vehicle_state_manager/share/vehicle_state_manager/cmake/ament_cmake_export_dependencies-extras.cmake
-- Up-to-date: /home/roar/Desktop/projects/lilian/roar-gokart-ws/src/core/core/install/vehicle_state_manager/share/vehicle_state_manager/cmake/ament_cmake_export_include_directories-extras.cmake
-- Up-to-date: /home/roar/Desktop/projects/lilian/roar-gokart-ws/src/core/core/install/vehicle_state_manager/share/vehicle_state_manager/cmake/vehicle_state_managerConfig.cmake
-- Up-to-date: /home/roar/Desktop/projects/lilian/roar-gokart-ws/src/core/core/install/vehicle_state_manager/share/vehicle_state_manager/cmake/vehicle_state_managerConfig-version.cmake
-- Up-to-date: /home/roar/Desktop/projects/lilian/roar-gokart-ws/src/core/core/install/vehicle_state_manager/share/vehicle_state_manager/package.xml
