[0.042s] Invoking command in '/home/roar/Desktop/projects/lilian/roar-gokart-ws/src/core/core/build/costmap_node_manager': CMAKE_PREFIX_PATH=${CMAKE_PREFIX_PATH}:/home/roar/Desktop/projects/lilian/roar-gokart-ws/install/waypoint_recorder:/home/roar/Desktop/projects/lilian/roar-gokart-ws/install/roar_carla_manual_controller:/home/roar/Desktop/projects/lilian/roar-gokart-ws/install/roar_carla_interface:/home/roar/Desktop/projects/lilian/roar-gokart-ws/install/roar_manual_control:/home/roar/carla-ros-bridge/install/rqt_carla_control:/home/roar/carla-ros-bridge/install/carla_waypoint_publisher:/home/roar/carla-ros-bridge/install/carla_ackermann_control:/home/roar/carla-ros-bridge/install/carla_ros_bridge:/home/roar/carla-ros-bridge/install/carla_spawn_objects:/home/roar/carla-ros-bridge/install/carla_manual_control:/home/roar/carla-ros-bridge/install/carla_ad_agent:/home/roar/carla-ros-bridge/install/ros_compatibility:/home/roar/carla-ros-bridge/install/carla_walker_agent:/home/roar/carla-ros-bridge/install/carla_twist_to_control:/home/roar/carla-ros-bridge/install/carla_ros_scenario_runner:/home/roar/carla-ros-bridge/install/carla_common:/opt/ros/foxy /usr/bin/cmake /home/roar/Desktop/projects/lilian/roar-gokart-ws/src/core/core/src/planning/costmap_node_manager -DCMAKE_INSTALL_PREFIX=/home/roar/Desktop/projects/lilian/roar-gokart-ws/src/core/core/install/costmap_node_manager
[0.093s] -- The C compiler identification is GNU 9.4.0
[0.154s] -- The CXX compiler identification is GNU 9.4.0
[0.165s] -- Check for working C compiler: /usr/bin/cc
[0.227s] -- Check for working C compiler: /usr/bin/cc -- works
[0.228s] -- Detecting C compiler ABI info
[0.289s] -- Detecting C compiler ABI info - done
[0.301s] -- Detecting C compile features
[0.301s] -- Detecting C compile features - done
[0.304s] -- Check for working CXX compiler: /usr/bin/c++
[0.385s] -- Check for working CXX compiler: /usr/bin/c++ -- works
[0.386s] -- Detecting CXX compiler ABI info
[0.460s] -- Detecting CXX compiler ABI info - done
[0.469s] -- Detecting CXX compile features
[0.470s] -- Detecting CXX compile features - done
[0.474s] -- Found ament_cmake: 0.9.9 (/opt/ros/foxy/share/ament_cmake/cmake)
[0.509s] -- Found PythonInterp: /usr/bin/python3 (found suitable version "3.8.10", minimum required is "3") 
[0.509s] -- Using PYTHON_EXECUTABLE: /usr/bin/python3
[0.772s] -- Found nav2_core: 0.4.7 (/opt/ros/foxy/share/nav2_core/cmake)
[0.853s] -- Using all available rosidl_typesupport_c: rosidl_typesupport_fastrtps_c;rosidl_typesupport_introspection_c
[0.870s] -- Found rosidl_adapter: 1.2.1 (/opt/ros/foxy/share/rosidl_adapter/cmake)
[0.971s] -- Found OpenSSL: /usr/lib/x86_64-linux-gnu/libcrypto.so (found version "1.1.1f")  
[1.006s] -- Found FastRTPS: /opt/ros/foxy/include  
[1.107s] -- Using all available rosidl_typesupport_cpp: rosidl_typesupport_fastrtps_cpp;rosidl_typesupport_introspection_cpp
[1.168s] -- Found rmw_implementation_cmake: 1.0.3 (/opt/ros/foxy/share/rmw_implementation_cmake/cmake)
[1.171s] -- Using RMW implementation 'rmw_fastrtps_cpp' as default
[1.173s] -- Looking for pthread.h
[1.241s] -- Looking for pthread.h - found
[1.241s] -- Performing Test CMAKE_HAVE_LIBC_PTHREAD
[1.311s] -- Performing Test CMAKE_HAVE_LIBC_PTHREAD - Failed
[1.311s] -- Looking for pthread_create in pthreads
[1.365s] -- Looking for pthread_create in pthreads - not found
[1.365s] -- Looking for pthread_create in pthread
[1.421s] -- Looking for pthread_create in pthread - found
[1.422s] -- Found Threads: TRUE  
[2.608s] -- Found Eigen3: TRUE (found version "3.3.7") 
[3.660s] -- Found nav2_common: 0.4.7 (/opt/ros/foxy/share/nav2_common/cmake)
[3.666s] -- Found nav_2d_utils: 0.4.7 (/opt/ros/foxy/share/nav_2d_utils/cmake)
[5.299s] -- Configuring done
[5.343s] -- Generating done
[5.345s] -- Build files have been written to: /home/roar/Desktop/projects/lilian/roar-gokart-ws/src/core/core/build/costmap_node_manager
[5.354s] Invoked command in '/home/roar/Desktop/projects/lilian/roar-gokart-ws/src/core/core/build/costmap_node_manager' returned '0': CMAKE_PREFIX_PATH=${CMAKE_PREFIX_PATH}:/home/roar/Desktop/projects/lilian/roar-gokart-ws/install/waypoint_recorder:/home/roar/Desktop/projects/lilian/roar-gokart-ws/install/roar_carla_manual_controller:/home/roar/Desktop/projects/lilian/roar-gokart-ws/install/roar_carla_interface:/home/roar/Desktop/projects/lilian/roar-gokart-ws/install/roar_manual_control:/home/roar/carla-ros-bridge/install/rqt_carla_control:/home/roar/carla-ros-bridge/install/carla_waypoint_publisher:/home/roar/carla-ros-bridge/install/carla_ackermann_control:/home/roar/carla-ros-bridge/install/carla_ros_bridge:/home/roar/carla-ros-bridge/install/carla_spawn_objects:/home/roar/carla-ros-bridge/install/carla_manual_control:/home/roar/carla-ros-bridge/install/carla_ad_agent:/home/roar/carla-ros-bridge/install/ros_compatibility:/home/roar/carla-ros-bridge/install/carla_walker_agent:/home/roar/carla-ros-bridge/install/carla_twist_to_control:/home/roar/carla-ros-bridge/install/carla_ros_scenario_runner:/home/roar/carla-ros-bridge/install/carla_common:/opt/ros/foxy /usr/bin/cmake /home/roar/Desktop/projects/lilian/roar-gokart-ws/src/core/core/src/planning/costmap_node_manager -DCMAKE_INSTALL_PREFIX=/home/roar/Desktop/projects/lilian/roar-gokart-ws/src/core/core/install/costmap_node_manager
[5.356s] Invoking command in '/home/roar/Desktop/projects/lilian/roar-gokart-ws/src/core/core/build/costmap_node_manager': CMAKE_PREFIX_PATH=${CMAKE_PREFIX_PATH}:/home/roar/Desktop/projects/lilian/roar-gokart-ws/install/waypoint_recorder:/home/roar/Desktop/projects/lilian/roar-gokart-ws/install/roar_carla_manual_controller:/home/roar/Desktop/projects/lilian/roar-gokart-ws/install/roar_carla_interface:/home/roar/Desktop/projects/lilian/roar-gokart-ws/install/roar_manual_control:/home/roar/carla-ros-bridge/install/rqt_carla_control:/home/roar/carla-ros-bridge/install/carla_waypoint_publisher:/home/roar/carla-ros-bridge/install/carla_ackermann_control:/home/roar/carla-ros-bridge/install/carla_ros_bridge:/home/roar/carla-ros-bridge/install/carla_spawn_objects:/home/roar/carla-ros-bridge/install/carla_manual_control:/home/roar/carla-ros-bridge/install/carla_ad_agent:/home/roar/carla-ros-bridge/install/ros_compatibility:/home/roar/carla-ros-bridge/install/carla_walker_agent:/home/roar/carla-ros-bridge/install/carla_twist_to_control:/home/roar/carla-ros-bridge/install/carla_ros_scenario_runner:/home/roar/carla-ros-bridge/install/carla_common:/opt/ros/foxy /usr/bin/cmake --build /home/roar/Desktop/projects/lilian/roar-gokart-ws/src/core/core/build/costmap_node_manager -- -j16 -l16
[5.403s] [35m[1mScanning dependencies of target costmap_node_manager[0m
[5.446s] [ 50%] [32mBuilding CXX object CMakeFiles/costmap_node_manager.dir/src/costmap_node_manager.cpp.o[0m
[8.357s] [100%] [32m[1mLinking CXX executable costmap_node_manager[0m
[8.633s] [100%] Built target costmap_node_manager
[8.644s] Invoked command in '/home/roar/Desktop/projects/lilian/roar-gokart-ws/src/core/core/build/costmap_node_manager' returned '0': CMAKE_PREFIX_PATH=${CMAKE_PREFIX_PATH}:/home/roar/Desktop/projects/lilian/roar-gokart-ws/install/waypoint_recorder:/home/roar/Desktop/projects/lilian/roar-gokart-ws/install/roar_carla_manual_controller:/home/roar/Desktop/projects/lilian/roar-gokart-ws/install/roar_carla_interface:/home/roar/Desktop/projects/lilian/roar-gokart-ws/install/roar_manual_control:/home/roar/carla-ros-bridge/install/rqt_carla_control:/home/roar/carla-ros-bridge/install/carla_waypoint_publisher:/home/roar/carla-ros-bridge/install/carla_ackermann_control:/home/roar/carla-ros-bridge/install/carla_ros_bridge:/home/roar/carla-ros-bridge/install/carla_spawn_objects:/home/roar/carla-ros-bridge/install/carla_manual_control:/home/roar/carla-ros-bridge/install/carla_ad_agent:/home/roar/carla-ros-bridge/install/ros_compatibility:/home/roar/carla-ros-bridge/install/carla_walker_agent:/home/roar/carla-ros-bridge/install/carla_twist_to_control:/home/roar/carla-ros-bridge/install/carla_ros_scenario_runner:/home/roar/carla-ros-bridge/install/carla_common:/opt/ros/foxy /usr/bin/cmake --build /home/roar/Desktop/projects/lilian/roar-gokart-ws/src/core/core/build/costmap_node_manager -- -j16 -l16
[8.672s] Invoking command in '/home/roar/Desktop/projects/lilian/roar-gokart-ws/src/core/core/build/costmap_node_manager': CMAKE_PREFIX_PATH=${CMAKE_PREFIX_PATH}:/home/roar/Desktop/projects/lilian/roar-gokart-ws/install/waypoint_recorder:/home/roar/Desktop/projects/lilian/roar-gokart-ws/install/roar_carla_manual_controller:/home/roar/Desktop/projects/lilian/roar-gokart-ws/install/roar_carla_interface:/home/roar/Desktop/projects/lilian/roar-gokart-ws/install/roar_manual_control:/home/roar/carla-ros-bridge/install/rqt_carla_control:/home/roar/carla-ros-bridge/install/carla_waypoint_publisher:/home/roar/carla-ros-bridge/install/carla_ackermann_control:/home/roar/carla-ros-bridge/install/carla_ros_bridge:/home/roar/carla-ros-bridge/install/carla_spawn_objects:/home/roar/carla-ros-bridge/install/carla_manual_control:/home/roar/carla-ros-bridge/install/carla_ad_agent:/home/roar/carla-ros-bridge/install/ros_compatibility:/home/roar/carla-ros-bridge/install/carla_walker_agent:/home/roar/carla-ros-bridge/install/carla_twist_to_control:/home/roar/carla-ros-bridge/install/carla_ros_scenario_runner:/home/roar/carla-ros-bridge/install/carla_common:/opt/ros/foxy /usr/bin/cmake --install /home/roar/Desktop/projects/lilian/roar-gokart-ws/src/core/core/build/costmap_node_manager
[8.682s] -- Install configuration: ""
[8.682s] -- Installing: /home/roar/Desktop/projects/lilian/roar-gokart-ws/src/core/core/install/costmap_node_manager/lib/costmap_node_manager/costmap_node_manager
[8.682s] -- Set runtime path of "/home/roar/Desktop/projects/lilian/roar-gokart-ws/src/core/core/install/costmap_node_manager/lib/costmap_node_manager/costmap_node_manager" to ""
[8.682s] -- Installing: /home/roar/Desktop/projects/lilian/roar-gokart-ws/src/core/core/install/costmap_node_manager/share/costmap_node_manager/launch
[8.683s] -- Installing: /home/roar/Desktop/projects/lilian/roar-gokart-ws/src/core/core/install/costmap_node_manager/share/costmap_node_manager/launch/costmap_node_manager.launch.py
[8.683s] -- Installing: /home/roar/Desktop/projects/lilian/roar-gokart-ws/src/core/core/install/costmap_node_manager/share/costmap_node_manager/config
[8.683s] -- Installing: /home/roar/Desktop/projects/lilian/roar-gokart-ws/src/core/core/install/costmap_node_manager/share/costmap_node_manager/config/config.yaml
[8.683s] -- Installing: /home/roar/Desktop/projects/lilian/roar-gokart-ws/src/core/core/install/costmap_node_manager/share/ament_index/resource_index/package_run_dependencies/costmap_node_manager
[8.683s] -- Installing: /home/roar/Desktop/projects/lilian/roar-gokart-ws/src/core/core/install/costmap_node_manager/share/ament_index/resource_index/parent_prefix_path/costmap_node_manager
[8.683s] -- Installing: /home/roar/Desktop/projects/lilian/roar-gokart-ws/src/core/core/install/costmap_node_manager/share/costmap_node_manager/environment/ament_prefix_path.sh
[8.683s] -- Installing: /home/roar/Desktop/projects/lilian/roar-gokart-ws/src/core/core/install/costmap_node_manager/share/costmap_node_manager/environment/ament_prefix_path.dsv
[8.683s] -- Installing: /home/roar/Desktop/projects/lilian/roar-gokart-ws/src/core/core/install/costmap_node_manager/share/costmap_node_manager/environment/path.sh
[8.684s] -- Installing: /home/roar/Desktop/projects/lilian/roar-gokart-ws/src/core/core/install/costmap_node_manager/share/costmap_node_manager/environment/path.dsv
[8.684s] -- Installing: /home/roar/Desktop/projects/lilian/roar-gokart-ws/src/core/core/install/costmap_node_manager/share/costmap_node_manager/local_setup.bash
[8.684s] -- Installing: /home/roar/Desktop/projects/lilian/roar-gokart-ws/src/core/core/install/costmap_node_manager/share/costmap_node_manager/local_setup.sh
[8.684s] -- Installing: /home/roar/Desktop/projects/lilian/roar-gokart-ws/src/core/core/install/costmap_node_manager/share/costmap_node_manager/local_setup.zsh
[8.684s] -- Installing: /home/roar/Desktop/projects/lilian/roar-gokart-ws/src/core/core/install/costmap_node_manager/share/costmap_node_manager/local_setup.dsv
[8.684s] -- Installing: /home/roar/Desktop/projects/lilian/roar-gokart-ws/src/core/core/install/costmap_node_manager/share/costmap_node_manager/package.dsv
[8.684s] -- Installing: /home/roar/Desktop/projects/lilian/roar-gokart-ws/src/core/core/install/costmap_node_manager/share/ament_index/resource_index/packages/costmap_node_manager
[8.684s] -- Installing: /home/roar/Desktop/projects/lilian/roar-gokart-ws/src/core/core/install/costmap_node_manager/share/costmap_node_manager/cmake/costmap_node_managerConfig.cmake
[8.685s] -- Installing: /home/roar/Desktop/projects/lilian/roar-gokart-ws/src/core/core/install/costmap_node_manager/share/costmap_node_manager/cmake/costmap_node_managerConfig-version.cmake
[8.685s] -- Installing: /home/roar/Desktop/projects/lilian/roar-gokart-ws/src/core/core/install/costmap_node_manager/share/costmap_node_manager/package.xml
[8.688s] Invoked command in '/home/roar/Desktop/projects/lilian/roar-gokart-ws/src/core/core/build/costmap_node_manager' returned '0': CMAKE_PREFIX_PATH=${CMAKE_PREFIX_PATH}:/home/roar/Desktop/projects/lilian/roar-gokart-ws/install/waypoint_recorder:/home/roar/Desktop/projects/lilian/roar-gokart-ws/install/roar_carla_manual_controller:/home/roar/Desktop/projects/lilian/roar-gokart-ws/install/roar_carla_interface:/home/roar/Desktop/projects/lilian/roar-gokart-ws/install/roar_manual_control:/home/roar/carla-ros-bridge/install/rqt_carla_control:/home/roar/carla-ros-bridge/install/carla_waypoint_publisher:/home/roar/carla-ros-bridge/install/carla_ackermann_control:/home/roar/carla-ros-bridge/install/carla_ros_bridge:/home/roar/carla-ros-bridge/install/carla_spawn_objects:/home/roar/carla-ros-bridge/install/carla_manual_control:/home/roar/carla-ros-bridge/install/carla_ad_agent:/home/roar/carla-ros-bridge/install/ros_compatibility:/home/roar/carla-ros-bridge/install/carla_walker_agent:/home/roar/carla-ros-bridge/install/carla_twist_to_control:/home/roar/carla-ros-bridge/install/carla_ros_scenario_runner:/home/roar/carla-ros-bridge/install/carla_common:/opt/ros/foxy /usr/bin/cmake --install /home/roar/Desktop/projects/lilian/roar-gokart-ws/src/core/core/build/costmap_node_manager
